09-11 09:45 INFO     Data statistics: {0: {0: 267, 1: 233, 2: 45, 3: 327, 4: 4, 5: 19, 6: 42, 7: 14, 8: 249, 9: 431}, 1: {0: 82, 1: 366, 2: 218, 3: 3602, 4: 1790, 5: 2351, 6: 1, 7: 510, 8: 805, 9: 803}, 2: {0: 45, 1: 2589, 2: 1343, 3: 486, 4: 2366, 5: 215, 6: 278, 7: 2225, 8: 1227, 9: 104}, 3: {0: 2023, 1: 1713, 2: 2668, 4: 109, 5: 529, 6: 965, 7: 1082, 8: 2465, 9: 2360}, 4: {0: 2583, 1: 99, 2: 726, 3: 585, 4: 731, 5: 1886, 6: 3714, 7: 1169, 8: 254, 9: 1302}}
09-11 09:45 INFO     in comm round:0
09-11 09:45 INFO     Training network 0
09-11 09:45 INFO     Epoch: 0 Loss: 0.466979
09-11 09:45 INFO     Training network 1
09-11 09:46 INFO     Epoch: 0 Loss: 1.319259
09-11 09:46 INFO     Training network 2
09-11 09:46 INFO     Epoch: 0 Loss: 1.249405
09-11 09:46 INFO     Training network 3
09-11 09:47 INFO     Epoch: 0 Loss: 1.159939
09-11 09:47 INFO     Training network 4
09-11 09:47 INFO     Epoch: 0 Loss: 1.326237
09-11 09:47 INFO     global n_training: 781
09-11 09:47 INFO     global n_test: 313
09-11 09:48 INFO     >> Global Model Test accuracy: 0.112400
09-11 09:48 INFO     >> Global Model Test backdoor accuracy: 0.000100
09-11 09:48 INFO     in comm round:1
09-11 09:48 INFO     Training network 0
09-11 09:48 INFO     Epoch: 0 Loss: 0.203439
09-11 09:48 INFO     Training network 1
09-11 09:48 INFO     Epoch: 0 Loss: 1.100518
09-11 09:48 INFO     Training network 2
09-11 09:49 INFO     Epoch: 0 Loss: 0.988553
09-11 09:49 INFO     Training network 3
09-11 09:49 INFO     Epoch: 0 Loss: 0.962102
09-11 09:49 INFO     Training network 4
09-11 09:50 INFO     Epoch: 0 Loss: 1.100689
09-11 09:50 INFO     global n_training: 781
09-11 09:50 INFO     global n_test: 313
09-11 09:50 INFO     >> Global Model Test accuracy: 0.183200
09-11 09:50 INFO     >> Global Model Test backdoor accuracy: 0.324600
09-11 09:50 INFO     in comm round:2
09-11 09:50 INFO     Training network 0
09-11 09:50 INFO     Epoch: 0 Loss: 0.141806
09-11 09:50 INFO     Training network 1
09-11 09:51 INFO     Epoch: 0 Loss: 0.992885
09-11 09:51 INFO     Training network 2
09-11 09:51 INFO     Epoch: 0 Loss: 0.883211
09-11 09:51 INFO     Training network 3
09-11 09:52 INFO     Epoch: 0 Loss: 0.849665
09-11 09:52 INFO     Training network 4
09-11 09:52 INFO     Epoch: 0 Loss: 0.986141
09-11 09:52 INFO     global n_training: 781
09-11 09:52 INFO     global n_test: 313
09-11 09:53 INFO     >> Global Model Test accuracy: 0.321600
09-11 09:53 INFO     >> Global Model Test backdoor accuracy: 0.107100
09-11 09:53 INFO     in comm round:3
09-11 09:53 INFO     Training network 0
09-11 09:53 INFO     Epoch: 0 Loss: 0.167117
09-11 09:53 INFO     Training network 1
09-11 09:53 INFO     Epoch: 0 Loss: 0.889924
09-11 09:53 INFO     Training network 2
09-11 09:54 INFO     Epoch: 0 Loss: 0.797930
09-11 09:54 INFO     Training network 3
09-11 09:54 INFO     Epoch: 0 Loss: 0.777996
09-11 09:54 INFO     Training network 4
09-11 09:55 INFO     Epoch: 0 Loss: 0.923313
09-11 09:55 INFO     global n_training: 781
09-11 09:55 INFO     global n_test: 313
09-11 09:55 INFO     >> Global Model Test accuracy: 0.526900
09-11 09:55 INFO     >> Global Model Test backdoor accuracy: 0.248300
09-11 09:55 INFO     in comm round:4
09-11 09:55 INFO     Training network 0
09-11 09:55 INFO     Epoch: 0 Loss: 0.119618
09-11 09:55 INFO     Training network 1
09-11 09:56 INFO     Epoch: 0 Loss: 0.854058
09-11 09:56 INFO     Training network 2
09-11 09:56 INFO     Epoch: 0 Loss: 0.724415
09-11 09:56 INFO     Training network 3
09-11 09:57 INFO     Epoch: 0 Loss: 0.711176
09-11 09:57 INFO     Training network 4
09-11 09:57 INFO     Epoch: 0 Loss: 0.859110
09-11 09:57 INFO     global n_training: 781
09-11 09:57 INFO     global n_test: 313
09-11 09:58 INFO     >> Global Model Test accuracy: 0.573000
09-11 09:58 INFO     >> Global Model Test backdoor accuracy: 0.149700
09-11 09:58 INFO     in comm round:5
09-11 09:58 INFO     Training network 0
09-11 09:58 INFO     Epoch: 0 Loss: 0.127936
09-11 09:58 INFO     Training network 1
09-11 09:58 INFO     Epoch: 0 Loss: 0.811448
09-11 09:58 INFO     Training network 2
09-11 09:59 INFO     Epoch: 0 Loss: 0.650404
09-11 09:59 INFO     Training network 3
09-11 09:59 INFO     Epoch: 0 Loss: 0.647380
09-11 09:59 INFO     Training network 4
09-11 10:00 INFO     Epoch: 0 Loss: 0.779811
09-11 10:00 INFO     global n_training: 781
09-11 10:00 INFO     global n_test: 313
09-11 10:00 INFO     >> Global Model Test accuracy: 0.625500
09-11 10:00 INFO     >> Global Model Test backdoor accuracy: 0.139300
09-11 10:00 INFO     in comm round:6
09-11 10:00 INFO     Training network 0
09-11 10:00 INFO     Epoch: 0 Loss: 0.172255
09-11 10:00 INFO     Training network 1
09-11 10:01 INFO     Epoch: 0 Loss: 0.747383
09-11 10:01 INFO     Training network 2
09-11 10:01 INFO     Epoch: 0 Loss: 0.615982
09-11 10:01 INFO     Training network 3
09-11 10:02 INFO     Epoch: 0 Loss: 0.619894
09-11 10:02 INFO     Training network 4
09-11 10:02 INFO     Epoch: 0 Loss: 0.746378
09-11 10:02 INFO     global n_training: 781
09-11 10:02 INFO     global n_test: 313
09-11 10:03 INFO     >> Global Model Test accuracy: 0.665000
09-11 10:03 INFO     >> Global Model Test backdoor accuracy: 0.156400
09-11 10:03 INFO     in comm round:7
09-11 10:03 INFO     Training network 0
09-11 10:03 INFO     Epoch: 0 Loss: 0.127332
09-11 10:03 INFO     Training network 1
09-11 10:03 INFO     Epoch: 0 Loss: 0.718159
09-11 10:03 INFO     Training network 2
09-11 10:04 INFO     Epoch: 0 Loss: 0.570158
09-11 10:04 INFO     Training network 3
09-11 10:04 INFO     Epoch: 0 Loss: 0.570816
09-11 10:04 INFO     Training network 4
09-11 10:05 INFO     Epoch: 0 Loss: 0.706253
09-11 10:05 INFO     global n_training: 781
09-11 10:05 INFO     global n_test: 313
09-11 10:05 INFO     >> Global Model Test accuracy: 0.703500
09-11 10:05 INFO     >> Global Model Test backdoor accuracy: 0.149200
09-11 10:05 INFO     in comm round:8
09-11 10:05 INFO     Training network 0
09-11 10:05 INFO     Epoch: 0 Loss: 0.115956
09-11 10:05 INFO     Training network 1
09-11 10:06 INFO     Epoch: 0 Loss: 0.689454
09-11 10:06 INFO     Training network 2
09-11 10:06 INFO     Epoch: 0 Loss: 0.535034
09-11 10:06 INFO     Training network 3
09-11 10:07 INFO     Epoch: 0 Loss: 0.550335
09-11 10:07 INFO     Training network 4
09-11 10:07 INFO     Epoch: 0 Loss: 0.672538
09-11 10:07 INFO     global n_training: 781
09-11 10:07 INFO     global n_test: 313
09-11 10:08 INFO     >> Global Model Test accuracy: 0.714800
09-11 10:08 INFO     >> Global Model Test backdoor accuracy: 0.141500
09-11 10:08 INFO     in comm round:9
09-11 10:08 INFO     Training network 0
09-11 10:08 INFO     Epoch: 0 Loss: 0.114117
09-11 10:08 INFO     Training network 1
09-11 10:08 INFO     Epoch: 0 Loss: 0.647265
09-11 10:08 INFO     Training network 2
09-11 10:09 INFO     Epoch: 0 Loss: 0.510172
09-11 10:09 INFO     Training network 3
09-11 10:09 INFO     Epoch: 0 Loss: 0.524789
09-11 10:09 INFO     Training network 4
09-11 10:10 INFO     Epoch: 0 Loss: 0.641545
09-11 10:10 INFO     global n_training: 781
09-11 10:10 INFO     global n_test: 313
09-11 10:10 INFO     >> Global Model Test accuracy: 0.707300
09-11 10:10 INFO     >> Global Model Test backdoor accuracy: 0.121300
09-11 10:10 INFO     in comm round:10
09-11 10:10 INFO     Training network 0
09-11 10:10 INFO     Epoch: 0 Loss: 0.125164
09-11 10:10 INFO     Training network 1
09-11 10:11 INFO     Epoch: 0 Loss: 0.629180
09-11 10:11 INFO     Training network 2
09-11 10:11 INFO     Epoch: 0 Loss: 0.502716
09-11 10:11 INFO     Training network 3
09-11 10:12 INFO     Epoch: 0 Loss: 0.509530
09-11 10:12 INFO     Training network 4
09-11 10:12 INFO     Epoch: 0 Loss: 0.602995
09-11 10:12 INFO     global n_training: 781
09-11 10:12 INFO     global n_test: 313
09-11 10:13 INFO     >> Global Model Test accuracy: 0.729900
09-11 10:13 INFO     >> Global Model Test backdoor accuracy: 0.144500
09-11 10:13 INFO     in comm round:11
09-11 10:13 INFO     Training network 0
09-11 10:13 INFO     Epoch: 0 Loss: 0.146074
09-11 10:13 INFO     Training network 1
09-11 10:13 INFO     Epoch: 0 Loss: 0.601373
09-11 10:13 INFO     Training network 2
09-11 10:14 INFO     Epoch: 0 Loss: 0.468382
09-11 10:14 INFO     Training network 3
09-11 10:14 INFO     Epoch: 0 Loss: 0.489478
09-11 10:14 INFO     Training network 4
09-11 10:15 INFO     Epoch: 0 Loss: 0.583262
09-11 10:15 INFO     global n_training: 781
09-11 10:15 INFO     global n_test: 313
09-11 10:15 INFO     >> Global Model Test accuracy: 0.717100
09-11 10:15 INFO     >> Global Model Test backdoor accuracy: 0.203200
09-11 10:15 INFO     in comm round:12
09-11 10:15 INFO     Training network 0
09-11 10:15 INFO     Epoch: 0 Loss: 0.117734
09-11 10:15 INFO     Training network 1
09-11 10:16 INFO     Epoch: 0 Loss: 0.609276
09-11 10:16 INFO     Training network 2
09-11 10:16 INFO     Epoch: 0 Loss: 0.456318
09-11 10:16 INFO     Training network 3
09-11 10:17 INFO     Epoch: 0 Loss: 0.472574
09-11 10:17 INFO     Training network 4
09-11 10:17 INFO     Epoch: 0 Loss: 0.571196
09-11 10:17 INFO     global n_training: 781
09-11 10:17 INFO     global n_test: 313
09-11 10:18 INFO     >> Global Model Test accuracy: 0.693000
09-11 10:18 INFO     >> Global Model Test backdoor accuracy: 0.118800
09-11 10:18 INFO     in comm round:13
09-11 10:18 INFO     Training network 0
09-11 10:18 INFO     Epoch: 0 Loss: 0.182398
09-11 10:18 INFO     Training network 1
09-11 10:18 INFO     Epoch: 0 Loss: 0.586767
09-11 10:18 INFO     Training network 2
09-11 10:19 INFO     Epoch: 0 Loss: 0.429462
09-11 10:19 INFO     Training network 3
09-11 10:19 INFO     Epoch: 0 Loss: 0.461669
09-11 10:19 INFO     Training network 4
09-11 10:20 INFO     Epoch: 0 Loss: 0.546677
09-11 10:20 INFO     global n_training: 781
09-11 10:20 INFO     global n_test: 313
09-11 10:20 INFO     >> Global Model Test accuracy: 0.722500
09-11 10:20 INFO     >> Global Model Test backdoor accuracy: 0.200500
09-11 10:20 INFO     in comm round:14
09-11 10:20 INFO     Training network 0
09-11 10:20 INFO     Epoch: 0 Loss: 0.113062
09-11 10:20 INFO     Training network 1
09-11 10:21 INFO     Epoch: 0 Loss: 0.572810
09-11 10:21 INFO     Training network 2
09-11 10:21 INFO     Epoch: 0 Loss: 0.433865
09-11 10:21 INFO     Training network 3
09-11 10:22 INFO     Epoch: 0 Loss: 0.441805
09-11 10:22 INFO     Training network 4
09-11 10:22 INFO     Epoch: 0 Loss: 0.541782
09-11 10:22 INFO     global n_training: 781
09-11 10:22 INFO     global n_test: 313
09-11 10:23 INFO     >> Global Model Test accuracy: 0.752500
09-11 10:23 INFO     >> Global Model Test backdoor accuracy: 0.157400
09-11 10:23 INFO     in comm round:15
09-11 10:23 INFO     Training network 0
09-11 10:23 INFO     Epoch: 0 Loss: 0.154976
09-11 10:23 INFO     Training network 1
09-11 10:23 INFO     Epoch: 0 Loss: 0.553753
09-11 10:23 INFO     Training network 2
09-11 10:24 INFO     Epoch: 0 Loss: 0.409391
09-11 10:24 INFO     Training network 3
09-11 10:24 INFO     Epoch: 0 Loss: 0.433765
09-11 10:24 INFO     Training network 4
09-11 10:25 INFO     Epoch: 0 Loss: 0.521915
09-11 10:25 INFO     global n_training: 781
09-11 10:25 INFO     global n_test: 313
09-11 10:25 INFO     >> Global Model Test accuracy: 0.763100
09-11 10:25 INFO     >> Global Model Test backdoor accuracy: 0.115000
09-11 10:25 INFO     in comm round:16
09-11 10:25 INFO     Training network 0
09-11 10:25 INFO     Epoch: 0 Loss: 0.173077
09-11 10:25 INFO     Training network 1
09-11 10:26 INFO     Epoch: 0 Loss: 0.539812
09-11 10:26 INFO     Training network 2
09-11 10:26 INFO     Epoch: 0 Loss: 0.391618
09-11 10:26 INFO     Training network 3
09-11 10:27 INFO     Epoch: 0 Loss: 0.411782
09-11 10:27 INFO     Training network 4
09-11 10:27 INFO     Epoch: 0 Loss: 0.515387
09-11 10:27 INFO     global n_training: 781
09-11 10:27 INFO     global n_test: 313
09-11 10:28 INFO     >> Global Model Test accuracy: 0.796900
09-11 10:28 INFO     >> Global Model Test backdoor accuracy: 0.130600
09-11 10:28 INFO     in comm round:17
09-11 10:28 INFO     Training network 0
09-11 10:28 INFO     Epoch: 0 Loss: 0.143145
09-11 10:28 INFO     Training network 1
09-11 10:28 INFO     Epoch: 0 Loss: 0.523431
09-11 10:28 INFO     Training network 2
09-11 10:29 INFO     Epoch: 0 Loss: 0.381679
09-11 10:29 INFO     Training network 3
09-11 10:29 INFO     Epoch: 0 Loss: 0.397416
09-11 10:29 INFO     Training network 4
09-11 10:30 INFO     Epoch: 0 Loss: 0.483577
09-11 10:30 INFO     global n_training: 781
09-11 10:30 INFO     global n_test: 313
09-11 10:30 INFO     >> Global Model Test accuracy: 0.770900
09-11 10:30 INFO     >> Global Model Test backdoor accuracy: 0.134000
09-11 10:30 INFO     in comm round:18
09-11 10:30 INFO     Training network 0
09-11 10:30 INFO     Epoch: 0 Loss: 0.174400
09-11 10:30 INFO     Training network 1
09-11 10:31 INFO     Epoch: 0 Loss: 0.525719
09-11 10:31 INFO     Training network 2
09-11 10:31 INFO     Epoch: 0 Loss: 0.373111
09-11 10:31 INFO     Training network 3
09-11 10:32 INFO     Epoch: 0 Loss: 0.394381
09-11 10:32 INFO     Training network 4
09-11 10:32 INFO     Epoch: 0 Loss: 0.471534
09-11 10:32 INFO     global n_training: 781
09-11 10:32 INFO     global n_test: 313
09-11 10:33 INFO     >> Global Model Test accuracy: 0.775000
09-11 10:33 INFO     >> Global Model Test backdoor accuracy: 0.141200
09-11 10:33 INFO     in comm round:19
09-11 10:33 INFO     Training network 0
09-11 10:33 INFO     Epoch: 0 Loss: 0.136110
09-11 10:33 INFO     Training network 1
09-11 10:33 INFO     Epoch: 0 Loss: 0.506403
09-11 10:33 INFO     Training network 2
09-11 10:34 INFO     Epoch: 0 Loss: 0.371602
09-11 10:34 INFO     Training network 3
09-11 10:34 INFO     Epoch: 0 Loss: 0.390583
09-11 10:34 INFO     Training network 4
09-11 10:35 INFO     Epoch: 0 Loss: 0.464959
09-11 10:35 INFO     global n_training: 781
09-11 10:35 INFO     global n_test: 313
09-11 10:35 INFO     >> Global Model Test accuracy: 0.793800
09-11 10:35 INFO     >> Global Model Test backdoor accuracy: 0.134400
09-11 10:35 INFO     in comm round:20
09-11 10:35 INFO     Training network 0
09-11 10:35 INFO     Epoch: 0 Loss: 0.139804
09-11 10:35 INFO     Training network 1
09-11 10:36 INFO     Epoch: 0 Loss: 0.495589
09-11 10:36 INFO     Training network 2
09-11 10:36 INFO     Epoch: 0 Loss: 0.348992
09-11 10:36 INFO     Training network 3
09-11 10:37 INFO     Epoch: 0 Loss: 0.386851
09-11 10:37 INFO     Training network 4
09-11 10:37 INFO     Epoch: 0 Loss: 0.449715
09-11 10:37 INFO     global n_training: 781
09-11 10:37 INFO     global n_test: 313
09-11 10:38 INFO     >> Global Model Test accuracy: 0.806900
09-11 10:38 INFO     >> Global Model Test backdoor accuracy: 0.121200
09-11 10:38 INFO     in comm round:21
09-11 10:38 INFO     Training network 0
09-11 10:38 INFO     Epoch: 0 Loss: 0.139727
09-11 10:38 INFO     Training network 1
09-11 10:38 INFO     Epoch: 0 Loss: 0.486478
09-11 10:38 INFO     Training network 2
09-11 10:39 INFO     Epoch: 0 Loss: 0.342160
09-11 10:39 INFO     Training network 3
09-11 10:39 INFO     Epoch: 0 Loss: 0.368364
09-11 10:39 INFO     Training network 4
09-11 10:40 INFO     Epoch: 0 Loss: 0.455233
09-11 10:40 INFO     global n_training: 781
09-11 10:40 INFO     global n_test: 313
09-11 10:40 INFO     >> Global Model Test accuracy: 0.793900
09-11 10:40 INFO     >> Global Model Test backdoor accuracy: 0.106300
09-11 10:40 INFO     in comm round:22
09-11 10:40 INFO     Training network 0
09-11 10:40 INFO     Epoch: 0 Loss: 0.136597
09-11 10:40 INFO     Training network 1
09-11 10:41 INFO     Epoch: 0 Loss: 0.475143
09-11 10:41 INFO     Training network 2
09-11 10:41 INFO     Epoch: 0 Loss: 0.345434
09-11 10:41 INFO     Training network 3
09-11 10:42 INFO     Epoch: 0 Loss: 0.368969
09-11 10:42 INFO     Training network 4
09-11 10:42 INFO     Epoch: 0 Loss: 0.433815
09-11 10:42 INFO     global n_training: 781
09-11 10:42 INFO     global n_test: 313
09-11 10:43 INFO     >> Global Model Test accuracy: 0.799100
09-11 10:43 INFO     >> Global Model Test backdoor accuracy: 0.128500
09-11 10:43 INFO     in comm round:23
09-11 10:43 INFO     Training network 0
09-11 10:43 INFO     Epoch: 0 Loss: 0.117292
09-11 10:43 INFO     Training network 1
09-11 10:43 INFO     Epoch: 0 Loss: 0.457361
09-11 10:43 INFO     Training network 2
09-11 10:44 INFO     Epoch: 0 Loss: 0.329511
09-11 10:44 INFO     Training network 3
09-11 10:44 INFO     Epoch: 0 Loss: 0.353631
09-11 10:44 INFO     Training network 4
09-11 10:45 INFO     Epoch: 0 Loss: 0.430621
09-11 10:45 INFO     global n_training: 781
09-11 10:45 INFO     global n_test: 313
09-11 10:45 INFO     >> Global Model Test accuracy: 0.770800
09-11 10:45 INFO     >> Global Model Test backdoor accuracy: 0.090300
09-11 10:45 INFO     in comm round:24
09-11 10:45 INFO     Training network 0
09-11 10:45 INFO     Epoch: 0 Loss: 0.130963
09-11 10:45 INFO     Training network 1
09-11 10:46 INFO     Epoch: 0 Loss: 0.462875
09-11 10:46 INFO     Training network 2
09-11 10:46 INFO     Epoch: 0 Loss: 0.315673
09-11 10:46 INFO     Training network 3
09-11 10:47 INFO     Epoch: 0 Loss: 0.346436
09-11 10:47 INFO     Training network 4
09-11 10:47 INFO     Epoch: 0 Loss: 0.417160
09-11 10:47 INFO     global n_training: 781
09-11 10:47 INFO     global n_test: 313
09-11 10:48 INFO     >> Global Model Test accuracy: 0.833200
09-11 10:48 INFO     >> Global Model Test backdoor accuracy: 0.109600
09-11 10:48 INFO     in comm round:25
09-11 10:48 INFO     Training network 0
09-11 10:48 INFO     Epoch: 0 Loss: 0.177321
09-11 10:48 INFO     Training network 1
09-11 10:48 INFO     Epoch: 0 Loss: 0.453263
09-11 10:48 INFO     Training network 2
09-11 10:49 INFO     Epoch: 0 Loss: 0.308754
09-11 10:49 INFO     Training network 3
09-11 10:49 INFO     Epoch: 0 Loss: 0.346456
09-11 10:49 INFO     Training network 4
09-11 10:50 INFO     Epoch: 0 Loss: 0.421755
09-11 10:50 INFO     global n_training: 781
09-11 10:50 INFO     global n_test: 313
09-11 10:50 INFO     >> Global Model Test accuracy: 0.796100
09-11 10:50 INFO     >> Global Model Test backdoor accuracy: 0.150700
09-11 10:50 INFO     in comm round:26
09-11 10:50 INFO     Training network 0
09-11 10:50 INFO     Epoch: 0 Loss: 0.129086
09-11 10:50 INFO     Training network 1
09-11 10:51 INFO     Epoch: 0 Loss: 0.444750
09-11 10:51 INFO     Training network 2
09-11 10:51 INFO     Epoch: 0 Loss: 0.313091
09-11 10:51 INFO     Training network 3
09-11 10:52 INFO     Epoch: 0 Loss: 0.341362
09-11 10:52 INFO     Training network 4
09-11 10:52 INFO     Epoch: 0 Loss: 0.393317
09-11 10:52 INFO     global n_training: 781
09-11 10:52 INFO     global n_test: 313
09-11 10:52 INFO     >> Global Model Test accuracy: 0.816200
09-11 10:52 INFO     >> Global Model Test backdoor accuracy: 0.112100
09-11 10:52 INFO     in comm round:27
09-11 10:53 INFO     Training network 0
09-11 10:53 INFO     Epoch: 0 Loss: 0.156884
09-11 10:53 INFO     Training network 1
09-11 10:53 INFO     Epoch: 0 Loss: 0.437785
09-11 10:53 INFO     Training network 2
09-11 10:54 INFO     Epoch: 0 Loss: 0.304735
09-11 10:54 INFO     Training network 3
09-11 10:54 INFO     Epoch: 0 Loss: 0.348134
09-11 10:54 INFO     Training network 4
09-11 10:55 INFO     Epoch: 0 Loss: 0.401558
09-11 10:55 INFO     global n_training: 781
09-11 10:55 INFO     global n_test: 313
09-11 10:55 INFO     >> Global Model Test accuracy: 0.801300
09-11 10:55 INFO     >> Global Model Test backdoor accuracy: 0.135400
09-11 10:55 INFO     in comm round:28
09-11 10:55 INFO     Training network 0
09-11 10:55 INFO     Epoch: 0 Loss: 0.138333
09-11 10:55 INFO     Training network 1
09-11 10:56 INFO     Epoch: 0 Loss: 0.427134
09-11 10:56 INFO     Training network 2
09-11 10:56 INFO     Epoch: 0 Loss: 0.307215
09-11 10:56 INFO     Training network 3
09-11 10:57 INFO     Epoch: 0 Loss: 0.333291
09-11 10:57 INFO     Training network 4
09-11 10:57 INFO     Epoch: 0 Loss: 0.390306
09-11 10:57 INFO     global n_training: 781
09-11 10:57 INFO     global n_test: 313
09-11 10:57 INFO     >> Global Model Test accuracy: 0.765700
09-11 10:57 INFO     >> Global Model Test backdoor accuracy: 0.102300
09-11 10:57 INFO     in comm round:29
09-11 10:57 INFO     Training network 0
09-11 10:58 INFO     Epoch: 0 Loss: 0.155384
09-11 10:58 INFO     Training network 1
09-11 10:58 INFO     Epoch: 0 Loss: 0.419450
09-11 10:58 INFO     Training network 2
09-11 10:58 INFO     Epoch: 0 Loss: 0.289992
09-11 10:59 INFO     Training network 3
09-11 10:59 INFO     Epoch: 0 Loss: 0.323123
09-11 10:59 INFO     Training network 4
09-11 11:00 INFO     Epoch: 0 Loss: 0.391786
09-11 11:00 INFO     global n_training: 781
09-11 11:00 INFO     global n_test: 313
09-11 11:00 INFO     >> Global Model Test accuracy: 0.795900
09-11 11:00 INFO     >> Global Model Test backdoor accuracy: 0.140700
09-11 11:00 INFO     in comm round:30
09-11 11:00 INFO     Training network 0
09-11 11:00 INFO     Epoch: 0 Loss: 0.139232
09-11 11:00 INFO     Training network 1
09-11 11:01 INFO     Epoch: 0 Loss: 0.418203
09-11 11:01 INFO     Training network 2
09-11 11:01 INFO     Epoch: 0 Loss: 0.289684
09-11 11:01 INFO     Training network 3
09-11 11:02 INFO     Epoch: 0 Loss: 0.316581
09-11 11:02 INFO     Training network 4
09-11 11:02 INFO     Epoch: 0 Loss: 0.382937
09-11 11:02 INFO     global n_training: 781
09-11 11:02 INFO     global n_test: 313
09-11 11:02 INFO     >> Global Model Test accuracy: 0.694400
09-11 11:02 INFO     >> Global Model Test backdoor accuracy: 0.096700
09-11 11:02 INFO     in comm round:31
09-11 11:02 INFO     Training network 0
09-11 11:03 INFO     Epoch: 0 Loss: 0.118610
09-11 11:03 INFO     Training network 1
09-11 11:03 INFO     Epoch: 0 Loss: 0.405838
09-11 11:03 INFO     Training network 2
09-11 11:03 INFO     Epoch: 0 Loss: 0.281014
09-11 11:03 INFO     Training network 3
09-11 11:04 INFO     Epoch: 0 Loss: 0.313663
09-11 11:04 INFO     Training network 4
09-11 11:05 INFO     Epoch: 0 Loss: 0.357142
09-11 11:05 INFO     global n_training: 781
09-11 11:05 INFO     global n_test: 313
09-11 11:05 INFO     >> Global Model Test accuracy: 0.811200
09-11 11:05 INFO     >> Global Model Test backdoor accuracy: 0.120800
09-11 11:05 INFO     in comm round:32
09-11 11:05 INFO     Training network 0
09-11 11:05 INFO     Epoch: 0 Loss: 0.179203
09-11 11:05 INFO     Training network 1
09-11 11:05 INFO     Epoch: 0 Loss: 0.397135
09-11 11:05 INFO     Training network 2
09-11 11:06 INFO     Epoch: 0 Loss: 0.277383
09-11 11:06 INFO     Training network 3
09-11 11:07 INFO     Epoch: 0 Loss: 0.308260
09-11 11:07 INFO     Training network 4
09-11 11:07 INFO     Epoch: 0 Loss: 0.351887
09-11 11:07 INFO     global n_training: 781
09-11 11:07 INFO     global n_test: 313
09-11 11:07 INFO     >> Global Model Test accuracy: 0.746300
09-11 11:07 INFO     >> Global Model Test backdoor accuracy: 0.105800
09-11 11:07 INFO     in comm round:33
09-11 11:07 INFO     Training network 0
09-11 11:07 INFO     Epoch: 0 Loss: 0.094825
09-11 11:08 INFO     Training network 1
09-11 11:08 INFO     Epoch: 0 Loss: 0.396707
09-11 11:08 INFO     Training network 2
09-11 11:08 INFO     Epoch: 0 Loss: 0.275633
09-11 11:08 INFO     Training network 3
09-11 11:09 INFO     Epoch: 0 Loss: 0.300252
09-11 11:09 INFO     Training network 4
09-11 11:10 INFO     Epoch: 0 Loss: 0.359440
09-11 11:10 INFO     global n_training: 781
09-11 11:10 INFO     global n_test: 313
09-11 11:10 INFO     >> Global Model Test accuracy: 0.827200
09-11 11:10 INFO     >> Global Model Test backdoor accuracy: 0.122500
09-11 11:10 INFO     in comm round:34
09-11 11:10 INFO     Training network 0
09-11 11:10 INFO     Epoch: 0 Loss: 0.193479
09-11 11:10 INFO     Training network 1
09-11 11:10 INFO     Epoch: 0 Loss: 0.380555
09-11 11:10 INFO     Training network 2
09-11 11:11 INFO     Epoch: 0 Loss: 0.270465
09-11 11:11 INFO     Training network 3
09-11 11:11 INFO     Epoch: 0 Loss: 0.289533
09-11 11:12 INFO     Training network 4
09-11 11:12 INFO     Epoch: 0 Loss: 0.355071
09-11 11:12 INFO     global n_training: 781
09-11 11:12 INFO     global n_test: 313
09-11 11:12 INFO     >> Global Model Test accuracy: 0.804800
09-11 11:12 INFO     >> Global Model Test backdoor accuracy: 0.123700
09-11 11:12 INFO     in comm round:35
09-11 11:12 INFO     Training network 0
09-11 11:12 INFO     Epoch: 0 Loss: 0.122905
09-11 11:12 INFO     Training network 1
09-11 11:13 INFO     Epoch: 0 Loss: 0.384615
09-11 11:13 INFO     Training network 2
09-11 11:13 INFO     Epoch: 0 Loss: 0.265995
09-11 11:13 INFO     Training network 3
09-11 11:14 INFO     Epoch: 0 Loss: 0.287321
09-11 11:14 INFO     Training network 4
09-11 11:15 INFO     Epoch: 0 Loss: 0.352704
09-11 11:15 INFO     global n_training: 781
09-11 11:15 INFO     global n_test: 313
09-11 11:15 INFO     >> Global Model Test accuracy: 0.822100
09-11 11:15 INFO     >> Global Model Test backdoor accuracy: 0.151400
09-11 11:15 INFO     in comm round:36
09-11 11:15 INFO     Training network 0
09-11 11:15 INFO     Epoch: 0 Loss: 0.149462
09-11 11:15 INFO     Training network 1
09-11 11:15 INFO     Epoch: 0 Loss: 0.372682
09-11 11:15 INFO     Training network 2
09-11 11:16 INFO     Epoch: 0 Loss: 0.259766
09-11 11:16 INFO     Training network 3
09-11 11:16 INFO     Epoch: 0 Loss: 0.289824
09-11 11:16 INFO     Training network 4
09-11 11:17 INFO     Epoch: 0 Loss: 0.335970
09-11 11:17 INFO     global n_training: 781
09-11 11:17 INFO     global n_test: 313
09-11 11:17 INFO     >> Global Model Test accuracy: 0.815800
09-11 11:17 INFO     >> Global Model Test backdoor accuracy: 0.093400
09-11 11:17 INFO     in comm round:37
09-11 11:17 INFO     Training network 0
09-11 11:17 INFO     Epoch: 0 Loss: 0.142271
09-11 11:17 INFO     Training network 1
09-11 11:18 INFO     Epoch: 0 Loss: 0.368171
09-11 11:18 INFO     Training network 2
09-11 11:18 INFO     Epoch: 0 Loss: 0.259460
09-11 11:18 INFO     Training network 3
09-11 11:19 INFO     Epoch: 0 Loss: 0.281587
09-11 11:19 INFO     Training network 4
09-11 11:20 INFO     Epoch: 0 Loss: 0.335604
09-11 11:20 INFO     global n_training: 781
09-11 11:20 INFO     global n_test: 313
09-11 11:20 INFO     >> Global Model Test accuracy: 0.829100
09-11 11:20 INFO     >> Global Model Test backdoor accuracy: 0.169600
09-11 11:20 INFO     in comm round:38
09-11 11:20 INFO     Training network 0
09-11 11:20 INFO     Epoch: 0 Loss: 0.119459
09-11 11:20 INFO     Training network 1
09-11 11:20 INFO     Epoch: 0 Loss: 0.362310
09-11 11:20 INFO     Training network 2
09-11 11:21 INFO     Epoch: 0 Loss: 0.254379
09-11 11:21 INFO     Training network 3
09-11 11:21 INFO     Epoch: 0 Loss: 0.282834
09-11 11:21 INFO     Training network 4
09-11 11:22 INFO     Epoch: 0 Loss: 0.322402
09-11 11:22 INFO     global n_training: 781
09-11 11:22 INFO     global n_test: 313
09-11 11:22 INFO     >> Global Model Test accuracy: 0.824700
09-11 11:22 INFO     >> Global Model Test backdoor accuracy: 0.108400
09-11 11:22 INFO     in comm round:39
09-11 11:22 INFO     Training network 0
09-11 11:22 INFO     Epoch: 0 Loss: 0.126524
09-11 11:22 INFO     Training network 1
09-11 11:23 INFO     Epoch: 0 Loss: 0.367144
09-11 11:23 INFO     Training network 2
09-11 11:23 INFO     Epoch: 0 Loss: 0.244133
09-11 11:23 INFO     Training network 3
09-11 11:24 INFO     Epoch: 0 Loss: 0.271825
09-11 11:24 INFO     Training network 4
09-11 11:24 INFO     Epoch: 0 Loss: 0.333600
09-11 11:24 INFO     global n_training: 781
09-11 11:24 INFO     global n_test: 313
09-11 11:25 INFO     >> Global Model Test accuracy: 0.819000
09-11 11:25 INFO     >> Global Model Test backdoor accuracy: 0.164200
09-11 11:25 INFO     in comm round:40
09-11 11:25 INFO     Training network 0
09-11 11:25 INFO     Epoch: 0 Loss: 0.119890
09-11 11:25 INFO     Training network 1
09-11 11:25 INFO     Epoch: 0 Loss: 0.360156
09-11 11:25 INFO     Training network 2
09-11 11:26 INFO     Epoch: 0 Loss: 0.232823
09-11 11:26 INFO     Training network 3
09-11 11:26 INFO     Epoch: 0 Loss: 0.267553
09-11 11:26 INFO     Training network 4
09-11 11:27 INFO     Epoch: 0 Loss: 0.329944
09-11 11:27 INFO     global n_training: 781
09-11 11:27 INFO     global n_test: 313
09-11 11:27 INFO     >> Global Model Test accuracy: 0.793400
09-11 11:27 INFO     >> Global Model Test backdoor accuracy: 0.128400
09-11 11:27 INFO     in comm round:41
09-11 11:27 INFO     Training network 0
09-11 11:27 INFO     Epoch: 0 Loss: 0.113864
09-11 11:27 INFO     Training network 1
09-11 11:28 INFO     Epoch: 0 Loss: 0.347948
09-11 11:28 INFO     Training network 2
09-11 11:28 INFO     Epoch: 0 Loss: 0.223796
09-11 11:28 INFO     Training network 3
09-11 11:29 INFO     Epoch: 0 Loss: 0.270723
09-11 11:29 INFO     Training network 4
09-11 11:29 INFO     Epoch: 0 Loss: 0.308967
09-11 11:29 INFO     global n_training: 781
09-11 11:29 INFO     global n_test: 313
09-11 11:30 INFO     >> Global Model Test accuracy: 0.831700
09-11 11:30 INFO     >> Global Model Test backdoor accuracy: 0.133400
09-11 11:30 INFO     in comm round:42
09-11 11:30 INFO     Training network 0
09-11 11:30 INFO     Epoch: 0 Loss: 0.150378
09-11 11:30 INFO     Training network 1
09-11 11:30 INFO     Epoch: 0 Loss: 0.352260
09-11 11:30 INFO     Training network 2
09-11 11:31 INFO     Epoch: 0 Loss: 0.234832
09-11 11:31 INFO     Training network 3
09-11 11:31 INFO     Epoch: 0 Loss: 0.252098
09-11 11:31 INFO     Training network 4
09-11 11:32 INFO     Epoch: 0 Loss: 0.306089
09-11 11:32 INFO     global n_training: 781
09-11 11:32 INFO     global n_test: 313
09-11 11:32 INFO     >> Global Model Test accuracy: 0.797400
09-11 11:32 INFO     >> Global Model Test backdoor accuracy: 0.267400
09-11 11:32 INFO     in comm round:43
09-11 11:32 INFO     Training network 0
09-11 11:32 INFO     Epoch: 0 Loss: 0.114962
09-11 11:32 INFO     Training network 1
09-11 11:33 INFO     Epoch: 0 Loss: 0.332544
09-11 11:33 INFO     Training network 2
09-11 11:33 INFO     Epoch: 0 Loss: 0.229163
09-11 11:33 INFO     Training network 3
09-11 11:34 INFO     Epoch: 0 Loss: 0.261957
09-11 11:34 INFO     Training network 4
09-11 11:34 INFO     Epoch: 0 Loss: 0.305772
09-11 11:34 INFO     global n_training: 781
09-11 11:34 INFO     global n_test: 313
09-11 11:35 INFO     >> Global Model Test accuracy: 0.744000
09-11 11:35 INFO     >> Global Model Test backdoor accuracy: 0.131400
09-11 11:35 INFO     in comm round:44
09-11 11:35 INFO     Training network 0
09-11 11:35 INFO     Epoch: 0 Loss: 0.108545
09-11 11:35 INFO     Training network 1
09-11 11:35 INFO     Epoch: 0 Loss: 0.340778
09-11 11:35 INFO     Training network 2
09-11 11:36 INFO     Epoch: 0 Loss: 0.224386
09-11 11:36 INFO     Training network 3
09-11 11:36 INFO     Epoch: 0 Loss: 0.258526
09-11 11:36 INFO     Training network 4
09-11 11:37 INFO     Epoch: 0 Loss: 0.298528
09-11 11:37 INFO     global n_training: 781
09-11 11:37 INFO     global n_test: 313
09-11 11:37 INFO     >> Global Model Test accuracy: 0.844900
09-11 11:37 INFO     >> Global Model Test backdoor accuracy: 0.154700
09-11 11:37 INFO     in comm round:45
09-11 11:37 INFO     Training network 0
09-11 11:37 INFO     Epoch: 0 Loss: 0.142156
09-11 11:37 INFO     Training network 1
09-11 11:38 INFO     Epoch: 0 Loss: 0.328629
09-11 11:38 INFO     Training network 2
09-11 11:38 INFO     Epoch: 0 Loss: 0.226353
09-11 11:38 INFO     Training network 3
09-11 11:39 INFO     Epoch: 0 Loss: 0.254499
09-11 11:39 INFO     Training network 4
09-11 11:39 INFO     Epoch: 0 Loss: 0.306769
09-11 11:40 INFO     global n_training: 781
09-11 11:40 INFO     global n_test: 313
09-11 11:40 INFO     >> Global Model Test accuracy: 0.807800
09-11 11:40 INFO     >> Global Model Test backdoor accuracy: 0.164100
09-11 11:40 INFO     in comm round:46
09-11 11:40 INFO     Training network 0
09-11 11:40 INFO     Epoch: 0 Loss: 0.096831
09-11 11:40 INFO     Training network 1
09-11 11:40 INFO     Epoch: 0 Loss: 0.322274
09-11 11:40 INFO     Training network 2
09-11 11:41 INFO     Epoch: 0 Loss: 0.220163
09-11 11:41 INFO     Training network 3
09-11 11:41 INFO     Epoch: 0 Loss: 0.245236
09-11 11:41 INFO     Training network 4
09-11 11:42 INFO     Epoch: 0 Loss: 0.283284
09-11 11:42 INFO     global n_training: 781
09-11 11:42 INFO     global n_test: 313
09-11 11:42 INFO     >> Global Model Test accuracy: 0.853000
09-11 11:42 INFO     >> Global Model Test backdoor accuracy: 0.149900
09-11 11:42 INFO     in comm round:47
09-11 11:42 INFO     Training network 0
09-11 11:42 INFO     Epoch: 0 Loss: 0.132723
09-11 11:42 INFO     Training network 1
09-11 11:43 INFO     Epoch: 0 Loss: 0.329676
09-11 11:43 INFO     Training network 2
09-11 11:43 INFO     Epoch: 0 Loss: 0.215420
09-11 11:43 INFO     Training network 3
09-11 11:44 INFO     Epoch: 0 Loss: 0.240253
09-11 11:44 INFO     Training network 4
09-11 11:45 INFO     Epoch: 0 Loss: 0.280486
09-11 11:45 INFO     global n_training: 781
09-11 11:45 INFO     global n_test: 313
09-11 11:45 INFO     >> Global Model Test accuracy: 0.844200
09-11 11:45 INFO     >> Global Model Test backdoor accuracy: 0.135500
09-11 11:45 INFO     in comm round:48
09-11 11:45 INFO     Training network 0
09-11 11:45 INFO     Epoch: 0 Loss: 0.097038
09-11 11:45 INFO     Training network 1
09-11 11:45 INFO     Epoch: 0 Loss: 0.317211
09-11 11:45 INFO     Training network 2
09-11 11:46 INFO     Epoch: 0 Loss: 0.213538
09-11 11:46 INFO     Training network 3
09-11 11:46 INFO     Epoch: 0 Loss: 0.237092
09-11 11:46 INFO     Training network 4
09-11 11:47 INFO     Epoch: 0 Loss: 0.284833
09-11 11:47 INFO     global n_training: 781
09-11 11:47 INFO     global n_test: 313
09-11 11:47 INFO     >> Global Model Test accuracy: 0.849000
09-11 11:47 INFO     >> Global Model Test backdoor accuracy: 0.186000
09-11 11:47 INFO     in comm round:49
09-11 11:47 INFO     Training network 0
09-11 11:47 INFO     Epoch: 0 Loss: 0.073634
09-11 11:47 INFO     Training network 1
09-11 11:48 INFO     Epoch: 0 Loss: 0.320787
09-11 11:48 INFO     Training network 2
09-11 11:48 INFO     Epoch: 0 Loss: 0.207461
09-11 11:48 INFO     Training network 3
09-11 11:49 INFO     Epoch: 0 Loss: 0.246508
09-11 11:49 INFO     Training network 4
09-11 11:49 INFO     Epoch: 0 Loss: 0.275972
09-11 11:50 INFO     global n_training: 781
09-11 11:50 INFO     global n_test: 313
09-11 11:50 INFO     >> Global Model Test accuracy: 0.844000
09-11 11:50 INFO     >> Global Model Test backdoor accuracy: 0.144300
09-11 11:50 INFO     in comm round:50
09-11 11:50 INFO     Training network 0
09-11 11:50 INFO     Epoch: 0 Loss: 0.050138
09-11 11:50 INFO     Training network 1
09-11 11:50 INFO     Epoch: 0 Loss: 0.304772
09-11 11:50 INFO     Training network 2
09-11 11:51 INFO     Epoch: 0 Loss: 0.203668
09-11 11:51 INFO     Training network 3
09-11 11:51 INFO     Epoch: 0 Loss: 0.235508
09-11 11:51 INFO     Training network 4
09-11 11:52 INFO     Epoch: 0 Loss: 0.275575
09-11 11:52 INFO     global n_training: 781
09-11 11:52 INFO     global n_test: 313
09-11 11:52 INFO     >> Global Model Test accuracy: 0.827600
09-11 11:52 INFO     >> Global Model Test backdoor accuracy: 0.162900
09-11 11:52 INFO     in comm round:51
09-11 11:52 INFO     Training network 0
09-11 11:52 INFO     Epoch: 0 Loss: 0.053071
09-11 11:52 INFO     Training network 1
09-11 11:53 INFO     Epoch: 0 Loss: 0.311353
09-11 11:53 INFO     Training network 2
09-11 11:53 INFO     Epoch: 0 Loss: 0.207039
09-11 11:53 INFO     Training network 3
09-11 11:54 INFO     Epoch: 0 Loss: 0.239576
09-11 11:54 INFO     Training network 4
09-11 11:54 INFO     Epoch: 0 Loss: 0.271817
09-11 11:55 INFO     global n_training: 781
09-11 11:55 INFO     global n_test: 313
09-11 11:55 INFO     >> Global Model Test accuracy: 0.839000
09-11 11:55 INFO     >> Global Model Test backdoor accuracy: 0.166600
09-11 11:55 INFO     in comm round:52
09-11 11:55 INFO     Training network 0
09-11 11:55 INFO     Epoch: 0 Loss: 0.068877
09-11 11:55 INFO     Training network 1
09-11 11:55 INFO     Epoch: 0 Loss: 0.305326
09-11 11:55 INFO     Training network 2
09-11 11:56 INFO     Epoch: 0 Loss: 0.196281
09-11 11:56 INFO     Training network 3
09-11 11:56 INFO     Epoch: 0 Loss: 0.232797
09-11 11:56 INFO     Training network 4
09-11 11:57 INFO     Epoch: 0 Loss: 0.270085
09-11 11:57 INFO     global n_training: 781
09-11 11:57 INFO     global n_test: 313
09-11 11:57 INFO     >> Global Model Test accuracy: 0.825900
09-11 11:57 INFO     >> Global Model Test backdoor accuracy: 0.199100
09-11 11:57 INFO     in comm round:53
09-11 11:57 INFO     Training network 0
09-11 11:57 INFO     Epoch: 0 Loss: 0.035948
09-11 11:57 INFO     Training network 1
09-11 11:58 INFO     Epoch: 0 Loss: 0.301171
09-11 11:58 INFO     Training network 2
09-11 11:58 INFO     Epoch: 0 Loss: 0.199632
09-11 11:58 INFO     Training network 3
09-11 11:59 INFO     Epoch: 0 Loss: 0.226021
09-11 11:59 INFO     Training network 4
09-11 11:59 INFO     Epoch: 0 Loss: 0.270359
09-11 11:59 INFO     global n_training: 781
09-11 11:59 INFO     global n_test: 313
09-11 12:00 INFO     >> Global Model Test accuracy: 0.851900
09-11 12:00 INFO     >> Global Model Test backdoor accuracy: 0.153100
09-11 12:00 INFO     in comm round:54
09-11 12:00 INFO     Training network 0
09-11 12:00 INFO     Epoch: 0 Loss: 0.092690
09-11 12:00 INFO     Training network 1
09-11 12:00 INFO     Epoch: 0 Loss: 0.289196
09-11 12:00 INFO     Training network 2
09-11 12:01 INFO     Epoch: 0 Loss: 0.203037
09-11 12:01 INFO     Training network 3
09-11 12:01 INFO     Epoch: 0 Loss: 0.231350
09-11 12:01 INFO     Training network 4
09-11 12:02 INFO     Epoch: 0 Loss: 0.256768
09-11 12:02 INFO     global n_training: 781
09-11 12:02 INFO     global n_test: 313
09-11 12:02 INFO     >> Global Model Test accuracy: 0.785500
09-11 12:02 INFO     >> Global Model Test backdoor accuracy: 0.178000
09-11 12:02 INFO     in comm round:55
09-11 12:02 INFO     Training network 0
09-11 12:02 INFO     Epoch: 0 Loss: 0.025547
09-11 12:02 INFO     Training network 1
09-11 12:03 INFO     Epoch: 0 Loss: 0.286294
09-11 12:03 INFO     Training network 2
09-11 12:03 INFO     Epoch: 0 Loss: 0.199018
09-11 12:03 INFO     Training network 3
09-11 12:04 INFO     Epoch: 0 Loss: 0.220609
09-11 12:04 INFO     Training network 4
09-11 12:04 INFO     Epoch: 0 Loss: 0.261637
09-11 12:04 INFO     global n_training: 781
09-11 12:04 INFO     global n_test: 313
09-11 12:05 INFO     >> Global Model Test accuracy: 0.842300
09-11 12:05 INFO     >> Global Model Test backdoor accuracy: 0.261300
09-11 12:05 INFO     in comm round:56
09-11 12:05 INFO     Training network 0
09-11 12:05 INFO     Epoch: 0 Loss: 0.048413
09-11 12:05 INFO     Training network 1
09-11 12:05 INFO     Epoch: 0 Loss: 0.291219
09-11 12:05 INFO     Training network 2
09-11 12:06 INFO     Epoch: 0 Loss: 0.193761
09-11 12:06 INFO     Training network 3
09-11 12:06 INFO     Epoch: 0 Loss: 0.231609
09-11 12:06 INFO     Training network 4
09-11 12:07 INFO     Epoch: 0 Loss: 0.261107
09-11 12:07 INFO     global n_training: 781
09-11 12:07 INFO     global n_test: 313
09-11 12:07 INFO     >> Global Model Test accuracy: 0.837300
09-11 12:07 INFO     >> Global Model Test backdoor accuracy: 0.139400
09-11 12:07 INFO     in comm round:57
09-11 12:07 INFO     Training network 0
09-11 12:07 INFO     Epoch: 0 Loss: 0.026630
09-11 12:07 INFO     Training network 1
09-11 12:08 INFO     Epoch: 0 Loss: 0.277565
09-11 12:08 INFO     Training network 2
09-11 12:08 INFO     Epoch: 0 Loss: 0.189793
09-11 12:08 INFO     Training network 3
09-11 12:09 INFO     Epoch: 0 Loss: 0.220662
09-11 12:09 INFO     Training network 4
09-11 12:09 INFO     Epoch: 0 Loss: 0.268292
09-11 12:09 INFO     global n_training: 781
09-11 12:09 INFO     global n_test: 313
09-11 12:10 INFO     >> Global Model Test accuracy: 0.877500
09-11 12:10 INFO     >> Global Model Test backdoor accuracy: 0.155900
09-11 12:10 INFO     in comm round:58
09-11 12:10 INFO     Training network 0
09-11 12:10 INFO     Epoch: 0 Loss: 0.035105
09-11 12:10 INFO     Training network 1
09-11 12:10 INFO     Epoch: 0 Loss: 0.279521
09-11 12:10 INFO     Training network 2
09-11 12:11 INFO     Epoch: 0 Loss: 0.183444
09-11 12:11 INFO     Training network 3
09-11 12:11 INFO     Epoch: 0 Loss: 0.211587
09-11 12:11 INFO     Training network 4
09-11 12:12 INFO     Epoch: 0 Loss: 0.257864
09-11 12:12 INFO     global n_training: 781
09-11 12:12 INFO     global n_test: 313
09-11 12:12 INFO     >> Global Model Test accuracy: 0.839300
09-11 12:12 INFO     >> Global Model Test backdoor accuracy: 0.217200
09-11 12:12 INFO     in comm round:59
09-11 12:12 INFO     Training network 0
09-11 12:12 INFO     Epoch: 0 Loss: 0.008472
09-11 12:12 INFO     Training network 1
09-11 12:13 INFO     Epoch: 0 Loss: 0.273894
09-11 12:13 INFO     Training network 2
09-11 12:13 INFO     Epoch: 0 Loss: 0.184744
09-11 12:13 INFO     Training network 3
09-11 12:14 INFO     Epoch: 0 Loss: 0.204968
09-11 12:14 INFO     Training network 4
09-11 12:14 INFO     Epoch: 0 Loss: 0.256927
09-11 12:14 INFO     global n_training: 781
09-11 12:14 INFO     global n_test: 313
09-11 12:15 INFO     >> Global Model Test accuracy: 0.862900
09-11 12:15 INFO     >> Global Model Test backdoor accuracy: 0.133500
09-11 12:15 INFO     in comm round:60
09-11 12:15 INFO     Training network 0
09-11 12:15 INFO     Epoch: 0 Loss: 0.009908
09-11 12:15 INFO     Training network 1
09-11 12:15 INFO     Epoch: 0 Loss: 0.269228
09-11 12:15 INFO     Training network 2
09-11 12:16 INFO     Epoch: 0 Loss: 0.185030
09-11 12:16 INFO     Training network 3
09-11 12:16 INFO     Epoch: 0 Loss: 0.216676
09-11 12:16 INFO     Training network 4
09-11 12:17 INFO     Epoch: 0 Loss: 0.240610
09-11 12:17 INFO     global n_training: 781
09-11 12:17 INFO     global n_test: 313
09-11 12:17 INFO     >> Global Model Test accuracy: 0.844300
09-11 12:17 INFO     >> Global Model Test backdoor accuracy: 0.225200
09-11 12:17 INFO     in comm round:61
09-11 12:17 INFO     Training network 0
09-11 12:17 INFO     Epoch: 0 Loss: 0.007374
09-11 12:17 INFO     Training network 1
09-11 12:18 INFO     Epoch: 0 Loss: 0.271965
09-11 12:18 INFO     Training network 2
09-11 12:18 INFO     Epoch: 0 Loss: 0.178325
09-11 12:18 INFO     Training network 3
09-11 12:19 INFO     Epoch: 0 Loss: 0.209165
09-11 12:19 INFO     Training network 4
09-11 12:19 INFO     Epoch: 0 Loss: 0.247014
09-11 12:19 INFO     global n_training: 781
09-11 12:19 INFO     global n_test: 313
09-11 12:20 INFO     >> Global Model Test accuracy: 0.856300
09-11 12:20 INFO     >> Global Model Test backdoor accuracy: 0.126700
09-11 12:20 INFO     in comm round:62
09-11 12:20 INFO     Training network 0
09-11 12:20 INFO     Epoch: 0 Loss: 0.013536
09-11 12:20 INFO     Training network 1
09-11 12:20 INFO     Epoch: 0 Loss: 0.264815
09-11 12:20 INFO     Training network 2
09-11 12:21 INFO     Epoch: 0 Loss: 0.185008
09-11 12:21 INFO     Training network 3
09-11 12:21 INFO     Epoch: 0 Loss: 0.202870
09-11 12:21 INFO     Training network 4
09-11 12:22 INFO     Epoch: 0 Loss: 0.238325
09-11 12:22 INFO     global n_training: 781
09-11 12:22 INFO     global n_test: 313
09-11 12:22 INFO     >> Global Model Test accuracy: 0.848500
09-11 12:22 INFO     >> Global Model Test backdoor accuracy: 0.190400
09-11 12:22 INFO     in comm round:63
09-11 12:22 INFO     Training network 0
09-11 12:22 INFO     Epoch: 0 Loss: 0.002143
09-11 12:22 INFO     Training network 1
09-11 12:23 INFO     Epoch: 0 Loss: 0.257320
09-11 12:23 INFO     Training network 2
09-11 12:23 INFO     Epoch: 0 Loss: 0.176567
09-11 12:23 INFO     Training network 3
09-11 12:24 INFO     Epoch: 0 Loss: 0.207914
09-11 12:24 INFO     Training network 4
09-11 12:24 INFO     Epoch: 0 Loss: 0.238848
09-11 12:24 INFO     global n_training: 781
09-11 12:24 INFO     global n_test: 313
09-11 12:25 INFO     >> Global Model Test accuracy: 0.878900
09-11 12:25 INFO     >> Global Model Test backdoor accuracy: 0.153000
09-11 12:25 INFO     in comm round:64
09-11 12:25 INFO     Training network 0
09-11 12:25 INFO     Epoch: 0 Loss: 0.022626
09-11 12:25 INFO     Training network 1
09-11 12:25 INFO     Epoch: 0 Loss: 0.271832
09-11 12:25 INFO     Training network 2
09-11 12:26 INFO     Epoch: 0 Loss: 0.167248
09-11 12:26 INFO     Training network 3
09-11 12:26 INFO     Epoch: 0 Loss: 0.206446
09-11 12:26 INFO     Training network 4
09-11 12:27 INFO     Epoch: 0 Loss: 0.248008
09-11 12:27 INFO     global n_training: 781
09-11 12:27 INFO     global n_test: 313
09-11 12:27 INFO     >> Global Model Test accuracy: 0.843300
09-11 12:27 INFO     >> Global Model Test backdoor accuracy: 0.295300
09-11 12:27 INFO     in comm round:65
09-11 12:27 INFO     Training network 0
09-11 12:27 INFO     Epoch: 0 Loss: 0.010921
09-11 12:27 INFO     Training network 1
09-11 12:28 INFO     Epoch: 0 Loss: 0.260243
09-11 12:28 INFO     Training network 2
09-11 12:28 INFO     Epoch: 0 Loss: 0.170455
09-11 12:28 INFO     Training network 3
09-11 12:29 INFO     Epoch: 0 Loss: 0.200206
09-11 12:29 INFO     Training network 4
09-11 12:29 INFO     Epoch: 0 Loss: 0.230633
09-11 12:29 INFO     global n_training: 781
09-11 12:29 INFO     global n_test: 313
09-11 12:30 INFO     >> Global Model Test accuracy: 0.880200
09-11 12:30 INFO     >> Global Model Test backdoor accuracy: 0.136700
09-11 12:30 INFO     in comm round:66
09-11 12:30 INFO     Training network 0
09-11 12:30 INFO     Epoch: 0 Loss: 0.012468
09-11 12:30 INFO     Training network 1
09-11 12:30 INFO     Epoch: 0 Loss: 0.255445
09-11 12:30 INFO     Training network 2
09-11 12:31 INFO     Epoch: 0 Loss: 0.177159
09-11 12:31 INFO     Training network 3
09-11 12:31 INFO     Epoch: 0 Loss: 0.205567
09-11 12:31 INFO     Training network 4
09-11 12:32 INFO     Epoch: 0 Loss: 0.243640
09-11 12:32 INFO     global n_training: 781
09-11 12:32 INFO     global n_test: 313
09-11 12:32 INFO     >> Global Model Test accuracy: 0.869900
09-11 12:32 INFO     >> Global Model Test backdoor accuracy: 0.161000
09-11 12:32 INFO     in comm round:67
09-11 12:32 INFO     Training network 0
09-11 12:32 INFO     Epoch: 0 Loss: 0.002098
09-11 12:32 INFO     Training network 1
09-11 12:33 INFO     Epoch: 0 Loss: 0.256185
09-11 12:33 INFO     Training network 2
09-11 12:33 INFO     Epoch: 0 Loss: 0.172071
09-11 12:33 INFO     Training network 3
09-11 12:34 INFO     Epoch: 0 Loss: 0.200778
09-11 12:34 INFO     Training network 4
09-11 12:34 INFO     Epoch: 0 Loss: 0.226009
09-11 12:34 INFO     global n_training: 781
09-11 12:34 INFO     global n_test: 313
09-11 12:35 INFO     >> Global Model Test accuracy: 0.890100
09-11 12:35 INFO     >> Global Model Test backdoor accuracy: 0.109500
09-11 12:35 INFO     in comm round:68
09-11 12:35 INFO     Training network 0
09-11 12:35 INFO     Epoch: 0 Loss: 0.009756
09-11 12:35 INFO     Training network 1
09-11 12:35 INFO     Epoch: 0 Loss: 0.242503
09-11 12:35 INFO     Training network 2
09-11 12:36 INFO     Epoch: 0 Loss: 0.165931
09-11 12:36 INFO     Training network 3
09-11 12:36 INFO     Epoch: 0 Loss: 0.195619
09-11 12:36 INFO     Training network 4
09-11 12:37 INFO     Epoch: 0 Loss: 0.233012
09-11 12:37 INFO     global n_training: 781
09-11 12:37 INFO     global n_test: 313
09-11 12:37 INFO     >> Global Model Test accuracy: 0.863100
09-11 12:37 INFO     >> Global Model Test backdoor accuracy: 0.185900
09-11 12:37 INFO     in comm round:69
09-11 12:37 INFO     Training network 0
09-11 12:37 INFO     Epoch: 0 Loss: 0.001265
09-11 12:37 INFO     Training network 1
09-11 12:38 INFO     Epoch: 0 Loss: 0.249075
09-11 12:38 INFO     Training network 2
09-11 12:38 INFO     Epoch: 0 Loss: 0.173960
09-11 12:38 INFO     Training network 3
09-11 12:39 INFO     Epoch: 0 Loss: 0.199373
09-11 12:39 INFO     Training network 4
09-11 12:39 INFO     Epoch: 0 Loss: 0.233782
09-11 12:39 INFO     global n_training: 781
09-11 12:39 INFO     global n_test: 313
09-11 12:40 INFO     >> Global Model Test accuracy: 0.886600
09-11 12:40 INFO     >> Global Model Test backdoor accuracy: 0.136800
09-11 12:40 INFO     in comm round:70
09-11 12:40 INFO     Training network 0
09-11 12:40 INFO     Epoch: 0 Loss: 0.023594
09-11 12:40 INFO     Training network 1
09-11 12:40 INFO     Epoch: 0 Loss: 0.263685
09-11 12:40 INFO     Training network 2
09-11 12:41 INFO     Epoch: 0 Loss: 0.168350
09-11 12:41 INFO     Training network 3
09-11 12:41 INFO     Epoch: 0 Loss: 0.192825
09-11 12:41 INFO     Training network 4
09-11 12:42 INFO     Epoch: 0 Loss: 0.224551
09-11 12:42 INFO     global n_training: 781
09-11 12:42 INFO     global n_test: 313
09-11 12:42 INFO     >> Global Model Test accuracy: 0.859100
09-11 12:42 INFO     >> Global Model Test backdoor accuracy: 0.186700
09-11 12:42 INFO     in comm round:71
09-11 12:42 INFO     Training network 0
09-11 12:42 INFO     Epoch: 0 Loss: 0.001095
09-11 12:42 INFO     Training network 1
09-11 12:43 INFO     Epoch: 0 Loss: 0.261217
09-11 12:43 INFO     Training network 2
09-11 12:43 INFO     Epoch: 0 Loss: 0.162933
09-11 12:43 INFO     Training network 3
09-11 12:44 INFO     Epoch: 0 Loss: 0.193651
09-11 12:44 INFO     Training network 4
09-11 12:44 INFO     Epoch: 0 Loss: 0.231632
09-11 12:44 INFO     global n_training: 781
09-11 12:44 INFO     global n_test: 313
09-11 12:45 INFO     >> Global Model Test accuracy: 0.890300
09-11 12:45 INFO     >> Global Model Test backdoor accuracy: 0.133200
09-11 12:45 INFO     in comm round:72
09-11 12:45 INFO     Training network 0
09-11 12:45 INFO     Epoch: 0 Loss: 0.006579
09-11 12:45 INFO     Training network 1
09-11 12:45 INFO     Epoch: 0 Loss: 0.244504
09-11 12:45 INFO     Training network 2
09-11 12:46 INFO     Epoch: 0 Loss: 0.162213
09-11 12:46 INFO     Training network 3
09-11 12:46 INFO     Epoch: 0 Loss: 0.195791
09-11 12:46 INFO     Training network 4
09-11 12:47 INFO     Epoch: 0 Loss: 0.225024
09-11 12:47 INFO     global n_training: 781
09-11 12:47 INFO     global n_test: 313
09-11 12:47 INFO     >> Global Model Test accuracy: 0.884300
09-11 12:47 INFO     >> Global Model Test backdoor accuracy: 0.186300
09-11 12:47 INFO     in comm round:73
09-11 12:47 INFO     Training network 0
09-11 12:47 INFO     Epoch: 0 Loss: 0.001095
09-11 12:47 INFO     Training network 1
09-11 12:48 INFO     Epoch: 0 Loss: 0.244215
09-11 12:48 INFO     Training network 2
09-11 12:48 INFO     Epoch: 0 Loss: 0.166375
09-11 12:48 INFO     Training network 3
09-11 12:49 INFO     Epoch: 0 Loss: 0.188811
09-11 12:49 INFO     Training network 4
09-11 12:49 INFO     Epoch: 0 Loss: 0.215709
09-11 12:49 INFO     global n_training: 781
09-11 12:49 INFO     global n_test: 313
09-11 12:50 INFO     >> Global Model Test accuracy: 0.893800
09-11 12:50 INFO     >> Global Model Test backdoor accuracy: 0.117600
09-11 12:50 INFO     in comm round:74
09-11 12:50 INFO     Training network 0
09-11 12:50 INFO     Epoch: 0 Loss: 0.003996
09-11 12:50 INFO     Training network 1
09-11 12:50 INFO     Epoch: 0 Loss: 0.245459
09-11 12:50 INFO     Training network 2
09-11 12:51 INFO     Epoch: 0 Loss: 0.168612
09-11 12:51 INFO     Training network 3
09-11 12:51 INFO     Epoch: 0 Loss: 0.199384
09-11 12:51 INFO     Training network 4
09-11 12:52 INFO     Epoch: 0 Loss: 0.234097
09-11 12:52 INFO     global n_training: 781
09-11 12:52 INFO     global n_test: 313
09-11 12:52 INFO     >> Global Model Test accuracy: 0.870100
09-11 12:52 INFO     >> Global Model Test backdoor accuracy: 0.278400
09-11 12:52 INFO     in comm round:75
09-11 12:52 INFO     Training network 0
09-11 12:52 INFO     Epoch: 0 Loss: 0.000355
09-11 12:52 INFO     Training network 1
09-11 12:53 INFO     Epoch: 0 Loss: 0.238422
09-11 12:53 INFO     Training network 2
09-11 12:53 INFO     Epoch: 0 Loss: 0.149162
09-11 12:53 INFO     Training network 3
09-11 12:54 INFO     Epoch: 0 Loss: 0.193692
09-11 12:54 INFO     Training network 4
09-11 12:54 INFO     Epoch: 0 Loss: 0.220956
09-11 12:54 INFO     global n_training: 781
09-11 12:54 INFO     global n_test: 313
09-11 12:55 INFO     >> Global Model Test accuracy: 0.902200
09-11 12:55 INFO     >> Global Model Test backdoor accuracy: 0.128700
09-11 12:55 INFO     in comm round:76
09-11 12:55 INFO     Training network 0
09-11 12:55 INFO     Epoch: 0 Loss: 0.026452
09-11 12:55 INFO     Training network 1
09-11 12:55 INFO     Epoch: 0 Loss: 0.241508
09-11 12:55 INFO     Training network 2
09-11 12:56 INFO     Epoch: 0 Loss: 0.149781
09-11 12:56 INFO     Training network 3
09-11 12:56 INFO     Epoch: 0 Loss: 0.188185
09-11 12:56 INFO     Training network 4
09-11 12:57 INFO     Epoch: 0 Loss: 0.233314
09-11 12:57 INFO     global n_training: 781
09-11 12:57 INFO     global n_test: 313
09-11 12:57 INFO     >> Global Model Test accuracy: 0.831200
09-11 12:57 INFO     >> Global Model Test backdoor accuracy: 0.199700
09-11 12:57 INFO     in comm round:77
09-11 12:57 INFO     Training network 0
09-11 12:57 INFO     Epoch: 0 Loss: 0.000453
09-11 12:57 INFO     Training network 1
09-11 12:58 INFO     Epoch: 0 Loss: 0.240937
09-11 12:58 INFO     Training network 2
09-11 12:58 INFO     Epoch: 0 Loss: 0.168411
09-11 12:58 INFO     Training network 3
09-11 12:59 INFO     Epoch: 0 Loss: 0.189209
09-11 12:59 INFO     Training network 4
09-11 12:59 INFO     Epoch: 0 Loss: 0.219476
09-11 12:59 INFO     global n_training: 781
09-11 12:59 INFO     global n_test: 313
09-11 13:00 INFO     >> Global Model Test accuracy: 0.911100
09-11 13:00 INFO     >> Global Model Test backdoor accuracy: 0.111600
09-11 13:00 INFO     in comm round:78
09-11 13:00 INFO     Training network 0
09-11 13:00 INFO     Epoch: 0 Loss: 0.128382
09-11 13:00 INFO     Training network 1
09-11 13:00 INFO     Epoch: 0 Loss: 0.249771
09-11 13:00 INFO     Training network 2
09-11 13:01 INFO     Epoch: 0 Loss: 0.163267
09-11 13:01 INFO     Training network 3
09-11 13:01 INFO     Epoch: 0 Loss: 0.197770
09-11 13:01 INFO     Training network 4
09-11 13:02 INFO     Epoch: 0 Loss: 0.227919
09-11 13:02 INFO     global n_training: 781
09-11 13:02 INFO     global n_test: 313
09-11 13:02 INFO     >> Global Model Test accuracy: 0.876000
09-11 13:02 INFO     >> Global Model Test backdoor accuracy: 0.196000
09-11 13:02 INFO     in comm round:79
09-11 13:02 INFO     Training network 0
09-11 13:02 INFO     Epoch: 0 Loss: 0.000522
09-11 13:02 INFO     Training network 1
09-11 13:03 INFO     Epoch: 0 Loss: 0.234934
09-11 13:03 INFO     Training network 2
09-11 13:03 INFO     Epoch: 0 Loss: 0.158467
09-11 13:03 INFO     Training network 3
09-11 13:04 INFO     Epoch: 0 Loss: 0.192335
09-11 13:04 INFO     Training network 4
09-11 13:04 INFO     Epoch: 0 Loss: 0.229062
09-11 13:04 INFO     global n_training: 781
09-11 13:04 INFO     global n_test: 313
09-11 13:05 INFO     >> Global Model Test accuracy: 0.903400
09-11 13:05 INFO     >> Global Model Test backdoor accuracy: 0.118600
09-11 13:05 INFO     in comm round:80
09-11 13:05 INFO     Training network 0
09-11 13:05 INFO     Epoch: 0 Loss: 0.004719
09-11 13:05 INFO     Training network 1
09-11 13:05 INFO     Epoch: 0 Loss: 0.243442
09-11 13:05 INFO     Training network 2
09-11 13:06 INFO     Epoch: 0 Loss: 0.159591
09-11 13:06 INFO     Training network 3
09-11 13:06 INFO     Epoch: 0 Loss: 0.197359
09-11 13:06 INFO     Training network 4
09-11 13:07 INFO     Epoch: 0 Loss: 0.222091
09-11 13:07 INFO     global n_training: 781
09-11 13:07 INFO     global n_test: 313
09-11 13:07 INFO     >> Global Model Test accuracy: 0.868600
09-11 13:07 INFO     >> Global Model Test backdoor accuracy: 0.222300
09-11 13:07 INFO     in comm round:81
09-11 13:07 INFO     Training network 0
09-11 13:07 INFO     Epoch: 0 Loss: 0.002488
09-11 13:07 INFO     Training network 1
09-11 13:08 INFO     Epoch: 0 Loss: 0.230239
09-11 13:08 INFO     Training network 2
09-11 13:08 INFO     Epoch: 0 Loss: 0.161582
09-11 13:08 INFO     Training network 3
09-11 13:09 INFO     Epoch: 0 Loss: 0.186965
09-11 13:09 INFO     Training network 4
09-11 13:09 INFO     Epoch: 0 Loss: 0.220531
09-11 13:09 INFO     global n_training: 781
09-11 13:09 INFO     global n_test: 313
09-11 13:10 INFO     >> Global Model Test accuracy: 0.891600
09-11 13:10 INFO     >> Global Model Test backdoor accuracy: 0.117500
09-11 13:10 INFO     in comm round:82
09-11 13:10 INFO     Training network 0
09-11 13:10 INFO     Epoch: 0 Loss: 0.003584
09-11 13:10 INFO     Training network 1
09-11 13:10 INFO     Epoch: 0 Loss: 0.234818
09-11 13:10 INFO     Training network 2
09-11 13:11 INFO     Epoch: 0 Loss: 0.158367
09-11 13:11 INFO     Training network 3
09-11 13:11 INFO     Epoch: 0 Loss: 0.191255
09-11 13:11 INFO     Training network 4
09-11 13:12 INFO     Epoch: 0 Loss: 0.217682
09-11 13:12 INFO     global n_training: 781
09-11 13:12 INFO     global n_test: 313
09-11 13:12 INFO     >> Global Model Test accuracy: 0.874900
09-11 13:12 INFO     >> Global Model Test backdoor accuracy: 0.174100
09-11 13:12 INFO     in comm round:83
09-11 13:12 INFO     Training network 0
09-11 13:12 INFO     Epoch: 0 Loss: 0.000288
09-11 13:12 INFO     Training network 1
09-11 13:13 INFO     Epoch: 0 Loss: 0.219344
09-11 13:13 INFO     Training network 2
09-11 13:13 INFO     Epoch: 0 Loss: 0.164976
09-11 13:13 INFO     Training network 3
09-11 13:14 INFO     Epoch: 0 Loss: 0.184661
09-11 13:14 INFO     Training network 4
09-11 13:14 INFO     Epoch: 0 Loss: 0.210354
09-11 13:14 INFO     global n_training: 781
09-11 13:14 INFO     global n_test: 313
09-11 13:15 INFO     >> Global Model Test accuracy: 0.899100
09-11 13:15 INFO     >> Global Model Test backdoor accuracy: 0.135900
09-11 13:15 INFO     in comm round:84
09-11 13:15 INFO     Training network 0
09-11 13:15 INFO     Epoch: 0 Loss: 0.042135
09-11 13:15 INFO     Training network 1
09-11 13:15 INFO     Epoch: 0 Loss: 0.234041
09-11 13:15 INFO     Training network 2
09-11 13:16 INFO     Epoch: 0 Loss: 0.153822
09-11 13:16 INFO     Training network 3
09-11 13:16 INFO     Epoch: 0 Loss: 0.192289
09-11 13:16 INFO     Training network 4
09-11 13:17 INFO     Epoch: 0 Loss: 0.216472
09-11 13:17 INFO     global n_training: 781
09-11 13:17 INFO     global n_test: 313
09-11 13:17 INFO     >> Global Model Test accuracy: 0.854400
09-11 13:17 INFO     >> Global Model Test backdoor accuracy: 0.246200
09-11 13:17 INFO     in comm round:85
09-11 13:17 INFO     Training network 0
09-11 13:17 INFO     Epoch: 0 Loss: 0.000177
09-11 13:17 INFO     Training network 1
09-11 13:18 INFO     Epoch: 0 Loss: 0.243862
09-11 13:18 INFO     Training network 2
09-11 13:18 INFO     Epoch: 0 Loss: 0.158265
09-11 13:18 INFO     Training network 3
09-11 13:19 INFO     Epoch: 0 Loss: 0.185186
09-11 13:19 INFO     Training network 4
09-11 13:19 INFO     Epoch: 0 Loss: 0.214394
09-11 13:19 INFO     global n_training: 781
09-11 13:19 INFO     global n_test: 313
09-11 13:20 INFO     >> Global Model Test accuracy: 0.896200
09-11 13:20 INFO     >> Global Model Test backdoor accuracy: 0.122200
09-11 13:20 INFO     in comm round:86
09-11 13:20 INFO     Training network 0
09-11 13:20 INFO     Epoch: 0 Loss: 0.239810
09-11 13:20 INFO     Training network 1
09-11 13:20 INFO     Epoch: 0 Loss: 0.228454
09-11 13:20 INFO     Training network 2
09-11 13:21 INFO     Epoch: 0 Loss: 0.164420
09-11 13:21 INFO     Training network 3
09-11 13:21 INFO     Epoch: 0 Loss: 0.187915
09-11 13:21 INFO     Training network 4
09-11 13:22 INFO     Epoch: 0 Loss: 0.224375
09-11 13:22 INFO     global n_training: 781
09-11 13:22 INFO     global n_test: 313
09-11 13:22 INFO     >> Global Model Test accuracy: 0.873800
09-11 13:22 INFO     >> Global Model Test backdoor accuracy: 0.175900
09-11 13:22 INFO     in comm round:87
09-11 13:22 INFO     Training network 0
09-11 13:22 INFO     Epoch: 0 Loss: 0.000766
09-11 13:22 INFO     Training network 1
09-11 13:23 INFO     Epoch: 0 Loss: 0.224964
09-11 13:23 INFO     Training network 2
09-11 13:23 INFO     Epoch: 0 Loss: 0.157923
09-11 13:23 INFO     Training network 3
09-11 13:24 INFO     Epoch: 0 Loss: 0.191553
09-11 13:24 INFO     Training network 4
09-11 13:24 INFO     Epoch: 0 Loss: 0.222167
09-11 13:24 INFO     global n_training: 781
09-11 13:24 INFO     global n_test: 313
09-11 13:25 INFO     >> Global Model Test accuracy: 0.895900
09-11 13:25 INFO     >> Global Model Test backdoor accuracy: 0.089700
09-11 13:25 INFO     in comm round:88
09-11 13:25 INFO     Training network 0
09-11 13:25 INFO     Epoch: 0 Loss: 0.001681
09-11 13:25 INFO     Training network 1
09-11 13:25 INFO     Epoch: 0 Loss: 0.218265
09-11 13:25 INFO     Training network 2
09-11 13:26 INFO     Epoch: 0 Loss: 0.161601
09-11 13:26 INFO     Training network 3
09-11 13:26 INFO     Epoch: 0 Loss: 0.181763
09-11 13:26 INFO     Training network 4
09-11 13:27 INFO     Epoch: 0 Loss: 0.217212
09-11 13:27 INFO     global n_training: 781
09-11 13:27 INFO     global n_test: 313
09-11 13:27 INFO     >> Global Model Test accuracy: 0.868600
09-11 13:27 INFO     >> Global Model Test backdoor accuracy: 0.173500
09-11 13:27 INFO     in comm round:89
09-11 13:27 INFO     Training network 0
09-11 13:27 INFO     Epoch: 0 Loss: 0.000094
09-11 13:27 INFO     Training network 1
09-11 13:28 INFO     Epoch: 0 Loss: 0.226219
09-11 13:28 INFO     Training network 2
09-11 13:28 INFO     Epoch: 0 Loss: 0.161135
09-11 13:28 INFO     Training network 3
09-11 13:29 INFO     Epoch: 0 Loss: 0.184514
09-11 13:29 INFO     Training network 4
09-11 13:29 INFO     Epoch: 0 Loss: 0.219681
09-11 13:29 INFO     global n_training: 781
09-11 13:29 INFO     global n_test: 313
09-11 13:30 INFO     >> Global Model Test accuracy: 0.908500
09-11 13:30 INFO     >> Global Model Test backdoor accuracy: 0.117300
09-11 13:30 INFO     in comm round:90
09-11 13:30 INFO     Training network 0
09-11 13:30 INFO     Epoch: 0 Loss: 0.229219
09-11 13:30 INFO     Training network 1
09-11 13:30 INFO     Epoch: 0 Loss: 0.233025
09-11 13:30 INFO     Training network 2
09-11 13:31 INFO     Epoch: 0 Loss: 0.164237
09-11 13:31 INFO     Training network 3
09-11 13:31 INFO     Epoch: 0 Loss: 0.187973
09-11 13:31 INFO     Training network 4
09-11 13:32 INFO     Epoch: 0 Loss: 0.215762
09-11 13:32 INFO     global n_training: 781
09-11 13:32 INFO     global n_test: 313
09-11 13:32 INFO     >> Global Model Test accuracy: 0.863200
09-11 13:32 INFO     >> Global Model Test backdoor accuracy: 0.267600
09-11 13:32 INFO     in comm round:91
09-11 13:32 INFO     Training network 0
09-11 13:32 INFO     Epoch: 0 Loss: 0.000198
09-11 13:32 INFO     Training network 1
09-11 13:33 INFO     Epoch: 0 Loss: 0.232514
09-11 13:33 INFO     Training network 2
09-11 13:33 INFO     Epoch: 0 Loss: 0.151193
09-11 13:33 INFO     Training network 3
09-11 13:34 INFO     Epoch: 0 Loss: 0.184590
09-11 13:34 INFO     Training network 4
09-11 13:34 INFO     Epoch: 0 Loss: 0.218395
09-11 13:34 INFO     global n_training: 781
09-11 13:34 INFO     global n_test: 313
09-11 13:35 INFO     >> Global Model Test accuracy: 0.909100
09-11 13:35 INFO     >> Global Model Test backdoor accuracy: 0.107500
09-11 13:35 INFO     in comm round:92
09-11 13:35 INFO     Training network 0
09-11 13:35 INFO     Epoch: 0 Loss: 0.131077
09-11 13:35 INFO     Training network 1
09-11 13:35 INFO     Epoch: 0 Loss: 0.226225
09-11 13:35 INFO     Training network 2
09-11 13:36 INFO     Epoch: 0 Loss: 0.155919
09-11 13:36 INFO     Training network 3
09-11 13:36 INFO     Epoch: 0 Loss: 0.192290
09-11 13:36 INFO     Training network 4
09-11 13:37 INFO     Epoch: 0 Loss: 0.216185
09-11 13:37 INFO     global n_training: 781
09-11 13:37 INFO     global n_test: 313
09-11 13:37 INFO     >> Global Model Test accuracy: 0.876900
09-11 13:37 INFO     >> Global Model Test backdoor accuracy: 0.239000
09-11 13:37 INFO     in comm round:93
09-11 13:37 INFO     Training network 0
09-11 13:37 INFO     Epoch: 0 Loss: 0.000412
09-11 13:37 INFO     Training network 1
09-11 13:38 INFO     Epoch: 0 Loss: 0.230170
09-11 13:38 INFO     Training network 2
09-11 13:38 INFO     Epoch: 0 Loss: 0.156613
09-11 13:38 INFO     Training network 3
09-11 13:39 INFO     Epoch: 0 Loss: 0.183495
09-11 13:39 INFO     Training network 4
09-11 13:39 INFO     Epoch: 0 Loss: 0.215911
09-11 13:39 INFO     global n_training: 781
09-11 13:39 INFO     global n_test: 313
09-11 13:40 INFO     >> Global Model Test accuracy: 0.883700
09-11 13:40 INFO     >> Global Model Test backdoor accuracy: 0.132100
09-11 13:40 INFO     in comm round:94
09-11 13:40 INFO     Training network 0
09-11 13:40 INFO     Epoch: 0 Loss: 0.000767
09-11 13:40 INFO     Training network 1
09-11 13:40 INFO     Epoch: 0 Loss: 0.221623
09-11 13:40 INFO     Training network 2
09-11 13:41 INFO     Epoch: 0 Loss: 0.160420
09-11 13:41 INFO     Training network 3
09-11 13:41 INFO     Epoch: 0 Loss: 0.195800
09-11 13:41 INFO     Training network 4
09-11 13:42 INFO     Epoch: 0 Loss: 0.216005
09-11 13:42 INFO     global n_training: 781
09-11 13:42 INFO     global n_test: 313
09-11 13:42 INFO     >> Global Model Test accuracy: 0.890800
09-11 13:42 INFO     >> Global Model Test backdoor accuracy: 0.144600
09-11 13:42 INFO     in comm round:95
09-11 13:42 INFO     Training network 0
09-11 13:42 INFO     Epoch: 0 Loss: 0.000507
09-11 13:42 INFO     Training network 1
09-11 13:43 INFO     Epoch: 0 Loss: 0.219859
09-11 13:43 INFO     Training network 2
09-11 13:43 INFO     Epoch: 0 Loss: 0.154635
09-11 13:43 INFO     Training network 3
09-11 13:44 INFO     Epoch: 0 Loss: 0.189981
09-11 13:44 INFO     Training network 4
09-11 13:44 INFO     Epoch: 0 Loss: 0.214279
09-11 13:44 INFO     global n_training: 781
09-11 13:44 INFO     global n_test: 313
09-11 13:45 INFO     >> Global Model Test accuracy: 0.901500
09-11 13:45 INFO     >> Global Model Test backdoor accuracy: 0.132500
09-11 13:45 INFO     in comm round:96
09-11 13:45 INFO     Training network 0
09-11 13:45 INFO     Epoch: 0 Loss: 0.000624
09-11 13:45 INFO     Training network 1
09-11 13:45 INFO     Epoch: 0 Loss: 0.220671
09-11 13:45 INFO     Training network 2
09-11 13:46 INFO     Epoch: 0 Loss: 0.151077
09-11 13:46 INFO     Training network 3
09-11 13:46 INFO     Epoch: 0 Loss: 0.192315
09-11 13:46 INFO     Training network 4
09-11 13:47 INFO     Epoch: 0 Loss: 0.217762
09-11 13:47 INFO     global n_training: 781
09-11 13:47 INFO     global n_test: 313
09-11 13:47 INFO     >> Global Model Test accuracy: 0.879100
09-11 13:47 INFO     >> Global Model Test backdoor accuracy: 0.163400
09-11 13:47 INFO     in comm round:97
09-11 13:47 INFO     Training network 0
09-11 13:47 INFO     Epoch: 0 Loss: 0.000057
09-11 13:47 INFO     Training network 1
09-11 13:48 INFO     Epoch: 0 Loss: 0.236089
09-11 13:48 INFO     Training network 2
09-11 13:48 INFO     Epoch: 0 Loss: 0.153370
09-11 13:48 INFO     Training network 3
09-11 13:49 INFO     Epoch: 0 Loss: 0.190441
09-11 13:49 INFO     Training network 4
09-11 13:49 INFO     Epoch: 0 Loss: 0.216676
09-11 13:49 INFO     global n_training: 781
09-11 13:49 INFO     global n_test: 313
09-11 13:50 INFO     >> Global Model Test accuracy: 0.901600
09-11 13:50 INFO     >> Global Model Test backdoor accuracy: 0.106900
09-11 13:50 INFO     in comm round:98
09-11 13:50 INFO     Training network 0
09-11 13:50 INFO     Epoch: 0 Loss: 0.248444
09-11 13:50 INFO     Training network 1
09-11 13:50 INFO     Epoch: 0 Loss: 0.232001
09-11 13:50 INFO     Training network 2
09-11 13:51 INFO     Epoch: 0 Loss: 0.170373
09-11 13:51 INFO     Training network 3
09-11 13:51 INFO     Epoch: 0 Loss: 0.194681
09-11 13:51 INFO     Training network 4
09-11 13:52 INFO     Epoch: 0 Loss: 0.220810
09-11 13:52 INFO     global n_training: 781
09-11 13:52 INFO     global n_test: 313
09-11 13:52 INFO     >> Global Model Test accuracy: 0.852200
09-11 13:52 INFO     >> Global Model Test backdoor accuracy: 0.238100
09-11 13:52 INFO     in comm round:99
09-11 13:52 INFO     Training network 0
09-11 13:52 INFO     Epoch: 0 Loss: 0.000179
09-11 13:52 INFO     Training network 1
09-11 13:53 INFO     Epoch: 0 Loss: 0.238802
09-11 13:53 INFO     Training network 2
09-11 13:53 INFO     Epoch: 0 Loss: 0.162236
09-11 13:53 INFO     Training network 3
09-11 13:54 INFO     Epoch: 0 Loss: 0.187493
09-11 13:54 INFO     Training network 4
09-11 13:54 INFO     Epoch: 0 Loss: 0.205137
09-11 13:54 INFO     global n_training: 781
09-11 13:54 INFO     global n_test: 313
09-11 13:55 INFO     >> Global Model Test accuracy: 0.873300
09-11 13:55 INFO     >> Global Model Test backdoor accuracy: 0.108900
09-11 13:55 INFO     in comm round:100
09-11 13:55 INFO     Training network 0
09-11 13:55 INFO     Epoch: 0 Loss: 0.014446
09-11 13:55 INFO     Training network 1
09-11 13:55 INFO     Epoch: 0 Loss: 0.224659
09-11 13:55 INFO     Training network 2
09-11 13:56 INFO     Epoch: 0 Loss: 0.158569
09-11 13:56 INFO     Training network 3
09-11 13:56 INFO     Epoch: 0 Loss: 0.190510
09-11 13:56 INFO     Training network 4
09-11 13:57 INFO     Epoch: 0 Loss: 0.208659
09-11 13:57 INFO     global n_training: 781
09-11 13:57 INFO     global n_test: 313
09-11 13:57 INFO     >> Global Model Test accuracy: 0.877700
09-11 13:57 INFO     >> Global Model Test backdoor accuracy: 0.412900
09-11 13:57 INFO     in comm round:101
09-11 13:57 INFO     Training network 0
09-11 13:57 INFO     Epoch: 0 Loss: 0.000102
09-11 13:57 INFO     Training network 1
09-11 13:58 INFO     Epoch: 0 Loss: 0.231475
09-11 13:58 INFO     Training network 2
09-11 13:58 INFO     Epoch: 0 Loss: 0.158702
09-11 13:58 INFO     Training network 3
09-11 13:59 INFO     Epoch: 0 Loss: 0.180565
09-11 13:59 INFO     Training network 4
09-11 13:59 INFO     Epoch: 0 Loss: 0.204136
09-11 13:59 INFO     global n_training: 781
09-11 13:59 INFO     global n_test: 313
09-11 14:00 INFO     >> Global Model Test accuracy: 0.901100
09-11 14:00 INFO     >> Global Model Test backdoor accuracy: 0.118000
09-11 14:00 INFO     in comm round:102
09-11 14:00 INFO     Training network 0
09-11 14:00 INFO     Epoch: 0 Loss: 0.161902
09-11 14:00 INFO     Training network 1
09-11 14:00 INFO     Epoch: 0 Loss: 0.214492
09-11 14:00 INFO     Training network 2
09-11 14:01 INFO     Epoch: 0 Loss: 0.164162
09-11 14:01 INFO     Training network 3
09-11 14:01 INFO     Epoch: 0 Loss: 0.190332
09-11 14:01 INFO     Training network 4
09-11 14:02 INFO     Epoch: 0 Loss: 0.217585
09-11 14:02 INFO     global n_training: 781
09-11 14:02 INFO     global n_test: 313
09-11 14:02 INFO     >> Global Model Test accuracy: 0.871400
09-11 14:02 INFO     >> Global Model Test backdoor accuracy: 0.256400
09-11 14:02 INFO     in comm round:103
09-11 14:02 INFO     Training network 0
09-11 14:02 INFO     Epoch: 0 Loss: 0.000632
09-11 14:02 INFO     Training network 1
09-11 14:03 INFO     Epoch: 0 Loss: 0.221096
09-11 14:03 INFO     Training network 2
09-11 14:03 INFO     Epoch: 0 Loss: 0.158215
09-11 14:03 INFO     Training network 3
09-11 14:04 INFO     Epoch: 0 Loss: 0.183895
09-11 14:04 INFO     Training network 4
09-11 14:04 INFO     Epoch: 0 Loss: 0.213203
09-11 14:04 INFO     global n_training: 781
09-11 14:04 INFO     global n_test: 313
09-11 14:05 INFO     >> Global Model Test accuracy: 0.893800
09-11 14:05 INFO     >> Global Model Test backdoor accuracy: 0.127400
09-11 14:05 INFO     in comm round:104
09-11 14:05 INFO     Training network 0
09-11 14:05 INFO     Epoch: 0 Loss: 0.000981
09-11 14:05 INFO     Training network 1
09-11 14:05 INFO     Epoch: 0 Loss: 0.217510
09-11 14:05 INFO     Training network 2
09-11 14:06 INFO     Epoch: 0 Loss: 0.156475
09-11 14:06 INFO     Training network 3
09-11 14:06 INFO     Epoch: 0 Loss: 0.185476
09-11 14:06 INFO     Training network 4
09-11 14:07 INFO     Epoch: 0 Loss: 0.208552
09-11 14:07 INFO     global n_training: 781
09-11 14:07 INFO     global n_test: 313
09-11 14:07 INFO     >> Global Model Test accuracy: 0.890600
09-11 14:07 INFO     >> Global Model Test backdoor accuracy: 0.181200
09-11 14:07 INFO     in comm round:105
09-11 14:07 INFO     Training network 0
09-11 14:07 INFO     Epoch: 0 Loss: 0.000075
09-11 14:07 INFO     Training network 1
09-11 14:08 INFO     Epoch: 0 Loss: 0.230460
09-11 14:08 INFO     Training network 2
09-11 14:08 INFO     Epoch: 0 Loss: 0.163700
09-11 14:08 INFO     Training network 3
09-11 14:09 INFO     Epoch: 0 Loss: 0.178404
09-11 14:09 INFO     Training network 4
09-11 14:09 INFO     Epoch: 0 Loss: 0.209536
09-11 14:09 INFO     global n_training: 781
09-11 14:09 INFO     global n_test: 313
09-11 14:10 INFO     >> Global Model Test accuracy: 0.898500
09-11 14:10 INFO     >> Global Model Test backdoor accuracy: 0.121200
09-11 14:10 INFO     in comm round:106
09-11 14:10 INFO     Training network 0
09-11 14:10 INFO     Epoch: 0 Loss: 0.155054
09-11 14:10 INFO     Training network 1
09-11 14:10 INFO     Epoch: 0 Loss: 0.228298
09-11 14:10 INFO     Training network 2
09-11 14:11 INFO     Epoch: 0 Loss: 0.167448
09-11 14:11 INFO     Training network 3
09-11 14:11 INFO     Epoch: 0 Loss: 0.187826
09-11 14:11 INFO     Training network 4
09-11 14:12 INFO     Epoch: 0 Loss: 0.218416
09-11 14:12 INFO     global n_training: 781
09-11 14:12 INFO     global n_test: 313
09-11 14:12 INFO     >> Global Model Test accuracy: 0.875600
09-11 14:12 INFO     >> Global Model Test backdoor accuracy: 0.179900
09-11 14:12 INFO     in comm round:107
09-11 14:12 INFO     Training network 0
09-11 14:12 INFO     Epoch: 0 Loss: 0.000068
09-11 14:12 INFO     Training network 1
09-11 14:13 INFO     Epoch: 0 Loss: 0.217397
09-11 14:13 INFO     Training network 2
09-11 14:13 INFO     Epoch: 0 Loss: 0.162121
09-11 14:13 INFO     Training network 3
09-11 14:14 INFO     Epoch: 0 Loss: 0.181811
09-11 14:14 INFO     Training network 4
09-11 14:14 INFO     Epoch: 0 Loss: 0.204626
09-11 14:14 INFO     global n_training: 781
09-11 14:14 INFO     global n_test: 313
09-11 14:14 INFO     >> Global Model Test accuracy: 0.909200
09-11 14:14 INFO     >> Global Model Test backdoor accuracy: 0.112900
09-11 14:14 INFO     in comm round:108
09-11 14:15 INFO     Training network 0
09-11 14:15 INFO     Epoch: 0 Loss: 0.176396
09-11 14:15 INFO     Training network 1
09-11 14:15 INFO     Epoch: 0 Loss: 0.223601
09-11 14:15 INFO     Training network 2
