10-08 14:53 INFO     Data statistics: {0: {0: 1004, 1: 986, 2: 1016, 3: 1030, 4: 967, 5: 1016, 6: 953, 7: 999, 8: 989, 9: 1040}, 1: {0: 997, 1: 1027, 2: 991, 3: 959, 4: 1039, 5: 965, 6: 1002, 7: 1002, 8: 987, 9: 1031}, 2: {0: 1009, 1: 960, 2: 999, 3: 982, 4: 1010, 5: 1018, 6: 1058, 7: 979, 8: 980, 9: 1005}, 3: {0: 984, 1: 1030, 2: 975, 3: 1037, 4: 990, 5: 980, 6: 1008, 7: 1034, 8: 985, 9: 977}, 4: {0: 1006, 1: 997, 2: 1019, 3: 992, 4: 994, 5: 1021, 6: 979, 7: 986, 8: 1059, 9: 947}}
10-08 14:53 INFO     in comm round:0
10-08 14:53 INFO     Round: 0 Client: 0 Epoch: 0 Loss: 3.313628 Loss1: 2.582649 Loss2: 0.000000 Loss3: 0.861207 Loss4: 0.000000 triple_Loss2: 0.600753
10-08 14:53 INFO     Round: 0 Client: 0 Epoch: 0 train_clean_acc: 0.105128 train_backdoor_acc: 0.951623
10-08 14:53 INFO     Round: 0 Client: 1 Epoch: 0 Loss: 1.946024 Loss1: 1.946024 Loss2: 0.000000
10-08 14:53 INFO     Round: 0 Client: 2 Epoch: 0 Loss: 1.948109 Loss1: 1.948109 Loss2: 0.000000
10-08 14:53 INFO     Round: 0 Client: 3 Epoch: 0 Loss: 1.949931 Loss1: 1.949931 Loss2: 0.000000
10-08 14:53 INFO     Round: 0 Client: 4 Epoch: 0 Loss: 1.964978 Loss1: 1.964978 Loss2: 0.000000
10-08 14:53 INFO     >> Global Model Test accuracy: 0.273700
10-08 14:53 INFO     >> Global Model Backdoor Test accuracy: 0.309300
10-08 14:53 INFO     >> Global Model sum accuracy: 0.583000
10-08 14:53 INFO      ** Training Round complete **
10-08 14:53 INFO     in comm round:1
10-08 14:54 INFO     Round: 1 Client: 0 Epoch: 0 Loss: 3.297801 Loss1: 2.467819 Loss2: 0.053383 Loss3: 0.701123 Loss4: 0.045329 triple_Loss2: 0.852075
10-08 14:54 INFO     Round: 1 Client: 0 Epoch: 0 train_clean_acc: 0.148718 train_backdoor_acc: 0.936599
10-08 14:54 INFO     Round: 1 Client: 1 Epoch: 0 Loss: 1.600485 Loss1: 1.566755 Loss2: 0.033730
10-08 14:54 INFO     Round: 1 Client: 2 Epoch: 0 Loss: 1.595559 Loss1: 1.562301 Loss2: 0.033258
10-08 14:54 INFO     Round: 1 Client: 3 Epoch: 0 Loss: 1.602894 Loss1: 1.569345 Loss2: 0.033549
10-08 14:54 INFO     Round: 1 Client: 4 Epoch: 0 Loss: 1.613655 Loss1: 1.579800 Loss2: 0.033855
10-08 14:54 INFO     >> Global Model Test accuracy: 0.447700
10-08 14:54 INFO     >> Global Model Backdoor Test accuracy: 0.172700
10-08 14:54 INFO     >> Global Model sum accuracy: 0.620400
10-08 14:54 INFO      ** Training Round complete **
10-08 14:54 INFO     in comm round:2
10-08 14:55 INFO     Round: 2 Client: 0 Epoch: 0 Loss: 3.266957 Loss1: 2.396325 Loss2: 0.045268 Loss3: 0.705828 Loss4: 0.041889 triple_Loss2: 0.944900
10-08 14:55 INFO     Round: 2 Client: 0 Epoch: 0 train_clean_acc: 0.128205 train_backdoor_acc: 0.931290
10-08 14:55 INFO     Round: 2 Client: 1 Epoch: 0 Loss: 1.445157 Loss1: 1.414753 Loss2: 0.030405
10-08 14:55 INFO     Round: 2 Client: 2 Epoch: 0 Loss: 1.446804 Loss1: 1.417097 Loss2: 0.029706
10-08 14:55 INFO     Round: 2 Client: 3 Epoch: 0 Loss: 1.445440 Loss1: 1.415891 Loss2: 0.029549
10-08 14:55 INFO     Round: 2 Client: 4 Epoch: 0 Loss: 1.442832 Loss1: 1.413149 Loss2: 0.029683
10-08 14:55 INFO     >> Global Model Test accuracy: 0.489100
10-08 14:55 INFO     >> Global Model Backdoor Test accuracy: 0.118500
10-08 14:55 INFO     >> Global Model sum accuracy: 0.607600
10-08 14:55 INFO      ** Training Round complete **
10-08 14:55 INFO     in comm round:3
10-08 14:55 INFO     Round: 3 Client: 0 Epoch: 0 Loss: 3.247910 Loss1: 2.386766 Loss2: 0.043103 Loss3: 0.699264 Loss4: 0.040422 triple_Loss2: 0.936817
10-08 14:55 INFO     Round: 3 Client: 0 Epoch: 0 train_clean_acc: 0.158974 train_backdoor_acc: 0.914163
10-08 14:56 INFO     Round: 3 Client: 1 Epoch: 0 Loss: 1.331614 Loss1: 1.301535 Loss2: 0.030079
10-08 14:56 INFO     Round: 3 Client: 2 Epoch: 0 Loss: 1.330719 Loss1: 1.301591 Loss2: 0.029128
10-08 14:56 INFO     Round: 3 Client: 3 Epoch: 0 Loss: 1.339831 Loss1: 1.310934 Loss2: 0.028897
10-08 14:56 INFO     Round: 3 Client: 4 Epoch: 0 Loss: 1.332117 Loss1: 1.303354 Loss2: 0.028762
10-08 14:56 INFO     >> Global Model Test accuracy: 0.519700
10-08 14:56 INFO     >> Global Model Backdoor Test accuracy: 0.118500
10-08 14:56 INFO     >> Global Model sum accuracy: 0.638200
10-08 14:56 INFO      ** Training Round complete **
10-08 14:56 INFO     in comm round:4
10-08 14:56 INFO     Round: 4 Client: 0 Epoch: 0 Loss: 3.104622 Loss1: 2.308429 Loss2: 0.040807 Loss3: 0.638722 Loss4: 0.037956 triple_Loss2: 0.872050
10-08 14:56 INFO     Round: 4 Client: 0 Epoch: 0 train_clean_acc: 0.189744 train_backdoor_acc: 0.926683
10-08 14:56 INFO     Round: 4 Client: 1 Epoch: 0 Loss: 1.240711 Loss1: 1.210775 Loss2: 0.029936
10-08 14:57 INFO     Round: 4 Client: 2 Epoch: 0 Loss: 1.254077 Loss1: 1.224925 Loss2: 0.029152
10-08 14:57 INFO     Round: 4 Client: 3 Epoch: 0 Loss: 1.247977 Loss1: 1.219204 Loss2: 0.028773
10-08 14:57 INFO     Round: 4 Client: 4 Epoch: 0 Loss: 1.244543 Loss1: 1.216103 Loss2: 0.028440
10-08 14:57 INFO     >> Global Model Test accuracy: 0.529200
10-08 14:57 INFO     >> Global Model Backdoor Test accuracy: 0.152500
10-08 14:57 INFO     >> Global Model sum accuracy: 0.681700
10-08 14:57 INFO      ** Training Round complete **
10-08 14:57 INFO     in comm round:5
10-08 14:57 INFO     Round: 5 Client: 0 Epoch: 0 Loss: 3.054838 Loss1: 2.250447 Loss2: 0.040392 Loss3: 0.667447 Loss4: 0.036772 triple_Loss2: 0.860551
10-08 14:57 INFO     Round: 5 Client: 0 Epoch: 0 train_clean_acc: 0.171795 train_backdoor_acc: 0.915064
10-08 14:57 INFO     Round: 5 Client: 1 Epoch: 0 Loss: 1.155136 Loss1: 1.125016 Loss2: 0.030120
10-08 14:57 INFO     Round: 5 Client: 2 Epoch: 0 Loss: 1.159036 Loss1: 1.129972 Loss2: 0.029064
10-08 14:58 INFO     Round: 5 Client: 3 Epoch: 0 Loss: 1.155659 Loss1: 1.126827 Loss2: 0.028832
10-08 14:58 INFO     Round: 5 Client: 4 Epoch: 0 Loss: 1.166228 Loss1: 1.137786 Loss2: 0.028442
10-08 14:58 INFO     >> Global Model Test accuracy: 0.557900
10-08 14:58 INFO     >> Global Model Backdoor Test accuracy: 0.099300
10-08 14:58 INFO     >> Global Model sum accuracy: 0.657200
10-08 14:58 INFO      ** Training Round complete **
10-08 14:58 INFO     in comm round:6
10-08 14:58 INFO     Round: 6 Client: 0 Epoch: 0 Loss: 3.026242 Loss1: 2.241837 Loss2: 0.039582 Loss3: 0.646367 Loss4: 0.036374 triple_Loss2: 0.843278
10-08 14:58 INFO     Round: 6 Client: 0 Epoch: 0 train_clean_acc: 0.166667 train_backdoor_acc: 0.911558
10-08 14:58 INFO     Round: 6 Client: 1 Epoch: 0 Loss: 1.052065 Loss1: 1.022152 Loss2: 0.029912
10-08 14:58 INFO     Round: 6 Client: 2 Epoch: 0 Loss: 1.077455 Loss1: 1.048538 Loss2: 0.028917
10-08 14:58 INFO     Round: 6 Client: 3 Epoch: 0 Loss: 1.053740 Loss1: 1.025245 Loss2: 0.028496
10-08 14:59 INFO     Round: 6 Client: 4 Epoch: 0 Loss: 1.057967 Loss1: 1.029992 Loss2: 0.027975
10-08 14:59 INFO     >> Global Model Test accuracy: 0.565400
10-08 14:59 INFO     >> Global Model Backdoor Test accuracy: 0.085100
10-08 14:59 INFO     >> Global Model sum accuracy: 0.650500
10-08 14:59 INFO      ** Training Round complete **
10-08 14:59 INFO     in comm round:7
10-08 14:59 INFO     Round: 7 Client: 0 Epoch: 0 Loss: 2.924427 Loss1: 2.183320 Loss2: 0.038275 Loss3: 0.587126 Loss4: 0.035685 triple_Loss2: 0.818539
10-08 14:59 INFO     Round: 7 Client: 0 Epoch: 0 train_clean_acc: 0.233333 train_backdoor_acc: 0.918470
10-08 14:59 INFO     Round: 7 Client: 1 Epoch: 0 Loss: 0.960007 Loss1: 0.930053 Loss2: 0.029954
10-08 14:59 INFO     Round: 7 Client: 2 Epoch: 0 Loss: 0.978960 Loss1: 0.950008 Loss2: 0.028952
10-08 14:59 INFO     Round: 7 Client: 3 Epoch: 0 Loss: 0.965703 Loss1: 0.937200 Loss2: 0.028504
10-08 14:59 INFO     Round: 7 Client: 4 Epoch: 0 Loss: 0.967035 Loss1: 0.938985 Loss2: 0.028050
10-08 14:59 INFO     >> Global Model Test accuracy: 0.577500
10-08 14:59 INFO     >> Global Model Backdoor Test accuracy: 0.092300
10-08 14:59 INFO     >> Global Model sum accuracy: 0.669800
10-08 14:59 INFO      ** Training Round complete **
10-08 14:59 INFO     in comm round:8
10-08 15:00 INFO     Round: 8 Client: 0 Epoch: 0 Loss: 2.714709 Loss1: 2.008525 Loss2: 0.037277 Loss3: 0.503804 Loss4: 0.035925 triple_Loss2: 0.834012
10-08 15:00 INFO     Round: 8 Client: 0 Epoch: 0 train_clean_acc: 0.305128 train_backdoor_acc: 0.925982
10-08 15:00 INFO     Round: 8 Client: 1 Epoch: 0 Loss: 0.885004 Loss1: 0.855015 Loss2: 0.029988
10-08 15:00 INFO     Round: 8 Client: 2 Epoch: 0 Loss: 0.890893 Loss1: 0.861943 Loss2: 0.028949
10-08 15:00 INFO     Round: 8 Client: 3 Epoch: 0 Loss: 0.878975 Loss1: 0.850428 Loss2: 0.028547
10-08 15:00 INFO     Round: 8 Client: 4 Epoch: 0 Loss: 0.878280 Loss1: 0.850314 Loss2: 0.027966
10-08 15:00 INFO     >> Global Model Test accuracy: 0.583700
10-08 15:00 INFO     >> Global Model Backdoor Test accuracy: 0.079300
10-08 15:00 INFO     >> Global Model sum accuracy: 0.663000
10-08 15:00 INFO      ** Training Round complete **
10-08 15:00 INFO     in comm round:9
10-08 15:01 INFO     Round: 9 Client: 0 Epoch: 0 Loss: 2.756317 Loss1: 2.052999 Loss2: 0.036276 Loss3: 0.503278 Loss4: 0.035352 triple_Loss2: 0.830805
10-08 15:01 INFO     Round: 9 Client: 0 Epoch: 0 train_clean_acc: 0.253846 train_backdoor_acc: 0.932392
10-08 15:01 INFO     Round: 9 Client: 1 Epoch: 0 Loss: 0.774752 Loss1: 0.744925 Loss2: 0.029827
10-08 15:01 INFO     Round: 9 Client: 2 Epoch: 0 Loss: 0.801428 Loss1: 0.772511 Loss2: 0.028917
10-08 15:01 INFO     Round: 9 Client: 3 Epoch: 0 Loss: 0.775849 Loss1: 0.747336 Loss2: 0.028513
10-08 15:01 INFO     Round: 9 Client: 4 Epoch: 0 Loss: 0.784133 Loss1: 0.756164 Loss2: 0.027969
10-08 15:01 INFO     >> Global Model Test accuracy: 0.556700
10-08 15:01 INFO     >> Global Model Backdoor Test accuracy: 0.081600
10-08 15:01 INFO     >> Global Model sum accuracy: 0.638300
10-08 15:01 INFO      ** Training Round complete **
10-08 15:01 INFO     in comm round:10
10-08 15:01 INFO     Round: 10 Client: 0 Epoch: 0 Loss: 2.669621 Loss1: 1.993516 Loss2: 0.036052 Loss3: 0.438789 Loss4: 0.035353 triple_Loss2: 0.841317
10-08 15:01 INFO     Round: 10 Client: 0 Epoch: 0 train_clean_acc: 0.330769 train_backdoor_acc: 0.933894
10-08 15:02 INFO     Round: 10 Client: 1 Epoch: 0 Loss: 0.683084 Loss1: 0.652643 Loss2: 0.030440
10-08 15:02 INFO     Round: 10 Client: 2 Epoch: 0 Loss: 0.707507 Loss1: 0.678091 Loss2: 0.029417
10-08 15:02 INFO     Round: 10 Client: 3 Epoch: 0 Loss: 0.682704 Loss1: 0.653521 Loss2: 0.029183
10-08 15:02 INFO     Round: 10 Client: 4 Epoch: 0 Loss: 0.684593 Loss1: 0.656028 Loss2: 0.028565
10-08 15:02 INFO     >> Global Model Test accuracy: 0.581900
10-08 15:02 INFO     >> Global Model Backdoor Test accuracy: 0.060800
10-08 15:02 INFO     >> Global Model sum accuracy: 0.642700
10-08 15:02 INFO      ** Training Round complete **
10-08 15:02 INFO     in comm round:11
10-08 15:02 INFO     Round: 11 Client: 0 Epoch: 0 Loss: 2.597471 Loss1: 1.965697 Loss2: 0.035669 Loss3: 0.424233 Loss4: 0.035343 triple_Loss2: 0.767977
10-08 15:02 INFO     Round: 11 Client: 0 Epoch: 0 train_clean_acc: 0.328205 train_backdoor_acc: 0.935697
10-08 15:02 INFO     Round: 11 Client: 1 Epoch: 0 Loss: 0.588931 Loss1: 0.559023 Loss2: 0.029909
10-08 15:03 INFO     Round: 11 Client: 2 Epoch: 0 Loss: 0.605317 Loss1: 0.576344 Loss2: 0.028972
10-08 15:03 INFO     Round: 11 Client: 3 Epoch: 0 Loss: 0.593038 Loss1: 0.564199 Loss2: 0.028839
10-08 15:03 INFO     Round: 11 Client: 4 Epoch: 0 Loss: 0.584233 Loss1: 0.556018 Loss2: 0.028214
10-08 15:03 INFO     >> Global Model Test accuracy: 0.563600
10-08 15:03 INFO     >> Global Model Backdoor Test accuracy: 0.042700
10-08 15:03 INFO     >> Global Model sum accuracy: 0.606300
10-08 15:03 INFO      ** Training Round complete **
10-08 15:03 INFO     in comm round:12
10-08 15:03 INFO     Round: 12 Client: 0 Epoch: 0 Loss: 2.595897 Loss1: 2.000989 Loss2: 0.035459 Loss3: 0.386546 Loss4: 0.035542 triple_Loss2: 0.732352
10-08 15:03 INFO     Round: 12 Client: 0 Epoch: 0 train_clean_acc: 0.330769 train_backdoor_acc: 0.938201
10-08 15:03 INFO     Round: 12 Client: 1 Epoch: 0 Loss: 0.516938 Loss1: 0.486781 Loss2: 0.030157
10-08 15:03 INFO     Round: 12 Client: 2 Epoch: 0 Loss: 0.547880 Loss1: 0.518686 Loss2: 0.029193
10-08 15:04 INFO     Round: 12 Client: 3 Epoch: 0 Loss: 0.499218 Loss1: 0.470038 Loss2: 0.029179
10-08 15:04 INFO     Round: 12 Client: 4 Epoch: 0 Loss: 0.498761 Loss1: 0.470297 Loss2: 0.028465
10-08 15:04 INFO     >> Global Model Test accuracy: 0.564700
10-08 15:04 INFO     >> Global Model Backdoor Test accuracy: 0.069500
10-08 15:04 INFO     >> Global Model sum accuracy: 0.634200
10-08 15:04 INFO      ** Training Round complete **
10-08 15:04 INFO     in comm round:13
10-08 15:04 INFO     Round: 13 Client: 0 Epoch: 0 Loss: 2.424361 Loss1: 1.866260 Loss2: 0.034817 Loss3: 0.307651 Loss4: 0.035165 triple_Loss2: 0.738918
10-08 15:04 INFO     Round: 13 Client: 0 Epoch: 0 train_clean_acc: 0.410256 train_backdoor_acc: 0.955829
10-08 15:04 INFO     Round: 13 Client: 1 Epoch: 0 Loss: 0.407466 Loss1: 0.377463 Loss2: 0.030003
10-08 15:04 INFO     Round: 13 Client: 2 Epoch: 0 Loss: 0.443260 Loss1: 0.414158 Loss2: 0.029102
10-08 15:04 INFO     Round: 13 Client: 3 Epoch: 0 Loss: 0.408969 Loss1: 0.379916 Loss2: 0.029054
10-08 15:05 INFO     Round: 13 Client: 4 Epoch: 0 Loss: 0.416337 Loss1: 0.387893 Loss2: 0.028444
10-08 15:05 INFO     >> Global Model Test accuracy: 0.565000
10-08 15:05 INFO     >> Global Model Backdoor Test accuracy: 0.050800
10-08 15:05 INFO     >> Global Model sum accuracy: 0.615800
10-08 15:05 INFO      ** Training Round complete **
10-08 15:05 INFO     in comm round:14
10-08 15:05 INFO     Round: 14 Client: 0 Epoch: 0 Loss: 2.372735 Loss1: 1.837785 Loss2: 0.035029 Loss3: 0.279750 Loss4: 0.035647 triple_Loss2: 0.720090
10-08 15:05 INFO     Round: 14 Client: 0 Epoch: 0 train_clean_acc: 0.420513 train_backdoor_acc: 0.953826
10-08 15:05 INFO     Round: 14 Client: 1 Epoch: 0 Loss: 0.333898 Loss1: 0.303914 Loss2: 0.029984
10-08 15:05 INFO     Round: 14 Client: 2 Epoch: 0 Loss: 0.358358 Loss1: 0.329326 Loss2: 0.029032
10-08 15:05 INFO     Round: 14 Client: 3 Epoch: 0 Loss: 0.329953 Loss1: 0.300879 Loss2: 0.029075
10-08 15:05 INFO     Round: 14 Client: 4 Epoch: 0 Loss: 0.331333 Loss1: 0.303175 Loss2: 0.028158
10-08 15:05 INFO     >> Global Model Test accuracy: 0.557000
10-08 15:05 INFO     >> Global Model Backdoor Test accuracy: 0.048100
10-08 15:05 INFO     >> Global Model sum accuracy: 0.605100
10-08 15:05 INFO      ** Training Round complete **
10-08 15:05 INFO     in comm round:15
10-08 15:06 INFO     Round: 15 Client: 0 Epoch: 0 Loss: 2.384340 Loss1: 1.871046 Loss2: 0.035337 Loss3: 0.269779 Loss4: 0.035402 triple_Loss2: 0.686136
10-08 15:06 INFO     Round: 15 Client: 0 Epoch: 0 train_clean_acc: 0.448718 train_backdoor_acc: 0.958634
10-08 15:06 INFO     Round: 15 Client: 1 Epoch: 0 Loss: 0.278110 Loss1: 0.248053 Loss2: 0.030057
10-08 15:06 INFO     Round: 15 Client: 2 Epoch: 0 Loss: 0.294168 Loss1: 0.265049 Loss2: 0.029119
10-08 15:06 INFO     Round: 15 Client: 3 Epoch: 0 Loss: 0.272004 Loss1: 0.242908 Loss2: 0.029095
10-08 15:06 INFO     Round: 15 Client: 4 Epoch: 0 Loss: 0.274121 Loss1: 0.245724 Loss2: 0.028396
10-08 15:06 INFO     >> Global Model Test accuracy: 0.555700
10-08 15:06 INFO     >> Global Model Backdoor Test accuracy: 0.054800
10-08 15:06 INFO     >> Global Model sum accuracy: 0.610500
10-08 15:06 INFO      ** Training Round complete **
10-08 15:06 INFO     in comm round:16
10-08 15:06 INFO     Round: 16 Client: 0 Epoch: 0 Loss: 2.476784 Loss1: 1.963104 Loss2: 0.034842 Loss3: 0.240528 Loss4: 0.035339 triple_Loss2: 0.717148
10-08 15:06 INFO     Round: 16 Client: 0 Epoch: 0 train_clean_acc: 0.420513 train_backdoor_acc: 0.959635
10-08 15:07 INFO     Round: 16 Client: 1 Epoch: 0 Loss: 0.242373 Loss1: 0.212216 Loss2: 0.030157
10-08 15:07 INFO     Round: 16 Client: 2 Epoch: 0 Loss: 0.244717 Loss1: 0.215549 Loss2: 0.029169
10-08 15:07 INFO     Round: 16 Client: 3 Epoch: 0 Loss: 0.220292 Loss1: 0.191150 Loss2: 0.029141
10-08 15:07 INFO     Round: 16 Client: 4 Epoch: 0 Loss: 0.216951 Loss1: 0.188625 Loss2: 0.028326
10-08 15:07 INFO     >> Global Model Test accuracy: 0.573300
10-08 15:07 INFO     >> Global Model Backdoor Test accuracy: 0.044000
10-08 15:07 INFO     >> Global Model sum accuracy: 0.617300
10-08 15:07 INFO      ** Training Round complete **
10-08 15:07 INFO     in comm round:17
10-08 15:07 INFO     Round: 17 Client: 0 Epoch: 0 Loss: 2.394514 Loss1: 1.925222 Loss2: 0.034729 Loss3: 0.215896 Loss4: 0.036027 triple_Loss2: 0.653229
10-08 15:07 INFO     Round: 17 Client: 0 Epoch: 0 train_clean_acc: 0.438462 train_backdoor_acc: 0.964343
10-08 15:07 INFO     Round: 17 Client: 1 Epoch: 0 Loss: 0.188559 Loss1: 0.158881 Loss2: 0.029678
10-08 15:08 INFO     Round: 17 Client: 2 Epoch: 0 Loss: 0.206344 Loss1: 0.177458 Loss2: 0.028886
10-08 15:08 INFO     Round: 17 Client: 3 Epoch: 0 Loss: 0.183648 Loss1: 0.154992 Loss2: 0.028656
10-08 15:08 INFO     Round: 17 Client: 4 Epoch: 0 Loss: 0.196814 Loss1: 0.168646 Loss2: 0.028168
10-08 15:08 INFO     >> Global Model Test accuracy: 0.561500
10-08 15:08 INFO     >> Global Model Backdoor Test accuracy: 0.041300
10-08 15:08 INFO     >> Global Model sum accuracy: 0.602800
10-08 15:08 INFO      ** Training Round complete **
10-08 15:08 INFO     in comm round:18
10-08 15:08 INFO     Round: 18 Client: 0 Epoch: 0 Loss: 2.651391 Loss1: 2.177067 Loss2: 0.035173 Loss3: 0.214268 Loss4: 0.035528 triple_Loss2: 0.664034
10-08 15:08 INFO     Round: 18 Client: 0 Epoch: 0 train_clean_acc: 0.410256 train_backdoor_acc: 0.965144
10-08 15:08 INFO     Round: 18 Client: 1 Epoch: 0 Loss: 0.156630 Loss1: 0.127056 Loss2: 0.029574
10-08 15:08 INFO     Round: 18 Client: 2 Epoch: 0 Loss: 0.165839 Loss1: 0.136939 Loss2: 0.028900
10-08 15:09 INFO     Round: 18 Client: 3 Epoch: 0 Loss: 0.160112 Loss1: 0.131357 Loss2: 0.028755
10-08 15:09 INFO     Round: 18 Client: 4 Epoch: 0 Loss: 0.169761 Loss1: 0.141338 Loss2: 0.028422
10-08 15:09 INFO     >> Global Model Test accuracy: 0.574600
10-08 15:09 INFO     >> Global Model Backdoor Test accuracy: 0.034700
10-08 15:09 INFO     >> Global Model sum accuracy: 0.609300
10-08 15:09 INFO      ** Training Round complete **
10-08 15:09 INFO     in comm round:19
10-08 15:09 INFO     Round: 19 Client: 0 Epoch: 0 Loss: 2.260821 Loss1: 1.811108 Loss2: 0.034851 Loss3: 0.176789 Loss4: 0.035497 triple_Loss2: 0.652933
10-08 15:09 INFO     Round: 19 Client: 0 Epoch: 0 train_clean_acc: 0.484615 train_backdoor_acc: 0.971554
10-08 15:09 INFO     Round: 19 Client: 1 Epoch: 0 Loss: 0.137099 Loss1: 0.107789 Loss2: 0.029310
10-08 15:09 INFO     Round: 19 Client: 2 Epoch: 0 Loss: 0.138168 Loss1: 0.109606 Loss2: 0.028562
10-08 15:10 INFO     Round: 19 Client: 3 Epoch: 0 Loss: 0.130734 Loss1: 0.102385 Loss2: 0.028349
10-08 15:10 INFO     Round: 19 Client: 4 Epoch: 0 Loss: 0.147587 Loss1: 0.119401 Loss2: 0.028186
10-08 15:10 INFO     >> Global Model Test accuracy: 0.551200
10-08 15:10 INFO     >> Global Model Backdoor Test accuracy: 0.038300
10-08 15:10 INFO     >> Global Model sum accuracy: 0.589500
10-08 15:10 INFO      ** Training Round complete **
10-08 15:10 INFO     in comm round:20
10-08 15:10 INFO     Round: 20 Client: 0 Epoch: 0 Loss: 2.710246 Loss1: 2.227339 Loss2: 0.035430 Loss3: 0.168053 Loss4: 0.036407 triple_Loss2: 0.726902
10-08 15:10 INFO     Round: 20 Client: 0 Epoch: 0 train_clean_acc: 0.425641 train_backdoor_acc: 0.963241
10-08 15:10 INFO     Round: 20 Client: 1 Epoch: 0 Loss: 0.122928 Loss1: 0.093312 Loss2: 0.029617
10-08 15:10 INFO     Round: 20 Client: 2 Epoch: 0 Loss: 0.138471 Loss1: 0.109719 Loss2: 0.028751
10-08 15:10 INFO     Round: 20 Client: 3 Epoch: 0 Loss: 0.135370 Loss1: 0.106661 Loss2: 0.028708
10-08 15:11 INFO     Round: 20 Client: 4 Epoch: 0 Loss: 0.121229 Loss1: 0.093169 Loss2: 0.028060
10-08 15:11 INFO     >> Global Model Test accuracy: 0.555800
10-08 15:11 INFO     >> Global Model Backdoor Test accuracy: 0.046100
10-08 15:11 INFO     >> Global Model sum accuracy: 0.601900
10-08 15:11 INFO      ** Training Round complete **
10-08 15:11 INFO     in comm round:21
10-08 15:11 INFO     Round: 21 Client: 0 Epoch: 0 Loss: 2.794790 Loss1: 2.318220 Loss2: 0.034816 Loss3: 0.173251 Loss4: 0.036053 triple_Loss2: 0.710257
10-08 15:11 INFO     Round: 21 Client: 0 Epoch: 0 train_clean_acc: 0.410256 train_backdoor_acc: 0.968850
10-08 15:11 INFO     Round: 21 Client: 1 Epoch: 0 Loss: 0.113239 Loss1: 0.084210 Loss2: 0.029029
10-08 15:11 INFO     Round: 21 Client: 2 Epoch: 0 Loss: 0.111075 Loss1: 0.082904 Loss2: 0.028171
10-08 15:11 INFO     Round: 21 Client: 3 Epoch: 0 Loss: 0.119355 Loss1: 0.090897 Loss2: 0.028457
10-08 15:11 INFO     Round: 21 Client: 4 Epoch: 0 Loss: 0.117775 Loss1: 0.089723 Loss2: 0.028052
10-08 15:11 INFO     >> Global Model Test accuracy: 0.548200
10-08 15:11 INFO     >> Global Model Backdoor Test accuracy: 0.042000
10-08 15:11 INFO     >> Global Model sum accuracy: 0.590200
10-08 15:11 INFO      ** Training Round complete **
10-08 15:11 INFO     in comm round:22
10-08 15:12 INFO     Round: 22 Client: 0 Epoch: 0 Loss: 2.618272 Loss1: 2.173910 Loss2: 0.034656 Loss3: 0.124955 Loss4: 0.035663 triple_Loss2: 0.694458
10-08 15:12 INFO     Round: 22 Client: 0 Epoch: 0 train_clean_acc: 0.448718 train_backdoor_acc: 0.977564
10-08 15:12 INFO     Round: 22 Client: 1 Epoch: 0 Loss: 0.110333 Loss1: 0.081196 Loss2: 0.029137
10-08 15:12 INFO     Round: 22 Client: 2 Epoch: 0 Loss: 0.118344 Loss1: 0.089972 Loss2: 0.028372
10-08 15:12 INFO     Round: 22 Client: 3 Epoch: 0 Loss: 0.100787 Loss1: 0.072734 Loss2: 0.028053
10-08 15:12 INFO     Round: 22 Client: 4 Epoch: 0 Loss: 0.107014 Loss1: 0.079065 Loss2: 0.027949
10-08 15:12 INFO     >> Global Model Test accuracy: 0.559500
10-08 15:12 INFO     >> Global Model Backdoor Test accuracy: 0.039700
10-08 15:12 INFO     >> Global Model sum accuracy: 0.599200
10-08 15:12 INFO      ** Training Round complete **
10-08 15:12 INFO     in comm round:23
10-08 15:12 INFO     Round: 23 Client: 0 Epoch: 0 Loss: 2.618598 Loss1: 2.157963 Loss2: 0.034443 Loss3: 0.131471 Loss4: 0.035980 triple_Loss2: 0.720912
10-08 15:12 INFO     Round: 23 Client: 0 Epoch: 0 train_clean_acc: 0.492308 train_backdoor_acc: 0.978265
10-08 15:13 INFO     Round: 23 Client: 1 Epoch: 0 Loss: 0.092460 Loss1: 0.063987 Loss2: 0.028474
10-08 15:13 INFO     Round: 23 Client: 2 Epoch: 0 Loss: 0.092753 Loss1: 0.064810 Loss2: 0.027944
10-08 15:13 INFO     Round: 23 Client: 3 Epoch: 0 Loss: 0.083519 Loss1: 0.055763 Loss2: 0.027755
10-08 15:13 INFO     Round: 23 Client: 4 Epoch: 0 Loss: 0.105936 Loss1: 0.078429 Loss2: 0.027507
10-08 15:13 INFO     >> Global Model Test accuracy: 0.551500
10-08 15:13 INFO     >> Global Model Backdoor Test accuracy: 0.036600
10-08 15:13 INFO     >> Global Model sum accuracy: 0.588100
10-08 15:13 INFO      ** Training Round complete **
10-08 15:13 INFO     in comm round:24
10-08 15:13 INFO     Round: 24 Client: 0 Epoch: 0 Loss: 2.497037 Loss1: 2.033395 Loss2: 0.035056 Loss3: 0.120033 Loss4: 0.036214 triple_Loss2: 0.737138
10-08 15:13 INFO     Round: 24 Client: 0 Epoch: 0 train_clean_acc: 0.484615 train_backdoor_acc: 0.977364
10-08 15:13 INFO     Round: 24 Client: 1 Epoch: 0 Loss: 0.096389 Loss1: 0.067858 Loss2: 0.028531
10-08 15:14 INFO     Round: 24 Client: 2 Epoch: 0 Loss: 0.089427 Loss1: 0.061669 Loss2: 0.027758
10-08 15:14 INFO     Round: 24 Client: 3 Epoch: 0 Loss: 0.084201 Loss1: 0.056680 Loss2: 0.027521
10-08 15:14 INFO     Round: 24 Client: 4 Epoch: 0 Loss: 0.090929 Loss1: 0.063551 Loss2: 0.027378
10-08 15:14 INFO     >> Global Model Test accuracy: 0.558700
10-08 15:14 INFO     >> Global Model Backdoor Test accuracy: 0.051300
10-08 15:14 INFO     >> Global Model sum accuracy: 0.610000
10-08 15:14 INFO      ** Training Round complete **
10-08 15:14 INFO     in comm round:25
10-08 15:14 INFO     Round: 25 Client: 0 Epoch: 0 Loss: 2.550348 Loss1: 2.090024 Loss2: 0.034113 Loss3: 0.105184 Loss4: 0.036175 triple_Loss2: 0.747238
10-08 15:14 INFO     Round: 25 Client: 0 Epoch: 0 train_clean_acc: 0.489744 train_backdoor_acc: 0.979768
10-08 15:14 INFO     Round: 25 Client: 1 Epoch: 0 Loss: 0.092974 Loss1: 0.064428 Loss2: 0.028546
10-08 15:14 INFO     Round: 25 Client: 2 Epoch: 0 Loss: 0.089958 Loss1: 0.062149 Loss2: 0.027810
10-08 15:15 INFO     Round: 25 Client: 3 Epoch: 0 Loss: 0.092451 Loss1: 0.064805 Loss2: 0.027646
10-08 15:15 INFO     Round: 25 Client: 4 Epoch: 0 Loss: 0.091052 Loss1: 0.063763 Loss2: 0.027289
10-08 15:15 INFO     >> Global Model Test accuracy: 0.567700
10-08 15:15 INFO     >> Global Model Backdoor Test accuracy: 0.044200
10-08 15:15 INFO     >> Global Model sum accuracy: 0.611900
10-08 15:15 INFO      ** Training Round complete **
10-08 15:15 INFO     in comm round:26
10-08 15:15 INFO     Round: 26 Client: 0 Epoch: 0 Loss: 2.684048 Loss1: 2.222983 Loss2: 0.034336 Loss3: 0.091009 Loss4: 0.036483 triple_Loss2: 0.762447
10-08 15:15 INFO     Round: 26 Client: 0 Epoch: 0 train_clean_acc: 0.453846 train_backdoor_acc: 0.985677
10-08 15:15 INFO     Round: 26 Client: 1 Epoch: 0 Loss: 0.087870 Loss1: 0.059694 Loss2: 0.028176
10-08 15:15 INFO     Round: 26 Client: 2 Epoch: 0 Loss: 0.085884 Loss1: 0.058346 Loss2: 0.027539
10-08 15:16 INFO     Round: 26 Client: 3 Epoch: 0 Loss: 0.076197 Loss1: 0.048944 Loss2: 0.027253
10-08 15:16 INFO     Round: 26 Client: 4 Epoch: 0 Loss: 0.081273 Loss1: 0.054277 Loss2: 0.026996
10-08 15:16 INFO     >> Global Model Test accuracy: 0.577000
10-08 15:16 INFO     >> Global Model Backdoor Test accuracy: 0.036200
10-08 15:16 INFO     >> Global Model sum accuracy: 0.613200
10-08 15:16 INFO      ** Training Round complete **
10-08 15:16 INFO     in comm round:27
10-08 15:16 INFO     Round: 27 Client: 0 Epoch: 0 Loss: 2.601029 Loss1: 2.140452 Loss2: 0.034394 Loss3: 0.084482 Loss4: 0.036556 triple_Loss2: 0.767884
10-08 15:16 INFO     Round: 27 Client: 0 Epoch: 0 train_clean_acc: 0.494872 train_backdoor_acc: 0.986478
10-08 15:16 INFO     Round: 27 Client: 1 Epoch: 0 Loss: 0.075926 Loss1: 0.048331 Loss2: 0.027594
10-08 15:16 INFO     Round: 27 Client: 2 Epoch: 0 Loss: 0.081808 Loss1: 0.054714 Loss2: 0.027094
10-08 15:16 INFO     Round: 27 Client: 3 Epoch: 0 Loss: 0.080163 Loss1: 0.053091 Loss2: 0.027072
10-08 15:17 INFO     Round: 27 Client: 4 Epoch: 0 Loss: 0.078960 Loss1: 0.052329 Loss2: 0.026631
10-08 15:17 INFO     >> Global Model Test accuracy: 0.568700
10-08 15:17 INFO     >> Global Model Backdoor Test accuracy: 0.031500
10-08 15:17 INFO     >> Global Model sum accuracy: 0.600200
10-08 15:17 INFO      ** Training Round complete **
10-08 15:17 INFO     in comm round:28
10-08 15:17 INFO     Round: 28 Client: 0 Epoch: 0 Loss: 2.655760 Loss1: 2.206618 Loss2: 0.034453 Loss3: 0.085021 Loss4: 0.036421 triple_Loss2: 0.744356
10-08 15:17 INFO     Round: 28 Client: 0 Epoch: 0 train_clean_acc: 0.476923 train_backdoor_acc: 0.985877
10-08 15:17 INFO     Round: 28 Client: 1 Epoch: 0 Loss: 0.070306 Loss1: 0.042928 Loss2: 0.027378
10-08 15:17 INFO     Round: 28 Client: 2 Epoch: 0 Loss: 0.079706 Loss1: 0.052591 Loss2: 0.027115
10-08 15:17 INFO     Round: 28 Client: 3 Epoch: 0 Loss: 0.083801 Loss1: 0.056774 Loss2: 0.027028
10-08 15:17 INFO     Round: 28 Client: 4 Epoch: 0 Loss: 0.083902 Loss1: 0.057250 Loss2: 0.026652
10-08 15:17 INFO     >> Global Model Test accuracy: 0.572700
10-08 15:17 INFO     >> Global Model Backdoor Test accuracy: 0.034100
10-08 15:17 INFO     >> Global Model sum accuracy: 0.606800
10-08 15:17 INFO      ** Training Round complete **
10-08 15:17 INFO     in comm round:29
10-08 15:18 INFO     Round: 29 Client: 0 Epoch: 0 Loss: 2.399563 Loss1: 1.954033 Loss2: 0.034211 Loss3: 0.076901 Loss4: 0.036661 triple_Loss2: 0.745737
10-08 15:18 INFO     Round: 29 Client: 0 Epoch: 0 train_clean_acc: 0.510256 train_backdoor_acc: 0.987881
10-08 15:18 INFO     Round: 29 Client: 1 Epoch: 0 Loss: 0.087798 Loss1: 0.060223 Loss2: 0.027575
10-08 15:18 INFO     Round: 29 Client: 2 Epoch: 0 Loss: 0.075350 Loss1: 0.048590 Loss2: 0.026760
10-08 15:18 INFO     Round: 29 Client: 3 Epoch: 0 Loss: 0.082549 Loss1: 0.055650 Loss2: 0.026899
10-08 15:18 INFO     Round: 29 Client: 4 Epoch: 0 Loss: 0.078492 Loss1: 0.052258 Loss2: 0.026235
10-08 15:18 INFO     >> Global Model Test accuracy: 0.576700
10-08 15:18 INFO     >> Global Model Backdoor Test accuracy: 0.036700
10-08 15:18 INFO     >> Global Model sum accuracy: 0.613400
10-08 15:18 INFO      ** Training Round complete **
10-08 15:18 INFO     in comm round:30
10-08 15:18 INFO     Round: 30 Client: 0 Epoch: 0 Loss: 2.745972 Loss1: 2.314075 Loss2: 0.034550 Loss3: 0.059139 Loss4: 0.036383 triple_Loss2: 0.735553
10-08 15:18 INFO     Round: 30 Client: 0 Epoch: 0 train_clean_acc: 0.469231 train_backdoor_acc: 0.991186
10-08 15:19 INFO     Round: 30 Client: 1 Epoch: 0 Loss: 0.074358 Loss1: 0.047053 Loss2: 0.027305
10-08 15:19 INFO     Round: 30 Client: 2 Epoch: 0 Loss: 0.069781 Loss1: 0.043632 Loss2: 0.026148
10-08 15:19 INFO     Round: 30 Client: 3 Epoch: 0 Loss: 0.078009 Loss1: 0.051773 Loss2: 0.026236
10-08 15:19 INFO     Round: 30 Client: 4 Epoch: 0 Loss: 0.064666 Loss1: 0.038579 Loss2: 0.026087
10-08 15:19 INFO     >> Global Model Test accuracy: 0.550600
10-08 15:19 INFO     >> Global Model Backdoor Test accuracy: 0.044600
10-08 15:19 INFO     >> Global Model sum accuracy: 0.595200
10-08 15:19 INFO      ** Training Round complete **
10-08 15:19 INFO     in comm round:31
10-08 15:19 INFO     Round: 31 Client: 0 Epoch: 0 Loss: 2.653999 Loss1: 2.177317 Loss2: 0.034664 Loss3: 0.061734 Loss4: 0.036227 triple_Loss2: 0.822302
10-08 15:19 INFO     Round: 31 Client: 0 Epoch: 0 train_clean_acc: 0.487179 train_backdoor_acc: 0.989383
10-08 15:19 INFO     Round: 31 Client: 1 Epoch: 0 Loss: 0.073600 Loss1: 0.046138 Loss2: 0.027462
10-08 15:20 INFO     Round: 31 Client: 2 Epoch: 0 Loss: 0.070263 Loss1: 0.043762 Loss2: 0.026501
10-08 15:20 INFO     Round: 31 Client: 3 Epoch: 0 Loss: 0.075260 Loss1: 0.048792 Loss2: 0.026469
10-08 15:20 INFO     Round: 31 Client: 4 Epoch: 0 Loss: 0.082101 Loss1: 0.055580 Loss2: 0.026522
10-08 15:20 INFO     >> Global Model Test accuracy: 0.557800
10-08 15:20 INFO     >> Global Model Backdoor Test accuracy: 0.040200
10-08 15:20 INFO     >> Global Model sum accuracy: 0.598000
10-08 15:20 INFO      ** Training Round complete **
10-08 15:20 INFO     in comm round:32
10-08 15:20 INFO     Round: 32 Client: 0 Epoch: 0 Loss: 2.500367 Loss1: 2.005495 Loss2: 0.034086 Loss3: 0.077344 Loss4: 0.036574 triple_Loss2: 0.844230
10-08 15:20 INFO     Round: 32 Client: 0 Epoch: 0 train_clean_acc: 0.494872 train_backdoor_acc: 0.987981
10-08 15:20 INFO     Round: 32 Client: 1 Epoch: 0 Loss: 0.066639 Loss1: 0.039613 Loss2: 0.027027
10-08 15:20 INFO     Round: 32 Client: 2 Epoch: 0 Loss: 0.072501 Loss1: 0.045973 Loss2: 0.026528
10-08 15:21 INFO     Round: 32 Client: 3 Epoch: 0 Loss: 0.070376 Loss1: 0.044273 Loss2: 0.026103
10-08 15:21 INFO     Round: 32 Client: 4 Epoch: 0 Loss: 0.075628 Loss1: 0.049623 Loss2: 0.026005
10-08 15:21 INFO     >> Global Model Test accuracy: 0.564700
10-08 15:21 INFO     >> Global Model Backdoor Test accuracy: 0.044300
10-08 15:21 INFO     >> Global Model sum accuracy: 0.609000
10-08 15:21 INFO      ** Training Round complete **
10-08 15:21 INFO     in comm round:33
10-08 15:21 INFO     Round: 33 Client: 0 Epoch: 0 Loss: 2.760301 Loss1: 2.292560 Loss2: 0.033954 Loss3: 0.057973 Loss4: 0.036464 triple_Loss2: 0.809599
10-08 15:21 INFO     Round: 33 Client: 0 Epoch: 0 train_clean_acc: 0.502564 train_backdoor_acc: 0.992688
10-08 15:21 INFO     Round: 33 Client: 1 Epoch: 0 Loss: 0.063556 Loss1: 0.036663 Loss2: 0.026892
10-08 15:21 INFO     Round: 33 Client: 2 Epoch: 0 Loss: 0.073087 Loss1: 0.047090 Loss2: 0.025997
10-08 15:21 INFO     Round: 33 Client: 3 Epoch: 0 Loss: 0.078258 Loss1: 0.052008 Loss2: 0.026250
10-08 15:22 INFO     Round: 33 Client: 4 Epoch: 0 Loss: 0.066190 Loss1: 0.040546 Loss2: 0.025644
10-08 15:22 INFO     >> Global Model Test accuracy: 0.583700
10-08 15:22 INFO     >> Global Model Backdoor Test accuracy: 0.033800
10-08 15:22 INFO     >> Global Model sum accuracy: 0.617500
10-08 15:22 INFO      ** Training Round complete **
10-08 15:22 INFO     in comm round:34
10-08 15:22 INFO     Round: 34 Client: 0 Epoch: 0 Loss: 2.510754 Loss1: 2.027561 Loss2: 0.034083 Loss3: 0.059242 Loss4: 0.036845 triple_Loss2: 0.838980
10-08 15:22 INFO     Round: 34 Client: 0 Epoch: 0 train_clean_acc: 0.556410 train_backdoor_acc: 0.993089
10-08 15:22 INFO     Round: 34 Client: 1 Epoch: 0 Loss: 0.063579 Loss1: 0.037227 Loss2: 0.026351
10-08 15:22 INFO     Round: 34 Client: 2 Epoch: 0 Loss: 0.064271 Loss1: 0.038751 Loss2: 0.025520
10-08 15:22 INFO     Round: 34 Client: 3 Epoch: 0 Loss: 0.067084 Loss1: 0.041527 Loss2: 0.025557
10-08 15:22 INFO     Round: 34 Client: 4 Epoch: 0 Loss: 0.075151 Loss1: 0.049248 Loss2: 0.025903
10-08 15:23 INFO     >> Global Model Test accuracy: 0.568200
10-08 15:23 INFO     >> Global Model Backdoor Test accuracy: 0.052300
10-08 15:23 INFO     >> Global Model sum accuracy: 0.620500
10-08 15:23 INFO      ** Training Round complete **
10-08 15:23 INFO     in comm round:35
10-08 15:23 INFO     Round: 35 Client: 0 Epoch: 0 Loss: 2.817452 Loss1: 2.307297 Loss2: 0.033748 Loss3: 0.052386 Loss4: 0.036972 triple_Loss2: 0.900428
10-08 15:23 INFO     Round: 35 Client: 0 Epoch: 0 train_clean_acc: 0.474359 train_backdoor_acc: 0.994191
10-08 15:23 INFO     Round: 35 Client: 1 Epoch: 0 Loss: 0.071400 Loss1: 0.045641 Loss2: 0.025759
10-08 15:23 INFO     Round: 35 Client: 2 Epoch: 0 Loss: 0.062240 Loss1: 0.036273 Loss2: 0.025967
10-08 15:23 INFO     Round: 35 Client: 3 Epoch: 0 Loss: 0.064026 Loss1: 0.038790 Loss2: 0.025236
10-08 15:23 INFO     Round: 35 Client: 4 Epoch: 0 Loss: 0.063218 Loss1: 0.037406 Loss2: 0.025812
10-08 15:23 INFO     >> Global Model Test accuracy: 0.568000
10-08 15:23 INFO     >> Global Model Backdoor Test accuracy: 0.042700
10-08 15:23 INFO     >> Global Model sum accuracy: 0.610700
10-08 15:23 INFO      ** Training Round complete **
10-08 15:23 INFO     in comm round:36
10-08 15:24 INFO     Round: 36 Client: 0 Epoch: 0 Loss: 2.691221 Loss1: 2.187075 Loss2: 0.033714 Loss3: 0.055191 Loss4: 0.037111 triple_Loss2: 0.885674
10-08 15:24 INFO     Round: 36 Client: 0 Epoch: 0 train_clean_acc: 0.510256 train_backdoor_acc: 0.993690
10-08 15:24 INFO     Round: 36 Client: 1 Epoch: 0 Loss: 0.064280 Loss1: 0.037951 Loss2: 0.026329
10-08 15:24 INFO     Round: 36 Client: 2 Epoch: 0 Loss: 0.064695 Loss1: 0.039194 Loss2: 0.025501
10-08 15:24 INFO     Round: 36 Client: 3 Epoch: 0 Loss: 0.069189 Loss1: 0.043579 Loss2: 0.025610
10-08 15:24 INFO     Round: 36 Client: 4 Epoch: 0 Loss: 0.068039 Loss1: 0.042267 Loss2: 0.025772
10-08 15:24 INFO     >> Global Model Test accuracy: 0.563900
10-08 15:24 INFO     >> Global Model Backdoor Test accuracy: 0.045800
10-08 15:24 INFO     >> Global Model sum accuracy: 0.609700
10-08 15:24 INFO      ** Training Round complete **
10-08 15:24 INFO     in comm round:37
10-08 15:24 INFO     Round: 37 Client: 0 Epoch: 0 Loss: 2.680610 Loss1: 2.163696 Loss2: 0.033769 Loss3: 0.052392 Loss4: 0.037166 triple_Loss2: 0.913896
10-08 15:24 INFO     Round: 37 Client: 0 Epoch: 0 train_clean_acc: 0.523077 train_backdoor_acc: 0.994191
10-08 15:25 INFO     Round: 37 Client: 1 Epoch: 0 Loss: 0.065477 Loss1: 0.039138 Loss2: 0.026339
10-08 15:25 INFO     Round: 37 Client: 2 Epoch: 0 Loss: 0.074372 Loss1: 0.048517 Loss2: 0.025855
10-08 15:25 INFO     Round: 37 Client: 3 Epoch: 0 Loss: 0.060592 Loss1: 0.035062 Loss2: 0.025529
10-08 15:25 INFO     Round: 37 Client: 4 Epoch: 0 Loss: 0.057369 Loss1: 0.032075 Loss2: 0.025294
10-08 15:25 INFO     >> Global Model Test accuracy: 0.557300
10-08 15:25 INFO     >> Global Model Backdoor Test accuracy: 0.053100
10-08 15:25 INFO     >> Global Model sum accuracy: 0.610400
10-08 15:25 INFO      ** Training Round complete **
10-08 15:25 INFO     in comm round:38
10-08 15:25 INFO     Round: 38 Client: 0 Epoch: 0 Loss: 2.570158 Loss1: 2.051938 Loss2: 0.033750 Loss3: 0.040811 Loss4: 0.037017 triple_Loss2: 0.928129
10-08 15:25 INFO     Round: 38 Client: 0 Epoch: 0 train_clean_acc: 0.523077 train_backdoor_acc: 0.994792
10-08 15:25 INFO     Round: 38 Client: 1 Epoch: 0 Loss: 0.061480 Loss1: 0.035889 Loss2: 0.025591
10-08 15:26 INFO     Round: 38 Client: 2 Epoch: 0 Loss: 0.055336 Loss1: 0.029851 Loss2: 0.025485
10-08 15:26 INFO     Round: 38 Client: 3 Epoch: 0 Loss: 0.058062 Loss1: 0.032832 Loss2: 0.025229
10-08 15:26 INFO     Round: 38 Client: 4 Epoch: 0 Loss: 0.060742 Loss1: 0.035406 Loss2: 0.025336
10-08 15:26 INFO     >> Global Model Test accuracy: 0.575700
10-08 15:26 INFO     >> Global Model Backdoor Test accuracy: 0.041300
10-08 15:26 INFO     >> Global Model sum accuracy: 0.617000
10-08 15:26 INFO      ** Training Round complete **
10-08 15:26 INFO     in comm round:39
10-08 15:26 INFO     Round: 39 Client: 0 Epoch: 0 Loss: 2.488158 Loss1: 1.977497 Loss2: 0.034041 Loss3: 0.050287 Loss4: 0.036985 triple_Loss2: 0.902952
10-08 15:26 INFO     Round: 39 Client: 0 Epoch: 0 train_clean_acc: 0.553846 train_backdoor_acc: 0.995493
10-08 15:26 INFO     Round: 39 Client: 1 Epoch: 0 Loss: 0.062446 Loss1: 0.036442 Loss2: 0.026005
10-08 15:26 INFO     Round: 39 Client: 2 Epoch: 0 Loss: 0.071926 Loss1: 0.046634 Loss2: 0.025292
10-08 15:27 INFO     Round: 39 Client: 3 Epoch: 0 Loss: 0.051916 Loss1: 0.026906 Loss2: 0.025011
10-08 15:27 INFO     Round: 39 Client: 4 Epoch: 0 Loss: 0.060266 Loss1: 0.035004 Loss2: 0.025262
10-08 15:27 INFO     >> Global Model Test accuracy: 0.566300
10-08 15:27 INFO     >> Global Model Backdoor Test accuracy: 0.052100
10-08 15:27 INFO     >> Global Model sum accuracy: 0.618400
10-08 15:27 INFO      ** Training Round complete **
10-08 15:27 INFO     in comm round:40
10-08 15:27 INFO     Round: 40 Client: 0 Epoch: 0 Loss: 2.492125 Loss1: 1.976358 Loss2: 0.033640 Loss3: 0.040727 Loss4: 0.036816 triple_Loss2: 0.923527
10-08 15:27 INFO     Round: 40 Client: 0 Epoch: 0 train_clean_acc: 0.510256 train_backdoor_acc: 0.996094
10-08 15:27 INFO     Round: 40 Client: 1 Epoch: 0 Loss: 0.058538 Loss1: 0.032519 Loss2: 0.026019
10-08 15:27 INFO     Round: 40 Client: 2 Epoch: 0 Loss: 0.059096 Loss1: 0.034220 Loss2: 0.024876
10-08 15:27 INFO     Round: 40 Client: 3 Epoch: 0 Loss: 0.055656 Loss1: 0.030536 Loss2: 0.025120
10-08 15:28 INFO     Round: 40 Client: 4 Epoch: 0 Loss: 0.054650 Loss1: 0.029767 Loss2: 0.024883
10-08 15:28 INFO     >> Global Model Test accuracy: 0.579300
10-08 15:28 INFO     >> Global Model Backdoor Test accuracy: 0.033800
10-08 15:28 INFO     >> Global Model sum accuracy: 0.613100
10-08 15:28 INFO      ** Training Round complete **
10-08 15:28 INFO     in comm round:41
10-08 15:28 INFO     Round: 41 Client: 0 Epoch: 0 Loss: 2.642317 Loss1: 2.125862 Loss2: 0.034122 Loss3: 0.039075 Loss4: 0.037247 triple_Loss2: 0.925593
10-08 15:28 INFO     Round: 41 Client: 0 Epoch: 0 train_clean_acc: 0.517949 train_backdoor_acc: 0.995593
10-08 15:28 INFO     Round: 41 Client: 1 Epoch: 0 Loss: 0.060700 Loss1: 0.034897 Loss2: 0.025803
10-08 15:28 INFO     Round: 41 Client: 2 Epoch: 0 Loss: 0.058412 Loss1: 0.033678 Loss2: 0.024734
10-08 15:28 INFO     Round: 41 Client: 3 Epoch: 0 Loss: 0.059227 Loss1: 0.033950 Loss2: 0.025277
10-08 15:28 INFO     Round: 41 Client: 4 Epoch: 0 Loss: 0.064366 Loss1: 0.039677 Loss2: 0.024688
10-08 15:29 INFO     >> Global Model Test accuracy: 0.577900
10-08 15:29 INFO     >> Global Model Backdoor Test accuracy: 0.042600
10-08 15:29 INFO     >> Global Model sum accuracy: 0.620500
10-08 15:29 INFO      ** Training Round complete **
10-08 15:29 INFO     in comm round:42
10-08 15:29 INFO     Round: 42 Client: 0 Epoch: 0 Loss: 2.622208 Loss1: 2.094319 Loss2: 0.033814 Loss3: 0.031610 Loss4: 0.037302 triple_Loss2: 0.956539
10-08 15:29 INFO     Round: 42 Client: 0 Epoch: 0 train_clean_acc: 0.507692 train_backdoor_acc: 0.995994
10-08 15:29 INFO     Round: 42 Client: 1 Epoch: 0 Loss: 0.062578 Loss1: 0.037077 Loss2: 0.025501
10-08 15:29 INFO     Round: 42 Client: 2 Epoch: 0 Loss: 0.057839 Loss1: 0.033623 Loss2: 0.024216
10-08 15:29 INFO     Round: 42 Client: 3 Epoch: 0 Loss: 0.074433 Loss1: 0.049305 Loss2: 0.025128
10-08 15:29 INFO     Round: 42 Client: 4 Epoch: 0 Loss: 0.055307 Loss1: 0.030439 Loss2: 0.024868
10-08 15:29 INFO     >> Global Model Test accuracy: 0.572200
10-08 15:29 INFO     >> Global Model Backdoor Test accuracy: 0.045800
10-08 15:29 INFO     >> Global Model sum accuracy: 0.618000
10-08 15:29 INFO      ** Training Round complete **
10-08 15:29 INFO     in comm round:43
10-08 15:30 INFO     Round: 43 Client: 0 Epoch: 0 Loss: 2.724827 Loss1: 2.182061 Loss2: 0.033661 Loss3: 0.040569 Loss4: 0.037620 triple_Loss2: 0.977642
10-08 15:30 INFO     Round: 43 Client: 0 Epoch: 0 train_clean_acc: 0.494872 train_backdoor_acc: 0.995994
10-08 15:30 INFO     Round: 43 Client: 1 Epoch: 0 Loss: 0.050508 Loss1: 0.025465 Loss2: 0.025042
10-08 15:30 INFO     Round: 43 Client: 2 Epoch: 0 Loss: 0.058785 Loss1: 0.034825 Loss2: 0.023960
10-08 15:30 INFO     Round: 43 Client: 3 Epoch: 0 Loss: 0.059877 Loss1: 0.034808 Loss2: 0.025069
10-08 15:30 INFO     Round: 43 Client: 4 Epoch: 0 Loss: 0.057778 Loss1: 0.033098 Loss2: 0.024680
10-08 15:30 INFO     >> Global Model Test accuracy: 0.570200
10-08 15:30 INFO     >> Global Model Backdoor Test accuracy: 0.032800
10-08 15:30 INFO     >> Global Model sum accuracy: 0.603000
10-08 15:30 INFO      ** Training Round complete **
10-08 15:30 INFO     in comm round:44
10-08 15:30 INFO     Round: 44 Client: 0 Epoch: 0 Loss: 2.596860 Loss1: 2.066085 Loss2: 0.033546 Loss3: 0.034698 Loss4: 0.037455 triple_Loss2: 0.959761
10-08 15:30 INFO     Round: 44 Client: 0 Epoch: 0 train_clean_acc: 0.510256 train_backdoor_acc: 0.997696
10-08 15:31 INFO     Round: 44 Client: 1 Epoch: 0 Loss: 0.053952 Loss1: 0.029316 Loss2: 0.024635
10-08 15:31 INFO     Round: 44 Client: 2 Epoch: 0 Loss: 0.060460 Loss1: 0.036243 Loss2: 0.024217
10-08 15:31 INFO     Round: 44 Client: 3 Epoch: 0 Loss: 0.056092 Loss1: 0.030980 Loss2: 0.025112
10-08 15:31 INFO     Round: 44 Client: 4 Epoch: 0 Loss: 0.063751 Loss1: 0.038877 Loss2: 0.024874
10-08 15:31 INFO     >> Global Model Test accuracy: 0.584000
10-08 15:31 INFO     >> Global Model Backdoor Test accuracy: 0.044100
10-08 15:31 INFO     >> Global Model sum accuracy: 0.628100
10-08 15:31 INFO      ** Training Round complete **
10-08 15:31 INFO     in comm round:45
10-08 15:31 INFO     Round: 45 Client: 0 Epoch: 0 Loss: 2.592066 Loss1: 2.043236 Loss2: 0.033380 Loss3: 0.031921 Loss4: 0.037746 triple_Loss2: 0.998978
10-08 15:31 INFO     Round: 45 Client: 0 Epoch: 0 train_clean_acc: 0.535897 train_backdoor_acc: 0.996795
10-08 15:31 INFO     Round: 45 Client: 1 Epoch: 0 Loss: 0.060297 Loss1: 0.035398 Loss2: 0.024898
10-08 15:32 INFO     Round: 45 Client: 2 Epoch: 0 Loss: 0.064590 Loss1: 0.041021 Loss2: 0.023569
10-08 15:32 INFO     Round: 45 Client: 3 Epoch: 0 Loss: 0.055230 Loss1: 0.030669 Loss2: 0.024561
10-08 15:32 INFO     Round: 45 Client: 4 Epoch: 0 Loss: 0.062494 Loss1: 0.037997 Loss2: 0.024498
10-08 15:32 INFO     >> Global Model Test accuracy: 0.566600
10-08 15:32 INFO     >> Global Model Backdoor Test accuracy: 0.033400
10-08 15:32 INFO     >> Global Model sum accuracy: 0.600000
10-08 15:32 INFO      ** Training Round complete **
10-08 15:32 INFO     in comm round:46
10-08 15:32 INFO     Round: 46 Client: 0 Epoch: 0 Loss: 2.664766 Loss1: 2.114944 Loss2: 0.033690 Loss3: 0.033329 Loss4: 0.037942 triple_Loss2: 0.998937
10-08 15:32 INFO     Round: 46 Client: 0 Epoch: 0 train_clean_acc: 0.548718 train_backdoor_acc: 0.994792
10-08 15:32 INFO     Round: 46 Client: 1 Epoch: 0 Loss: 0.055057 Loss1: 0.029931 Loss2: 0.025126
10-08 15:32 INFO     Round: 46 Client: 2 Epoch: 0 Loss: 0.059608 Loss1: 0.035373 Loss2: 0.024235
10-08 15:33 INFO     Round: 46 Client: 3 Epoch: 0 Loss: 0.061611 Loss1: 0.036922 Loss2: 0.024690
10-08 15:33 INFO     Round: 46 Client: 4 Epoch: 0 Loss: 0.050749 Loss1: 0.026664 Loss2: 0.024085
10-08 15:33 INFO     >> Global Model Test accuracy: 0.573600
10-08 15:33 INFO     >> Global Model Backdoor Test accuracy: 0.031500
10-08 15:33 INFO     >> Global Model sum accuracy: 0.605100
10-08 15:33 INFO      ** Training Round complete **
10-08 15:33 INFO     in comm round:47
10-08 15:33 INFO     Round: 47 Client: 0 Epoch: 0 Loss: 2.629818 Loss1: 2.067012 Loss2: 0.033654 Loss3: 0.031360 Loss4: 0.037700 triple_Loss2: 1.026942
10-08 15:33 INFO     Round: 47 Client: 0 Epoch: 0 train_clean_acc: 0.520513 train_backdoor_acc: 0.998598
10-08 15:33 INFO     Round: 47 Client: 1 Epoch: 0 Loss: 0.057606 Loss1: 0.032723 Loss2: 0.024883
10-08 15:33 INFO     Round: 47 Client: 2 Epoch: 0 Loss: 0.055902 Loss1: 0.031914 Loss2: 0.023989
10-08 15:33 INFO     Round: 47 Client: 3 Epoch: 0 Loss: 0.049101 Loss1: 0.024649 Loss2: 0.024452
10-08 15:34 INFO     Round: 47 Client: 4 Epoch: 0 Loss: 0.062089 Loss1: 0.038047 Loss2: 0.024042
10-08 15:34 INFO     >> Global Model Test accuracy: 0.561800
10-08 15:34 INFO     >> Global Model Backdoor Test accuracy: 0.054000
10-08 15:34 INFO     >> Global Model sum accuracy: 0.615800
10-08 15:34 INFO      ** Training Round complete **
10-08 15:34 INFO     in comm round:48
10-08 15:34 INFO     Round: 48 Client: 0 Epoch: 0 Loss: 2.543136 Loss1: 1.964046 Loss2: 0.033104 Loss3: 0.032762 Loss4: 0.037736 triple_Loss2: 1.059209
10-08 15:34 INFO     Round: 48 Client: 0 Epoch: 0 train_clean_acc: 0.548718 train_backdoor_acc: 0.997196
10-08 15:34 INFO     Round: 48 Client: 1 Epoch: 0 Loss: 0.057662 Loss1: 0.032173 Loss2: 0.025489
10-08 15:34 INFO     Round: 48 Client: 2 Epoch: 0 Loss: 0.054819 Loss1: 0.030452 Loss2: 0.024367
10-08 15:34 INFO     Round: 48 Client: 3 Epoch: 0 Loss: 0.051177 Loss1: 0.026897 Loss2: 0.024280
10-08 15:34 INFO     Round: 48 Client: 4 Epoch: 0 Loss: 0.056794 Loss1: 0.032754 Loss2: 0.024040
10-08 15:35 INFO     >> Global Model Test accuracy: 0.578900
10-08 15:35 INFO     >> Global Model Backdoor Test accuracy: 0.035200
10-08 15:35 INFO     >> Global Model sum accuracy: 0.614100
10-08 15:35 INFO      ** Training Round complete **
10-08 15:35 INFO     in comm round:49
10-08 15:35 INFO     Round: 49 Client: 0 Epoch: 0 Loss: 2.545032 Loss1: 1.991501 Loss2: 0.033574 Loss3: 0.022564 Loss4: 0.037576 triple_Loss2: 1.017351
10-08 15:35 INFO     Round: 49 Client: 0 Epoch: 0 train_clean_acc: 0.510256 train_backdoor_acc: 0.998397
10-08 15:35 INFO     Round: 49 Client: 1 Epoch: 0 Loss: 0.055673 Loss1: 0.031216 Loss2: 0.024457
10-08 15:35 INFO     Round: 49 Client: 2 Epoch: 0 Loss: 0.056106 Loss1: 0.031908 Loss2: 0.024199
10-08 15:35 INFO     Round: 49 Client: 3 Epoch: 0 Loss: 0.051958 Loss1: 0.027387 Loss2: 0.024572
10-08 15:35 INFO     Round: 49 Client: 4 Epoch: 0 Loss: 0.055441 Loss1: 0.031549 Loss2: 0.023892
10-08 15:35 INFO     >> Global Model Test accuracy: 0.555800
10-08 15:35 INFO     >> Global Model Backdoor Test accuracy: 0.040200
10-08 15:35 INFO     >> Global Model sum accuracy: 0.596000
10-08 15:35 INFO      ** Training Round complete **
10-08 15:35 INFO     in comm round:50
10-08 15:36 INFO     Round: 50 Client: 0 Epoch: 0 Loss: 2.610526 Loss1: 2.035476 Loss2: 0.033615 Loss3: 0.033761 Loss4: 0.037989 triple_Loss2: 1.049108
10-08 15:36 INFO     Round: 50 Client: 0 Epoch: 0 train_clean_acc: 0.492308 train_backdoor_acc: 0.997696
10-08 15:36 INFO     Round: 50 Client: 1 Epoch: 0 Loss: 0.050674 Loss1: 0.025730 Loss2: 0.024944
10-08 15:36 INFO     Round: 50 Client: 2 Epoch: 0 Loss: 0.052008 Loss1: 0.028451 Loss2: 0.023557
10-08 15:36 INFO     Round: 50 Client: 3 Epoch: 0 Loss: 0.051356 Loss1: 0.026927 Loss2: 0.024429
10-08 15:36 INFO     Round: 50 Client: 4 Epoch: 0 Loss: 0.055164 Loss1: 0.031525 Loss2: 0.023639
10-08 15:36 INFO     >> Global Model Test accuracy: 0.571700
10-08 15:36 INFO     >> Global Model Backdoor Test accuracy: 0.044700
10-08 15:36 INFO     >> Global Model sum accuracy: 0.616400
10-08 15:36 INFO      ** Training Round complete **
10-08 15:36 INFO     in comm round:51
10-08 15:36 INFO     Round: 51 Client: 0 Epoch: 0 Loss: 2.593267 Loss1: 2.022021 Loss2: 0.033434 Loss3: 0.029853 Loss4: 0.038300 triple_Loss2: 1.045770
10-08 15:36 INFO     Round: 51 Client: 0 Epoch: 0 train_clean_acc: 0.528205 train_backdoor_acc: 0.997796
10-08 15:37 INFO     Round: 51 Client: 1 Epoch: 0 Loss: 0.052231 Loss1: 0.028226 Loss2: 0.024004
10-08 15:37 INFO     Round: 51 Client: 2 Epoch: 0 Loss: 0.058838 Loss1: 0.034829 Loss2: 0.024009
10-08 15:37 INFO     Round: 51 Client: 3 Epoch: 0 Loss: 0.053121 Loss1: 0.028587 Loss2: 0.024534
10-08 15:37 INFO     Round: 51 Client: 4 Epoch: 0 Loss: 0.048206 Loss1: 0.024576 Loss2: 0.023630
10-08 15:37 INFO     >> Global Model Test accuracy: 0.573700
10-08 15:37 INFO     >> Global Model Backdoor Test accuracy: 0.054400
10-08 15:37 INFO     >> Global Model sum accuracy: 0.628100
10-08 15:37 INFO      ** Training Round complete **
10-08 15:37 INFO     in comm round:52
10-08 15:37 INFO     Round: 52 Client: 0 Epoch: 0 Loss: 2.678704 Loss1: 2.102521 Loss2: 0.033499 Loss3: 0.025685 Loss4: 0.037933 triple_Loss2: 1.059683
10-08 15:37 INFO     Round: 52 Client: 0 Epoch: 0 train_clean_acc: 0.507692 train_backdoor_acc: 0.998598
10-08 15:37 INFO     Round: 52 Client: 1 Epoch: 0 Loss: 0.047389 Loss1: 0.023529 Loss2: 0.023860
10-08 15:38 INFO     Round: 52 Client: 2 Epoch: 0 Loss: 0.062101 Loss1: 0.038156 Loss2: 0.023945
10-08 15:38 INFO     Round: 52 Client: 3 Epoch: 0 Loss: 0.045504 Loss1: 0.021717 Loss2: 0.023787
10-08 15:38 INFO     Round: 52 Client: 4 Epoch: 0 Loss: 0.051452 Loss1: 0.027707 Loss2: 0.023746
10-08 15:38 INFO     >> Global Model Test accuracy: 0.580700
10-08 15:38 INFO     >> Global Model Backdoor Test accuracy: 0.046700
10-08 15:38 INFO     >> Global Model sum accuracy: 0.627400
10-08 15:38 INFO      ** Training Round complete **
10-08 15:38 INFO     in comm round:53
10-08 15:38 INFO     Round: 53 Client: 0 Epoch: 0 Loss: 2.683606 Loss1: 2.108981 Loss2: 0.033424 Loss3: 0.037983 Loss4: 0.038663 triple_Loss2: 1.044420
10-08 15:38 INFO     Round: 53 Client: 0 Epoch: 0 train_clean_acc: 0.520513 train_backdoor_acc: 0.997396
10-08 15:38 INFO     Round: 53 Client: 1 Epoch: 0 Loss: 0.050783 Loss1: 0.027451 Loss2: 0.023332
10-08 15:38 INFO     Round: 53 Client: 2 Epoch: 0 Loss: 0.047497 Loss1: 0.024237 Loss2: 0.023260
10-08 15:39 INFO     Round: 53 Client: 3 Epoch: 0 Loss: 0.053017 Loss1: 0.029135 Loss2: 0.023882
10-08 15:39 INFO     Round: 53 Client: 4 Epoch: 0 Loss: 0.050804 Loss1: 0.027464 Loss2: 0.023340
10-08 15:39 INFO     >> Global Model Test accuracy: 0.582100
10-08 15:39 INFO     >> Global Model Backdoor Test accuracy: 0.037000
10-08 15:39 INFO     >> Global Model sum accuracy: 0.619100
10-08 15:39 INFO      ** Training Round complete **
10-08 15:39 INFO     in comm round:54
10-08 15:39 INFO     Round: 54 Client: 0 Epoch: 0 Loss: 2.519849 Loss1: 1.966406 Loss2: 0.033220 Loss3: 0.020451 Loss4: 0.038162 triple_Loss2: 1.019996
10-08 15:39 INFO     Round: 54 Client: 0 Epoch: 0 train_clean_acc: 0.558974 train_backdoor_acc: 0.998397
10-08 15:39 INFO     Round: 54 Client: 1 Epoch: 0 Loss: 0.046569 Loss1: 0.022625 Loss2: 0.023944
10-08 15:39 INFO     Round: 54 Client: 2 Epoch: 0 Loss: 0.046978 Loss1: 0.023901 Loss2: 0.023077
10-08 15:39 INFO     Round: 54 Client: 3 Epoch: 0 Loss: 0.049773 Loss1: 0.025912 Loss2: 0.023861
10-08 15:40 INFO     Round: 54 Client: 4 Epoch: 0 Loss: 0.049953 Loss1: 0.027024 Loss2: 0.022929
10-08 15:40 INFO     >> Global Model Test accuracy: 0.578800
10-08 15:40 INFO     >> Global Model Backdoor Test accuracy: 0.023700
10-08 15:40 INFO     >> Global Model sum accuracy: 0.602500
10-08 15:40 INFO      ** Training Round complete **
10-08 15:40 INFO     in comm round:55
10-08 15:40 INFO     Round: 55 Client: 0 Epoch: 0 Loss: 2.474993 Loss1: 1.927623 Loss2: 0.033224 Loss3: 0.017933 Loss4: 0.038624 triple_Loss2: 1.010359
10-08 15:40 INFO     Round: 55 Client: 0 Epoch: 0 train_clean_acc: 0.553846 train_backdoor_acc: 0.998397
10-08 15:40 INFO     Round: 55 Client: 1 Epoch: 0 Loss: 0.048130 Loss1: 0.024313 Loss2: 0.023816
10-08 15:40 INFO     Round: 55 Client: 2 Epoch: 0 Loss: 0.048209 Loss1: 0.024883 Loss2: 0.023326
10-08 15:40 INFO     Round: 55 Client: 3 Epoch: 0 Loss: 0.042255 Loss1: 0.019079 Loss2: 0.023176
10-08 15:40 INFO     Round: 55 Client: 4 Epoch: 0 Loss: 0.048013 Loss1: 0.025119 Loss2: 0.022895
10-08 15:41 INFO     >> Global Model Test accuracy: 0.573700
10-08 15:41 INFO     >> Global Model Backdoor Test accuracy: 0.044900
10-08 15:41 INFO     >> Global Model sum accuracy: 0.618600
10-08 15:41 INFO      ** Training Round complete **
10-08 15:41 INFO     in comm round:56
10-08 15:41 INFO     Round: 56 Client: 0 Epoch: 0 Loss: 2.303698 Loss1: 1.742188 Loss2: 0.033300 Loss3: 0.014904 Loss4: 0.038570 triple_Loss2: 1.041516
10-08 15:41 INFO     Round: 56 Client: 0 Epoch: 0 train_clean_acc: 0.566667 train_backdoor_acc: 0.998898
10-08 15:41 INFO     Round: 56 Client: 1 Epoch: 0 Loss: 0.049118 Loss1: 0.025704 Loss2: 0.023415
10-08 15:41 INFO     Round: 56 Client: 2 Epoch: 0 Loss: 0.051045 Loss1: 0.027352 Loss2: 0.023693
10-08 15:41 INFO     Round: 56 Client: 3 Epoch: 0 Loss: 0.050363 Loss1: 0.026818 Loss2: 0.023545
10-08 15:41 INFO     Round: 56 Client: 4 Epoch: 0 Loss: 0.049968 Loss1: 0.026765 Loss2: 0.023204
10-08 15:41 INFO     >> Global Model Test accuracy: 0.580200
10-08 15:41 INFO     >> Global Model Backdoor Test accuracy: 0.029200
10-08 15:41 INFO     >> Global Model sum accuracy: 0.609400
10-08 15:41 INFO      ** Training Round complete **
10-08 15:41 INFO     in comm round:57
10-08 15:42 INFO     Round: 57 Client: 0 Epoch: 0 Loss: 2.473277 Loss1: 1.916860 Loss2: 0.033348 Loss3: 0.023566 Loss4: 0.039087 triple_Loss2: 1.022573
10-08 15:42 INFO     Round: 57 Client: 0 Epoch: 0 train_clean_acc: 0.530769 train_backdoor_acc: 0.997296
10-08 15:42 INFO     Round: 57 Client: 1 Epoch: 0 Loss: 0.041734 Loss1: 0.018459 Loss2: 0.023275
10-08 15:42 INFO     Round: 57 Client: 2 Epoch: 0 Loss: 0.044276 Loss1: 0.021404 Loss2: 0.022872
10-08 15:42 INFO     Round: 57 Client: 3 Epoch: 0 Loss: 0.046552 Loss1: 0.023821 Loss2: 0.022731
10-08 15:42 INFO     Round: 57 Client: 4 Epoch: 0 Loss: 0.046641 Loss1: 0.023625 Loss2: 0.023015
10-08 15:42 INFO     >> Global Model Test accuracy: 0.570800
10-08 15:42 INFO     >> Global Model Backdoor Test accuracy: 0.037400
10-08 15:42 INFO     >> Global Model sum accuracy: 0.608200
10-08 15:42 INFO      ** Training Round complete **
10-08 15:42 INFO     in comm round:58
10-08 15:42 INFO     Round: 58 Client: 0 Epoch: 0 Loss: 2.431260 Loss1: 1.869242 Loss2: 0.033343 Loss3: 0.016621 Loss4: 0.038837 triple_Loss2: 1.040728
10-08 15:42 INFO     Round: 58 Client: 0 Epoch: 0 train_clean_acc: 0.569231 train_backdoor_acc: 0.997997
10-08 15:43 INFO     Round: 58 Client: 1 Epoch: 0 Loss: 0.048554 Loss1: 0.024772 Loss2: 0.023782
10-08 15:43 INFO     Round: 58 Client: 2 Epoch: 0 Loss: 0.046376 Loss1: 0.023651 Loss2: 0.022725
10-08 15:43 INFO     Round: 58 Client: 3 Epoch: 0 Loss: 0.051791 Loss1: 0.028347 Loss2: 0.023444
10-08 15:43 INFO     Round: 58 Client: 4 Epoch: 0 Loss: 0.054280 Loss1: 0.031112 Loss2: 0.023168
10-08 15:43 INFO     >> Global Model Test accuracy: 0.589900
10-08 15:43 INFO     >> Global Model Backdoor Test accuracy: 0.032600
10-08 15:43 INFO     >> Global Model sum accuracy: 0.622500
10-08 15:43 INFO      ** Training Round complete **
10-08 15:43 INFO     in comm round:59
10-08 15:43 INFO     Round: 59 Client: 0 Epoch: 0 Loss: 2.522486 Loss1: 1.969711 Loss2: 0.033564 Loss3: 0.013977 Loss4: 0.038893 triple_Loss2: 1.024445
10-08 15:43 INFO     Round: 59 Client: 0 Epoch: 0 train_clean_acc: 0.551282 train_backdoor_acc: 0.999299
10-08 15:43 INFO     Round: 59 Client: 1 Epoch: 0 Loss: 0.050049 Loss1: 0.027001 Loss2: 0.023048
10-08 15:44 INFO     Round: 59 Client: 2 Epoch: 0 Loss: 0.049945 Loss1: 0.027065 Loss2: 0.022881
10-08 15:44 INFO     Round: 59 Client: 3 Epoch: 0 Loss: 0.049657 Loss1: 0.026379 Loss2: 0.023278
10-08 15:44 INFO     Round: 59 Client: 4 Epoch: 0 Loss: 0.045970 Loss1: 0.023359 Loss2: 0.022612
10-08 15:44 INFO     >> Global Model Test accuracy: 0.576000
10-08 15:44 INFO     >> Global Model Backdoor Test accuracy: 0.064900
10-08 15:44 INFO     >> Global Model sum accuracy: 0.640900
10-08 15:44 INFO      ** Training Round complete **
10-08 15:44 INFO     in comm round:60
10-08 15:44 INFO     Round: 60 Client: 0 Epoch: 0 Loss: 2.489474 Loss1: 1.894318 Loss2: 0.033205 Loss3: 0.021248 Loss4: 0.038912 triple_Loss2: 1.102655
10-08 15:44 INFO     Round: 60 Client: 0 Epoch: 0 train_clean_acc: 0.530769 train_backdoor_acc: 0.998698
10-08 15:44 INFO     Round: 60 Client: 1 Epoch: 0 Loss: 0.048966 Loss1: 0.025349 Loss2: 0.023617
10-08 15:45 INFO     Round: 60 Client: 2 Epoch: 0 Loss: 0.046279 Loss1: 0.023914 Loss2: 0.022365
10-08 15:45 INFO     Round: 60 Client: 3 Epoch: 0 Loss: 0.044912 Loss1: 0.021888 Loss2: 0.023023
10-08 15:45 INFO     Round: 60 Client: 4 Epoch: 0 Loss: 0.041513 Loss1: 0.018484 Loss2: 0.023029
10-08 15:45 INFO     >> Global Model Test accuracy: 0.585700
10-08 15:45 INFO     >> Global Model Backdoor Test accuracy: 0.042700
10-08 15:45 INFO     >> Global Model sum accuracy: 0.628400
10-08 15:45 INFO      ** Training Round complete **
10-08 15:45 INFO     in comm round:61
10-08 15:45 INFO     Round: 61 Client: 0 Epoch: 0 Loss: 2.478023 Loss1: 1.894472 Loss2: 0.032874 Loss3: 0.022461 Loss4: 0.039141 triple_Loss2: 1.078893
10-08 15:45 INFO     Round: 61 Client: 0 Epoch: 0 train_clean_acc: 0.541026 train_backdoor_acc: 0.999099
10-08 15:45 INFO     Round: 61 Client: 1 Epoch: 0 Loss: 0.049558 Loss1: 0.025717 Loss2: 0.023841
10-08 15:45 INFO     Round: 61 Client: 2 Epoch: 0 Loss: 0.058952 Loss1: 0.036268 Loss2: 0.022683
10-08 15:46 INFO     Round: 61 Client: 3 Epoch: 0 Loss: 0.050857 Loss1: 0.027701 Loss2: 0.023156
10-08 15:46 INFO     Round: 61 Client: 4 Epoch: 0 Loss: 0.046343 Loss1: 0.023625 Loss2: 0.022718
10-08 15:46 INFO     >> Global Model Test accuracy: 0.577500
10-08 15:46 INFO     >> Global Model Backdoor Test accuracy: 0.052800
10-08 15:46 INFO     >> Global Model sum accuracy: 0.630300
10-08 15:46 INFO      ** Training Round complete **
10-08 15:46 INFO     in comm round:62
10-08 15:46 INFO     Round: 62 Client: 0 Epoch: 0 Loss: 2.649793 Loss1: 2.059420 Loss2: 0.033101 Loss3: 0.022798 Loss4: 0.038972 triple_Loss2: 1.091747
10-08 15:46 INFO     Round: 62 Client: 0 Epoch: 0 train_clean_acc: 0.538462 train_backdoor_acc: 0.998197
10-08 15:46 INFO     Round: 62 Client: 1 Epoch: 0 Loss: 0.047854 Loss1: 0.024681 Loss2: 0.023173
10-08 15:46 INFO     Round: 62 Client: 2 Epoch: 0 Loss: 0.051404 Loss1: 0.028578 Loss2: 0.022826
10-08 15:46 INFO     Round: 62 Client: 3 Epoch: 0 Loss: 0.044876 Loss1: 0.022028 Loss2: 0.022848
10-08 15:47 INFO     Round: 62 Client: 4 Epoch: 0 Loss: 0.043097 Loss1: 0.020636 Loss2: 0.022461
10-08 15:47 INFO     >> Global Model Test accuracy: 0.588100
10-08 15:47 INFO     >> Global Model Backdoor Test accuracy: 0.050100
10-08 15:47 INFO     >> Global Model sum accuracy: 0.638200
10-08 15:47 INFO      ** Training Round complete **
10-08 15:47 INFO     in comm round:63
10-08 15:47 INFO     Round: 63 Client: 0 Epoch: 0 Loss: 2.286000 Loss1: 1.702324 Loss2: 0.032938 Loss3: 0.010092 Loss4: 0.039264 triple_Loss2: 1.091384
10-08 15:47 INFO     Round: 63 Client: 0 Epoch: 0 train_clean_acc: 0.556410 train_backdoor_acc: 0.999099
10-08 15:47 INFO     Round: 63 Client: 1 Epoch: 0 Loss: 0.047714 Loss1: 0.024747 Loss2: 0.022968
10-08 15:47 INFO     Round: 63 Client: 2 Epoch: 0 Loss: 0.046480 Loss1: 0.023620 Loss2: 0.022861
10-08 15:47 INFO     Round: 63 Client: 3 Epoch: 0 Loss: 0.045887 Loss1: 0.023135 Loss2: 0.022752
10-08 15:47 INFO     Round: 63 Client: 4 Epoch: 0 Loss: 0.045681 Loss1: 0.023547 Loss2: 0.022134
10-08 15:47 INFO     >> Global Model Test accuracy: 0.590700
10-08 15:47 INFO     >> Global Model Backdoor Test accuracy: 0.035500
10-08 15:47 INFO     >> Global Model sum accuracy: 0.626200
10-08 15:47 INFO      ** Training Round complete **
10-08 15:47 INFO     in comm round:64
10-08 15:48 INFO     Round: 64 Client: 0 Epoch: 0 Loss: 2.323424 Loss1: 1.749469 Loss2: 0.033331 Loss3: 0.012692 Loss4: 0.039261 triple_Loss2: 1.068555
10-08 15:48 INFO     Round: 64 Client: 0 Epoch: 0 train_clean_acc: 0.561538 train_backdoor_acc: 0.999199
10-08 15:48 INFO     Round: 64 Client: 1 Epoch: 0 Loss: 0.042566 Loss1: 0.019456 Loss2: 0.023109
10-08 15:48 INFO     Round: 64 Client: 2 Epoch: 0 Loss: 0.048524 Loss1: 0.025606 Loss2: 0.022918
10-08 15:48 INFO     Round: 64 Client: 3 Epoch: 0 Loss: 0.047083 Loss1: 0.024421 Loss2: 0.022662
10-08 15:48 INFO     Round: 64 Client: 4 Epoch: 0 Loss: 0.046704 Loss1: 0.024238 Loss2: 0.022466
10-08 15:48 INFO     >> Global Model Test accuracy: 0.600400
10-08 15:48 INFO     >> Global Model Backdoor Test accuracy: 0.050000
10-08 15:48 INFO     >> Global Model sum accuracy: 0.650400
10-08 15:48 INFO      ** Training Round complete **
10-08 15:48 INFO     in comm round:65
10-08 15:49 INFO     Round: 65 Client: 0 Epoch: 0 Loss: 2.437367 Loss1: 1.841028 Loss2: 0.033024 Loss3: 0.030487 Loss4: 0.039691 triple_Loss2: 1.096144
10-08 15:49 INFO     Round: 65 Client: 0 Epoch: 0 train_clean_acc: 0.551282 train_backdoor_acc: 0.997596
10-08 15:49 INFO     Round: 65 Client: 1 Epoch: 0 Loss: 0.047451 Loss1: 0.024501 Loss2: 0.022950
10-08 15:49 INFO     Round: 65 Client: 2 Epoch: 0 Loss: 0.041146 Loss1: 0.018856 Loss2: 0.022290
10-08 15:49 INFO     Round: 65 Client: 3 Epoch: 0 Loss: 0.038823 Loss1: 0.016212 Loss2: 0.022611
10-08 15:49 INFO     Round: 65 Client: 4 Epoch: 0 Loss: 0.045488 Loss1: 0.023263 Loss2: 0.022226
10-08 15:49 INFO     >> Global Model Test accuracy: 0.588500
10-08 15:49 INFO     >> Global Model Backdoor Test accuracy: 0.055200
10-08 15:49 INFO     >> Global Model sum accuracy: 0.643700
10-08 15:49 INFO      ** Training Round complete **
10-08 15:49 INFO     in comm round:66
10-08 15:49 INFO     Round: 66 Client: 0 Epoch: 0 Loss: 2.431288 Loss1: 1.847218 Loss2: 0.032964 Loss3: 0.015873 Loss4: 0.039343 triple_Loss2: 1.086339
10-08 15:49 INFO     Round: 66 Client: 0 Epoch: 0 train_clean_acc: 0.556410 train_backdoor_acc: 0.998598
10-08 15:50 INFO     Round: 66 Client: 1 Epoch: 0 Loss: 0.041079 Loss1: 0.018647 Loss2: 0.022432
10-08 15:50 INFO     Round: 66 Client: 2 Epoch: 0 Loss: 0.047952 Loss1: 0.025503 Loss2: 0.022448
10-08 15:50 INFO     Round: 66 Client: 3 Epoch: 0 Loss: 0.044023 Loss1: 0.021969 Loss2: 0.022054
10-08 15:50 INFO     Round: 66 Client: 4 Epoch: 0 Loss: 0.043876 Loss1: 0.021782 Loss2: 0.022094
10-08 15:50 INFO     >> Global Model Test accuracy: 0.588700
10-08 15:50 INFO     >> Global Model Backdoor Test accuracy: 0.043600
10-08 15:50 INFO     >> Global Model sum accuracy: 0.632300
10-08 15:50 INFO      ** Training Round complete **
10-08 15:50 INFO     in comm round:67
10-08 15:50 INFO     Round: 67 Client: 0 Epoch: 0 Loss: 2.371898 Loss1: 1.781088 Loss2: 0.032904 Loss3: 0.014306 Loss4: 0.039771 triple_Loss2: 1.101505
10-08 15:50 INFO     Round: 67 Client: 0 Epoch: 0 train_clean_acc: 0.551282 train_backdoor_acc: 0.998798
10-08 15:50 INFO     Round: 67 Client: 1 Epoch: 0 Loss: 0.042998 Loss1: 0.019825 Loss2: 0.023173
10-08 15:51 INFO     Round: 67 Client: 2 Epoch: 0 Loss: 0.042414 Loss1: 0.020165 Loss2: 0.022249
10-08 15:51 INFO     Round: 67 Client: 3 Epoch: 0 Loss: 0.042050 Loss1: 0.019894 Loss2: 0.022156
10-08 15:51 INFO     Round: 67 Client: 4 Epoch: 0 Loss: 0.045282 Loss1: 0.023541 Loss2: 0.021741
10-08 15:51 INFO     >> Global Model Test accuracy: 0.589800
10-08 15:51 INFO     >> Global Model Backdoor Test accuracy: 0.047500
10-08 15:51 INFO     >> Global Model sum accuracy: 0.637300
10-08 15:51 INFO      ** Training Round complete **
10-08 15:51 INFO     in comm round:68
10-08 15:51 INFO     Round: 68 Client: 0 Epoch: 0 Loss: 2.329536 Loss1: 1.750100 Loss2: 0.032809 Loss3: 0.014244 Loss4: 0.039365 triple_Loss2: 1.079010
10-08 15:51 INFO     Round: 68 Client: 0 Epoch: 0 train_clean_acc: 0.597436 train_backdoor_acc: 0.998598
10-08 15:51 INFO     Round: 68 Client: 1 Epoch: 0 Loss: 0.043590 Loss1: 0.020390 Loss2: 0.023200
10-08 15:51 INFO     Round: 68 Client: 2 Epoch: 0 Loss: 0.046228 Loss1: 0.023713 Loss2: 0.022515
10-08 15:52 INFO     Round: 68 Client: 3 Epoch: 0 Loss: 0.038451 Loss1: 0.016456 Loss2: 0.021995
10-08 15:52 INFO     Round: 68 Client: 4 Epoch: 0 Loss: 0.043496 Loss1: 0.021532 Loss2: 0.021964
10-08 15:52 INFO     >> Global Model Test accuracy: 0.590800
10-08 15:52 INFO     >> Global Model Backdoor Test accuracy: 0.035200
10-08 15:52 INFO     >> Global Model sum accuracy: 0.626000
10-08 15:52 INFO      ** Training Round complete **
10-08 15:52 INFO     in comm round:69
10-08 15:52 INFO     Round: 69 Client: 0 Epoch: 0 Loss: 2.286728 Loss1: 1.711382 Loss2: 0.032895 Loss3: 0.009308 Loss4: 0.039755 triple_Loss2: 1.075593
10-08 15:52 INFO     Round: 69 Client: 0 Epoch: 0 train_clean_acc: 0.571795 train_backdoor_acc: 0.999499
10-08 15:52 INFO     Round: 69 Client: 1 Epoch: 0 Loss: 0.048016 Loss1: 0.024931 Loss2: 0.023085
10-08 15:52 INFO     Round: 69 Client: 2 Epoch: 0 Loss: 0.051313 Loss1: 0.028776 Loss2: 0.022538
10-08 15:52 INFO     Round: 69 Client: 3 Epoch: 0 Loss: 0.042463 Loss1: 0.020058 Loss2: 0.022405
10-08 15:53 INFO     Round: 69 Client: 4 Epoch: 0 Loss: 0.037837 Loss1: 0.016325 Loss2: 0.021513
10-08 15:53 INFO     >> Global Model Test accuracy: 0.584000
10-08 15:53 INFO     >> Global Model Backdoor Test accuracy: 0.025700
10-08 15:53 INFO     >> Global Model sum accuracy: 0.609700
10-08 15:53 INFO      ** Training Round complete **
10-08 15:53 INFO     in comm round:70
10-08 15:53 INFO     Round: 70 Client: 0 Epoch: 0 Loss: 2.464331 Loss1: 1.883886 Loss2: 0.033017 Loss3: 0.016653 Loss4: 0.039763 triple_Loss2: 1.078203
10-08 15:53 INFO     Round: 70 Client: 0 Epoch: 0 train_clean_acc: 0.546154 train_backdoor_acc: 0.999099
10-08 15:53 INFO     Round: 70 Client: 1 Epoch: 0 Loss: 0.044045 Loss1: 0.021242 Loss2: 0.022803
10-08 15:53 INFO     Round: 70 Client: 2 Epoch: 0 Loss: 0.043260 Loss1: 0.020834 Loss2: 0.022426
10-08 15:53 INFO     Round: 70 Client: 3 Epoch: 0 Loss: 0.039946 Loss1: 0.017912 Loss2: 0.022034
10-08 15:53 INFO     Round: 70 Client: 4 Epoch: 0 Loss: 0.036644 Loss1: 0.014984 Loss2: 0.021660
10-08 15:54 INFO     >> Global Model Test accuracy: 0.587900
10-08 15:54 INFO     >> Global Model Backdoor Test accuracy: 0.035100
10-08 15:54 INFO     >> Global Model sum accuracy: 0.623000
10-08 15:54 INFO      ** Training Round complete **
10-08 15:54 INFO     in comm round:71
10-08 15:54 INFO     Round: 71 Client: 0 Epoch: 0 Loss: 2.295203 Loss1: 1.725423 Loss2: 0.032910 Loss3: 0.007036 Loss4: 0.039867 triple_Loss2: 1.066705
10-08 15:54 INFO     Round: 71 Client: 0 Epoch: 0 train_clean_acc: 0.607692 train_backdoor_acc: 0.999499
10-08 15:54 INFO     Round: 71 Client: 1 Epoch: 0 Loss: 0.040237 Loss1: 0.018140 Loss2: 0.022097
10-08 15:54 INFO     Round: 71 Client: 2 Epoch: 0 Loss: 0.043798 Loss1: 0.021811 Loss2: 0.021988
10-08 15:54 INFO     Round: 71 Client: 3 Epoch: 0 Loss: 0.039640 Loss1: 0.018145 Loss2: 0.021495
10-08 15:54 INFO     Round: 71 Client: 4 Epoch: 0 Loss: 0.043221 Loss1: 0.021583 Loss2: 0.021638
10-08 15:54 INFO     >> Global Model Test accuracy: 0.588300
10-08 15:54 INFO     >> Global Model Backdoor Test accuracy: 0.034000
10-08 15:54 INFO     >> Global Model sum accuracy: 0.622300
10-08 15:54 INFO      ** Training Round complete **
10-08 15:54 INFO     in comm round:72
10-08 15:55 INFO     Round: 72 Client: 0 Epoch: 0 Loss: 2.246601 Loss1: 1.662196 Loss2: 0.032898 Loss3: 0.017176 Loss4: 0.040295 triple_Loss2: 1.085839
10-08 15:55 INFO     Round: 72 Client: 0 Epoch: 0 train_clean_acc: 0.566667 train_backdoor_acc: 0.998598
10-08 15:55 INFO     Round: 72 Client: 1 Epoch: 0 Loss: 0.048205 Loss1: 0.025670 Loss2: 0.022535
10-08 15:55 INFO     Round: 72 Client: 2 Epoch: 0 Loss: 0.045494 Loss1: 0.023372 Loss2: 0.022122
10-08 15:55 INFO     Round: 72 Client: 3 Epoch: 0 Loss: 0.040464 Loss1: 0.018842 Loss2: 0.021621
10-08 15:55 INFO     Round: 72 Client: 4 Epoch: 0 Loss: 0.045523 Loss1: 0.023832 Loss2: 0.021691
10-08 15:55 INFO     >> Global Model Test accuracy: 0.582300
10-08 15:55 INFO     >> Global Model Backdoor Test accuracy: 0.044500
10-08 15:55 INFO     >> Global Model sum accuracy: 0.626800
10-08 15:55 INFO      ** Training Round complete **
10-08 15:55 INFO     in comm round:73
10-08 15:55 INFO     Round: 73 Client: 0 Epoch: 0 Loss: 2.314428 Loss1: 1.711291 Loss2: 0.033020 Loss3: 0.012312 Loss4: 0.039957 triple_Loss2: 1.127921
10-08 15:55 INFO     Round: 73 Client: 0 Epoch: 0 train_clean_acc: 0.571795 train_backdoor_acc: 0.999399
10-08 15:56 INFO     Round: 73 Client: 1 Epoch: 0 Loss: 0.042598 Loss1: 0.020655 Loss2: 0.021943
10-08 15:56 INFO     Round: 73 Client: 2 Epoch: 0 Loss: 0.042334 Loss1: 0.020405 Loss2: 0.021930
10-08 15:56 INFO     Round: 73 Client: 3 Epoch: 0 Loss: 0.043591 Loss1: 0.021390 Loss2: 0.022201
10-08 15:56 INFO     Round: 73 Client: 4 Epoch: 0 Loss: 0.038745 Loss1: 0.017333 Loss2: 0.021412
10-08 15:56 INFO     >> Global Model Test accuracy: 0.584800
10-08 15:56 INFO     >> Global Model Backdoor Test accuracy: 0.039000
10-08 15:56 INFO     >> Global Model sum accuracy: 0.623800
10-08 15:56 INFO      ** Training Round complete **
10-08 15:56 INFO     in comm round:74
10-08 15:56 INFO     Round: 74 Client: 0 Epoch: 0 Loss: 2.449968 Loss1: 1.854927 Loss2: 0.033184 Loss3: 0.009794 Loss4: 0.040126 triple_Loss2: 1.113921
10-08 15:56 INFO     Round: 74 Client: 0 Epoch: 0 train_clean_acc: 0.569231 train_backdoor_acc: 0.999199
10-08 15:56 INFO     Round: 74 Client: 1 Epoch: 0 Loss: 0.042814 Loss1: 0.020050 Loss2: 0.022764
10-08 15:57 INFO     Round: 74 Client: 2 Epoch: 0 Loss: 0.039596 Loss1: 0.017740 Loss2: 0.021856
10-08 15:57 INFO     Round: 74 Client: 3 Epoch: 0 Loss: 0.036891 Loss1: 0.015134 Loss2: 0.021757
10-08 15:57 INFO     Round: 74 Client: 4 Epoch: 0 Loss: 0.040839 Loss1: 0.018854 Loss2: 0.021986
