10-15 12:08 INFO     Data statistics: {0: {0: 2538, 1: 2206, 2: 409, 3: 3154, 4: 40, 5: 178, 6: 387, 7: 128, 8: 2363}, 1: {0: 43, 1: 215, 2: 202, 3: 1423, 4: 1777, 5: 2276, 6: 1, 7: 498, 8: 446, 9: 878}, 2: {0: 23, 1: 1517, 2: 1244, 3: 192, 4: 2349, 5: 208, 6: 259, 7: 2175, 8: 682, 9: 114}, 3: {0: 1053, 1: 1004, 2: 2473, 4: 108, 5: 512, 6: 897, 7: 1057, 8: 1368, 9: 2583}, 4: {0: 1343, 1: 58, 2: 672, 3: 231, 4: 726, 5: 1826, 6: 3456, 7: 1142, 8: 141, 9: 1425}}
10-15 12:08 INFO     in comm round:0
10-15 12:13 INFO     Round: 0 Client: 0 Epoch: 0 Loss: 0.946030 loss_cls: 0.763483 align_loss_clean: 0.043193 align_loss_backdoor: 0.072920 adv_loss: 0.066435
10-15 12:16 INFO     Round: 0 Client: 1 Epoch: 0 Loss: 0.375666 Loss1: 0.375666 Loss2: 0.000000
10-15 12:18 INFO     Round: 0 Client: 2 Epoch: 0 Loss: 0.274159 Loss1: 0.274159 Loss2: 0.000000
10-15 12:22 INFO     Round: 0 Client: 3 Epoch: 0 Loss: 0.234306 Loss1: 0.234306 Loss2: 0.000000
10-15 12:25 INFO     Round: 0 Client: 4 Epoch: 0 Loss: 0.257428 Loss1: 0.257428 Loss2: 0.000000
10-15 12:26 INFO     >> Global Model Test accuracy: 0.804500
10-15 12:26 INFO     >> Global Model Backdoor Test accuracy: 0.121300
10-15 12:26 INFO     >> Global Model sum accuracy: 0.925800
10-15 12:26 INFO      ** Training Round complete **
10-15 12:26 INFO     in comm round:1
10-15 12:34 INFO     Round: 1 Client: 0 Epoch: 0 Loss: 0.496668 loss_cls: 0.319105 align_loss_clean: 0.041090 align_loss_backdoor: 0.070332 adv_loss: 0.066141
10-15 12:36 INFO     Round: 1 Client: 1 Epoch: 0 Loss: 0.320699 Loss1: 0.286695 Loss2: 0.034004
10-15 12:39 INFO     Round: 1 Client: 2 Epoch: 0 Loss: 0.231170 Loss1: 0.197391 Loss2: 0.033779
10-15 12:43 INFO     Round: 1 Client: 3 Epoch: 0 Loss: 0.196501 Loss1: 0.165494 Loss2: 0.031008
10-15 12:48 INFO     Round: 1 Client: 4 Epoch: 0 Loss: 0.233781 Loss1: 0.200678 Loss2: 0.033103
10-15 12:48 INFO     >> Global Model Test accuracy: 0.831400
10-15 12:48 INFO     >> Global Model Backdoor Test accuracy: 0.137500
10-15 12:48 INFO     >> Global Model sum accuracy: 0.968900
10-15 12:48 INFO      ** Training Round complete **
10-15 12:48 INFO     in comm round:2
10-15 12:56 INFO     Round: 2 Client: 0 Epoch: 0 Loss: 0.422705 loss_cls: 0.249238 align_loss_clean: 0.038439 align_loss_backdoor: 0.069537 adv_loss: 0.065491
10-15 12:59 INFO     Round: 2 Client: 1 Epoch: 0 Loss: 0.318122 Loss1: 0.283535 Loss2: 0.034587
10-15 13:02 INFO     Round: 2 Client: 2 Epoch: 0 Loss: 0.225659 Loss1: 0.191045 Loss2: 0.034614
10-15 13:06 INFO     Round: 2 Client: 3 Epoch: 0 Loss: 0.216428 Loss1: 0.184960 Loss2: 0.031468
10-15 13:10 INFO     Round: 2 Client: 4 Epoch: 0 Loss: 0.256184 Loss1: 0.223103 Loss2: 0.033081
10-15 13:11 INFO     >> Global Model Test accuracy: 0.779200
10-15 13:11 INFO     >> Global Model Backdoor Test accuracy: 0.135600
10-15 13:11 INFO     >> Global Model sum accuracy: 0.914800
10-15 13:11 INFO      ** Training Round complete **
10-15 13:11 INFO     in comm round:3
10-15 13:19 INFO     Round: 3 Client: 0 Epoch: 0 Loss: 0.422076 loss_cls: 0.251303 align_loss_clean: 0.038851 align_loss_backdoor: 0.068395 adv_loss: 0.063526
10-15 13:20 INFO     Round: 3 Client: 1 Epoch: 0 Loss: 0.314592 Loss1: 0.279861 Loss2: 0.034731
10-15 13:23 INFO     Round: 3 Client: 2 Epoch: 0 Loss: 0.221399 Loss1: 0.188297 Loss2: 0.033103
10-15 13:27 INFO     Round: 3 Client: 3 Epoch: 0 Loss: 0.213094 Loss1: 0.183513 Loss2: 0.029580
10-15 13:31 INFO     Round: 3 Client: 4 Epoch: 0 Loss: 0.259500 Loss1: 0.227620 Loss2: 0.031880
10-15 13:31 INFO     >> Global Model Test accuracy: 0.687900
10-15 13:31 INFO     >> Global Model Backdoor Test accuracy: 0.177100
10-15 13:31 INFO     >> Global Model sum accuracy: 0.865000
10-15 13:31 INFO      ** Training Round complete **
10-15 13:31 INFO     in comm round:4
10-15 13:39 INFO     Round: 4 Client: 0 Epoch: 0 Loss: 0.412762 loss_cls: 0.245732 align_loss_clean: 0.037802 align_loss_backdoor: 0.068063 adv_loss: 0.061165
10-15 13:42 INFO     Round: 4 Client: 1 Epoch: 0 Loss: 0.334270 Loss1: 0.299709 Loss2: 0.034561
10-15 13:45 INFO     Round: 4 Client: 2 Epoch: 0 Loss: 0.232159 Loss1: 0.197676 Loss2: 0.034483
10-15 13:49 INFO     Round: 4 Client: 3 Epoch: 0 Loss: 0.220819 Loss1: 0.190889 Loss2: 0.029930
10-15 13:53 INFO     Round: 4 Client: 4 Epoch: 0 Loss: 0.286365 Loss1: 0.252579 Loss2: 0.033786
10-15 13:54 INFO     >> Global Model Test accuracy: 0.748000
10-15 13:54 INFO     >> Global Model Backdoor Test accuracy: 0.157300
10-15 13:54 INFO     >> Global Model sum accuracy: 0.905300
10-15 13:54 INFO      ** Training Round complete **
10-15 13:54 INFO     in comm round:5
10-15 14:02 INFO     Round: 5 Client: 0 Epoch: 0 Loss: 0.416719 loss_cls: 0.248617 align_loss_clean: 0.038948 align_loss_backdoor: 0.066818 adv_loss: 0.062336
10-15 14:05 INFO     Round: 5 Client: 1 Epoch: 0 Loss: 0.372626 Loss1: 0.338313 Loss2: 0.034312
10-15 14:08 INFO     Round: 5 Client: 2 Epoch: 0 Loss: 0.247860 Loss1: 0.215757 Loss2: 0.032103
10-15 14:12 INFO     Round: 5 Client: 3 Epoch: 0 Loss: 0.237074 Loss1: 0.207997 Loss2: 0.029078
10-15 14:16 INFO     Round: 5 Client: 4 Epoch: 0 Loss: 0.271426 Loss1: 0.240885 Loss2: 0.030541
10-15 14:16 INFO     >> Global Model Test accuracy: 0.727100
10-15 14:16 INFO     >> Global Model Backdoor Test accuracy: 0.472700
10-15 14:16 INFO     >> Global Model sum accuracy: 1.199800
10-15 14:16 INFO      ** Training Round complete **
10-15 14:16 INFO     in comm round:6
10-15 14:21 INFO     Round: 6 Client: 0 Epoch: 0 Loss: 0.379522 loss_cls: 0.215878 align_loss_clean: 0.035306 align_loss_backdoor: 0.064050 adv_loss: 0.064287
10-15 14:23 INFO     Round: 6 Client: 1 Epoch: 0 Loss: 0.403735 Loss1: 0.370678 Loss2: 0.033057
10-15 14:25 INFO     Round: 6 Client: 2 Epoch: 0 Loss: 0.293449 Loss1: 0.260756 Loss2: 0.032693
10-15 14:29 INFO     Round: 6 Client: 3 Epoch: 0 Loss: 0.248588 Loss1: 0.218451 Loss2: 0.030137
10-15 14:33 INFO     Round: 6 Client: 4 Epoch: 0 Loss: 0.332354 Loss1: 0.300025 Loss2: 0.032329
10-15 14:33 INFO     >> Global Model Test accuracy: 0.740100
10-15 14:33 INFO     >> Global Model Backdoor Test accuracy: 0.489400
10-15 14:33 INFO     >> Global Model sum accuracy: 1.229500
10-15 14:33 INFO      ** Training Round complete **
10-15 14:33 INFO     in comm round:7
10-15 14:38 INFO     Round: 7 Client: 0 Epoch: 0 Loss: 0.415393 loss_cls: 0.250338 align_loss_clean: 0.036067 align_loss_backdoor: 0.065213 adv_loss: 0.063775
10-15 14:41 INFO     Round: 7 Client: 1 Epoch: 0 Loss: 0.406074 Loss1: 0.372778 Loss2: 0.033295
10-15 14:43 INFO     Round: 7 Client: 2 Epoch: 0 Loss: 0.263881 Loss1: 0.233719 Loss2: 0.030162
10-15 14:47 INFO     Round: 7 Client: 3 Epoch: 0 Loss: 0.264450 Loss1: 0.234391 Loss2: 0.030060
10-15 14:51 INFO     Round: 7 Client: 4 Epoch: 0 Loss: 0.323387 Loss1: 0.292679 Loss2: 0.030709
10-15 14:51 INFO     >> Global Model Test accuracy: 0.758400
10-15 14:51 INFO     >> Global Model Backdoor Test accuracy: 0.628200
10-15 14:51 INFO     >> Global Model sum accuracy: 1.386600
10-15 14:51 INFO      ** Training Round complete **
10-15 14:51 INFO     in comm round:8
10-15 14:57 INFO     Round: 8 Client: 0 Epoch: 0 Loss: 0.404935 loss_cls: 0.241419 align_loss_clean: 0.035771 align_loss_backdoor: 0.063875 adv_loss: 0.063870
10-15 15:00 INFO     Round: 8 Client: 1 Epoch: 0 Loss: 0.417764 Loss1: 0.385533 Loss2: 0.032230
10-15 15:03 INFO     Round: 8 Client: 2 Epoch: 0 Loss: 0.297633 Loss1: 0.266896 Loss2: 0.030738
10-15 15:07 INFO     Round: 8 Client: 3 Epoch: 0 Loss: 0.283218 Loss1: 0.253731 Loss2: 0.029487
10-15 15:11 INFO     Round: 8 Client: 4 Epoch: 0 Loss: 0.324941 Loss1: 0.294524 Loss2: 0.030418
10-15 15:11 INFO     >> Global Model Test accuracy: 0.683200
10-15 15:11 INFO     >> Global Model Backdoor Test accuracy: 0.530900
10-15 15:11 INFO     >> Global Model sum accuracy: 1.214100
10-15 15:11 INFO      ** Training Round complete **
10-15 15:11 INFO     in comm round:9
10-15 15:16 INFO     Round: 9 Client: 0 Epoch: 0 Loss: 0.423847 loss_cls: 0.259049 align_loss_clean: 0.035941 align_loss_backdoor: 0.064423 adv_loss: 0.064434
10-15 15:19 INFO     Round: 9 Client: 1 Epoch: 0 Loss: 0.427832 Loss1: 0.396666 Loss2: 0.031166
10-15 15:24 INFO     Round: 9 Client: 2 Epoch: 0 Loss: 0.304872 Loss1: 0.275334 Loss2: 0.029539
10-15 15:28 INFO     Round: 9 Client: 3 Epoch: 0 Loss: 0.302490 Loss1: 0.272623 Loss2: 0.029867
10-15 15:32 INFO     Round: 9 Client: 4 Epoch: 0 Loss: 0.360435 Loss1: 0.328900 Loss2: 0.031535
10-15 15:32 INFO     >> Global Model Test accuracy: 0.662500
10-15 15:32 INFO     >> Global Model Backdoor Test accuracy: 0.868100
10-15 15:32 INFO     >> Global Model sum accuracy: 1.530600
10-15 15:32 INFO      ** Training Round complete **
10-15 15:32 INFO     in comm round:10
10-15 15:38 INFO     Round: 10 Client: 0 Epoch: 0 Loss: 0.393481 loss_cls: 0.231279 align_loss_clean: 0.034991 align_loss_backdoor: 0.061914 adv_loss: 0.065298
10-15 15:40 INFO     Round: 10 Client: 1 Epoch: 0 Loss: 0.482891 Loss1: 0.449540 Loss2: 0.033351
10-15 15:43 INFO     Round: 10 Client: 2 Epoch: 0 Loss: 0.336739 Loss1: 0.305746 Loss2: 0.030993
10-15 15:47 INFO     Round: 10 Client: 3 Epoch: 0 Loss: 0.303435 Loss1: 0.273678 Loss2: 0.029757
10-15 15:51 INFO     Round: 10 Client: 4 Epoch: 0 Loss: 0.355182 Loss1: 0.324720 Loss2: 0.030461
10-15 15:51 INFO     >> Global Model Test accuracy: 0.703400
10-15 15:51 INFO     >> Global Model Backdoor Test accuracy: 0.510200
10-15 15:51 INFO     >> Global Model sum accuracy: 1.213600
10-15 15:51 INFO      ** Training Round complete **
10-15 15:51 INFO     in comm round:11
10-15 15:57 INFO     Round: 11 Client: 0 Epoch: 0 Loss: 0.427740 loss_cls: 0.263887 align_loss_clean: 0.034919 align_loss_backdoor: 0.062710 adv_loss: 0.066224
10-15 16:00 INFO     Round: 11 Client: 1 Epoch: 0 Loss: 0.443491 Loss1: 0.412612 Loss2: 0.030879
10-15 16:03 INFO     Round: 11 Client: 2 Epoch: 0 Loss: 0.346967 Loss1: 0.318329 Loss2: 0.028638
10-15 16:07 INFO     Round: 11 Client: 3 Epoch: 0 Loss: 0.326214 Loss1: 0.295970 Loss2: 0.030244
10-15 16:11 INFO     Round: 11 Client: 4 Epoch: 0 Loss: 0.394168 Loss1: 0.364252 Loss2: 0.029917
10-15 16:11 INFO     >> Global Model Test accuracy: 0.641900
10-15 16:11 INFO     >> Global Model Backdoor Test accuracy: 0.876400
10-15 16:11 INFO     >> Global Model sum accuracy: 1.518300
10-15 16:11 INFO      ** Training Round complete **
10-15 16:11 INFO     in comm round:12
10-15 16:25 INFO     Round: 12 Client: 0 Epoch: 0 Loss: 0.404112 loss_cls: 0.240555 align_loss_clean: 0.035686 align_loss_backdoor: 0.062965 adv_loss: 0.064905
10-15 16:28 INFO     Round: 12 Client: 1 Epoch: 0 Loss: 0.505435 Loss1: 0.473777 Loss2: 0.031657
10-15 16:30 INFO     Round: 12 Client: 2 Epoch: 0 Loss: 0.366893 Loss1: 0.337200 Loss2: 0.029693
10-15 16:35 INFO     Round: 12 Client: 3 Epoch: 0 Loss: 0.317703 Loss1: 0.289360 Loss2: 0.028343
10-15 16:39 INFO     Round: 12 Client: 4 Epoch: 0 Loss: 0.396298 Loss1: 0.366995 Loss2: 0.029303
10-15 16:39 INFO     >> Global Model Test accuracy: 0.626800
10-15 16:39 INFO     >> Global Model Backdoor Test accuracy: 0.572000
10-15 16:39 INFO     >> Global Model sum accuracy: 1.198800
10-15 16:39 INFO      ** Training Round complete **
10-15 16:39 INFO     in comm round:13
10-15 16:44 INFO     Round: 13 Client: 0 Epoch: 0 Loss: 0.432954 loss_cls: 0.270728 align_loss_clean: 0.034680 align_loss_backdoor: 0.062374 adv_loss: 0.065173
10-15 16:46 INFO     Round: 13 Client: 1 Epoch: 0 Loss: 0.480657 Loss1: 0.449605 Loss2: 0.031052
10-15 16:49 INFO     Round: 13 Client: 2 Epoch: 0 Loss: 0.360411 Loss1: 0.332015 Loss2: 0.028397
10-15 16:53 INFO     Round: 13 Client: 3 Epoch: 0 Loss: 0.349394 Loss1: 0.320295 Loss2: 0.029099
10-15 16:57 INFO     Round: 13 Client: 4 Epoch: 0 Loss: 0.404556 Loss1: 0.375158 Loss2: 0.029398
10-15 16:57 INFO     >> Global Model Test accuracy: 0.721400
10-15 16:57 INFO     >> Global Model Backdoor Test accuracy: 0.815700
10-15 16:57 INFO     >> Global Model sum accuracy: 1.537100
10-15 16:57 INFO      ** Training Round complete **
10-15 16:57 INFO     in comm round:14
10-15 17:07 INFO     Round: 14 Client: 0 Epoch: 0 Loss: 0.401577 loss_cls: 0.240187 align_loss_clean: 0.035026 align_loss_backdoor: 0.062199 adv_loss: 0.064165
10-15 17:10 INFO     Round: 14 Client: 1 Epoch: 0 Loss: 0.532641 Loss1: 0.501529 Loss2: 0.031111
10-15 17:13 INFO     Round: 14 Client: 2 Epoch: 0 Loss: 0.399376 Loss1: 0.369514 Loss2: 0.029862
