10-24 22:38 INFO     Data statistics: {0: {0: 267, 1: 233, 2: 45, 3: 327, 4: 4, 5: 19, 6: 42, 7: 14, 8: 249, 9: 431}, 1: {0: 82, 1: 366, 2: 218, 3: 3602, 4: 1790, 5: 2351, 6: 1, 7: 510, 8: 805, 9: 803}, 2: {0: 45, 1: 2589, 2: 1343, 3: 486, 4: 2366, 5: 215, 6: 278, 7: 2225, 8: 1227, 9: 104}, 3: {0: 2023, 1: 1713, 2: 2668, 4: 109, 5: 529, 6: 965, 7: 1082, 8: 2465, 9: 2360}, 4: {0: 2583, 1: 99, 2: 726, 3: 585, 4: 731, 5: 1886, 6: 3714, 7: 1169, 8: 254, 9: 1302}}
10-24 22:38 INFO     in comm round:0
10-24 22:38 INFO     Training network 0
10-24 22:39 INFO     Epoch: 0 Loss: 2.572953
10-24 22:39 INFO     Training network 1
10-24 22:40 INFO     Epoch: 0 Loss: 0.367008
10-24 22:40 INFO     Training network 2
10-24 22:41 INFO     Epoch: 0 Loss: 0.283203
10-24 22:41 INFO     Training network 3
10-24 22:43 INFO     Epoch: 0 Loss: 0.299889
10-24 22:43 INFO     Training network 4
10-24 22:44 INFO     Epoch: 0 Loss: 0.314372
10-24 22:44 INFO     global n_training: 1562
10-24 22:44 INFO     global n_test: 313
10-24 22:44 INFO     >> Global Model Test accuracy: 0.856500
10-24 22:44 INFO     >> Global Model Test backdoor accuracy: 0.109800
10-24 22:44 INFO     in comm round:1
10-24 22:44 INFO     Training network 0
10-24 22:45 INFO     Epoch: 0 Loss: 1.812166
10-24 22:45 INFO     Training network 1
10-24 22:46 INFO     Epoch: 0 Loss: 0.303171
10-24 22:46 INFO     Training network 2
10-24 22:47 INFO     Epoch: 0 Loss: 0.197830
10-24 22:47 INFO     Training network 3
10-24 22:49 INFO     Epoch: 0 Loss: 0.207246
10-24 22:49 INFO     Training network 4
10-24 22:50 INFO     Epoch: 0 Loss: 0.232706
10-24 22:50 INFO     global n_training: 1562
10-24 22:50 INFO     global n_test: 313
10-24 22:50 INFO     >> Global Model Test accuracy: 0.863400
10-24 22:50 INFO     >> Global Model Test backdoor accuracy: 0.113800
10-24 22:50 INFO     in comm round:2
10-24 22:50 INFO     Training network 0
10-24 22:51 INFO     Epoch: 0 Loss: 1.516397
10-24 22:51 INFO     Training network 1
10-24 22:52 INFO     Epoch: 0 Loss: 0.271278
10-24 22:52 INFO     Training network 2
10-24 22:53 INFO     Epoch: 0 Loss: 0.181934
10-24 22:53 INFO     Training network 3
10-24 22:55 INFO     Epoch: 0 Loss: 0.184356
10-24 22:55 INFO     Training network 4
10-24 22:56 INFO     Epoch: 0 Loss: 0.200950
10-24 22:56 INFO     global n_training: 1562
10-24 22:56 INFO     global n_test: 313
10-24 22:56 INFO     >> Global Model Test accuracy: 0.868700
10-24 22:56 INFO     >> Global Model Test backdoor accuracy: 0.115600
10-24 22:56 INFO     in comm round:3
10-24 22:56 INFO     Training network 0
10-24 22:57 INFO     Epoch: 0 Loss: 1.373903
10-24 22:57 INFO     Training network 1
10-24 22:58 INFO     Epoch: 0 Loss: 0.252835
10-24 22:58 INFO     Training network 2
10-24 22:59 INFO     Epoch: 0 Loss: 0.164611
10-24 22:59 INFO     Training network 3
10-24 23:01 INFO     Epoch: 0 Loss: 0.171910
10-24 23:01 INFO     Training network 4
10-24 23:02 INFO     Epoch: 0 Loss: 0.190105
10-24 23:02 INFO     global n_training: 1562
10-24 23:02 INFO     global n_test: 313
10-24 23:02 INFO     >> Global Model Test accuracy: 0.870600
10-24 23:02 INFO     >> Global Model Test backdoor accuracy: 0.114200
10-24 23:02 INFO     in comm round:4
10-24 23:02 INFO     Training network 0
10-24 23:03 INFO     Epoch: 0 Loss: 1.318209
10-24 23:03 INFO     Training network 1
10-24 23:04 INFO     Epoch: 0 Loss: 0.228116
10-24 23:04 INFO     Training network 2
10-24 23:05 INFO     Epoch: 0 Loss: 0.161977
10-24 23:05 INFO     Training network 3
10-24 23:07 INFO     Epoch: 0 Loss: 0.164583
10-24 23:07 INFO     Training network 4
10-24 23:08 INFO     Epoch: 0 Loss: 0.182921
10-24 23:08 INFO     global n_training: 1562
10-24 23:08 INFO     global n_test: 313
10-24 23:08 INFO     >> Global Model Test accuracy: 0.871800
10-24 23:08 INFO     >> Global Model Test backdoor accuracy: 0.112500
10-24 23:08 INFO     in comm round:5
10-24 23:08 INFO     Training network 0
10-24 23:09 INFO     Epoch: 0 Loss: 1.254221
10-24 23:09 INFO     Training network 1
10-24 23:10 INFO     Epoch: 0 Loss: 0.220970
10-24 23:10 INFO     Training network 2
10-24 23:11 INFO     Epoch: 0 Loss: 0.145683
10-24 23:11 INFO     Training network 3
10-24 23:13 INFO     Epoch: 0 Loss: 0.157384
10-24 23:13 INFO     Training network 4
10-24 23:14 INFO     Epoch: 0 Loss: 0.172485
10-24 23:14 INFO     global n_training: 1562
10-24 23:14 INFO     global n_test: 313
10-24 23:14 INFO     >> Global Model Test accuracy: 0.875100
10-24 23:14 INFO     >> Global Model Test backdoor accuracy: 0.111700
10-24 23:14 INFO     in comm round:6
10-24 23:14 INFO     Training network 0
10-24 23:15 INFO     Epoch: 0 Loss: 1.224437
10-24 23:15 INFO     Training network 1
10-24 23:16 INFO     Epoch: 0 Loss: 0.212003
10-24 23:16 INFO     Training network 2
10-24 23:17 INFO     Epoch: 0 Loss: 0.144286
10-24 23:17 INFO     Training network 3
10-24 23:19 INFO     Epoch: 0 Loss: 0.148666
10-24 23:19 INFO     Training network 4
10-24 23:20 INFO     Epoch: 0 Loss: 0.161749
10-24 23:20 INFO     global n_training: 1562
10-24 23:20 INFO     global n_test: 313
10-24 23:20 INFO     >> Global Model Test accuracy: 0.877100
10-24 23:20 INFO     >> Global Model Test backdoor accuracy: 0.113200
10-24 23:20 INFO     in comm round:7
10-24 23:21 INFO     Training network 0
10-24 23:21 INFO     Epoch: 0 Loss: 1.206659
10-24 23:21 INFO     Training network 1
10-24 23:22 INFO     Epoch: 0 Loss: 0.202175
10-24 23:22 INFO     Training network 2
10-24 23:23 INFO     Epoch: 0 Loss: 0.135663
10-24 23:23 INFO     Training network 3
10-24 23:25 INFO     Epoch: 0 Loss: 0.141644
10-24 23:25 INFO     Training network 4
10-24 23:26 INFO     Epoch: 0 Loss: 0.157707
10-24 23:26 INFO     global n_training: 1562
10-24 23:26 INFO     global n_test: 313
10-24 23:27 INFO     >> Global Model Test accuracy: 0.876800
10-24 23:27 INFO     >> Global Model Test backdoor accuracy: 0.114700
10-24 23:27 INFO     in comm round:8
10-24 23:27 INFO     Training network 0
10-24 23:27 INFO     Epoch: 0 Loss: 1.162454
10-24 23:27 INFO     Training network 1
10-24 23:28 INFO     Epoch: 0 Loss: 0.193786
10-24 23:28 INFO     Training network 2
10-24 23:29 INFO     Epoch: 0 Loss: 0.132237
10-24 23:29 INFO     Training network 3
10-24 23:31 INFO     Epoch: 0 Loss: 0.143065
10-24 23:31 INFO     Training network 4
10-24 23:32 INFO     Epoch: 0 Loss: 0.152374
10-24 23:32 INFO     global n_training: 1562
10-24 23:32 INFO     global n_test: 313
10-24 23:32 INFO     >> Global Model Test accuracy: 0.876700
10-24 23:32 INFO     >> Global Model Test backdoor accuracy: 0.114100
10-24 23:32 INFO     in comm round:9
10-24 23:33 INFO     Training network 0
10-24 23:33 INFO     Epoch: 0 Loss: 1.139377
10-24 23:33 INFO     Training network 1
10-24 23:34 INFO     Epoch: 0 Loss: 0.184767
10-24 23:34 INFO     Training network 2
10-24 23:35 INFO     Epoch: 0 Loss: 0.128464
10-24 23:35 INFO     Training network 3
10-24 23:37 INFO     Epoch: 0 Loss: 0.131915
10-24 23:37 INFO     Training network 4
10-24 23:38 INFO     Epoch: 0 Loss: 0.141338
10-24 23:38 INFO     global n_training: 1562
10-24 23:38 INFO     global n_test: 313
10-24 23:39 INFO     >> Global Model Test accuracy: 0.876900
10-24 23:39 INFO     >> Global Model Test backdoor accuracy: 0.116400
10-24 23:39 INFO     in comm round:10
10-24 23:39 INFO     Training network 0
10-24 23:39 INFO     Epoch: 0 Loss: 1.138034
10-24 23:39 INFO     Training network 1
10-24 23:40 INFO     Epoch: 0 Loss: 0.183644
10-24 23:40 INFO     Training network 2
10-24 23:41 INFO     Epoch: 0 Loss: 0.128595
10-24 23:41 INFO     Training network 3
10-24 23:43 INFO     Epoch: 0 Loss: 0.129758
10-24 23:43 INFO     Training network 4
10-24 23:44 INFO     Epoch: 0 Loss: 0.143432
10-24 23:44 INFO     global n_training: 1562
10-24 23:44 INFO     global n_test: 313
10-24 23:45 INFO     >> Global Model Test accuracy: 0.877100
10-24 23:45 INFO     >> Global Model Test backdoor accuracy: 0.116100
10-24 23:45 INFO     in comm round:11
10-24 23:45 INFO     Training network 0
10-24 23:45 INFO     Epoch: 0 Loss: 1.115470
10-24 23:45 INFO     Training network 1
10-24 23:46 INFO     Epoch: 0 Loss: 0.173271
10-24 23:46 INFO     Training network 2
10-24 23:47 INFO     Epoch: 0 Loss: 0.113420
10-24 23:47 INFO     Training network 3
10-24 23:49 INFO     Epoch: 0 Loss: 0.126250
10-24 23:49 INFO     Training network 4
10-24 23:50 INFO     Epoch: 0 Loss: 0.141107
10-24 23:50 INFO     global n_training: 1562
10-24 23:50 INFO     global n_test: 313
10-24 23:51 INFO     >> Global Model Test accuracy: 0.880100
10-24 23:51 INFO     >> Global Model Test backdoor accuracy: 0.116700
10-24 23:51 INFO     in comm round:12
10-24 23:51 INFO     Training network 0
10-24 23:51 INFO     Epoch: 0 Loss: 1.104572
10-24 23:51 INFO     Training network 1
10-24 23:52 INFO     Epoch: 0 Loss: 0.173774
10-24 23:52 INFO     Training network 2
10-24 23:53 INFO     Epoch: 0 Loss: 0.117240
10-24 23:53 INFO     Training network 3
10-24 23:55 INFO     Epoch: 0 Loss: 0.119967
10-24 23:55 INFO     Training network 4
10-24 23:57 INFO     Epoch: 0 Loss: 0.133571
10-24 23:57 INFO     global n_training: 1562
10-24 23:57 INFO     global n_test: 313
10-24 23:57 INFO     >> Global Model Test accuracy: 0.877700
10-24 23:57 INFO     >> Global Model Test backdoor accuracy: 0.118300
10-24 23:57 INFO     in comm round:13
10-24 23:57 INFO     Training network 0
10-24 23:57 INFO     Epoch: 0 Loss: 1.064024
10-24 23:57 INFO     Training network 1
10-24 23:58 INFO     Epoch: 0 Loss: 0.163569
10-24 23:58 INFO     Training network 2
10-24 23:59 INFO     Epoch: 0 Loss: 0.113439
10-24 23:59 INFO     Training network 3
10-25 00:01 INFO     Epoch: 0 Loss: 0.116412
10-25 00:01 INFO     Training network 4
10-25 00:03 INFO     Epoch: 0 Loss: 0.131046
10-25 00:03 INFO     global n_training: 1562
10-25 00:03 INFO     global n_test: 313
10-25 00:03 INFO     >> Global Model Test accuracy: 0.877900
10-25 00:03 INFO     >> Global Model Test backdoor accuracy: 0.118600
10-25 00:03 INFO     in comm round:14
10-25 00:03 INFO     Training network 0
10-25 00:03 INFO     Epoch: 0 Loss: 1.047020
10-25 00:03 INFO     Training network 1
10-25 00:04 INFO     Epoch: 0 Loss: 0.158091
10-25 00:04 INFO     Training network 2
10-25 00:05 INFO     Epoch: 0 Loss: 0.104998
10-25 00:05 INFO     Training network 3
10-25 00:07 INFO     Epoch: 0 Loss: 0.118275
10-25 00:07 INFO     Training network 4
10-25 00:09 INFO     Epoch: 0 Loss: 0.128924
10-25 00:09 INFO     global n_training: 1562
10-25 00:09 INFO     global n_test: 313
10-25 00:09 INFO     >> Global Model Test accuracy: 0.881000
10-25 00:09 INFO     >> Global Model Test backdoor accuracy: 0.117400
10-25 00:09 INFO     in comm round:15
10-25 00:09 INFO     Training network 0
10-25 00:09 INFO     Epoch: 0 Loss: 1.059308
10-25 00:09 INFO     Training network 1
10-25 00:10 INFO     Epoch: 0 Loss: 0.152982
10-25 00:10 INFO     Training network 2
10-25 00:11 INFO     Epoch: 0 Loss: 0.100514
10-25 00:12 INFO     Training network 3
10-25 00:13 INFO     Epoch: 0 Loss: 0.114028
10-25 00:13 INFO     Training network 4
10-25 00:15 INFO     Epoch: 0 Loss: 0.120508
10-25 00:15 INFO     global n_training: 1562
10-25 00:15 INFO     global n_test: 313
10-25 00:15 INFO     >> Global Model Test accuracy: 0.880800
10-25 00:15 INFO     >> Global Model Test backdoor accuracy: 0.117600
10-25 00:15 INFO     in comm round:16
10-25 00:15 INFO     Training network 0
10-25 00:15 INFO     Epoch: 0 Loss: 1.044760
10-25 00:15 INFO     Training network 1
10-25 00:16 INFO     Epoch: 0 Loss: 0.150655
10-25 00:16 INFO     Training network 2
10-25 00:18 INFO     Epoch: 0 Loss: 0.096672
10-25 00:18 INFO     Training network 3
10-25 00:19 INFO     Epoch: 0 Loss: 0.116294
10-25 00:19 INFO     Training network 4
10-25 00:21 INFO     Epoch: 0 Loss: 0.118233
10-25 00:21 INFO     global n_training: 1562
10-25 00:21 INFO     global n_test: 313
10-25 00:21 INFO     >> Global Model Test accuracy: 0.881100
10-25 00:21 INFO     >> Global Model Test backdoor accuracy: 0.117400
10-25 00:21 INFO     in comm round:17
10-25 00:21 INFO     Training network 0
10-25 00:21 INFO     Epoch: 0 Loss: 1.021307
10-25 00:21 INFO     Training network 1
10-25 00:22 INFO     Epoch: 0 Loss: 0.153544
10-25 00:22 INFO     Training network 2
10-25 00:24 INFO     Epoch: 0 Loss: 0.095234
10-25 00:24 INFO     Training network 3
10-25 00:25 INFO     Epoch: 0 Loss: 0.108598
10-25 00:25 INFO     Training network 4
10-25 00:27 INFO     Epoch: 0 Loss: 0.122373
10-25 00:27 INFO     global n_training: 1562
10-25 00:27 INFO     global n_test: 313
10-25 00:27 INFO     >> Global Model Test accuracy: 0.879800
10-25 00:27 INFO     >> Global Model Test backdoor accuracy: 0.118500
10-25 00:27 INFO     in comm round:18
10-25 00:27 INFO     Training network 0
10-25 00:27 INFO     Epoch: 0 Loss: 1.023121
10-25 00:27 INFO     Training network 1
10-25 00:28 INFO     Epoch: 0 Loss: 0.136633
10-25 00:28 INFO     Training network 2
10-25 00:30 INFO     Epoch: 0 Loss: 0.095742
10-25 00:30 INFO     Training network 3
10-25 00:31 INFO     Epoch: 0 Loss: 0.106196
10-25 00:31 INFO     Training network 4
10-25 00:33 INFO     Epoch: 0 Loss: 0.108124
10-25 00:33 INFO     global n_training: 1562
10-25 00:33 INFO     global n_test: 313
10-25 00:33 INFO     >> Global Model Test accuracy: 0.882300
10-25 00:33 INFO     >> Global Model Test backdoor accuracy: 0.117600
10-25 00:33 INFO     in comm round:19
10-25 00:33 INFO     Training network 0
10-25 00:33 INFO     Epoch: 0 Loss: 1.007147
10-25 00:33 INFO     Training network 1
10-25 00:34 INFO     Epoch: 0 Loss: 0.139535
10-25 00:34 INFO     Training network 2
10-25 00:36 INFO     Epoch: 0 Loss: 0.093578
10-25 00:36 INFO     Training network 3
10-25 00:37 INFO     Epoch: 0 Loss: 0.104860
10-25 00:37 INFO     Training network 4
10-25 00:39 INFO     Epoch: 0 Loss: 0.110822
10-25 00:39 INFO     global n_training: 1562
10-25 00:39 INFO     global n_test: 313
10-25 00:39 INFO     >> Global Model Test accuracy: 0.882900
10-25 00:39 INFO     >> Global Model Test backdoor accuracy: 0.116300
10-25 00:39 INFO     in comm round:20
10-25 00:39 INFO     Training network 0
10-25 00:39 INFO     Epoch: 0 Loss: 0.987547
10-25 00:39 INFO     Training network 1
10-25 00:40 INFO     Epoch: 0 Loss: 0.137478
10-25 00:40 INFO     Training network 2
10-25 00:42 INFO     Epoch: 0 Loss: 0.091975
10-25 00:42 INFO     Training network 3
10-25 00:43 INFO     Epoch: 0 Loss: 0.104294
10-25 00:43 INFO     Training network 4
10-25 00:45 INFO     Epoch: 0 Loss: 0.109592
10-25 00:45 INFO     global n_training: 1562
10-25 00:45 INFO     global n_test: 313
10-25 00:45 INFO     >> Global Model Test accuracy: 0.882800
10-25 00:45 INFO     >> Global Model Test backdoor accuracy: 0.117400
10-25 00:45 INFO     in comm round:21
10-25 00:45 INFO     Training network 0
10-25 00:45 INFO     Epoch: 0 Loss: 0.963608
10-25 00:45 INFO     Training network 1
10-25 00:46 INFO     Epoch: 0 Loss: 0.132489
10-25 00:46 INFO     Training network 2
10-25 00:48 INFO     Epoch: 0 Loss: 0.086666
10-25 00:48 INFO     Training network 3
10-25 00:49 INFO     Epoch: 0 Loss: 0.097233
10-25 00:49 INFO     Training network 4
10-25 00:51 INFO     Epoch: 0 Loss: 0.104430
10-25 00:51 INFO     global n_training: 1562
10-25 00:51 INFO     global n_test: 313
10-25 00:51 INFO     >> Global Model Test accuracy: 0.883800
10-25 00:51 INFO     >> Global Model Test backdoor accuracy: 0.118100
10-25 00:51 INFO     in comm round:22
10-25 00:51 INFO     Training network 0
10-25 00:51 INFO     Epoch: 0 Loss: 0.962153
10-25 00:51 INFO     Training network 1
10-25 00:52 INFO     Epoch: 0 Loss: 0.133930
10-25 00:52 INFO     Training network 2
10-25 00:53 INFO     Epoch: 0 Loss: 0.082209
10-25 00:54 INFO     Training network 3
10-25 00:55 INFO     Epoch: 0 Loss: 0.100338
10-25 00:55 INFO     Training network 4
10-25 00:57 INFO     Epoch: 0 Loss: 0.106183
10-25 00:57 INFO     global n_training: 1562
10-25 00:57 INFO     global n_test: 313
10-25 00:57 INFO     >> Global Model Test accuracy: 0.882400
10-25 00:57 INFO     >> Global Model Test backdoor accuracy: 0.118400
10-25 00:57 INFO     in comm round:23
10-25 00:57 INFO     Training network 0
10-25 00:57 INFO     Epoch: 0 Loss: 0.963056
10-25 00:57 INFO     Training network 1
10-25 00:58 INFO     Epoch: 0 Loss: 0.125275
10-25 00:58 INFO     Training network 2
10-25 00:59 INFO     Epoch: 0 Loss: 0.085029
10-25 01:00 INFO     Training network 3
10-25 01:01 INFO     Epoch: 0 Loss: 0.097801
10-25 01:01 INFO     Training network 4
10-25 01:03 INFO     Epoch: 0 Loss: 0.100149
10-25 01:03 INFO     global n_training: 1562
10-25 01:03 INFO     global n_test: 313
10-25 01:03 INFO     >> Global Model Test accuracy: 0.883000
10-25 01:03 INFO     >> Global Model Test backdoor accuracy: 0.121300
10-25 01:03 INFO     in comm round:24
10-25 01:03 INFO     Training network 0
10-25 01:03 INFO     Epoch: 0 Loss: 0.924523
10-25 01:03 INFO     Training network 1
10-25 01:04 INFO     Epoch: 0 Loss: 0.124175
10-25 01:04 INFO     Training network 2
10-25 01:05 INFO     Epoch: 0 Loss: 0.083846
10-25 01:06 INFO     Training network 3
10-25 01:07 INFO     Epoch: 0 Loss: 0.094264
10-25 01:07 INFO     Training network 4
10-25 01:09 INFO     Epoch: 0 Loss: 0.099055
10-25 01:09 INFO     global n_training: 1562
10-25 01:09 INFO     global n_test: 313
10-25 01:09 INFO     >> Global Model Test accuracy: 0.883800
10-25 01:09 INFO     >> Global Model Test backdoor accuracy: 0.119700
10-25 01:09 INFO     in comm round:25
10-25 01:09 INFO     Training network 0
10-25 01:09 INFO     Epoch: 0 Loss: 0.927768
10-25 01:09 INFO     Training network 1
10-25 01:10 INFO     Epoch: 0 Loss: 0.121210
10-25 01:10 INFO     Training network 2
10-25 01:11 INFO     Epoch: 0 Loss: 0.084305
10-25 01:11 INFO     Training network 3
10-25 01:13 INFO     Epoch: 0 Loss: 0.088719
10-25 01:13 INFO     Training network 4
10-25 01:15 INFO     Epoch: 0 Loss: 0.093925
10-25 01:15 INFO     global n_training: 1562
10-25 01:15 INFO     global n_test: 313
10-25 01:15 INFO     >> Global Model Test accuracy: 0.884500
10-25 01:15 INFO     >> Global Model Test backdoor accuracy: 0.119700
10-25 01:15 INFO     in comm round:26
10-25 01:15 INFO     Training network 0
10-25 01:15 INFO     Epoch: 0 Loss: 0.906706
10-25 01:15 INFO     Training network 1
10-25 01:16 INFO     Epoch: 0 Loss: 0.117181
10-25 01:16 INFO     Training network 2
10-25 01:17 INFO     Epoch: 0 Loss: 0.081694
10-25 01:17 INFO     Training network 3
10-25 01:19 INFO     Epoch: 0 Loss: 0.088637
10-25 01:19 INFO     Training network 4
10-25 01:21 INFO     Epoch: 0 Loss: 0.096532
10-25 01:21 INFO     global n_training: 1562
10-25 01:21 INFO     global n_test: 313
10-25 01:21 INFO     >> Global Model Test accuracy: 0.884500
10-25 01:21 INFO     >> Global Model Test backdoor accuracy: 0.122100
10-25 01:21 INFO     in comm round:27
10-25 01:21 INFO     Training network 0
10-25 01:21 INFO     Epoch: 0 Loss: 0.885652
10-25 01:21 INFO     Training network 1
10-25 01:22 INFO     Epoch: 0 Loss: 0.120448
10-25 01:22 INFO     Training network 2
10-25 01:23 INFO     Epoch: 0 Loss: 0.073866
10-25 01:23 INFO     Training network 3
10-25 01:25 INFO     Epoch: 0 Loss: 0.089760
10-25 01:25 INFO     Training network 4
10-25 01:26 INFO     Epoch: 0 Loss: 0.092783
10-25 01:26 INFO     global n_training: 1562
10-25 01:26 INFO     global n_test: 313
10-25 01:27 INFO     >> Global Model Test accuracy: 0.884200
10-25 01:27 INFO     >> Global Model Test backdoor accuracy: 0.123400
10-25 01:27 INFO     in comm round:28
10-25 01:27 INFO     Training network 0
10-25 01:27 INFO     Epoch: 0 Loss: 0.857939
10-25 01:27 INFO     Training network 1
10-25 01:28 INFO     Epoch: 0 Loss: 0.114017
10-25 01:28 INFO     Training network 2
10-25 01:29 INFO     Epoch: 0 Loss: 0.077801
10-25 01:29 INFO     Training network 3
10-25 01:31 INFO     Epoch: 0 Loss: 0.086206
10-25 01:31 INFO     Training network 4
10-25 01:32 INFO     Epoch: 0 Loss: 0.097326
10-25 01:32 INFO     global n_training: 1562
10-25 01:32 INFO     global n_test: 313
10-25 01:33 INFO     >> Global Model Test accuracy: 0.883500
10-25 01:33 INFO     >> Global Model Test backdoor accuracy: 0.123000
10-25 01:33 INFO     in comm round:29
10-25 01:33 INFO     Training network 0
10-25 01:33 INFO     Epoch: 0 Loss: 0.870300
10-25 01:33 INFO     Training network 1
10-25 01:34 INFO     Epoch: 0 Loss: 0.106329
10-25 01:34 INFO     Training network 2
10-25 01:35 INFO     Epoch: 0 Loss: 0.078557
10-25 01:35 INFO     Training network 3
10-25 01:37 INFO     Epoch: 0 Loss: 0.091077
10-25 01:37 INFO     Training network 4
10-25 01:38 INFO     Epoch: 0 Loss: 0.089129
10-25 01:38 INFO     global n_training: 1562
10-25 01:38 INFO     global n_test: 313
10-25 01:39 INFO     >> Global Model Test accuracy: 0.885400
10-25 01:39 INFO     >> Global Model Test backdoor accuracy: 0.126400
10-25 01:39 INFO     in comm round:30
10-25 01:39 INFO     Training network 0
10-25 01:39 INFO     Epoch: 0 Loss: 0.865397
10-25 01:39 INFO     Training network 1
10-25 01:40 INFO     Epoch: 0 Loss: 0.111826
10-25 01:40 INFO     Training network 2
10-25 01:41 INFO     Epoch: 0 Loss: 0.076058
10-25 01:41 INFO     Training network 3
10-25 01:43 INFO     Epoch: 0 Loss: 0.083755
10-25 01:43 INFO     Training network 4
10-25 01:44 INFO     Epoch: 0 Loss: 0.092746
10-25 01:44 INFO     global n_training: 1562
10-25 01:44 INFO     global n_test: 313
10-25 01:45 INFO     >> Global Model Test accuracy: 0.885200
10-25 01:45 INFO     >> Global Model Test backdoor accuracy: 0.124600
10-25 01:45 INFO     in comm round:31
10-25 01:45 INFO     Training network 0
10-25 01:45 INFO     Epoch: 0 Loss: 0.837477
10-25 01:45 INFO     Training network 1
10-25 01:46 INFO     Epoch: 0 Loss: 0.101578
10-25 01:46 INFO     Training network 2
10-25 01:47 INFO     Epoch: 0 Loss: 0.073276
10-25 01:47 INFO     Training network 3
10-25 01:49 INFO     Epoch: 0 Loss: 0.082784
10-25 01:49 INFO     Training network 4
10-25 01:50 INFO     Epoch: 0 Loss: 0.087090
10-25 01:50 INFO     global n_training: 1562
10-25 01:50 INFO     global n_test: 313
10-25 01:50 INFO     >> Global Model Test accuracy: 0.885200
10-25 01:50 INFO     >> Global Model Test backdoor accuracy: 0.127800
10-25 01:50 INFO     in comm round:32
10-25 01:51 INFO     Training network 0
10-25 01:51 INFO     Epoch: 0 Loss: 0.846474
10-25 01:51 INFO     Training network 1
10-25 01:52 INFO     Epoch: 0 Loss: 0.106103
10-25 01:52 INFO     Training network 2
10-25 01:53 INFO     Epoch: 0 Loss: 0.071759
10-25 01:53 INFO     Training network 3
10-25 01:55 INFO     Epoch: 0 Loss: 0.080282
10-25 01:55 INFO     Training network 4
10-25 01:56 INFO     Epoch: 0 Loss: 0.085398
10-25 01:56 INFO     global n_training: 1562
10-25 01:56 INFO     global n_test: 313
10-25 01:56 INFO     >> Global Model Test accuracy: 0.886500
10-25 01:56 INFO     >> Global Model Test backdoor accuracy: 0.129400
10-25 01:56 INFO     in comm round:33
10-25 01:57 INFO     Training network 0
10-25 01:57 INFO     Epoch: 0 Loss: 0.811072
10-25 01:57 INFO     Training network 1
10-25 01:58 INFO     Epoch: 0 Loss: 0.098618
10-25 01:58 INFO     Training network 2
10-25 01:59 INFO     Epoch: 0 Loss: 0.067981
10-25 01:59 INFO     Training network 3
10-25 02:01 INFO     Epoch: 0 Loss: 0.083470
10-25 02:01 INFO     Training network 4
10-25 02:02 INFO     Epoch: 0 Loss: 0.084760
10-25 02:02 INFO     global n_training: 1562
10-25 02:02 INFO     global n_test: 313
10-25 02:02 INFO     >> Global Model Test accuracy: 0.886300
10-25 02:02 INFO     >> Global Model Test backdoor accuracy: 0.129600
10-25 02:02 INFO     in comm round:34
10-25 02:02 INFO     Training network 0
10-25 02:03 INFO     Epoch: 0 Loss: 0.800471
10-25 02:03 INFO     Training network 1
10-25 02:04 INFO     Epoch: 0 Loss: 0.101254
10-25 02:04 INFO     Training network 2
10-25 02:05 INFO     Epoch: 0 Loss: 0.067794
10-25 02:05 INFO     Training network 3
10-25 02:07 INFO     Epoch: 0 Loss: 0.079098
10-25 02:07 INFO     Training network 4
10-25 02:08 INFO     Epoch: 0 Loss: 0.079619
10-25 02:08 INFO     global n_training: 1562
10-25 02:08 INFO     global n_test: 313
10-25 02:08 INFO     >> Global Model Test accuracy: 0.885500
10-25 02:08 INFO     >> Global Model Test backdoor accuracy: 0.128100
10-25 02:08 INFO     in comm round:35
10-25 02:08 INFO     Training network 0
10-25 02:09 INFO     Epoch: 0 Loss: 0.783412
10-25 02:09 INFO     Training network 1
10-25 02:10 INFO     Epoch: 0 Loss: 0.098151
10-25 02:10 INFO     Training network 2
10-25 02:11 INFO     Epoch: 0 Loss: 0.066686
10-25 02:11 INFO     Training network 3
10-25 02:13 INFO     Epoch: 0 Loss: 0.078093
10-25 02:13 INFO     Training network 4
10-25 02:14 INFO     Epoch: 0 Loss: 0.088731
10-25 02:14 INFO     global n_training: 1562
10-25 02:14 INFO     global n_test: 313
10-25 02:14 INFO     >> Global Model Test accuracy: 0.884500
10-25 02:14 INFO     >> Global Model Test backdoor accuracy: 0.129900
10-25 02:14 INFO     in comm round:36
10-25 02:14 INFO     Training network 0
10-25 02:15 INFO     Epoch: 0 Loss: 0.782922
10-25 02:15 INFO     Training network 1
10-25 02:16 INFO     Epoch: 0 Loss: 0.095752
10-25 02:16 INFO     Training network 2
10-25 02:17 INFO     Epoch: 0 Loss: 0.070048
10-25 02:17 INFO     Training network 3
10-25 02:19 INFO     Epoch: 0 Loss: 0.073617
10-25 02:19 INFO     Training network 4
10-25 02:20 INFO     Epoch: 0 Loss: 0.080711
10-25 02:20 INFO     global n_training: 1562
10-25 02:20 INFO     global n_test: 313
10-25 02:20 INFO     >> Global Model Test accuracy: 0.885300
10-25 02:20 INFO     >> Global Model Test backdoor accuracy: 0.131600
10-25 02:20 INFO     in comm round:37
10-25 02:20 INFO     Training network 0
10-25 02:21 INFO     Epoch: 0 Loss: 0.784442
10-25 02:21 INFO     Training network 1
10-25 02:22 INFO     Epoch: 0 Loss: 0.091820
10-25 02:22 INFO     Training network 2
10-25 02:23 INFO     Epoch: 0 Loss: 0.066142
10-25 02:23 INFO     Training network 3
10-25 02:25 INFO     Epoch: 0 Loss: 0.074755
10-25 02:25 INFO     Training network 4
10-25 02:26 INFO     Epoch: 0 Loss: 0.079429
10-25 02:26 INFO     global n_training: 1562
10-25 02:26 INFO     global n_test: 313
10-25 02:26 INFO     >> Global Model Test accuracy: 0.884900
10-25 02:26 INFO     >> Global Model Test backdoor accuracy: 0.136800
10-25 02:26 INFO     in comm round:38
10-25 02:26 INFO     Training network 0
10-25 02:27 INFO     Epoch: 0 Loss: 0.767630
10-25 02:27 INFO     Training network 1
10-25 02:28 INFO     Epoch: 0 Loss: 0.094516
10-25 02:28 INFO     Training network 2
10-25 02:29 INFO     Epoch: 0 Loss: 0.064555
10-25 02:29 INFO     Training network 3
10-25 02:31 INFO     Epoch: 0 Loss: 0.079044
10-25 02:31 INFO     Training network 4
10-25 02:32 INFO     Epoch: 0 Loss: 0.075089
10-25 02:32 INFO     global n_training: 1562
10-25 02:32 INFO     global n_test: 313
10-25 02:32 INFO     >> Global Model Test accuracy: 0.885000
10-25 02:32 INFO     >> Global Model Test backdoor accuracy: 0.138300
10-25 02:32 INFO     in comm round:39
10-25 02:32 INFO     Training network 0
10-25 02:33 INFO     Epoch: 0 Loss: 0.746409
10-25 02:33 INFO     Training network 1
10-25 02:34 INFO     Epoch: 0 Loss: 0.092010
10-25 02:34 INFO     Training network 2
10-25 02:35 INFO     Epoch: 0 Loss: 0.064875
10-25 02:35 INFO     Training network 3
10-25 02:37 INFO     Epoch: 0 Loss: 0.073405
10-25 02:37 INFO     Training network 4
10-25 02:38 INFO     Epoch: 0 Loss: 0.081377
10-25 02:38 INFO     global n_training: 1562
10-25 02:38 INFO     global n_test: 313
10-25 02:38 INFO     >> Global Model Test accuracy: 0.886700
10-25 02:38 INFO     >> Global Model Test backdoor accuracy: 0.134200
10-25 02:38 INFO     in comm round:40
10-25 02:38 INFO     Training network 0
10-25 02:39 INFO     Epoch: 0 Loss: 0.709128
10-25 02:39 INFO     Training network 1
10-25 02:40 INFO     Epoch: 0 Loss: 0.086242
10-25 02:40 INFO     Training network 2
10-25 02:41 INFO     Epoch: 0 Loss: 0.062767
10-25 02:41 INFO     Training network 3
10-25 02:43 INFO     Epoch: 0 Loss: 0.070852
10-25 02:43 INFO     Training network 4
10-25 02:44 INFO     Epoch: 0 Loss: 0.071040
10-25 02:44 INFO     global n_training: 1562
10-25 02:44 INFO     global n_test: 313
10-25 02:44 INFO     >> Global Model Test accuracy: 0.885400
10-25 02:44 INFO     >> Global Model Test backdoor accuracy: 0.141600
10-25 02:44 INFO     in comm round:41
10-25 02:44 INFO     Training network 0
10-25 02:45 INFO     Epoch: 0 Loss: 0.715098
10-25 02:45 INFO     Training network 1
10-25 02:46 INFO     Epoch: 0 Loss: 0.087946
10-25 02:46 INFO     Training network 2
10-25 02:47 INFO     Epoch: 0 Loss: 0.061316
10-25 02:47 INFO     Training network 3
10-25 02:49 INFO     Epoch: 0 Loss: 0.068821
10-25 02:49 INFO     Training network 4
10-25 02:50 INFO     Epoch: 0 Loss: 0.072038
10-25 02:50 INFO     global n_training: 1562
10-25 02:50 INFO     global n_test: 313
10-25 02:50 INFO     >> Global Model Test accuracy: 0.886000
10-25 02:50 INFO     >> Global Model Test backdoor accuracy: 0.141300
10-25 02:50 INFO     in comm round:42
10-25 02:50 INFO     Training network 0
10-25 02:51 INFO     Epoch: 0 Loss: 0.692783
10-25 02:51 INFO     Training network 1
10-25 02:52 INFO     Epoch: 0 Loss: 0.088549
10-25 02:52 INFO     Training network 2
10-25 02:53 INFO     Epoch: 0 Loss: 0.061949
10-25 02:53 INFO     Training network 3
10-25 02:55 INFO     Epoch: 0 Loss: 0.073167
10-25 02:55 INFO     Training network 4
10-25 02:56 INFO     Epoch: 0 Loss: 0.074146
10-25 02:56 INFO     global n_training: 1562
10-25 02:56 INFO     global n_test: 313
10-25 02:56 INFO     >> Global Model Test accuracy: 0.884800
10-25 02:56 INFO     >> Global Model Test backdoor accuracy: 0.143700
10-25 02:56 INFO     in comm round:43
10-25 02:56 INFO     Training network 0
10-25 02:56 INFO     Epoch: 0 Loss: 0.673880
10-25 02:57 INFO     Training network 1
10-25 02:58 INFO     Epoch: 0 Loss: 0.095638
10-25 02:58 INFO     Training network 2
10-25 02:59 INFO     Epoch: 0 Loss: 0.059288
10-25 02:59 INFO     Training network 3
10-25 03:01 INFO     Epoch: 0 Loss: 0.072053
10-25 03:01 INFO     Training network 4
10-25 03:02 INFO     Epoch: 0 Loss: 0.076412
10-25 03:02 INFO     global n_training: 1562
10-25 03:02 INFO     global n_test: 313
10-25 03:02 INFO     >> Global Model Test accuracy: 0.886100
10-25 03:02 INFO     >> Global Model Test backdoor accuracy: 0.144500
10-25 03:02 INFO     in comm round:44
10-25 03:02 INFO     Training network 0
10-25 03:02 INFO     Epoch: 0 Loss: 0.662365
10-25 03:03 INFO     Training network 1
10-25 03:04 INFO     Epoch: 0 Loss: 0.081361
10-25 03:04 INFO     Training network 2
10-25 03:05 INFO     Epoch: 0 Loss: 0.058432
10-25 03:05 INFO     Training network 3
10-25 03:07 INFO     Epoch: 0 Loss: 0.068374
10-25 03:07 INFO     Training network 4
10-25 03:08 INFO     Epoch: 0 Loss: 0.070449
10-25 03:08 INFO     global n_training: 1562
10-25 03:08 INFO     global n_test: 313
10-25 03:08 INFO     >> Global Model Test accuracy: 0.887000
10-25 03:08 INFO     >> Global Model Test backdoor accuracy: 0.146900
10-25 03:08 INFO     in comm round:45
10-25 03:08 INFO     Training network 0
10-25 03:08 INFO     Epoch: 0 Loss: 0.654932
10-25 03:09 INFO     Training network 1
10-25 03:10 INFO     Epoch: 0 Loss: 0.080148
10-25 03:10 INFO     Training network 2
10-25 03:11 INFO     Epoch: 0 Loss: 0.054925
10-25 03:11 INFO     Training network 3
10-25 03:13 INFO     Epoch: 0 Loss: 0.069827
10-25 03:13 INFO     Training network 4
10-25 03:14 INFO     Epoch: 0 Loss: 0.069666
10-25 03:14 INFO     global n_training: 1562
10-25 03:14 INFO     global n_test: 313
10-25 03:14 INFO     >> Global Model Test accuracy: 0.886200
10-25 03:14 INFO     >> Global Model Test backdoor accuracy: 0.151300
10-25 03:14 INFO     in comm round:46
10-25 03:14 INFO     Training network 0
10-25 03:14 INFO     Epoch: 0 Loss: 0.627314
10-25 03:14 INFO     Training network 1
10-25 03:16 INFO     Epoch: 0 Loss: 0.084253
10-25 03:16 INFO     Training network 2
10-25 03:17 INFO     Epoch: 0 Loss: 0.055817
10-25 03:17 INFO     Training network 3
10-25 03:19 INFO     Epoch: 0 Loss: 0.070576
10-25 03:19 INFO     Training network 4
10-25 03:20 INFO     Epoch: 0 Loss: 0.062911
10-25 03:20 INFO     global n_training: 1562
10-25 03:20 INFO     global n_test: 313
10-25 03:20 INFO     >> Global Model Test accuracy: 0.885200
10-25 03:20 INFO     >> Global Model Test backdoor accuracy: 0.155200
10-25 03:20 INFO     in comm round:47
10-25 03:20 INFO     Training network 0
10-25 03:20 INFO     Epoch: 0 Loss: 0.615352
10-25 03:20 INFO     Training network 1
10-25 03:22 INFO     Epoch: 0 Loss: 0.081842
10-25 03:22 INFO     Training network 2
10-25 03:23 INFO     Epoch: 0 Loss: 0.054487
10-25 03:23 INFO     Training network 3
10-25 03:25 INFO     Epoch: 0 Loss: 0.062944
10-25 03:25 INFO     Training network 4
10-25 03:26 INFO     Epoch: 0 Loss: 0.071723
10-25 03:26 INFO     global n_training: 1562
10-25 03:26 INFO     global n_test: 313
10-25 03:26 INFO     >> Global Model Test accuracy: 0.886500
10-25 03:26 INFO     >> Global Model Test backdoor accuracy: 0.155500
10-25 03:26 INFO     in comm round:48
10-25 03:26 INFO     Training network 0
10-25 03:26 INFO     Epoch: 0 Loss: 0.620794
10-25 03:26 INFO     Training network 1
10-25 03:28 INFO     Epoch: 0 Loss: 0.079221
10-25 03:28 INFO     Training network 2
10-25 03:29 INFO     Epoch: 0 Loss: 0.056163
10-25 03:29 INFO     Training network 3
10-25 03:31 INFO     Epoch: 0 Loss: 0.067198
10-25 03:31 INFO     Training network 4
10-25 03:32 INFO     Epoch: 0 Loss: 0.068753
10-25 03:32 INFO     global n_training: 1562
10-25 03:32 INFO     global n_test: 313
10-25 03:32 INFO     >> Global Model Test accuracy: 0.885100
10-25 03:32 INFO     >> Global Model Test backdoor accuracy: 0.157600
10-25 03:32 INFO     in comm round:49
10-25 03:32 INFO     Training network 0
10-25 03:32 INFO     Epoch: 0 Loss: 0.583445
10-25 03:32 INFO     Training network 1
10-25 03:34 INFO     Epoch: 0 Loss: 0.078734
10-25 03:34 INFO     Training network 2
10-25 03:35 INFO     Epoch: 0 Loss: 0.056295
10-25 03:35 INFO     Training network 3
10-25 03:36 INFO     Epoch: 0 Loss: 0.065850
10-25 03:37 INFO     Training network 4
10-25 03:38 INFO     Epoch: 0 Loss: 0.065310
10-25 03:38 INFO     global n_training: 1562
10-25 03:38 INFO     global n_test: 313
10-25 03:38 INFO     >> Global Model Test accuracy: 0.886600
10-25 03:38 INFO     >> Global Model Test backdoor accuracy: 0.162300
10-25 03:38 INFO     in comm round:50
10-25 03:38 INFO     Training network 0
10-25 03:38 INFO     Epoch: 0 Loss: 0.579347
10-25 03:38 INFO     Training network 1
10-25 03:40 INFO     Epoch: 0 Loss: 0.076220
10-25 03:40 INFO     Training network 2
10-25 03:41 INFO     Epoch: 0 Loss: 0.051884
10-25 03:41 INFO     Training network 3
10-25 03:42 INFO     Epoch: 0 Loss: 0.065419
10-25 03:43 INFO     Training network 4
10-25 03:44 INFO     Epoch: 0 Loss: 0.062555
10-25 03:44 INFO     global n_training: 1562
10-25 03:44 INFO     global n_test: 313
10-25 03:44 INFO     >> Global Model Test accuracy: 0.887000
10-25 03:44 INFO     >> Global Model Test backdoor accuracy: 0.161800
10-25 03:44 INFO     in comm round:51
10-25 03:44 INFO     Training network 0
10-25 03:44 INFO     Epoch: 0 Loss: 0.589888
10-25 03:44 INFO     Training network 1
10-25 03:46 INFO     Epoch: 0 Loss: 0.075513
10-25 03:46 INFO     Training network 2
10-25 03:47 INFO     Epoch: 0 Loss: 0.051343
10-25 03:47 INFO     Training network 3
10-25 03:48 INFO     Epoch: 0 Loss: 0.059765
10-25 03:48 INFO     Training network 4
10-25 03:50 INFO     Epoch: 0 Loss: 0.066714
10-25 03:50 INFO     global n_training: 1562
10-25 03:50 INFO     global n_test: 313
10-25 03:50 INFO     >> Global Model Test accuracy: 0.885400
10-25 03:50 INFO     >> Global Model Test backdoor accuracy: 0.166100
10-25 03:50 INFO     in comm round:52
10-25 03:50 INFO     Training network 0
10-25 03:50 INFO     Epoch: 0 Loss: 0.579892
10-25 03:50 INFO     Training network 1
10-25 03:52 INFO     Epoch: 0 Loss: 0.076387
10-25 03:52 INFO     Training network 2
10-25 03:53 INFO     Epoch: 0 Loss: 0.053533
10-25 03:53 INFO     Training network 3
10-25 03:54 INFO     Epoch: 0 Loss: 0.065762
10-25 03:54 INFO     Training network 4
10-25 03:56 INFO     Epoch: 0 Loss: 0.066576
10-25 03:56 INFO     global n_training: 1562
10-25 03:56 INFO     global n_test: 313
10-25 03:56 INFO     >> Global Model Test accuracy: 0.885500
10-25 03:56 INFO     >> Global Model Test backdoor accuracy: 0.171800
10-25 03:56 INFO     in comm round:53
10-25 03:56 INFO     Training network 0
10-25 03:56 INFO     Epoch: 0 Loss: 0.552563
10-25 03:56 INFO     Training network 1
10-25 03:58 INFO     Epoch: 0 Loss: 0.077492
10-25 03:58 INFO     Training network 2
10-25 03:59 INFO     Epoch: 0 Loss: 0.052505
10-25 03:59 INFO     Training network 3
10-25 04:00 INFO     Epoch: 0 Loss: 0.060439
10-25 04:00 INFO     Training network 4
10-25 04:02 INFO     Epoch: 0 Loss: 0.066200
10-25 04:02 INFO     global n_training: 1562
10-25 04:02 INFO     global n_test: 313
10-25 04:02 INFO     >> Global Model Test accuracy: 0.887600
10-25 04:02 INFO     >> Global Model Test backdoor accuracy: 0.172100
10-25 04:02 INFO     in comm round:54
10-25 04:02 INFO     Training network 0
10-25 04:02 INFO     Epoch: 0 Loss: 0.548297
10-25 04:02 INFO     Training network 1
10-25 04:04 INFO     Epoch: 0 Loss: 0.074707
10-25 04:04 INFO     Training network 2
10-25 04:05 INFO     Epoch: 0 Loss: 0.050714
10-25 04:05 INFO     Training network 3
10-25 04:06 INFO     Epoch: 0 Loss: 0.060768
10-25 04:06 INFO     Training network 4
10-25 04:08 INFO     Epoch: 0 Loss: 0.062044
10-25 04:08 INFO     global n_training: 1562
10-25 04:08 INFO     global n_test: 313
10-25 04:08 INFO     >> Global Model Test accuracy: 0.886700
10-25 04:08 INFO     >> Global Model Test backdoor accuracy: 0.176700
10-25 04:08 INFO     in comm round:55
10-25 04:08 INFO     Training network 0
10-25 04:08 INFO     Epoch: 0 Loss: 0.545767
10-25 04:08 INFO     Training network 1
10-25 04:10 INFO     Epoch: 0 Loss: 0.071831
10-25 04:10 INFO     Training network 2
10-25 04:11 INFO     Epoch: 0 Loss: 0.052490
10-25 04:11 INFO     Training network 3
10-25 04:12 INFO     Epoch: 0 Loss: 0.058879
10-25 04:12 INFO     Training network 4
10-25 04:14 INFO     Epoch: 0 Loss: 0.061593
10-25 04:14 INFO     global n_training: 1562
10-25 04:14 INFO     global n_test: 313
10-25 04:14 INFO     >> Global Model Test accuracy: 0.886200
10-25 04:14 INFO     >> Global Model Test backdoor accuracy: 0.175000
10-25 04:14 INFO     in comm round:56
10-25 04:14 INFO     Training network 0
10-25 04:14 INFO     Epoch: 0 Loss: 0.530696
10-25 04:14 INFO     Training network 1
10-25 04:16 INFO     Epoch: 0 Loss: 0.071776
10-25 04:16 INFO     Training network 2
10-25 04:17 INFO     Epoch: 0 Loss: 0.050916
10-25 04:17 INFO     Training network 3
10-25 04:18 INFO     Epoch: 0 Loss: 0.060900
10-25 04:18 INFO     Training network 4
10-25 04:20 INFO     Epoch: 0 Loss: 0.056809
10-25 04:20 INFO     global n_training: 1562
10-25 04:20 INFO     global n_test: 313
10-25 04:20 INFO     >> Global Model Test accuracy: 0.885700
10-25 04:20 INFO     >> Global Model Test backdoor accuracy: 0.181500
10-25 04:20 INFO     in comm round:57
10-25 04:20 INFO     Training network 0
10-25 04:20 INFO     Epoch: 0 Loss: 0.508721
10-25 04:20 INFO     Training network 1
10-25 04:21 INFO     Epoch: 0 Loss: 0.067947
10-25 04:22 INFO     Training network 2
10-25 04:23 INFO     Epoch: 0 Loss: 0.051553
10-25 04:23 INFO     Training network 3
10-25 04:24 INFO     Epoch: 0 Loss: 0.060653
10-25 04:24 INFO     Training network 4
10-25 04:26 INFO     Epoch: 0 Loss: 0.059886
10-25 04:26 INFO     global n_training: 1562
10-25 04:26 INFO     global n_test: 313
10-25 04:26 INFO     >> Global Model Test accuracy: 0.886200
10-25 04:26 INFO     >> Global Model Test backdoor accuracy: 0.182600
10-25 04:26 INFO     in comm round:58
10-25 04:26 INFO     Training network 0
10-25 04:26 INFO     Epoch: 0 Loss: 0.504722
10-25 04:26 INFO     Training network 1
10-25 04:27 INFO     Epoch: 0 Loss: 0.071160
10-25 04:28 INFO     Training network 2
10-25 04:29 INFO     Epoch: 0 Loss: 0.045846
10-25 04:29 INFO     Training network 3
10-25 04:30 INFO     Epoch: 0 Loss: 0.060763
10-25 04:30 INFO     Training network 4
10-25 04:32 INFO     Epoch: 0 Loss: 0.059498
10-25 04:32 INFO     global n_training: 1562
10-25 04:32 INFO     global n_test: 313
10-25 04:32 INFO     >> Global Model Test accuracy: 0.886200
10-25 04:32 INFO     >> Global Model Test backdoor accuracy: 0.190600
10-25 04:32 INFO     in comm round:59
10-25 04:32 INFO     Training network 0
10-25 04:32 INFO     Epoch: 0 Loss: 0.495419
10-25 04:32 INFO     Training network 1
10-25 04:34 INFO     Epoch: 0 Loss: 0.069419
10-25 04:34 INFO     Training network 2
10-25 04:35 INFO     Epoch: 0 Loss: 0.051182
10-25 04:35 INFO     Training network 3
10-25 04:37 INFO     Epoch: 0 Loss: 0.053248
10-25 04:37 INFO     Training network 4
10-25 04:38 INFO     Epoch: 0 Loss: 0.056531
10-25 04:38 INFO     global n_training: 1562
10-25 04:38 INFO     global n_test: 313
10-25 04:38 INFO     >> Global Model Test accuracy: 0.886400
10-25 04:38 INFO     >> Global Model Test backdoor accuracy: 0.189900
10-25 04:38 INFO     in comm round:60
10-25 04:38 INFO     Training network 0
10-25 04:39 INFO     Epoch: 0 Loss: 0.477679
10-25 04:39 INFO     Training network 1
10-25 04:40 INFO     Epoch: 0 Loss: 0.066091
10-25 04:40 INFO     Training network 2
10-25 04:41 INFO     Epoch: 0 Loss: 0.050980
10-25 04:41 INFO     Training network 3
10-25 04:43 INFO     Epoch: 0 Loss: 0.056641
10-25 04:43 INFO     Training network 4
10-25 04:44 INFO     Epoch: 0 Loss: 0.062073
10-25 04:44 INFO     global n_training: 1562
10-25 04:44 INFO     global n_test: 313
10-25 04:44 INFO     >> Global Model Test accuracy: 0.886000
10-25 04:44 INFO     >> Global Model Test backdoor accuracy: 0.197500
10-25 04:44 INFO     in comm round:61
10-25 04:44 INFO     Training network 0
10-25 04:45 INFO     Epoch: 0 Loss: 0.475610
10-25 04:45 INFO     Training network 1
10-25 04:46 INFO     Epoch: 0 Loss: 0.064066
10-25 04:46 INFO     Training network 2
10-25 04:47 INFO     Epoch: 0 Loss: 0.043428
10-25 04:47 INFO     Training network 3
10-25 04:49 INFO     Epoch: 0 Loss: 0.054503
10-25 04:49 INFO     Training network 4
10-25 04:50 INFO     Epoch: 0 Loss: 0.053238
10-25 04:50 INFO     global n_training: 1562
10-25 04:50 INFO     global n_test: 313
10-25 04:50 INFO     >> Global Model Test accuracy: 0.886700
10-25 04:50 INFO     >> Global Model Test backdoor accuracy: 0.190800
10-25 04:50 INFO     in comm round:62
10-25 04:50 INFO     Training network 0
10-25 04:50 INFO     Epoch: 0 Loss: 0.468854
10-25 04:51 INFO     Training network 1
10-25 04:52 INFO     Epoch: 0 Loss: 0.065651
10-25 04:52 INFO     Training network 2
10-25 04:53 INFO     Epoch: 0 Loss: 0.048444
10-25 04:53 INFO     Training network 3
10-25 04:55 INFO     Epoch: 0 Loss: 0.054383
10-25 04:55 INFO     Training network 4
10-25 04:56 INFO     Epoch: 0 Loss: 0.056143
10-25 04:56 INFO     global n_training: 1562
10-25 04:56 INFO     global n_test: 313
10-25 04:56 INFO     >> Global Model Test accuracy: 0.885700
10-25 04:56 INFO     >> Global Model Test backdoor accuracy: 0.200300
10-25 04:56 INFO     in comm round:63
10-25 04:56 INFO     Training network 0
10-25 04:56 INFO     Epoch: 0 Loss: 0.465059
10-25 04:57 INFO     Training network 1
10-25 04:58 INFO     Epoch: 0 Loss: 0.064993
10-25 04:58 INFO     Training network 2
10-25 04:59 INFO     Epoch: 0 Loss: 0.049837
10-25 04:59 INFO     Training network 3
10-25 05:01 INFO     Epoch: 0 Loss: 0.055911
10-25 05:01 INFO     Training network 4
10-25 05:02 INFO     Epoch: 0 Loss: 0.053451
10-25 05:02 INFO     global n_training: 1562
10-25 05:02 INFO     global n_test: 313
10-25 05:02 INFO     >> Global Model Test accuracy: 0.886000
10-25 05:02 INFO     >> Global Model Test backdoor accuracy: 0.209200
10-25 05:02 INFO     in comm round:64
10-25 05:02 INFO     Training network 0
10-25 05:02 INFO     Epoch: 0 Loss: 0.444356
10-25 05:03 INFO     Training network 1
10-25 05:04 INFO     Epoch: 0 Loss: 0.066014
10-25 05:04 INFO     Training network 2
10-25 05:05 INFO     Epoch: 0 Loss: 0.043848
10-25 05:05 INFO     Training network 3
10-25 05:07 INFO     Epoch: 0 Loss: 0.052770
10-25 05:07 INFO     Training network 4
10-25 05:08 INFO     Epoch: 0 Loss: 0.053225
10-25 05:08 INFO     global n_training: 1562
10-25 05:08 INFO     global n_test: 313
10-25 05:08 INFO     >> Global Model Test accuracy: 0.887200
10-25 05:08 INFO     >> Global Model Test backdoor accuracy: 0.212900
10-25 05:08 INFO     in comm round:65
10-25 05:08 INFO     Training network 0
10-25 05:08 INFO     Epoch: 0 Loss: 0.450518
10-25 05:08 INFO     Training network 1
10-25 05:10 INFO     Epoch: 0 Loss: 0.065545
10-25 05:10 INFO     Training network 2
10-25 05:11 INFO     Epoch: 0 Loss: 0.044480
10-25 05:11 INFO     Training network 3
10-25 05:13 INFO     Epoch: 0 Loss: 0.055083
10-25 05:13 INFO     Training network 4
10-25 05:14 INFO     Epoch: 0 Loss: 0.052924
10-25 05:14 INFO     global n_training: 1562
10-25 05:14 INFO     global n_test: 313
10-25 05:14 INFO     >> Global Model Test accuracy: 0.885900
10-25 05:14 INFO     >> Global Model Test backdoor accuracy: 0.220300
10-25 05:14 INFO     in comm round:66
10-25 05:14 INFO     Training network 0
10-25 05:14 INFO     Epoch: 0 Loss: 0.435489
10-25 05:14 INFO     Training network 1
10-25 05:16 INFO     Epoch: 0 Loss: 0.060179
10-25 05:16 INFO     Training network 2
10-25 05:17 INFO     Epoch: 0 Loss: 0.045001
10-25 05:17 INFO     Training network 3
10-25 05:19 INFO     Epoch: 0 Loss: 0.055202
10-25 05:19 INFO     Training network 4
10-25 05:20 INFO     Epoch: 0 Loss: 0.050884
10-25 05:20 INFO     global n_training: 1562
10-25 05:20 INFO     global n_test: 313
10-25 05:20 INFO     >> Global Model Test accuracy: 0.886500
10-25 05:20 INFO     >> Global Model Test backdoor accuracy: 0.224100
10-25 05:20 INFO     in comm round:67
10-25 05:20 INFO     Training network 0
10-25 05:20 INFO     Epoch: 0 Loss: 0.441309
10-25 05:20 INFO     Training network 1
10-25 05:22 INFO     Epoch: 0 Loss: 0.054368
10-25 05:22 INFO     Training network 2
10-25 05:23 INFO     Epoch: 0 Loss: 0.041538
10-25 05:23 INFO     Training network 3
10-25 05:25 INFO     Epoch: 0 Loss: 0.054670
10-25 05:25 INFO     Training network 4
10-25 05:26 INFO     Epoch: 0 Loss: 0.055485
10-25 05:26 INFO     global n_training: 1562
10-25 05:26 INFO     global n_test: 313
10-25 05:26 INFO     >> Global Model Test accuracy: 0.886900
10-25 05:26 INFO     >> Global Model Test backdoor accuracy: 0.231400
10-25 05:26 INFO     in comm round:68
10-25 05:26 INFO     Training network 0
10-25 05:26 INFO     Epoch: 0 Loss: 0.402886
10-25 05:26 INFO     Training network 1
10-25 05:28 INFO     Epoch: 0 Loss: 0.055367
10-25 05:28 INFO     Training network 2
10-25 05:29 INFO     Epoch: 0 Loss: 0.042323
10-25 05:29 INFO     Training network 3
10-25 05:31 INFO     Epoch: 0 Loss: 0.055228
10-25 05:31 INFO     Training network 4
10-25 05:32 INFO     Epoch: 0 Loss: 0.054868
10-25 05:32 INFO     global n_training: 1562
10-25 05:32 INFO     global n_test: 313
10-25 05:32 INFO     >> Global Model Test accuracy: 0.885200
10-25 05:32 INFO     >> Global Model Test backdoor accuracy: 0.230200
10-25 05:32 INFO     in comm round:69
10-25 05:32 INFO     Training network 0
10-25 05:32 INFO     Epoch: 0 Loss: 0.391974
10-25 05:32 INFO     Training network 1
10-25 05:34 INFO     Epoch: 0 Loss: 0.059323
10-25 05:34 INFO     Training network 2
10-25 05:35 INFO     Epoch: 0 Loss: 0.042158
10-25 05:35 INFO     Training network 3
10-25 05:36 INFO     Epoch: 0 Loss: 0.052895
10-25 05:37 INFO     Training network 4
10-25 05:38 INFO     Epoch: 0 Loss: 0.052116
10-25 05:38 INFO     global n_training: 1562
10-25 05:38 INFO     global n_test: 313
10-25 05:38 INFO     >> Global Model Test accuracy: 0.887100
10-25 05:38 INFO     >> Global Model Test backdoor accuracy: 0.234700
10-25 05:38 INFO     in comm round:70
10-25 05:38 INFO     Training network 0
10-25 05:38 INFO     Epoch: 0 Loss: 0.411672
10-25 05:38 INFO     Training network 1
10-25 05:40 INFO     Epoch: 0 Loss: 0.063966
10-25 05:40 INFO     Training network 2
10-25 05:41 INFO     Epoch: 0 Loss: 0.041197
10-25 05:41 INFO     Training network 3
10-25 05:42 INFO     Epoch: 0 Loss: 0.048515
10-25 05:42 INFO     Training network 4
10-25 05:44 INFO     Epoch: 0 Loss: 0.051040
10-25 05:44 INFO     global n_training: 1562
10-25 05:44 INFO     global n_test: 313
10-25 05:44 INFO     >> Global Model Test accuracy: 0.885600
10-25 05:44 INFO     >> Global Model Test backdoor accuracy: 0.242200
10-25 05:44 INFO     in comm round:71
10-25 05:44 INFO     Training network 0
10-25 05:44 INFO     Epoch: 0 Loss: 0.405693
10-25 05:44 INFO     Training network 1
10-25 05:46 INFO     Epoch: 0 Loss: 0.056840
10-25 05:46 INFO     Training network 2
10-25 05:47 INFO     Epoch: 0 Loss: 0.041710
10-25 05:47 INFO     Training network 3
10-25 05:48 INFO     Epoch: 0 Loss: 0.050573
10-25 05:48 INFO     Training network 4
10-25 05:50 INFO     Epoch: 0 Loss: 0.050644
10-25 05:50 INFO     global n_training: 1562
10-25 05:50 INFO     global n_test: 313
10-25 05:50 INFO     >> Global Model Test accuracy: 0.884900
10-25 05:50 INFO     >> Global Model Test backdoor accuracy: 0.250500
10-25 05:50 INFO     in comm round:72
10-25 05:50 INFO     Training network 0
10-25 05:50 INFO     Epoch: 0 Loss: 0.378777
10-25 05:50 INFO     Training network 1
10-25 05:52 INFO     Epoch: 0 Loss: 0.058431
10-25 05:52 INFO     Training network 2
10-25 05:53 INFO     Epoch: 0 Loss: 0.044987
10-25 05:53 INFO     Training network 3
10-25 05:54 INFO     Epoch: 0 Loss: 0.048450
10-25 05:54 INFO     Training network 4
10-25 05:56 INFO     Epoch: 0 Loss: 0.051083
10-25 05:56 INFO     global n_training: 1562
10-25 05:56 INFO     global n_test: 313
10-25 05:56 INFO     >> Global Model Test accuracy: 0.884300
10-25 05:56 INFO     >> Global Model Test backdoor accuracy: 0.261400
10-25 05:56 INFO     in comm round:73
10-25 05:56 INFO     Training network 0
10-25 05:56 INFO     Epoch: 0 Loss: 0.401620
10-25 05:56 INFO     Training network 1
10-25 05:57 INFO     Epoch: 0 Loss: 0.056288
10-25 05:58 INFO     Training network 2
10-25 05:59 INFO     Epoch: 0 Loss: 0.040322
10-25 05:59 INFO     Training network 3
10-25 06:00 INFO     Epoch: 0 Loss: 0.048019
10-25 06:00 INFO     Training network 4
10-25 06:02 INFO     Epoch: 0 Loss: 0.050536
10-25 06:02 INFO     global n_training: 1562
10-25 06:02 INFO     global n_test: 313
10-25 06:02 INFO     >> Global Model Test accuracy: 0.884900
10-25 06:02 INFO     >> Global Model Test backdoor accuracy: 0.258200
10-25 06:02 INFO     in comm round:74
10-25 06:02 INFO     Training network 0
10-25 06:02 INFO     Epoch: 0 Loss: 0.357494
10-25 06:02 INFO     Training network 1
10-25 06:03 INFO     Epoch: 0 Loss: 0.054096
10-25 06:04 INFO     Training network 2
10-25 06:05 INFO     Epoch: 0 Loss: 0.041568
10-25 06:05 INFO     Training network 3
10-25 06:06 INFO     Epoch: 0 Loss: 0.050607
10-25 06:06 INFO     Training network 4
10-25 06:08 INFO     Epoch: 0 Loss: 0.050695
10-25 06:08 INFO     global n_training: 1562
10-25 06:08 INFO     global n_test: 313
10-25 06:08 INFO     >> Global Model Test accuracy: 0.884500
10-25 06:08 INFO     >> Global Model Test backdoor accuracy: 0.264200
10-25 06:08 INFO     in comm round:75
10-25 06:08 INFO     Training network 0
10-25 06:08 INFO     Epoch: 0 Loss: 0.348810
10-25 06:08 INFO     Training network 1
10-25 06:09 INFO     Epoch: 0 Loss: 0.057341
10-25 06:10 INFO     Training network 2
10-25 06:11 INFO     Epoch: 0 Loss: 0.039880
10-25 06:11 INFO     Training network 3
10-25 06:12 INFO     Epoch: 0 Loss: 0.048587
10-25 06:12 INFO     Training network 4
10-25 06:14 INFO     Epoch: 0 Loss: 0.044930
10-25 06:14 INFO     global n_training: 1562
10-25 06:14 INFO     global n_test: 313
10-25 06:14 INFO     >> Global Model Test accuracy: 0.885600
10-25 06:14 INFO     >> Global Model Test backdoor accuracy: 0.275400
10-25 06:14 INFO     in comm round:76
10-25 06:14 INFO     Training network 0
10-25 06:14 INFO     Epoch: 0 Loss: 0.354082
10-25 06:14 INFO     Training network 1
10-25 06:15 INFO     Epoch: 0 Loss: 0.054251
10-25 06:16 INFO     Training network 2
10-25 06:17 INFO     Epoch: 0 Loss: 0.038612
10-25 06:17 INFO     Training network 3
10-25 06:18 INFO     Epoch: 0 Loss: 0.050937
10-25 06:18 INFO     Training network 4
10-25 06:20 INFO     Epoch: 0 Loss: 0.049590
10-25 06:20 INFO     global n_training: 1562
10-25 06:20 INFO     global n_test: 313
10-25 06:20 INFO     >> Global Model Test accuracy: 0.885200
10-25 06:20 INFO     >> Global Model Test backdoor accuracy: 0.287200
10-25 06:20 INFO     in comm round:77
10-25 06:20 INFO     Training network 0
10-25 06:20 INFO     Epoch: 0 Loss: 0.350034
10-25 06:20 INFO     Training network 1
10-25 06:21 INFO     Epoch: 0 Loss: 0.055395
10-25 06:22 INFO     Training network 2
10-25 06:23 INFO     Epoch: 0 Loss: 0.040750
10-25 06:23 INFO     Training network 3
10-25 06:24 INFO     Epoch: 0 Loss: 0.047672
10-25 06:24 INFO     Training network 4
10-25 06:26 INFO     Epoch: 0 Loss: 0.044340
10-25 06:26 INFO     global n_training: 1562
10-25 06:26 INFO     global n_test: 313
10-25 06:26 INFO     >> Global Model Test accuracy: 0.885700
10-25 06:26 INFO     >> Global Model Test backdoor accuracy: 0.284700
10-25 06:26 INFO     in comm round:78
10-25 06:26 INFO     Training network 0
10-25 06:26 INFO     Epoch: 0 Loss: 0.328861
10-25 06:26 INFO     Training network 1
10-25 06:27 INFO     Epoch: 0 Loss: 0.052608
10-25 06:27 INFO     Training network 2
10-25 06:29 INFO     Epoch: 0 Loss: 0.038497
10-25 06:29 INFO     Training network 3
10-25 06:30 INFO     Epoch: 0 Loss: 0.050645
10-25 06:30 INFO     Training network 4
10-25 06:32 INFO     Epoch: 0 Loss: 0.051716
10-25 06:32 INFO     global n_training: 1562
10-25 06:32 INFO     global n_test: 313
10-25 06:32 INFO     >> Global Model Test accuracy: 0.884300
10-25 06:32 INFO     >> Global Model Test backdoor accuracy: 0.291300
10-25 06:32 INFO     in comm round:79
10-25 06:32 INFO     Training network 0
10-25 06:32 INFO     Epoch: 0 Loss: 0.341084
10-25 06:32 INFO     Training network 1
10-25 06:33 INFO     Epoch: 0 Loss: 0.053193
10-25 06:33 INFO     Training network 2
10-25 06:35 INFO     Epoch: 0 Loss: 0.039742
10-25 06:35 INFO     Training network 3
10-25 06:36 INFO     Epoch: 0 Loss: 0.046361
10-25 06:36 INFO     Training network 4
10-25 06:38 INFO     Epoch: 0 Loss: 0.046654
10-25 06:38 INFO     global n_training: 1562
10-25 06:38 INFO     global n_test: 313
10-25 06:38 INFO     >> Global Model Test accuracy: 0.885500
10-25 06:38 INFO     >> Global Model Test backdoor accuracy: 0.300300
