10-25 09:39 INFO     Data statistics: {0: {0: 267, 1: 233, 2: 45, 3: 327, 4: 4, 5: 19, 6: 42, 7: 14, 8: 249, 9: 431}, 1: {0: 82, 1: 366, 2: 218, 3: 3602, 4: 1790, 5: 2351, 6: 1, 7: 510, 8: 805, 9: 803}, 2: {0: 45, 1: 2589, 2: 1343, 3: 486, 4: 2366, 5: 215, 6: 278, 7: 2225, 8: 1227, 9: 104}, 3: {0: 2023, 1: 1713, 2: 2668, 4: 109, 5: 529, 6: 965, 7: 1082, 8: 2465, 9: 2360}, 4: {0: 2583, 1: 99, 2: 726, 3: 585, 4: 731, 5: 1886, 6: 3714, 7: 1169, 8: 254, 9: 1302}}
10-25 09:39 INFO     in comm round:0
10-25 09:40 INFO     Training network 0
10-25 09:40 INFO     Epoch: 0 Loss: 3.061563
10-25 09:40 INFO     Training network 1
10-25 09:41 INFO     Epoch: 0 Loss: 2.074095
10-25 09:41 INFO     Training network 2
10-25 09:42 INFO     Epoch: 0 Loss: 2.181937
10-25 09:42 INFO     Training network 3
10-25 09:44 INFO     Epoch: 0 Loss: 2.184287
10-25 09:44 INFO     Training network 4
10-25 09:45 INFO     Epoch: 0 Loss: 2.158367
10-25 09:45 INFO     global n_training: 195
10-25 09:45 INFO     global n_test: 313
10-25 09:45 INFO     >> Global Model Test accuracy: 0.100000
10-25 09:45 INFO     >> Global Model Test backdoor accuracy: 0.000000
10-25 09:45 INFO     in comm round:1
10-25 09:45 INFO     Training network 0
10-25 09:46 INFO     Epoch: 0 Loss: 2.245693
10-25 09:46 INFO     Training network 1
10-25 09:47 INFO     Epoch: 0 Loss: 2.005151
10-25 09:47 INFO     Training network 2
10-25 09:48 INFO     Epoch: 0 Loss: 2.065070
10-25 09:48 INFO     Training network 3
10-25 09:49 INFO     Epoch: 0 Loss: 2.101360
10-25 09:49 INFO     Training network 4
10-25 09:51 INFO     Epoch: 0 Loss: 2.077889
10-25 09:51 INFO     global n_training: 195
10-25 09:51 INFO     global n_test: 313
10-25 09:51 INFO     >> Global Model Test accuracy: 0.100000
10-25 09:51 INFO     >> Global Model Test backdoor accuracy: 0.000000
10-25 09:51 INFO     in comm round:2
10-25 09:51 INFO     Training network 0
