10-22 06:14 INFO     Data statistics: {0: {0: 267, 1: 233, 2: 45, 3: 327, 4: 4, 5: 19, 6: 42, 7: 14, 8: 249, 9: 431}, 1: {0: 82, 1: 366, 2: 218, 3: 3602, 4: 1790, 5: 2351, 6: 1, 7: 510, 8: 805, 9: 803}, 2: {0: 45, 1: 2589, 2: 1343, 3: 486, 4: 2366, 5: 215, 6: 278, 7: 2225, 8: 1227, 9: 104}, 3: {0: 2023, 1: 1713, 2: 2668, 4: 109, 5: 529, 6: 965, 7: 1082, 8: 2465, 9: 2360}, 4: {0: 2583, 1: 99, 2: 726, 3: 585, 4: 731, 5: 1886, 6: 3714, 7: 1169, 8: 254, 9: 1302}}
10-22 06:14 INFO     in comm round:0
10-22 06:14 INFO     Training network 0
10-22 06:14 INFO     Epoch: 0 Loss: 2.951564
10-22 06:14 INFO     Training network 1
10-22 06:15 INFO     Epoch: 0 Loss: 0.332453
10-22 06:15 INFO     Training network 2
10-22 06:15 INFO     Epoch: 0 Loss: 0.256764
10-22 06:15 INFO     Training network 3
10-22 06:16 INFO     Epoch: 0 Loss: 0.220756
10-22 06:16 INFO     Training network 4
10-22 06:16 INFO     Epoch: 0 Loss: 0.229143
10-22 06:16 INFO     global n_training: 195
10-22 06:16 INFO     global n_test: 313
10-22 06:17 INFO     >> Global Model Test accuracy: 0.854000
10-22 06:17 INFO     >> Global Model Test backdoor accuracy: 0.090700
10-22 06:17 INFO     in comm round:1
10-22 06:17 INFO     Training network 0
10-22 06:17 INFO     Epoch: 0 Loss: 1.388966
10-22 06:17 INFO     Training network 1
10-22 06:17 INFO     Epoch: 0 Loss: 0.200740
10-22 06:17 INFO     Training network 2
10-22 06:18 INFO     Epoch: 0 Loss: 0.126755
10-22 06:18 INFO     Training network 3
10-22 06:18 INFO     Epoch: 0 Loss: 0.167577
10-22 06:18 INFO     Training network 4
10-22 06:18 INFO     Epoch: 0 Loss: 0.207144
10-22 06:18 INFO     global n_training: 195
10-22 06:18 INFO     global n_test: 313
10-22 06:18 INFO     >> Global Model Test accuracy: 0.857100
10-22 06:18 INFO     >> Global Model Test backdoor accuracy: 0.123400
10-22 06:18 INFO     in comm round:2
10-22 06:18 INFO     Training network 0
10-22 06:18 INFO     Epoch: 0 Loss: 1.012708
10-22 06:18 INFO     Training network 1
10-22 06:19 INFO     Epoch: 0 Loss: 0.141673
10-22 06:19 INFO     Training network 2
10-22 06:19 INFO     Epoch: 0 Loss: 0.092379
10-22 06:19 INFO     Training network 3
10-22 06:19 INFO     Epoch: 0 Loss: 0.153973
10-22 06:19 INFO     Training network 4
10-22 06:19 INFO     Epoch: 0 Loss: 0.181518
10-22 06:19 INFO     global n_training: 195
10-22 06:19 INFO     global n_test: 313
10-22 06:19 INFO     >> Global Model Test accuracy: 0.854200
10-22 06:19 INFO     >> Global Model Test backdoor accuracy: 0.150200
10-22 06:19 INFO     in comm round:3
10-22 06:20 INFO     Training network 0
10-22 06:20 INFO     Epoch: 0 Loss: 0.889646
10-22 06:20 INFO     Training network 1
10-22 06:20 INFO     Epoch: 0 Loss: 0.113327
10-22 06:20 INFO     Training network 2
10-22 06:20 INFO     Epoch: 0 Loss: 0.065619
10-22 06:20 INFO     Training network 3
10-22 06:20 INFO     Epoch: 0 Loss: 0.143209
10-22 06:20 INFO     Training network 4
10-22 06:21 INFO     Epoch: 0 Loss: 0.194552
10-22 06:21 INFO     global n_training: 195
10-22 06:21 INFO     global n_test: 313
10-22 06:21 INFO     >> Global Model Test accuracy: 0.831600
10-22 06:21 INFO     >> Global Model Test backdoor accuracy: 0.221700
10-22 06:21 INFO     in comm round:4
10-22 06:21 INFO     Training network 0
10-22 06:21 INFO     Epoch: 0 Loss: 0.707087
10-22 06:21 INFO     Training network 1
10-22 06:21 INFO     Epoch: 0 Loss: 0.082023
10-22 06:21 INFO     Training network 2
10-22 06:21 INFO     Epoch: 0 Loss: 0.053273
10-22 06:21 INFO     Training network 3
10-22 06:22 INFO     Epoch: 0 Loss: 0.143034
10-22 06:22 INFO     Training network 4
10-22 06:22 INFO     Epoch: 0 Loss: 0.190829
10-22 06:22 INFO     global n_training: 195
10-22 06:22 INFO     global n_test: 313
10-22 06:22 INFO     >> Global Model Test accuracy: 0.852000
10-22 06:22 INFO     >> Global Model Test backdoor accuracy: 0.278200
10-22 06:22 INFO     in comm round:5
10-22 06:22 INFO     Training network 0
10-22 06:22 INFO     Epoch: 0 Loss: 0.620804
10-22 06:22 INFO     Training network 1
10-22 06:22 INFO     Epoch: 0 Loss: 0.056818
10-22 06:22 INFO     Training network 2
10-22 06:23 INFO     Epoch: 0 Loss: 0.048995
10-22 06:23 INFO     Training network 3
10-22 06:23 INFO     Epoch: 0 Loss: 0.154742
10-22 06:23 INFO     Training network 4
10-22 06:23 INFO     Epoch: 0 Loss: 0.182269
10-22 06:23 INFO     global n_training: 195
10-22 06:23 INFO     global n_test: 313
10-22 06:23 INFO     >> Global Model Test accuracy: 0.840300
10-22 06:23 INFO     >> Global Model Test backdoor accuracy: 0.422100
10-22 06:23 INFO     in comm round:6
10-22 06:24 INFO     Training network 0
10-22 06:24 INFO     Epoch: 0 Loss: 0.572361
10-22 06:24 INFO     Training network 1
10-22 06:24 INFO     Epoch: 0 Loss: 0.059407
10-22 06:24 INFO     Training network 2
10-22 06:24 INFO     Epoch: 0 Loss: 0.038074
10-22 06:24 INFO     Training network 3
10-22 06:24 INFO     Epoch: 0 Loss: 0.142747
10-22 06:24 INFO     Training network 4
10-22 06:25 INFO     Epoch: 0 Loss: 0.180756
10-22 06:25 INFO     global n_training: 195
10-22 06:25 INFO     global n_test: 313
10-22 06:25 INFO     >> Global Model Test accuracy: 0.846500
10-22 06:25 INFO     >> Global Model Test backdoor accuracy: 0.457200
10-22 06:25 INFO     in comm round:7
10-22 06:25 INFO     Training network 0
10-22 06:25 INFO     Epoch: 0 Loss: 0.484811
10-22 06:25 INFO     Training network 1
10-22 06:25 INFO     Epoch: 0 Loss: 0.051900
10-22 06:25 INFO     Training network 2
10-22 06:25 INFO     Epoch: 0 Loss: 0.045038
10-22 06:25 INFO     Training network 3
10-22 06:25 INFO     Epoch: 0 Loss: 0.150173
10-22 06:25 INFO     Training network 4
10-22 06:26 INFO     Epoch: 0 Loss: 0.190870
10-22 06:26 INFO     global n_training: 195
10-22 06:26 INFO     global n_test: 313
10-22 06:26 INFO     >> Global Model Test accuracy: 0.826600
10-22 06:26 INFO     >> Global Model Test backdoor accuracy: 0.581200
10-22 06:26 INFO     in comm round:8
10-22 06:26 INFO     Training network 0
10-22 06:26 INFO     Epoch: 0 Loss: 0.468216
10-22 06:26 INFO     Training network 1
10-22 06:26 INFO     Epoch: 0 Loss: 0.042878
10-22 06:26 INFO     Training network 2
10-22 06:26 INFO     Epoch: 0 Loss: 0.027463
10-22 06:26 INFO     Training network 3
10-22 06:27 INFO     Epoch: 0 Loss: 0.145449
10-22 06:27 INFO     Training network 4
10-22 06:27 INFO     Epoch: 0 Loss: 0.198552
10-22 06:27 INFO     global n_training: 195
10-22 06:27 INFO     global n_test: 313
10-22 06:27 INFO     >> Global Model Test accuracy: 0.852000
10-22 06:27 INFO     >> Global Model Test backdoor accuracy: 0.734100
10-22 06:27 INFO     in comm round:9
10-22 06:27 INFO     Training network 0
10-22 06:27 INFO     Epoch: 0 Loss: 0.356955
10-22 06:27 INFO     Training network 1
10-22 06:27 INFO     Epoch: 0 Loss: 0.048218
10-22 06:27 INFO     Training network 2
10-22 06:27 INFO     Epoch: 0 Loss: 0.025251
10-22 06:28 INFO     Training network 3
10-22 06:28 INFO     Epoch: 0 Loss: 0.163562
10-22 06:28 INFO     Training network 4
10-22 06:28 INFO     Epoch: 0 Loss: 0.200366
10-22 06:28 INFO     global n_training: 195
10-22 06:28 INFO     global n_test: 313
10-22 06:28 INFO     >> Global Model Test accuracy: 0.833400
10-22 06:28 INFO     >> Global Model Test backdoor accuracy: 0.689400
10-22 06:28 INFO     in comm round:10
10-22 06:28 INFO     Training network 0
10-22 06:28 INFO     Epoch: 0 Loss: 0.371051
10-22 06:28 INFO     Training network 1
10-22 06:28 INFO     Epoch: 0 Loss: 0.035452
10-22 06:28 INFO     Training network 2
10-22 06:29 INFO     Epoch: 0 Loss: 0.035900
10-22 06:29 INFO     Training network 3
10-22 06:29 INFO     Epoch: 0 Loss: 0.164951
10-22 06:29 INFO     Training network 4
10-22 06:29 INFO     Epoch: 0 Loss: 0.219177
10-22 06:29 INFO     global n_training: 195
10-22 06:29 INFO     global n_test: 313
10-22 06:29 INFO     >> Global Model Test accuracy: 0.843200
10-22 06:29 INFO     >> Global Model Test backdoor accuracy: 0.696000
10-22 06:29 INFO     in comm round:11
10-22 06:29 INFO     Training network 0
10-22 06:29 INFO     Epoch: 0 Loss: 0.370454
10-22 06:29 INFO     Training network 1
10-22 06:30 INFO     Epoch: 0 Loss: 0.032440
10-22 06:30 INFO     Training network 2
10-22 06:30 INFO     Epoch: 0 Loss: 0.028562
10-22 06:30 INFO     Training network 3
10-22 06:30 INFO     Epoch: 0 Loss: 0.155186
10-22 06:30 INFO     Training network 4
10-22 06:30 INFO     Epoch: 0 Loss: 0.221748
10-22 06:30 INFO     global n_training: 195
10-22 06:30 INFO     global n_test: 313
10-22 06:30 INFO     >> Global Model Test accuracy: 0.853700
10-22 06:30 INFO     >> Global Model Test backdoor accuracy: 0.770300
10-22 06:30 INFO     in comm round:12
10-22 06:30 INFO     Training network 0
10-22 06:31 INFO     Epoch: 0 Loss: 0.333082
10-22 06:31 INFO     Training network 1
10-22 06:31 INFO     Epoch: 0 Loss: 0.034993
10-22 06:31 INFO     Training network 2
10-22 06:31 INFO     Epoch: 0 Loss: 0.027095
10-22 06:31 INFO     Training network 3
10-22 06:31 INFO     Epoch: 0 Loss: 0.160571
10-22 06:31 INFO     Training network 4
10-22 06:32 INFO     Epoch: 0 Loss: 0.237617
10-22 06:32 INFO     global n_training: 195
10-22 06:32 INFO     global n_test: 313
10-22 06:32 INFO     >> Global Model Test accuracy: 0.845800
10-22 06:32 INFO     >> Global Model Test backdoor accuracy: 0.771700
10-22 06:32 INFO     in comm round:13
10-22 06:32 INFO     Training network 0
10-22 06:32 INFO     Epoch: 0 Loss: 0.289929
10-22 06:32 INFO     Training network 1
10-22 06:32 INFO     Epoch: 0 Loss: 0.027171
10-22 06:32 INFO     Training network 2
10-22 06:32 INFO     Epoch: 0 Loss: 0.026749
10-22 06:32 INFO     Training network 3
10-22 06:32 INFO     Epoch: 0 Loss: 0.165659
10-22 06:32 INFO     Training network 4
10-22 06:33 INFO     Epoch: 0 Loss: 0.209723
10-22 06:33 INFO     global n_training: 195
10-22 06:33 INFO     global n_test: 313
10-22 06:33 INFO     >> Global Model Test accuracy: 0.844100
10-22 06:33 INFO     >> Global Model Test backdoor accuracy: 0.840300
10-22 06:33 INFO     in comm round:14
10-22 06:33 INFO     Training network 0
10-22 06:33 INFO     Epoch: 0 Loss: 0.236491
10-22 06:33 INFO     Training network 1
10-22 06:33 INFO     Epoch: 0 Loss: 0.028594
10-22 06:33 INFO     Training network 2
10-22 06:33 INFO     Epoch: 0 Loss: 0.026403
10-22 06:33 INFO     Training network 3
10-22 06:34 INFO     Epoch: 0 Loss: 0.172612
10-22 06:34 INFO     Training network 4
10-22 06:34 INFO     Epoch: 0 Loss: 0.217681
10-22 06:34 INFO     global n_training: 195
10-22 06:34 INFO     global n_test: 313
10-22 06:34 INFO     >> Global Model Test accuracy: 0.849600
10-22 06:34 INFO     >> Global Model Test backdoor accuracy: 0.677200
10-22 06:34 INFO     in comm round:15
10-22 06:34 INFO     Training network 0
10-22 06:34 INFO     Epoch: 0 Loss: 0.361552
10-22 06:34 INFO     Training network 1
10-22 06:34 INFO     Epoch: 0 Loss: 0.036416
10-22 06:34 INFO     Training network 2
10-22 06:34 INFO     Epoch: 0 Loss: 0.037370
10-22 06:35 INFO     Training network 3
10-22 06:35 INFO     Epoch: 0 Loss: 0.171381
10-22 06:35 INFO     Training network 4
10-22 06:35 INFO     Epoch: 0 Loss: 0.216055
10-22 06:35 INFO     global n_training: 195
10-22 06:35 INFO     global n_test: 313
10-22 06:35 INFO     >> Global Model Test accuracy: 0.836500
10-22 06:35 INFO     >> Global Model Test backdoor accuracy: 0.854300
10-22 06:35 INFO     in comm round:16
10-22 06:35 INFO     Training network 0
10-22 06:35 INFO     Epoch: 0 Loss: 0.211981
10-22 06:35 INFO     Training network 1
10-22 06:35 INFO     Epoch: 0 Loss: 0.025118
10-22 06:35 INFO     Training network 2
10-22 06:36 INFO     Epoch: 0 Loss: 0.026012
10-22 06:36 INFO     Training network 3
10-22 06:36 INFO     Epoch: 0 Loss: 0.167783
10-22 06:36 INFO     Training network 4
10-22 06:36 INFO     Epoch: 0 Loss: 0.220997
10-22 06:36 INFO     global n_training: 195
10-22 06:36 INFO     global n_test: 313
10-22 06:36 INFO     >> Global Model Test accuracy: 0.853800
10-22 06:36 INFO     >> Global Model Test backdoor accuracy: 0.748900
10-22 06:36 INFO     in comm round:17
10-22 06:36 INFO     Training network 0
10-22 06:36 INFO     Epoch: 0 Loss: 0.335716
10-22 06:36 INFO     Training network 1
10-22 06:37 INFO     Epoch: 0 Loss: 0.028423
10-22 06:37 INFO     Training network 2
10-22 06:37 INFO     Epoch: 0 Loss: 0.026023
10-22 06:37 INFO     Training network 3
10-22 06:37 INFO     Epoch: 0 Loss: 0.181544
10-22 06:37 INFO     Training network 4
10-22 06:37 INFO     Epoch: 0 Loss: 0.226497
10-22 06:37 INFO     global n_training: 195
10-22 06:37 INFO     global n_test: 313
10-22 06:37 INFO     >> Global Model Test accuracy: 0.815000
10-22 06:37 INFO     >> Global Model Test backdoor accuracy: 0.832600
10-22 06:37 INFO     in comm round:18
10-22 06:37 INFO     Training network 0
10-22 06:38 INFO     Epoch: 0 Loss: 0.208894
10-22 06:38 INFO     Training network 1
10-22 06:38 INFO     Epoch: 0 Loss: 0.026814
10-22 06:38 INFO     Training network 2
10-22 06:38 INFO     Epoch: 0 Loss: 0.026910
10-22 06:38 INFO     Training network 3
10-22 06:38 INFO     Epoch: 0 Loss: 0.182406
10-22 06:38 INFO     Training network 4
10-22 06:38 INFO     Epoch: 0 Loss: 0.244907
10-22 06:38 INFO     global n_training: 195
10-22 06:38 INFO     global n_test: 313
10-22 06:39 INFO     >> Global Model Test accuracy: 0.852400
10-22 06:39 INFO     >> Global Model Test backdoor accuracy: 0.883700
10-22 06:39 INFO     in comm round:19
10-22 06:39 INFO     Training network 0
10-22 06:39 INFO     Epoch: 0 Loss: 0.193435
10-22 06:39 INFO     Training network 1
10-22 06:39 INFO     Epoch: 0 Loss: 0.023893
10-22 06:39 INFO     Training network 2
10-22 06:39 INFO     Epoch: 0 Loss: 0.019994
10-22 06:39 INFO     Training network 3
10-22 06:39 INFO     Epoch: 0 Loss: 0.176550
10-22 06:39 INFO     Training network 4
10-22 06:40 INFO     Epoch: 0 Loss: 0.245597
10-22 06:40 INFO     global n_training: 195
10-22 06:40 INFO     global n_test: 313
10-22 06:40 INFO     >> Global Model Test accuracy: 0.844300
10-22 06:40 INFO     >> Global Model Test backdoor accuracy: 0.821100
10-22 06:40 INFO     in comm round:20
10-22 06:40 INFO     Training network 0
10-22 06:40 INFO     Epoch: 0 Loss: 0.202716
10-22 06:40 INFO     Training network 1
10-22 06:40 INFO     Epoch: 0 Loss: 0.028416
10-22 06:40 INFO     Training network 2
10-22 06:40 INFO     Epoch: 0 Loss: 0.030398
10-22 06:40 INFO     Training network 3
10-22 06:41 INFO     Epoch: 0 Loss: 0.174723
10-22 06:41 INFO     Training network 4
10-22 06:41 INFO     Epoch: 0 Loss: 0.240821
10-22 06:41 INFO     global n_training: 195
10-22 06:41 INFO     global n_test: 313
10-22 06:41 INFO     >> Global Model Test accuracy: 0.846800
10-22 06:41 INFO     >> Global Model Test backdoor accuracy: 0.877400
10-22 06:41 INFO     in comm round:21
10-22 06:41 INFO     Training network 0
10-22 06:41 INFO     Epoch: 0 Loss: 0.140652
10-22 06:41 INFO     Training network 1
10-22 06:41 INFO     Epoch: 0 Loss: 0.023225
10-22 06:41 INFO     Training network 2
10-22 06:41 INFO     Epoch: 0 Loss: 0.016170
10-22 06:41 INFO     Training network 3
10-22 06:42 INFO     Epoch: 0 Loss: 0.175342
10-22 06:42 INFO     Training network 4
10-22 06:42 INFO     Epoch: 0 Loss: 0.227326
10-22 06:42 INFO     global n_training: 195
10-22 06:42 INFO     global n_test: 313
10-22 06:42 INFO     >> Global Model Test accuracy: 0.857400
10-22 06:42 INFO     >> Global Model Test backdoor accuracy: 0.846300
10-22 06:42 INFO     in comm round:22
10-22 06:42 INFO     Training network 0
10-22 06:42 INFO     Epoch: 0 Loss: 0.190713
10-22 06:42 INFO     Training network 1
10-22 06:42 INFO     Epoch: 0 Loss: 0.028672
10-22 06:42 INFO     Training network 2
10-22 06:43 INFO     Epoch: 0 Loss: 0.025487
10-22 06:43 INFO     Training network 3
10-22 06:43 INFO     Epoch: 0 Loss: 0.193138
10-22 06:43 INFO     Training network 4
10-22 06:43 INFO     Epoch: 0 Loss: 0.234512
10-22 06:43 INFO     global n_training: 195
10-22 06:43 INFO     global n_test: 313
10-22 06:43 INFO     >> Global Model Test accuracy: 0.847900
10-22 06:43 INFO     >> Global Model Test backdoor accuracy: 0.926300
10-22 06:43 INFO     in comm round:23
10-22 06:43 INFO     Training network 0
10-22 06:43 INFO     Epoch: 0 Loss: 0.173632
10-22 06:43 INFO     Training network 1
10-22 06:44 INFO     Epoch: 0 Loss: 0.022899
10-22 06:44 INFO     Training network 2
10-22 06:44 INFO     Epoch: 0 Loss: 0.024851
10-22 06:44 INFO     Training network 3
10-22 06:44 INFO     Epoch: 0 Loss: 0.176412
10-22 06:44 INFO     Training network 4
10-22 06:44 INFO     Epoch: 0 Loss: 0.232560
10-22 06:44 INFO     global n_training: 195
10-22 06:44 INFO     global n_test: 313
10-22 06:44 INFO     >> Global Model Test accuracy: 0.852800
10-22 06:44 INFO     >> Global Model Test backdoor accuracy: 0.765100
10-22 06:44 INFO     in comm round:24
10-22 06:44 INFO     Training network 0
10-22 06:44 INFO     Epoch: 0 Loss: 0.184429
10-22 06:45 INFO     Training network 1
10-22 06:45 INFO     Epoch: 0 Loss: 0.026237
10-22 06:45 INFO     Training network 2
10-22 06:45 INFO     Epoch: 0 Loss: 0.017809
10-22 06:45 INFO     Training network 3
10-22 06:45 INFO     Epoch: 0 Loss: 0.175937
10-22 06:45 INFO     Training network 4
10-22 06:45 INFO     Epoch: 0 Loss: 0.235685
10-22 06:45 INFO     global n_training: 195
10-22 06:45 INFO     global n_test: 313
10-22 06:46 INFO     >> Global Model Test accuracy: 0.837000
10-22 06:46 INFO     >> Global Model Test backdoor accuracy: 0.925600
10-22 06:46 INFO     in comm round:25
10-22 06:46 INFO     Training network 0
10-22 06:46 INFO     Epoch: 0 Loss: 0.116118
10-22 06:46 INFO     Training network 1
10-22 06:46 INFO     Epoch: 0 Loss: 0.030266
10-22 06:46 INFO     Training network 2
10-22 06:46 INFO     Epoch: 0 Loss: 0.019356
10-22 06:46 INFO     Training network 3
10-22 06:46 INFO     Epoch: 0 Loss: 0.191203
10-22 06:46 INFO     Training network 4
10-22 06:47 INFO     Epoch: 0 Loss: 0.255199
10-22 06:47 INFO     global n_training: 195
10-22 06:47 INFO     global n_test: 313
10-22 06:47 INFO     >> Global Model Test accuracy: 0.853800
10-22 06:47 INFO     >> Global Model Test backdoor accuracy: 0.723500
10-22 06:47 INFO     in comm round:26
10-22 06:47 INFO     Training network 0
10-22 06:47 INFO     Epoch: 0 Loss: 0.183264
10-22 06:47 INFO     Training network 1
10-22 06:47 INFO     Epoch: 0 Loss: 0.024981
10-22 06:47 INFO     Training network 2
10-22 06:47 INFO     Epoch: 0 Loss: 0.016792
10-22 06:47 INFO     Training network 3
10-22 06:47 INFO     Epoch: 0 Loss: 0.190244
10-22 06:48 INFO     Training network 4
10-22 06:48 INFO     Epoch: 0 Loss: 0.255494
10-22 06:48 INFO     global n_training: 195
10-22 06:48 INFO     global n_test: 313
10-22 06:48 INFO     >> Global Model Test accuracy: 0.820700
10-22 06:48 INFO     >> Global Model Test backdoor accuracy: 0.894100
10-22 06:48 INFO     in comm round:27
10-22 06:48 INFO     Training network 0
10-22 06:48 INFO     Epoch: 0 Loss: 0.140890
10-22 06:48 INFO     Training network 1
10-22 06:48 INFO     Epoch: 0 Loss: 0.023871
10-22 06:48 INFO     Training network 2
10-22 06:48 INFO     Epoch: 0 Loss: 0.017323
10-22 06:48 INFO     Training network 3
10-22 06:49 INFO     Epoch: 0 Loss: 0.198011
10-22 06:49 INFO     Training network 4
10-22 06:49 INFO     Epoch: 0 Loss: 0.253678
10-22 06:49 INFO     global n_training: 195
10-22 06:49 INFO     global n_test: 313
10-22 06:49 INFO     >> Global Model Test accuracy: 0.851700
10-22 06:49 INFO     >> Global Model Test backdoor accuracy: 0.790600
10-22 06:49 INFO     in comm round:28
10-22 06:49 INFO     Training network 0
10-22 06:49 INFO     Epoch: 0 Loss: 0.119680
10-22 06:49 INFO     Training network 1
10-22 06:49 INFO     Epoch: 0 Loss: 0.024434
10-22 06:49 INFO     Training network 2
10-22 06:50 INFO     Epoch: 0 Loss: 0.023488
10-22 06:50 INFO     Training network 3
10-22 06:50 INFO     Epoch: 0 Loss: 0.186255
10-22 06:50 INFO     Training network 4
10-22 06:50 INFO     Epoch: 0 Loss: 0.279816
10-22 06:50 INFO     global n_training: 195
10-22 06:50 INFO     global n_test: 313
10-22 06:50 INFO     >> Global Model Test accuracy: 0.843500
10-22 06:50 INFO     >> Global Model Test backdoor accuracy: 0.940500
10-22 06:50 INFO     in comm round:29
10-22 06:50 INFO     Training network 0
10-22 06:50 INFO     Epoch: 0 Loss: 0.130537
10-22 06:50 INFO     Training network 1
10-22 06:50 INFO     Epoch: 0 Loss: 0.017264
10-22 06:51 INFO     Training network 2
10-22 06:51 INFO     Epoch: 0 Loss: 0.022275
10-22 06:51 INFO     Training network 3
10-22 06:51 INFO     Epoch: 0 Loss: 0.210818
10-22 06:51 INFO     Training network 4
10-22 06:51 INFO     Epoch: 0 Loss: 0.227145
10-22 06:51 INFO     global n_training: 195
10-22 06:51 INFO     global n_test: 313
10-22 06:51 INFO     >> Global Model Test accuracy: 0.855600
10-22 06:51 INFO     >> Global Model Test backdoor accuracy: 0.819600
10-22 06:51 INFO     in comm round:30
10-22 06:51 INFO     Training network 0
10-22 06:51 INFO     Epoch: 0 Loss: 0.141322
10-22 06:51 INFO     Training network 1
10-22 06:52 INFO     Epoch: 0 Loss: 0.020910
10-22 06:52 INFO     Training network 2
10-22 06:52 INFO     Epoch: 0 Loss: 0.018921
10-22 06:52 INFO     Training network 3
10-22 06:52 INFO     Epoch: 0 Loss: 0.197183
10-22 06:52 INFO     Training network 4
10-22 06:52 INFO     Epoch: 0 Loss: 0.227765
10-22 06:52 INFO     global n_training: 195
10-22 06:52 INFO     global n_test: 313
10-22 06:52 INFO     >> Global Model Test accuracy: 0.851700
10-22 06:52 INFO     >> Global Model Test backdoor accuracy: 0.942000
10-22 06:52 INFO     in comm round:31
10-22 06:53 INFO     Training network 0
10-22 06:53 INFO     Epoch: 0 Loss: 0.104187
10-22 06:53 INFO     Training network 1
10-22 06:53 INFO     Epoch: 0 Loss: 0.016246
10-22 06:53 INFO     Training network 2
10-22 06:53 INFO     Epoch: 0 Loss: 0.013551
10-22 06:53 INFO     Training network 3
10-22 06:53 INFO     Epoch: 0 Loss: 0.191027
10-22 06:53 INFO     Training network 4
10-22 06:54 INFO     Epoch: 0 Loss: 0.279332
10-22 06:54 INFO     global n_training: 195
10-22 06:54 INFO     global n_test: 313
10-22 06:54 INFO     >> Global Model Test accuracy: 0.863100
10-22 06:54 INFO     >> Global Model Test backdoor accuracy: 0.759600
10-22 06:54 INFO     in comm round:32
10-22 06:54 INFO     Training network 0
10-22 06:54 INFO     Epoch: 0 Loss: 0.146263
10-22 06:54 INFO     Training network 1
10-22 06:54 INFO     Epoch: 0 Loss: 0.022485
10-22 06:54 INFO     Training network 2
10-22 06:54 INFO     Epoch: 0 Loss: 0.017120
10-22 06:54 INFO     Training network 3
10-22 06:54 INFO     Epoch: 0 Loss: 0.208857
10-22 06:55 INFO     Training network 4
10-22 06:55 INFO     Epoch: 0 Loss: 0.268151
10-22 06:55 INFO     global n_training: 195
10-22 06:55 INFO     global n_test: 313
10-22 06:55 INFO     >> Global Model Test accuracy: 0.840100
10-22 06:55 INFO     >> Global Model Test backdoor accuracy: 0.944400
10-22 06:55 INFO     in comm round:33
10-22 06:55 INFO     Training network 0
10-22 06:55 INFO     Epoch: 0 Loss: 0.102426
10-22 06:55 INFO     Training network 1
10-22 06:55 INFO     Epoch: 0 Loss: 0.019046
10-22 06:55 INFO     Training network 2
10-22 06:55 INFO     Epoch: 0 Loss: 0.020176
10-22 06:55 INFO     Training network 3
10-22 06:56 INFO     Epoch: 0 Loss: 0.199235
10-22 06:56 INFO     Training network 4
10-22 06:56 INFO     Epoch: 0 Loss: 0.267755
10-22 06:56 INFO     global n_training: 195
10-22 06:56 INFO     global n_test: 313
10-22 06:56 INFO     >> Global Model Test accuracy: 0.856800
10-22 06:56 INFO     >> Global Model Test backdoor accuracy: 0.776200
10-22 06:56 INFO     in comm round:34
10-22 06:56 INFO     Training network 0
10-22 06:56 INFO     Epoch: 0 Loss: 0.124071
10-22 06:56 INFO     Training network 1
10-22 06:56 INFO     Epoch: 0 Loss: 0.018144
10-22 06:56 INFO     Training network 2
10-22 06:57 INFO     Epoch: 0 Loss: 0.022519
10-22 06:57 INFO     Training network 3
10-22 06:57 INFO     Epoch: 0 Loss: 0.210357
10-22 06:57 INFO     Training network 4
10-22 06:57 INFO     Epoch: 0 Loss: 0.286362
10-22 06:57 INFO     global n_training: 195
10-22 06:57 INFO     global n_test: 313
10-22 06:57 INFO     >> Global Model Test accuracy: 0.839800
10-22 06:57 INFO     >> Global Model Test backdoor accuracy: 0.911500
10-22 06:57 INFO     in comm round:35
10-22 06:57 INFO     Training network 0
10-22 06:57 INFO     Epoch: 0 Loss: 0.102832
10-22 06:57 INFO     Training network 1
10-22 06:57 INFO     Epoch: 0 Loss: 0.020533
10-22 06:58 INFO     Training network 2
10-22 06:58 INFO     Epoch: 0 Loss: 0.014677
10-22 06:58 INFO     Training network 3
10-22 06:58 INFO     Epoch: 0 Loss: 0.212295
10-22 06:58 INFO     Training network 4
10-22 06:58 INFO     Epoch: 0 Loss: 0.292241
10-22 06:58 INFO     global n_training: 195
10-22 06:58 INFO     global n_test: 313
10-22 06:58 INFO     >> Global Model Test accuracy: 0.861900
10-22 06:58 INFO     >> Global Model Test backdoor accuracy: 0.858200
10-22 06:58 INFO     in comm round:36
10-22 06:58 INFO     Training network 0
10-22 06:58 INFO     Epoch: 0 Loss: 0.106268
10-22 06:58 INFO     Training network 1
10-22 06:59 INFO     Epoch: 0 Loss: 0.021366
10-22 06:59 INFO     Training network 2
10-22 06:59 INFO     Epoch: 0 Loss: 0.011962
10-22 06:59 INFO     Training network 3
10-22 06:59 INFO     Epoch: 0 Loss: 0.194186
10-22 06:59 INFO     Training network 4
10-22 06:59 INFO     Epoch: 0 Loss: 0.260115
10-22 06:59 INFO     global n_training: 195
10-22 06:59 INFO     global n_test: 313
10-22 06:59 INFO     >> Global Model Test accuracy: 0.849500
10-22 06:59 INFO     >> Global Model Test backdoor accuracy: 0.914300
10-22 06:59 INFO     in comm round:37
10-22 07:00 INFO     Training network 0
10-22 07:00 INFO     Epoch: 0 Loss: 0.089764
10-22 07:00 INFO     Training network 1
10-22 07:00 INFO     Epoch: 0 Loss: 0.016713
10-22 07:00 INFO     Training network 2
10-22 07:00 INFO     Epoch: 0 Loss: 0.019072
10-22 07:00 INFO     Training network 3
10-22 07:00 INFO     Epoch: 0 Loss: 0.208234
10-22 07:00 INFO     Training network 4
10-22 07:01 INFO     Epoch: 0 Loss: 0.271764
10-22 07:01 INFO     global n_training: 195
10-22 07:01 INFO     global n_test: 313
10-22 07:01 INFO     >> Global Model Test accuracy: 0.850200
10-22 07:01 INFO     >> Global Model Test backdoor accuracy: 0.879900
10-22 07:01 INFO     in comm round:38
10-22 07:01 INFO     Training network 0
10-22 07:01 INFO     Epoch: 0 Loss: 0.096632
10-22 07:01 INFO     Training network 1
10-22 07:01 INFO     Epoch: 0 Loss: 0.028813
10-22 07:01 INFO     Training network 2
10-22 07:01 INFO     Epoch: 0 Loss: 0.014625
10-22 07:01 INFO     Training network 3
10-22 07:01 INFO     Epoch: 0 Loss: 0.206362
10-22 07:01 INFO     Training network 4
10-22 07:02 INFO     Epoch: 0 Loss: 0.258515
10-22 07:02 INFO     global n_training: 195
10-22 07:02 INFO     global n_test: 313
10-22 07:02 INFO     >> Global Model Test accuracy: 0.850500
10-22 07:02 INFO     >> Global Model Test backdoor accuracy: 0.935000
10-22 07:02 INFO     in comm round:39
10-22 07:02 INFO     Training network 0
10-22 07:02 INFO     Epoch: 0 Loss: 0.101122
10-22 07:02 INFO     Training network 1
10-22 07:02 INFO     Epoch: 0 Loss: 0.017215
10-22 07:02 INFO     Training network 2
10-22 07:02 INFO     Epoch: 0 Loss: 0.021700
10-22 07:02 INFO     Training network 3
10-22 07:03 INFO     Epoch: 0 Loss: 0.193341
10-22 07:03 INFO     Training network 4
10-22 07:03 INFO     Epoch: 0 Loss: 0.247308
10-22 07:03 INFO     global n_training: 195
10-22 07:03 INFO     global n_test: 313
10-22 07:03 INFO     >> Global Model Test accuracy: 0.810700
10-22 07:03 INFO     >> Global Model Test backdoor accuracy: 0.900200
10-22 07:03 INFO     in comm round:40
10-22 07:03 INFO     Training network 0
10-22 07:03 INFO     Epoch: 0 Loss: 0.086510
10-22 07:03 INFO     Training network 1
10-22 07:03 INFO     Epoch: 0 Loss: 0.015110
10-22 07:03 INFO     Training network 2
10-22 07:03 INFO     Epoch: 0 Loss: 0.012514
10-22 07:04 INFO     Training network 3
10-22 07:04 INFO     Epoch: 0 Loss: 0.209508
10-22 07:04 INFO     Training network 4
10-22 07:04 INFO     Epoch: 0 Loss: 0.284987
10-22 07:04 INFO     global n_training: 195
10-22 07:04 INFO     global n_test: 313
10-22 07:04 INFO     >> Global Model Test accuracy: 0.836900
10-22 07:04 INFO     >> Global Model Test backdoor accuracy: 0.893800
10-22 07:04 INFO     in comm round:41
10-22 07:04 INFO     Training network 0
10-22 07:04 INFO     Epoch: 0 Loss: 0.087082
10-22 07:04 INFO     Training network 1
10-22 07:04 INFO     Epoch: 0 Loss: 0.024944
10-22 07:04 INFO     Training network 2
10-22 07:05 INFO     Epoch: 0 Loss: 0.012991
10-22 07:05 INFO     Training network 3
10-22 07:05 INFO     Epoch: 0 Loss: 0.231678
10-22 07:05 INFO     Training network 4
10-22 07:05 INFO     Epoch: 0 Loss: 0.278290
10-22 07:05 INFO     global n_training: 195
10-22 07:05 INFO     global n_test: 313
10-22 07:05 INFO     >> Global Model Test accuracy: 0.848100
10-22 07:05 INFO     >> Global Model Test backdoor accuracy: 0.912400
10-22 07:05 INFO     in comm round:42
10-22 07:05 INFO     Training network 0
10-22 07:05 INFO     Epoch: 0 Loss: 0.084496
10-22 07:05 INFO     Training network 1
10-22 07:06 INFO     Epoch: 0 Loss: 0.014968
10-22 07:06 INFO     Training network 2
10-22 07:06 INFO     Epoch: 0 Loss: 0.011846
10-22 07:06 INFO     Training network 3
10-22 07:06 INFO     Epoch: 0 Loss: 0.211439
10-22 07:06 INFO     Training network 4
10-22 07:06 INFO     Epoch: 0 Loss: 0.268617
10-22 07:06 INFO     global n_training: 195
10-22 07:06 INFO     global n_test: 313
10-22 07:06 INFO     >> Global Model Test accuracy: 0.849900
10-22 07:06 INFO     >> Global Model Test backdoor accuracy: 0.949500
10-22 07:06 INFO     in comm round:43
10-22 07:06 INFO     Training network 0
10-22 07:07 INFO     Epoch: 0 Loss: 0.086551
10-22 07:07 INFO     Training network 1
10-22 07:07 INFO     Epoch: 0 Loss: 0.018654
10-22 07:07 INFO     Training network 2
10-22 07:07 INFO     Epoch: 0 Loss: 0.017717
10-22 07:07 INFO     Training network 3
10-22 07:07 INFO     Epoch: 0 Loss: 0.216879
10-22 07:07 INFO     Training network 4
10-22 07:08 INFO     Epoch: 0 Loss: 0.281501
10-22 07:08 INFO     global n_training: 195
10-22 07:08 INFO     global n_test: 313
10-22 07:08 INFO     >> Global Model Test accuracy: 0.855200
10-22 07:08 INFO     >> Global Model Test backdoor accuracy: 0.920100
10-22 07:08 INFO     in comm round:44
10-22 07:08 INFO     Training network 0
10-22 07:08 INFO     Epoch: 0 Loss: 0.081923
10-22 07:08 INFO     Training network 1
10-22 07:08 INFO     Epoch: 0 Loss: 0.020913
10-22 07:08 INFO     Training network 2
10-22 07:08 INFO     Epoch: 0 Loss: 0.015353
10-22 07:08 INFO     Training network 3
10-22 07:08 INFO     Epoch: 0 Loss: 0.204970
10-22 07:08 INFO     Training network 4
10-22 07:09 INFO     Epoch: 0 Loss: 0.283495
10-22 07:09 INFO     global n_training: 195
10-22 07:09 INFO     global n_test: 313
10-22 07:09 INFO     >> Global Model Test accuracy: 0.854900
10-22 07:09 INFO     >> Global Model Test backdoor accuracy: 0.952500
10-22 07:09 INFO     in comm round:45
10-22 07:09 INFO     Training network 0
10-22 07:09 INFO     Epoch: 0 Loss: 0.096889
10-22 07:09 INFO     Training network 1
10-22 07:09 INFO     Epoch: 0 Loss: 0.018339
10-22 07:09 INFO     Training network 2
10-22 07:09 INFO     Epoch: 0 Loss: 0.014452
10-22 07:09 INFO     Training network 3
10-22 07:10 INFO     Epoch: 0 Loss: 0.234353
10-22 07:10 INFO     Training network 4
10-22 07:10 INFO     Epoch: 0 Loss: 0.262934
10-22 07:10 INFO     global n_training: 195
10-22 07:10 INFO     global n_test: 313
10-22 07:10 INFO     >> Global Model Test accuracy: 0.842800
10-22 07:10 INFO     >> Global Model Test backdoor accuracy: 0.829600
10-22 07:10 INFO     in comm round:46
10-22 07:10 INFO     Training network 0
10-22 07:10 INFO     Epoch: 0 Loss: 0.081513
10-22 07:10 INFO     Training network 1
10-22 07:10 INFO     Epoch: 0 Loss: 0.018863
10-22 07:10 INFO     Training network 2
10-22 07:10 INFO     Epoch: 0 Loss: 0.007534
10-22 07:11 INFO     Training network 3
10-22 07:11 INFO     Epoch: 0 Loss: 0.227004
10-22 07:11 INFO     Training network 4
10-22 07:11 INFO     Epoch: 0 Loss: 0.292539
10-22 07:11 INFO     global n_training: 195
10-22 07:11 INFO     global n_test: 313
10-22 07:11 INFO     >> Global Model Test accuracy: 0.851300
10-22 07:11 INFO     >> Global Model Test backdoor accuracy: 0.965700
10-22 07:11 INFO     in comm round:47
10-22 07:11 INFO     Training network 0
10-22 07:11 INFO     Epoch: 0 Loss: 0.081026
10-22 07:11 INFO     Training network 1
10-22 07:11 INFO     Epoch: 0 Loss: 0.016580
10-22 07:11 INFO     Training network 2
10-22 07:12 INFO     Epoch: 0 Loss: 0.013666
10-22 07:12 INFO     Training network 3
10-22 07:12 INFO     Epoch: 0 Loss: 0.214183
10-22 07:12 INFO     Training network 4
10-22 07:12 INFO     Epoch: 0 Loss: 0.281873
10-22 07:12 INFO     global n_training: 195
10-22 07:12 INFO     global n_test: 313
10-22 07:12 INFO     >> Global Model Test accuracy: 0.847800
10-22 07:12 INFO     >> Global Model Test backdoor accuracy: 0.858400
10-22 07:12 INFO     in comm round:48
10-22 07:12 INFO     Training network 0
10-22 07:12 INFO     Epoch: 0 Loss: 0.071955
10-22 07:12 INFO     Training network 1
10-22 07:13 INFO     Epoch: 0 Loss: 0.013589
10-22 07:13 INFO     Training network 2
10-22 07:13 INFO     Epoch: 0 Loss: 0.018786
10-22 07:13 INFO     Training network 3
10-22 07:13 INFO     Epoch: 0 Loss: 0.212147
10-22 07:13 INFO     Training network 4
10-22 07:13 INFO     Epoch: 0 Loss: 0.302057
10-22 07:13 INFO     global n_training: 195
10-22 07:13 INFO     global n_test: 313
10-22 07:13 INFO     >> Global Model Test accuracy: 0.835400
10-22 07:13 INFO     >> Global Model Test backdoor accuracy: 0.959300
10-22 07:13 INFO     in comm round:49
10-22 07:13 INFO     Training network 0
10-22 07:14 INFO     Epoch: 0 Loss: 0.068711
10-22 07:14 INFO     Training network 1
10-22 07:14 INFO     Epoch: 0 Loss: 0.023033
10-22 07:14 INFO     Training network 2
10-22 07:14 INFO     Epoch: 0 Loss: 0.012673
10-22 07:14 INFO     Training network 3
10-22 07:14 INFO     Epoch: 0 Loss: 0.224123
10-22 07:14 INFO     Training network 4
10-22 07:14 INFO     Epoch: 0 Loss: 0.291606
10-22 07:14 INFO     global n_training: 195
10-22 07:14 INFO     global n_test: 313
10-22 07:15 INFO     >> Global Model Test accuracy: 0.838100
10-22 07:15 INFO     >> Global Model Test backdoor accuracy: 0.857600
10-22 07:15 INFO     in comm round:50
10-22 07:15 INFO     Training network 0
10-22 07:15 INFO     Epoch: 0 Loss: 0.091442
10-22 07:15 INFO     Training network 1
10-22 07:15 INFO     Epoch: 0 Loss: 0.023129
10-22 07:15 INFO     Training network 2
10-22 07:15 INFO     Epoch: 0 Loss: 0.019762
10-22 07:15 INFO     Training network 3
10-22 07:15 INFO     Epoch: 0 Loss: 0.230396
10-22 07:15 INFO     Training network 4
10-22 07:16 INFO     Epoch: 0 Loss: 0.299057
10-22 07:16 INFO     global n_training: 195
10-22 07:16 INFO     global n_test: 313
10-22 07:16 INFO     >> Global Model Test accuracy: 0.826300
10-22 07:16 INFO     >> Global Model Test backdoor accuracy: 0.908900
10-22 07:16 INFO     in comm round:51
10-22 07:16 INFO     Training network 0
10-22 07:16 INFO     Epoch: 0 Loss: 0.076442
10-22 07:16 INFO     Training network 1
10-22 07:16 INFO     Epoch: 0 Loss: 0.020888
10-22 07:16 INFO     Training network 2
10-22 07:16 INFO     Epoch: 0 Loss: 0.011914
10-22 07:16 INFO     Training network 3
10-22 07:17 INFO     Epoch: 0 Loss: 0.227379
10-22 07:17 INFO     Training network 4
10-22 07:17 INFO     Epoch: 0 Loss: 0.311421
10-22 07:17 INFO     global n_training: 195
10-22 07:17 INFO     global n_test: 313
10-22 07:17 INFO     >> Global Model Test accuracy: 0.844100
10-22 07:17 INFO     >> Global Model Test backdoor accuracy: 0.887600
10-22 07:17 INFO     in comm round:52
10-22 07:17 INFO     Training network 0
10-22 07:17 INFO     Epoch: 0 Loss: 0.066675
10-22 07:17 INFO     Training network 1
10-22 07:17 INFO     Epoch: 0 Loss: 0.018166
10-22 07:17 INFO     Training network 2
10-22 07:18 INFO     Epoch: 0 Loss: 0.011830
10-22 07:18 INFO     Training network 3
10-22 07:19 INFO     Epoch: 0 Loss: 0.242689
10-22 07:19 INFO     Training network 4
10-22 07:20 INFO     Epoch: 0 Loss: 0.319215
10-22 07:20 INFO     global n_training: 195
10-22 07:20 INFO     global n_test: 313
10-22 07:20 INFO     >> Global Model Test accuracy: 0.845500
10-22 07:20 INFO     >> Global Model Test backdoor accuracy: 0.976400
10-22 07:20 INFO     in comm round:53
10-22 07:20 INFO     Training network 0
10-22 07:20 INFO     Epoch: 0 Loss: 0.067583
10-22 07:20 INFO     Training network 1
10-22 07:21 INFO     Epoch: 0 Loss: 0.016951
10-22 07:21 INFO     Training network 2
10-22 07:22 INFO     Epoch: 0 Loss: 0.008386
10-22 07:22 INFO     Training network 3
10-22 07:24 INFO     Epoch: 0 Loss: 0.224868
10-22 07:24 INFO     Training network 4
10-22 07:24 INFO     Epoch: 0 Loss: 0.282044
10-22 07:24 INFO     global n_training: 195
10-22 07:24 INFO     global n_test: 313
10-22 07:24 INFO     >> Global Model Test accuracy: 0.852200
10-22 07:24 INFO     >> Global Model Test backdoor accuracy: 0.857500
10-22 07:24 INFO     in comm round:54
10-22 07:24 INFO     Training network 0
10-22 07:24 INFO     Epoch: 0 Loss: 0.084543
10-22 07:24 INFO     Training network 1
10-22 07:24 INFO     Epoch: 0 Loss: 0.012866
10-22 07:24 INFO     Training network 2
10-22 07:25 INFO     Epoch: 0 Loss: 0.014344
10-22 07:25 INFO     Training network 3
10-22 07:25 INFO     Epoch: 0 Loss: 0.244216
10-22 07:25 INFO     Training network 4
10-22 07:25 INFO     Epoch: 0 Loss: 0.334634
10-22 07:25 INFO     global n_training: 195
10-22 07:25 INFO     global n_test: 313
10-22 07:25 INFO     >> Global Model Test accuracy: 0.836000
10-22 07:25 INFO     >> Global Model Test backdoor accuracy: 0.961800
10-22 07:25 INFO     in comm round:55
10-22 07:25 INFO     Training network 0
10-22 07:25 INFO     Epoch: 0 Loss: 0.045315
10-22 07:25 INFO     Training network 1
10-22 07:26 INFO     Epoch: 0 Loss: 0.016197
10-22 07:26 INFO     Training network 2
10-22 07:26 INFO     Epoch: 0 Loss: 0.007412
10-22 07:26 INFO     Training network 3
10-22 07:26 INFO     Epoch: 0 Loss: 0.235167
10-22 07:26 INFO     Training network 4
10-22 07:26 INFO     Epoch: 0 Loss: 0.303276
10-22 07:26 INFO     global n_training: 195
10-22 07:26 INFO     global n_test: 313
10-22 07:26 INFO     >> Global Model Test accuracy: 0.836400
10-22 07:26 INFO     >> Global Model Test backdoor accuracy: 0.882300
10-22 07:26 INFO     in comm round:56
10-22 07:26 INFO     Training network 0
10-22 07:27 INFO     Epoch: 0 Loss: 0.067294
10-22 07:27 INFO     Training network 1
10-22 07:27 INFO     Epoch: 0 Loss: 0.015481
10-22 07:27 INFO     Training network 2
10-22 07:27 INFO     Epoch: 0 Loss: 0.009099
10-22 07:27 INFO     Training network 3
10-22 07:27 INFO     Epoch: 0 Loss: 0.225361
10-22 07:27 INFO     Training network 4
10-22 07:27 INFO     Epoch: 0 Loss: 0.284399
10-22 07:27 INFO     global n_training: 195
10-22 07:27 INFO     global n_test: 313
10-22 07:28 INFO     >> Global Model Test accuracy: 0.834500
10-22 07:28 INFO     >> Global Model Test backdoor accuracy: 0.968800
10-22 07:28 INFO     in comm round:57
10-22 07:28 INFO     Training network 0
10-22 07:28 INFO     Epoch: 0 Loss: 0.056738
10-22 07:28 INFO     Training network 1
10-22 07:28 INFO     Epoch: 0 Loss: 0.014937
10-22 07:28 INFO     Training network 2
10-22 07:28 INFO     Epoch: 0 Loss: 0.014458
10-22 07:28 INFO     Training network 3
10-22 07:28 INFO     Epoch: 0 Loss: 0.234995
10-22 07:28 INFO     Training network 4
10-22 07:29 INFO     Epoch: 0 Loss: 0.298288
10-22 07:29 INFO     global n_training: 195
10-22 07:29 INFO     global n_test: 313
10-22 07:29 INFO     >> Global Model Test accuracy: 0.851600
10-22 07:29 INFO     >> Global Model Test backdoor accuracy: 0.842500
10-22 07:29 INFO     in comm round:58
10-22 07:29 INFO     Training network 0
10-22 07:29 INFO     Epoch: 0 Loss: 0.050413
10-22 07:29 INFO     Training network 1
10-22 07:29 INFO     Epoch: 0 Loss: 0.018393
10-22 07:29 INFO     Training network 2
10-22 07:29 INFO     Epoch: 0 Loss: 0.011415
10-22 07:29 INFO     Training network 3
10-22 07:30 INFO     Epoch: 0 Loss: 0.255897
10-22 07:30 INFO     Training network 4
10-22 07:30 INFO     Epoch: 0 Loss: 0.279534
10-22 07:30 INFO     global n_training: 195
10-22 07:30 INFO     global n_test: 313
10-22 07:30 INFO     >> Global Model Test accuracy: 0.849900
10-22 07:30 INFO     >> Global Model Test backdoor accuracy: 0.958400
10-22 07:30 INFO     in comm round:59
10-22 07:30 INFO     Training network 0
10-22 07:30 INFO     Epoch: 0 Loss: 0.055912
10-22 07:30 INFO     Training network 1
10-22 07:30 INFO     Epoch: 0 Loss: 0.014640
10-22 07:30 INFO     Training network 2
10-22 07:31 INFO     Epoch: 0 Loss: 0.012917
10-22 07:31 INFO     Training network 3
10-22 07:31 INFO     Epoch: 0 Loss: 0.247764
10-22 07:31 INFO     Training network 4
10-22 07:31 INFO     Epoch: 0 Loss: 0.302813
10-22 07:31 INFO     global n_training: 195
10-22 07:31 INFO     global n_test: 313
10-22 07:31 INFO     >> Global Model Test accuracy: 0.852900
10-22 07:31 INFO     >> Global Model Test backdoor accuracy: 0.930600
10-22 07:31 INFO     in comm round:60
10-22 07:31 INFO     Training network 0
10-22 07:31 INFO     Epoch: 0 Loss: 0.054000
10-22 07:31 INFO     Training network 1
10-22 07:32 INFO     Epoch: 0 Loss: 0.014362
10-22 07:32 INFO     Training network 2
10-22 07:32 INFO     Epoch: 0 Loss: 0.008603
10-22 07:32 INFO     Training network 3
10-22 07:32 INFO     Epoch: 0 Loss: 0.260220
10-22 07:32 INFO     Training network 4
10-22 07:32 INFO     Epoch: 0 Loss: 0.304177
10-22 07:32 INFO     global n_training: 195
10-22 07:32 INFO     global n_test: 313
10-22 07:32 INFO     >> Global Model Test accuracy: 0.853700
10-22 07:32 INFO     >> Global Model Test backdoor accuracy: 0.969900
10-22 07:32 INFO     in comm round:61
10-22 07:32 INFO     Training network 0
10-22 07:32 INFO     Epoch: 0 Loss: 0.047052
10-22 07:33 INFO     Training network 1
10-22 07:33 INFO     Epoch: 0 Loss: 0.014711
10-22 07:33 INFO     Training network 2
10-22 07:33 INFO     Epoch: 0 Loss: 0.014884
10-22 07:33 INFO     Training network 3
10-22 07:33 INFO     Epoch: 0 Loss: 0.236812
10-22 07:33 INFO     Training network 4
10-22 07:33 INFO     Epoch: 0 Loss: 0.303546
10-22 07:33 INFO     global n_training: 195
10-22 07:33 INFO     global n_test: 313
10-22 07:34 INFO     >> Global Model Test accuracy: 0.844400
10-22 07:34 INFO     >> Global Model Test backdoor accuracy: 0.950600
10-22 07:34 INFO     in comm round:62
10-22 07:34 INFO     Training network 0
10-22 07:34 INFO     Epoch: 0 Loss: 0.052164
10-22 07:34 INFO     Training network 1
10-22 07:34 INFO     Epoch: 0 Loss: 0.017063
10-22 07:34 INFO     Training network 2
10-22 07:34 INFO     Epoch: 0 Loss: 0.012068
10-22 07:34 INFO     Training network 3
10-22 07:34 INFO     Epoch: 0 Loss: 0.216707
10-22 07:34 INFO     Training network 4
10-22 07:35 INFO     Epoch: 0 Loss: 0.317778
10-22 07:35 INFO     global n_training: 195
10-22 07:35 INFO     global n_test: 313
10-22 07:35 INFO     >> Global Model Test accuracy: 0.847700
10-22 07:35 INFO     >> Global Model Test backdoor accuracy: 0.968100
10-22 07:35 INFO     in comm round:63
10-22 07:35 INFO     Training network 0
10-22 07:35 INFO     Epoch: 0 Loss: 0.056170
10-22 07:35 INFO     Training network 1
10-22 07:35 INFO     Epoch: 0 Loss: 0.013661
10-22 07:35 INFO     Training network 2
10-22 07:35 INFO     Epoch: 0 Loss: 0.012676
10-22 07:35 INFO     Training network 3
10-22 07:36 INFO     Epoch: 0 Loss: 0.253656
10-22 07:36 INFO     Training network 4
10-22 07:36 INFO     Epoch: 0 Loss: 0.327761
10-22 07:36 INFO     global n_training: 195
10-22 07:36 INFO     global n_test: 313
10-22 07:36 INFO     >> Global Model Test accuracy: 0.837900
10-22 07:36 INFO     >> Global Model Test backdoor accuracy: 0.861400
10-22 07:36 INFO     in comm round:64
10-22 07:36 INFO     Training network 0
10-22 07:36 INFO     Epoch: 0 Loss: 0.066940
10-22 07:36 INFO     Training network 1
10-22 07:36 INFO     Epoch: 0 Loss: 0.016579
10-22 07:36 INFO     Training network 2
10-22 07:36 INFO     Epoch: 0 Loss: 0.018017
10-22 07:37 INFO     Training network 3
10-22 07:37 INFO     Epoch: 0 Loss: 0.241385
10-22 07:37 INFO     Training network 4
10-22 07:37 INFO     Epoch: 0 Loss: 0.341448
10-22 07:37 INFO     global n_training: 195
10-22 07:37 INFO     global n_test: 313
10-22 07:37 INFO     >> Global Model Test accuracy: 0.837500
10-22 07:37 INFO     >> Global Model Test backdoor accuracy: 0.923800
10-22 07:37 INFO     in comm round:65
10-22 07:37 INFO     Training network 0
10-22 07:37 INFO     Epoch: 0 Loss: 0.052083
10-22 07:37 INFO     Training network 1
10-22 07:37 INFO     Epoch: 0 Loss: 0.018539
10-22 07:38 INFO     Training network 2
10-22 07:38 INFO     Epoch: 0 Loss: 0.011451
10-22 07:38 INFO     Training network 3
10-22 07:38 INFO     Epoch: 0 Loss: 0.258632
10-22 07:38 INFO     Training network 4
10-22 07:38 INFO     Epoch: 0 Loss: 0.299316
10-22 07:38 INFO     global n_training: 195
10-22 07:38 INFO     global n_test: 313
10-22 07:38 INFO     >> Global Model Test accuracy: 0.854200
10-22 07:38 INFO     >> Global Model Test backdoor accuracy: 0.967400
10-22 07:38 INFO     in comm round:66
10-22 07:38 INFO     Training network 0
10-22 07:38 INFO     Epoch: 0 Loss: 0.051483
10-22 07:38 INFO     Training network 1
10-22 07:39 INFO     Epoch: 0 Loss: 0.008817
10-22 07:39 INFO     Training network 2
10-22 07:39 INFO     Epoch: 0 Loss: 0.010010
10-22 07:39 INFO     Training network 3
10-22 07:39 INFO     Epoch: 0 Loss: 0.220413
10-22 07:39 INFO     Training network 4
10-22 07:39 INFO     Epoch: 0 Loss: 0.280039
10-22 07:39 INFO     global n_training: 195
10-22 07:39 INFO     global n_test: 313
10-22 07:40 INFO     >> Global Model Test accuracy: 0.832200
10-22 07:40 INFO     >> Global Model Test backdoor accuracy: 0.932500
10-22 07:40 INFO     in comm round:67
10-22 07:40 INFO     Training network 0
10-22 07:40 INFO     Epoch: 0 Loss: 0.048551
10-22 07:40 INFO     Training network 1
10-22 07:40 INFO     Epoch: 0 Loss: 0.016221
10-22 07:40 INFO     Training network 2
10-22 07:40 INFO     Epoch: 0 Loss: 0.009495
10-22 07:40 INFO     Training network 3
10-22 07:40 INFO     Epoch: 0 Loss: 0.242960
10-22 07:40 INFO     Training network 4
10-22 07:41 INFO     Epoch: 0 Loss: 0.331178
10-22 07:41 INFO     global n_training: 195
10-22 07:41 INFO     global n_test: 313
10-22 07:41 INFO     >> Global Model Test accuracy: 0.842300
10-22 07:41 INFO     >> Global Model Test backdoor accuracy: 0.942800
10-22 07:41 INFO     in comm round:68
10-22 07:41 INFO     Training network 0
10-22 07:41 INFO     Epoch: 0 Loss: 0.051027
10-22 07:41 INFO     Training network 1
10-22 07:41 INFO     Epoch: 0 Loss: 0.012255
10-22 07:41 INFO     Training network 2
10-22 07:41 INFO     Epoch: 0 Loss: 0.021776
10-22 07:41 INFO     Training network 3
10-22 07:42 INFO     Epoch: 0 Loss: 0.261163
10-22 07:42 INFO     Training network 4
10-22 07:42 INFO     Epoch: 0 Loss: 0.293558
10-22 07:42 INFO     global n_training: 195
10-22 07:42 INFO     global n_test: 313
10-22 07:42 INFO     >> Global Model Test accuracy: 0.846600
10-22 07:42 INFO     >> Global Model Test backdoor accuracy: 0.927400
10-22 07:42 INFO     in comm round:69
10-22 07:42 INFO     Training network 0
10-22 07:42 INFO     Epoch: 0 Loss: 0.055698
10-22 07:42 INFO     Training network 1
10-22 07:42 INFO     Epoch: 0 Loss: 0.012378
10-22 07:42 INFO     Training network 2
10-22 07:42 INFO     Epoch: 0 Loss: 0.009660
10-22 07:42 INFO     Training network 3
10-22 07:43 INFO     Epoch: 0 Loss: 0.260864
10-22 07:43 INFO     Training network 4
10-22 07:43 INFO     Epoch: 0 Loss: 0.320538
10-22 07:43 INFO     global n_training: 195
10-22 07:43 INFO     global n_test: 313
10-22 07:43 INFO     >> Global Model Test accuracy: 0.840700
10-22 07:43 INFO     >> Global Model Test backdoor accuracy: 0.961200
10-22 07:43 INFO     in comm round:70
10-22 07:43 INFO     Training network 0
10-22 07:43 INFO     Epoch: 0 Loss: 0.051867
10-22 07:43 INFO     Training network 1
10-22 07:43 INFO     Epoch: 0 Loss: 0.012957
10-22 07:43 INFO     Training network 2
10-22 07:44 INFO     Epoch: 0 Loss: 0.014514
10-22 07:44 INFO     Training network 3
10-22 07:44 INFO     Epoch: 0 Loss: 0.246024
10-22 07:44 INFO     Training network 4
10-22 07:44 INFO     Epoch: 0 Loss: 0.326566
10-22 07:44 INFO     global n_training: 195
10-22 07:44 INFO     global n_test: 313
10-22 07:44 INFO     >> Global Model Test accuracy: 0.854500
10-22 07:44 INFO     >> Global Model Test backdoor accuracy: 0.949200
10-22 07:44 INFO     in comm round:71
10-22 07:44 INFO     Training network 0
10-22 07:44 INFO     Epoch: 0 Loss: 0.046257
10-22 07:44 INFO     Training network 1
10-22 07:45 INFO     Epoch: 0 Loss: 0.008430
10-22 07:45 INFO     Training network 2
10-22 07:45 INFO     Epoch: 0 Loss: 0.015508
10-22 07:45 INFO     Training network 3
10-22 07:45 INFO     Epoch: 0 Loss: 0.235322
10-22 07:45 INFO     Training network 4
10-22 07:45 INFO     Epoch: 0 Loss: 0.308798
10-22 07:45 INFO     global n_training: 195
10-22 07:45 INFO     global n_test: 313
10-22 07:45 INFO     >> Global Model Test accuracy: 0.861700
10-22 07:45 INFO     >> Global Model Test backdoor accuracy: 0.965500
10-22 07:45 INFO     in comm round:72
10-22 07:46 INFO     Training network 0
10-22 07:46 INFO     Epoch: 0 Loss: 0.045380
10-22 07:46 INFO     Training network 1
10-22 07:46 INFO     Epoch: 0 Loss: 0.017542
10-22 07:46 INFO     Training network 2
10-22 07:46 INFO     Epoch: 0 Loss: 0.010961
10-22 07:46 INFO     Training network 3
10-22 07:46 INFO     Epoch: 0 Loss: 0.255804
10-22 07:46 INFO     Training network 4
10-22 07:47 INFO     Epoch: 0 Loss: 0.329563
10-22 07:47 INFO     global n_training: 195
10-22 07:47 INFO     global n_test: 313
10-22 07:47 INFO     >> Global Model Test accuracy: 0.846300
10-22 07:47 INFO     >> Global Model Test backdoor accuracy: 0.969500
10-22 07:47 INFO     in comm round:73
10-22 07:47 INFO     Training network 0
10-22 07:47 INFO     Epoch: 0 Loss: 0.047506
10-22 07:47 INFO     Training network 1
10-22 07:47 INFO     Epoch: 0 Loss: 0.011175
10-22 07:47 INFO     Training network 2
10-22 07:47 INFO     Epoch: 0 Loss: 0.012572
10-22 07:47 INFO     Training network 3
10-22 07:47 INFO     Epoch: 0 Loss: 0.242012
10-22 07:48 INFO     Training network 4
10-22 07:48 INFO     Epoch: 0 Loss: 0.303497
10-22 07:48 INFO     global n_training: 195
10-22 07:48 INFO     global n_test: 313
10-22 07:48 INFO     >> Global Model Test accuracy: 0.843600
10-22 07:48 INFO     >> Global Model Test backdoor accuracy: 0.926600
10-22 07:48 INFO     in comm round:74
10-22 07:48 INFO     Training network 0
10-22 07:48 INFO     Epoch: 0 Loss: 0.038491
10-22 07:48 INFO     Training network 1
10-22 07:48 INFO     Epoch: 0 Loss: 0.016327
10-22 07:48 INFO     Training network 2
10-22 07:48 INFO     Epoch: 0 Loss: 0.013580
10-22 07:48 INFO     Training network 3
10-22 07:49 INFO     Epoch: 0 Loss: 0.248641
10-22 07:49 INFO     Training network 4
10-22 07:49 INFO     Epoch: 0 Loss: 0.320407
10-22 07:49 INFO     global n_training: 195
10-22 07:49 INFO     global n_test: 313
10-22 07:49 INFO     >> Global Model Test accuracy: 0.844000
10-22 07:49 INFO     >> Global Model Test backdoor accuracy: 0.979000
10-22 07:49 INFO     in comm round:75
10-22 07:49 INFO     Training network 0
10-22 07:49 INFO     Epoch: 0 Loss: 0.045557
10-22 07:49 INFO     Training network 1
10-22 07:49 INFO     Epoch: 0 Loss: 0.015613
10-22 07:49 INFO     Training network 2
10-22 07:50 INFO     Epoch: 0 Loss: 0.008942
10-22 07:50 INFO     Training network 3
10-22 07:50 INFO     Epoch: 0 Loss: 0.258096
10-22 07:50 INFO     Training network 4
10-22 07:50 INFO     Epoch: 0 Loss: 0.315123
10-22 07:50 INFO     global n_training: 195
10-22 07:50 INFO     global n_test: 313
10-22 07:50 INFO     >> Global Model Test accuracy: 0.853600
10-22 07:50 INFO     >> Global Model Test backdoor accuracy: 0.963400
10-22 07:50 INFO     in comm round:76
10-22 07:50 INFO     Training network 0
10-22 07:50 INFO     Epoch: 0 Loss: 0.040027
10-22 07:50 INFO     Training network 1
10-22 07:51 INFO     Epoch: 0 Loss: 0.012422
10-22 07:51 INFO     Training network 2
10-22 07:51 INFO     Epoch: 0 Loss: 0.015490
10-22 07:51 INFO     Training network 3
10-22 07:51 INFO     Epoch: 0 Loss: 0.249084
10-22 07:51 INFO     Training network 4
10-22 07:51 INFO     Epoch: 0 Loss: 0.344242
10-22 07:51 INFO     global n_training: 195
10-22 07:51 INFO     global n_test: 313
10-22 07:51 INFO     >> Global Model Test accuracy: 0.859000
10-22 07:51 INFO     >> Global Model Test backdoor accuracy: 0.970900
10-22 07:51 INFO     in comm round:77
10-22 07:52 INFO     Training network 0
10-22 07:52 INFO     Epoch: 0 Loss: 0.039795
10-22 07:52 INFO     Training network 1
10-22 07:52 INFO     Epoch: 0 Loss: 0.018601
10-22 07:52 INFO     Training network 2
10-22 07:52 INFO     Epoch: 0 Loss: 0.009766
10-22 07:52 INFO     Training network 3
10-22 07:52 INFO     Epoch: 0 Loss: 0.259098
10-22 07:52 INFO     Training network 4
10-22 07:53 INFO     Epoch: 0 Loss: 0.314917
10-22 07:53 INFO     global n_training: 195
10-22 07:53 INFO     global n_test: 313
10-22 07:53 INFO     >> Global Model Test accuracy: 0.846800
10-22 07:53 INFO     >> Global Model Test backdoor accuracy: 0.942900
10-22 07:53 INFO     in comm round:78
10-22 07:53 INFO     Training network 0
10-22 07:53 INFO     Epoch: 0 Loss: 0.034617
10-22 07:53 INFO     Training network 1
10-22 07:53 INFO     Epoch: 0 Loss: 0.008783
10-22 07:53 INFO     Training network 2
10-22 07:53 INFO     Epoch: 0 Loss: 0.013978
10-22 07:53 INFO     Training network 3
10-22 07:53 INFO     Epoch: 0 Loss: 0.269161
10-22 07:53 INFO     Training network 4
10-22 07:54 INFO     Epoch: 0 Loss: 0.341525
10-22 07:54 INFO     global n_training: 195
10-22 07:54 INFO     global n_test: 313
10-22 07:54 INFO     >> Global Model Test accuracy: 0.820000
10-22 07:54 INFO     >> Global Model Test backdoor accuracy: 0.966200
10-22 07:54 INFO     in comm round:79
10-22 07:54 INFO     Training network 0
10-22 07:54 INFO     Epoch: 0 Loss: 0.048637
10-22 07:54 INFO     Training network 1
10-22 07:54 INFO     Epoch: 0 Loss: 0.017013
10-22 07:54 INFO     Training network 2
10-22 07:54 INFO     Epoch: 0 Loss: 0.011822
10-22 07:54 INFO     Training network 3
10-22 07:55 INFO     Epoch: 0 Loss: 0.240339
10-22 07:55 INFO     Training network 4
10-22 07:55 INFO     Epoch: 0 Loss: 0.359112
10-22 07:55 INFO     global n_training: 195
10-22 07:55 INFO     global n_test: 313
10-22 07:55 INFO     >> Global Model Test accuracy: 0.836700
10-22 07:55 INFO     >> Global Model Test backdoor accuracy: 0.933600
