09-11 06:28 INFO     Data statistics: {0: {0: 267, 1: 233, 2: 45, 3: 327, 4: 4, 5: 19, 6: 42, 7: 14, 8: 249, 9: 431}, 1: {0: 82, 1: 366, 2: 218, 3: 3602, 4: 1790, 5: 2351, 6: 1, 7: 510, 8: 805, 9: 803}, 2: {0: 45, 1: 2589, 2: 1343, 3: 486, 4: 2366, 5: 215, 6: 278, 7: 2225, 8: 1227, 9: 104}, 3: {0: 2023, 1: 1713, 2: 2668, 4: 109, 5: 529, 6: 965, 7: 1082, 8: 2465, 9: 2360}, 4: {0: 2583, 1: 99, 2: 726, 3: 585, 4: 731, 5: 1886, 6: 3714, 7: 1169, 8: 254, 9: 1302}}
09-11 06:28 INFO     in comm round:0
09-11 06:29 INFO     Training network 0
09-11 06:29 INFO     Epoch: 0 Loss: 0.466979
09-11 06:29 INFO     Training network 1
09-11 06:29 INFO     Epoch: 0 Loss: 1.328727
09-11 06:29 INFO     Training network 2
09-11 06:30 INFO     Epoch: 0 Loss: 1.251336
09-11 06:30 INFO     Training network 3
09-11 06:30 INFO     Epoch: 0 Loss: 1.172532
09-11 06:30 INFO     Training network 4
09-11 06:31 INFO     Epoch: 0 Loss: 1.318485
09-11 06:31 INFO     global n_training: 781
09-11 06:31 INFO     global n_test: 313
09-11 06:31 INFO     >> Global Model Test accuracy: 0.100000
09-11 06:31 INFO     >> Global Model Test backdoor accuracy: 1.000000
09-11 06:31 INFO     in comm round:1
09-11 06:31 INFO     Training network 0
09-11 06:31 INFO     Epoch: 0 Loss: nan
09-11 06:31 INFO     Training network 1
09-11 06:32 INFO     Epoch: 0 Loss: nan
09-11 06:32 INFO     Training network 2
09-11 06:32 INFO     Epoch: 0 Loss: nan
09-11 06:32 INFO     Training network 3
09-11 06:33 INFO     Epoch: 0 Loss: nan
09-11 06:33 INFO     Training network 4
09-11 06:33 INFO     Epoch: 0 Loss: nan
09-11 06:33 INFO     global n_training: 781
09-11 06:33 INFO     global n_test: 313
09-11 06:34 INFO     >> Global Model Test accuracy: 0.100000
09-11 06:34 INFO     >> Global Model Test backdoor accuracy: 1.000000
09-11 06:34 INFO     in comm round:2
09-11 06:34 INFO     Training network 0
09-11 06:34 INFO     Epoch: 0 Loss: nan
09-11 06:34 INFO     Training network 1
09-11 06:34 INFO     Epoch: 0 Loss: nan
09-11 06:34 INFO     Training network 2
09-11 06:35 INFO     Epoch: 0 Loss: nan
09-11 06:35 INFO     Training network 3
09-11 06:35 INFO     Epoch: 0 Loss: nan
09-11 06:35 INFO     Training network 4
09-11 06:36 INFO     Epoch: 0 Loss: nan
09-11 06:36 INFO     global n_training: 781
09-11 06:36 INFO     global n_test: 313
09-11 06:36 INFO     >> Global Model Test accuracy: 0.100000
09-11 06:36 INFO     >> Global Model Test backdoor accuracy: 1.000000
09-11 06:36 INFO     in comm round:3
09-11 06:36 INFO     Training network 0
09-11 06:36 INFO     Epoch: 0 Loss: nan
09-11 06:36 INFO     Training network 1
09-11 06:37 INFO     Epoch: 0 Loss: nan
09-11 06:37 INFO     Training network 2
09-11 06:37 INFO     Epoch: 0 Loss: nan
09-11 06:37 INFO     Training network 3
09-11 06:38 INFO     Epoch: 0 Loss: nan
09-11 06:38 INFO     Training network 4
09-11 06:38 INFO     Epoch: 0 Loss: nan
09-11 06:38 INFO     global n_training: 781
09-11 06:38 INFO     global n_test: 313
09-11 06:39 INFO     >> Global Model Test accuracy: 0.100000
09-11 06:39 INFO     >> Global Model Test backdoor accuracy: 1.000000
09-11 06:39 INFO     in comm round:4
09-11 06:39 INFO     Training network 0
09-11 06:39 INFO     Epoch: 0 Loss: nan
09-11 06:39 INFO     Training network 1
09-11 06:39 INFO     Epoch: 0 Loss: nan
09-11 06:39 INFO     Training network 2
09-11 06:40 INFO     Epoch: 0 Loss: nan
09-11 06:40 INFO     Training network 3
09-11 06:40 INFO     Epoch: 0 Loss: nan
09-11 06:40 INFO     Training network 4
09-11 06:41 INFO     Epoch: 0 Loss: nan
09-11 06:41 INFO     global n_training: 781
09-11 06:41 INFO     global n_test: 313
09-11 06:41 INFO     >> Global Model Test accuracy: 0.100000
09-11 06:41 INFO     >> Global Model Test backdoor accuracy: 1.000000
09-11 06:41 INFO     in comm round:5
09-11 06:41 INFO     Training network 0
09-11 06:41 INFO     Epoch: 0 Loss: nan
09-11 06:41 INFO     Training network 1
09-11 06:42 INFO     Epoch: 0 Loss: nan
09-11 06:42 INFO     Training network 2
09-11 06:42 INFO     Epoch: 0 Loss: nan
09-11 06:42 INFO     Training network 3
09-11 06:43 INFO     Epoch: 0 Loss: nan
09-11 06:43 INFO     Training network 4
09-11 06:43 INFO     Epoch: 0 Loss: nan
09-11 06:43 INFO     global n_training: 781
09-11 06:43 INFO     global n_test: 313
09-11 06:44 INFO     >> Global Model Test accuracy: 0.100000
09-11 06:44 INFO     >> Global Model Test backdoor accuracy: 1.000000
09-11 06:44 INFO     in comm round:6
09-11 06:44 INFO     Training network 0
09-11 06:44 INFO     Epoch: 0 Loss: nan
09-11 06:44 INFO     Training network 1
09-11 06:44 INFO     Epoch: 0 Loss: nan
09-11 06:44 INFO     Training network 2
09-11 06:45 INFO     Epoch: 0 Loss: nan
09-11 06:45 INFO     Training network 3
09-11 06:45 INFO     Epoch: 0 Loss: nan
09-11 06:45 INFO     Training network 4
09-11 06:46 INFO     Epoch: 0 Loss: nan
09-11 06:46 INFO     global n_training: 781
09-11 06:46 INFO     global n_test: 313
09-11 06:46 INFO     >> Global Model Test accuracy: 0.100000
09-11 06:46 INFO     >> Global Model Test backdoor accuracy: 1.000000
09-11 06:46 INFO     in comm round:7
09-11 06:46 INFO     Training network 0
09-11 06:46 INFO     Epoch: 0 Loss: nan
09-11 06:46 INFO     Training network 1
09-11 06:47 INFO     Epoch: 0 Loss: nan
09-11 06:47 INFO     Training network 2
09-11 06:47 INFO     Epoch: 0 Loss: nan
09-11 06:47 INFO     Training network 3
09-11 06:48 INFO     Epoch: 0 Loss: nan
09-11 06:48 INFO     Training network 4
09-11 06:48 INFO     Epoch: 0 Loss: nan
09-11 06:48 INFO     global n_training: 781
09-11 06:48 INFO     global n_test: 313
09-11 06:49 INFO     >> Global Model Test accuracy: 0.100000
09-11 06:49 INFO     >> Global Model Test backdoor accuracy: 1.000000
09-11 06:49 INFO     in comm round:8
09-11 06:49 INFO     Training network 0
09-11 06:49 INFO     Epoch: 0 Loss: nan
09-11 06:49 INFO     Training network 1
09-11 06:49 INFO     Epoch: 0 Loss: nan
09-11 06:49 INFO     Training network 2
09-11 06:50 INFO     Epoch: 0 Loss: nan
09-11 06:50 INFO     Training network 3
09-11 06:50 INFO     Epoch: 0 Loss: nan
09-11 06:50 INFO     Training network 4
09-11 06:51 INFO     Epoch: 0 Loss: nan
09-11 06:51 INFO     global n_training: 781
09-11 06:51 INFO     global n_test: 313
09-11 06:51 INFO     >> Global Model Test accuracy: 0.100000
09-11 06:51 INFO     >> Global Model Test backdoor accuracy: 1.000000
09-11 06:51 INFO     in comm round:9
09-11 06:51 INFO     Training network 0
09-11 06:51 INFO     Epoch: 0 Loss: nan
09-11 06:51 INFO     Training network 1
09-11 06:52 INFO     Epoch: 0 Loss: nan
09-11 06:52 INFO     Training network 2
09-11 06:52 INFO     Epoch: 0 Loss: nan
09-11 06:52 INFO     Training network 3
09-11 06:53 INFO     Epoch: 0 Loss: nan
09-11 06:53 INFO     Training network 4
09-11 06:53 INFO     Epoch: 0 Loss: nan
09-11 06:53 INFO     global n_training: 781
09-11 06:53 INFO     global n_test: 313
09-11 06:54 INFO     >> Global Model Test accuracy: 0.100000
09-11 06:54 INFO     >> Global Model Test backdoor accuracy: 1.000000
09-11 06:54 INFO     in comm round:10
09-11 06:54 INFO     Training network 0
09-11 06:54 INFO     Epoch: 0 Loss: nan
09-11 06:54 INFO     Training network 1
09-11 06:54 INFO     Epoch: 0 Loss: nan
09-11 06:54 INFO     Training network 2
09-11 06:55 INFO     Epoch: 0 Loss: nan
09-11 06:55 INFO     Training network 3
09-11 06:55 INFO     Epoch: 0 Loss: nan
09-11 06:55 INFO     Training network 4
09-11 06:56 INFO     Epoch: 0 Loss: nan
09-11 06:56 INFO     global n_training: 781
09-11 06:56 INFO     global n_test: 313
09-11 06:56 INFO     >> Global Model Test accuracy: 0.100000
09-11 06:56 INFO     >> Global Model Test backdoor accuracy: 1.000000
09-11 06:56 INFO     in comm round:11
09-11 06:56 INFO     Training network 0
09-11 06:56 INFO     Epoch: 0 Loss: nan
09-11 06:56 INFO     Training network 1
09-11 06:57 INFO     Epoch: 0 Loss: nan
09-11 06:57 INFO     Training network 2
09-11 06:57 INFO     Epoch: 0 Loss: nan
09-11 06:57 INFO     Training network 3
09-11 06:58 INFO     Epoch: 0 Loss: nan
09-11 06:58 INFO     Training network 4
09-11 06:58 INFO     Epoch: 0 Loss: nan
09-11 06:58 INFO     global n_training: 781
09-11 06:58 INFO     global n_test: 313
09-11 06:59 INFO     >> Global Model Test accuracy: 0.100000
09-11 06:59 INFO     >> Global Model Test backdoor accuracy: 1.000000
09-11 06:59 INFO     in comm round:12
09-11 06:59 INFO     Training network 0
09-11 06:59 INFO     Epoch: 0 Loss: nan
09-11 06:59 INFO     Training network 1
09-11 06:59 INFO     Epoch: 0 Loss: nan
09-11 06:59 INFO     Training network 2
09-11 07:00 INFO     Epoch: 0 Loss: nan
09-11 07:00 INFO     Training network 3
09-11 07:00 INFO     Epoch: 0 Loss: nan
09-11 07:00 INFO     Training network 4
09-11 07:01 INFO     Epoch: 0 Loss: nan
09-11 07:01 INFO     global n_training: 781
09-11 07:01 INFO     global n_test: 313
09-11 07:01 INFO     >> Global Model Test accuracy: 0.100000
09-11 07:01 INFO     >> Global Model Test backdoor accuracy: 1.000000
09-11 07:01 INFO     in comm round:13
09-11 07:01 INFO     Training network 0
09-11 07:01 INFO     Epoch: 0 Loss: nan
09-11 07:01 INFO     Training network 1
09-11 07:02 INFO     Epoch: 0 Loss: nan
09-11 07:02 INFO     Training network 2
09-11 07:02 INFO     Epoch: 0 Loss: nan
09-11 07:02 INFO     Training network 3
09-11 07:03 INFO     Epoch: 0 Loss: nan
09-11 07:03 INFO     Training network 4
09-11 07:03 INFO     Epoch: 0 Loss: nan
09-11 07:03 INFO     global n_training: 781
09-11 07:03 INFO     global n_test: 313
09-11 07:03 INFO     >> Global Model Test accuracy: 0.100000
09-11 07:03 INFO     >> Global Model Test backdoor accuracy: 1.000000
09-11 07:03 INFO     in comm round:14
09-11 07:04 INFO     Training network 0
09-11 07:04 INFO     Epoch: 0 Loss: nan
09-11 07:04 INFO     Training network 1
09-11 07:04 INFO     Epoch: 0 Loss: nan
09-11 07:04 INFO     Training network 2
09-11 07:05 INFO     Epoch: 0 Loss: nan
09-11 07:05 INFO     Training network 3
09-11 07:05 INFO     Epoch: 0 Loss: nan
09-11 07:05 INFO     Training network 4
09-11 07:06 INFO     Epoch: 0 Loss: nan
09-11 07:06 INFO     global n_training: 781
09-11 07:06 INFO     global n_test: 313
09-11 07:06 INFO     >> Global Model Test accuracy: 0.100000
09-11 07:06 INFO     >> Global Model Test backdoor accuracy: 1.000000
09-11 07:06 INFO     in comm round:15
09-11 07:06 INFO     Training network 0
09-11 07:06 INFO     Epoch: 0 Loss: nan
09-11 07:06 INFO     Training network 1
09-11 07:07 INFO     Epoch: 0 Loss: nan
09-11 07:07 INFO     Training network 2
09-11 07:07 INFO     Epoch: 0 Loss: nan
09-11 07:07 INFO     Training network 3
09-11 07:08 INFO     Epoch: 0 Loss: nan
09-11 07:08 INFO     Training network 4
09-11 07:08 INFO     Epoch: 0 Loss: nan
09-11 07:08 INFO     global n_training: 781
09-11 07:08 INFO     global n_test: 313
09-11 07:08 INFO     >> Global Model Test accuracy: 0.100000
09-11 07:08 INFO     >> Global Model Test backdoor accuracy: 1.000000
09-11 07:08 INFO     in comm round:16
09-11 07:09 INFO     Training network 0
09-11 07:09 INFO     Epoch: 0 Loss: nan
09-11 07:09 INFO     Training network 1
09-11 07:09 INFO     Epoch: 0 Loss: nan
09-11 07:09 INFO     Training network 2
09-11 07:10 INFO     Epoch: 0 Loss: nan
09-11 07:10 INFO     Training network 3
09-11 07:10 INFO     Epoch: 0 Loss: nan
09-11 07:10 INFO     Training network 4
09-11 07:11 INFO     Epoch: 0 Loss: nan
09-11 07:11 INFO     global n_training: 781
09-11 07:11 INFO     global n_test: 313
09-11 07:11 INFO     >> Global Model Test accuracy: 0.100000
09-11 07:11 INFO     >> Global Model Test backdoor accuracy: 1.000000
09-11 07:11 INFO     in comm round:17
09-11 07:11 INFO     Training network 0
09-11 07:11 INFO     Epoch: 0 Loss: nan
09-11 07:11 INFO     Training network 1
09-11 07:12 INFO     Epoch: 0 Loss: nan
09-11 07:12 INFO     Training network 2
09-11 07:12 INFO     Epoch: 0 Loss: nan
09-11 07:12 INFO     Training network 3
09-11 07:13 INFO     Epoch: 0 Loss: nan
09-11 07:13 INFO     Training network 4
09-11 07:13 INFO     Epoch: 0 Loss: nan
09-11 07:13 INFO     global n_training: 781
09-11 07:13 INFO     global n_test: 313
09-11 07:13 INFO     >> Global Model Test accuracy: 0.100000
09-11 07:13 INFO     >> Global Model Test backdoor accuracy: 1.000000
09-11 07:13 INFO     in comm round:18
09-11 07:14 INFO     Training network 0
09-11 07:14 INFO     Epoch: 0 Loss: nan
09-11 07:14 INFO     Training network 1
09-11 07:14 INFO     Epoch: 0 Loss: nan
09-11 07:14 INFO     Training network 2
09-11 07:15 INFO     Epoch: 0 Loss: nan
09-11 07:15 INFO     Training network 3
09-11 07:15 INFO     Epoch: 0 Loss: nan
09-11 07:15 INFO     Training network 4
09-11 07:16 INFO     Epoch: 0 Loss: nan
09-11 07:16 INFO     global n_training: 781
09-11 07:16 INFO     global n_test: 313
09-11 07:16 INFO     >> Global Model Test accuracy: 0.100000
09-11 07:16 INFO     >> Global Model Test backdoor accuracy: 1.000000
09-11 07:16 INFO     in comm round:19
09-11 07:16 INFO     Training network 0
09-11 07:16 INFO     Epoch: 0 Loss: nan
09-11 07:16 INFO     Training network 1
09-11 07:17 INFO     Epoch: 0 Loss: nan
09-11 07:17 INFO     Training network 2
09-11 07:17 INFO     Epoch: 0 Loss: nan
09-11 07:17 INFO     Training network 3
09-11 07:18 INFO     Epoch: 0 Loss: nan
09-11 07:18 INFO     Training network 4
09-11 07:18 INFO     Epoch: 0 Loss: nan
09-11 07:18 INFO     global n_training: 781
09-11 07:18 INFO     global n_test: 313
09-11 07:18 INFO     >> Global Model Test accuracy: 0.100000
09-11 07:18 INFO     >> Global Model Test backdoor accuracy: 1.000000
09-11 07:18 INFO     in comm round:20
09-11 07:18 INFO     Training network 0
09-11 07:19 INFO     Epoch: 0 Loss: nan
09-11 07:19 INFO     Training network 1
09-11 07:19 INFO     Epoch: 0 Loss: nan
09-11 07:19 INFO     Training network 2
09-11 07:19 INFO     Epoch: 0 Loss: nan
09-11 07:20 INFO     Training network 3
09-11 07:20 INFO     Epoch: 0 Loss: nan
09-11 07:20 INFO     Training network 4
09-11 07:21 INFO     Epoch: 0 Loss: nan
09-11 07:21 INFO     global n_training: 781
09-11 07:21 INFO     global n_test: 313
09-11 07:21 INFO     >> Global Model Test accuracy: 0.100000
09-11 07:21 INFO     >> Global Model Test backdoor accuracy: 1.000000
09-11 07:21 INFO     in comm round:21
09-11 07:21 INFO     Training network 0
09-11 07:21 INFO     Epoch: 0 Loss: nan
09-11 07:21 INFO     Training network 1
09-11 07:21 INFO     Epoch: 0 Loss: nan
09-11 07:22 INFO     Training network 2
09-11 07:22 INFO     Epoch: 0 Loss: nan
09-11 07:22 INFO     Training network 3
09-11 07:23 INFO     Epoch: 0 Loss: nan
09-11 07:23 INFO     Training network 4
09-11 07:23 INFO     Epoch: 0 Loss: nan
09-11 07:23 INFO     global n_training: 781
09-11 07:23 INFO     global n_test: 313
09-11 07:23 INFO     >> Global Model Test accuracy: 0.100000
09-11 07:23 INFO     >> Global Model Test backdoor accuracy: 1.000000
09-11 07:23 INFO     in comm round:22
09-11 07:23 INFO     Training network 0
09-11 07:24 INFO     Epoch: 0 Loss: nan
09-11 07:24 INFO     Training network 1
09-11 07:24 INFO     Epoch: 0 Loss: nan
09-11 07:24 INFO     Training network 2
09-11 07:24 INFO     Epoch: 0 Loss: nan
09-11 07:24 INFO     Training network 3
09-11 07:25 INFO     Epoch: 0 Loss: nan
09-11 07:25 INFO     Training network 4
09-11 07:26 INFO     Epoch: 0 Loss: nan
09-11 07:26 INFO     global n_training: 781
09-11 07:26 INFO     global n_test: 313
09-11 07:26 INFO     >> Global Model Test accuracy: 0.100000
09-11 07:26 INFO     >> Global Model Test backdoor accuracy: 1.000000
09-11 07:26 INFO     in comm round:23
09-11 07:26 INFO     Training network 0
09-11 07:26 INFO     Epoch: 0 Loss: nan
09-11 07:26 INFO     Training network 1
09-11 07:26 INFO     Epoch: 0 Loss: nan
09-11 07:27 INFO     Training network 2
09-11 07:27 INFO     Epoch: 0 Loss: nan
09-11 07:27 INFO     Training network 3
09-11 07:28 INFO     Epoch: 0 Loss: nan
09-11 07:28 INFO     Training network 4
09-11 07:28 INFO     Epoch: 0 Loss: nan
09-11 07:28 INFO     global n_training: 781
09-11 07:28 INFO     global n_test: 313
09-11 07:28 INFO     >> Global Model Test accuracy: 0.100000
09-11 07:28 INFO     >> Global Model Test backdoor accuracy: 1.000000
09-11 07:28 INFO     in comm round:24
09-11 07:28 INFO     Training network 0
09-11 07:29 INFO     Epoch: 0 Loss: nan
09-11 07:29 INFO     Training network 1
09-11 07:29 INFO     Epoch: 0 Loss: nan
09-11 07:29 INFO     Training network 2
09-11 07:29 INFO     Epoch: 0 Loss: nan
09-11 07:29 INFO     Training network 3
09-11 07:30 INFO     Epoch: 0 Loss: nan
09-11 07:30 INFO     Training network 4
09-11 07:31 INFO     Epoch: 0 Loss: nan
09-11 07:31 INFO     global n_training: 781
09-11 07:31 INFO     global n_test: 313
09-11 07:31 INFO     >> Global Model Test accuracy: 0.100000
09-11 07:31 INFO     >> Global Model Test backdoor accuracy: 1.000000
09-11 07:31 INFO     in comm round:25
09-11 07:31 INFO     Training network 0
09-11 07:31 INFO     Epoch: 0 Loss: nan
09-11 07:31 INFO     Training network 1
09-11 07:31 INFO     Epoch: 0 Loss: nan
09-11 07:31 INFO     Training network 2
09-11 07:32 INFO     Epoch: 0 Loss: nan
09-11 07:32 INFO     Training network 3
09-11 07:33 INFO     Epoch: 0 Loss: nan
09-11 07:33 INFO     Training network 4
09-11 07:33 INFO     Epoch: 0 Loss: nan
09-11 07:33 INFO     global n_training: 781
09-11 07:33 INFO     global n_test: 313
09-11 07:33 INFO     >> Global Model Test accuracy: 0.100000
09-11 07:33 INFO     >> Global Model Test backdoor accuracy: 1.000000
09-11 07:33 INFO     in comm round:26
09-11 07:33 INFO     Training network 0
09-11 07:33 INFO     Epoch: 0 Loss: nan
09-11 07:34 INFO     Training network 1
09-11 07:34 INFO     Epoch: 0 Loss: nan
09-11 07:34 INFO     Training network 2
09-11 07:34 INFO     Epoch: 0 Loss: nan
09-11 07:34 INFO     Training network 3
09-11 07:35 INFO     Epoch: 0 Loss: nan
09-11 07:35 INFO     Training network 4
09-11 07:36 INFO     Epoch: 0 Loss: nan
09-11 07:36 INFO     global n_training: 781
09-11 07:36 INFO     global n_test: 313
09-11 07:36 INFO     >> Global Model Test accuracy: 0.100000
09-11 07:36 INFO     >> Global Model Test backdoor accuracy: 1.000000
09-11 07:36 INFO     in comm round:27
09-11 07:36 INFO     Training network 0
09-11 07:36 INFO     Epoch: 0 Loss: nan
09-11 07:36 INFO     Training network 1
09-11 07:36 INFO     Epoch: 0 Loss: nan
09-11 07:36 INFO     Training network 2
09-11 07:37 INFO     Epoch: 0 Loss: nan
09-11 07:37 INFO     Training network 3
09-11 07:38 INFO     Epoch: 0 Loss: nan
09-11 07:38 INFO     Training network 4
09-11 07:38 INFO     Epoch: 0 Loss: nan
09-11 07:38 INFO     global n_training: 781
09-11 07:38 INFO     global n_test: 313
09-11 07:38 INFO     >> Global Model Test accuracy: 0.100000
09-11 07:38 INFO     >> Global Model Test backdoor accuracy: 1.000000
09-11 07:38 INFO     in comm round:28
09-11 07:38 INFO     Training network 0
09-11 07:38 INFO     Epoch: 0 Loss: nan
09-11 07:38 INFO     Training network 1
09-11 07:39 INFO     Epoch: 0 Loss: nan
09-11 07:39 INFO     Training network 2
09-11 07:39 INFO     Epoch: 0 Loss: nan
09-11 07:39 INFO     Training network 3
09-11 07:40 INFO     Epoch: 0 Loss: nan
09-11 07:40 INFO     Training network 4
09-11 07:41 INFO     Epoch: 0 Loss: nan
09-11 07:41 INFO     global n_training: 781
09-11 07:41 INFO     global n_test: 313
09-11 07:41 INFO     >> Global Model Test accuracy: 0.100000
09-11 07:41 INFO     >> Global Model Test backdoor accuracy: 1.000000
09-11 07:41 INFO     in comm round:29
09-11 07:41 INFO     Training network 0
09-11 07:41 INFO     Epoch: 0 Loss: nan
09-11 07:41 INFO     Training network 1
09-11 07:41 INFO     Epoch: 0 Loss: nan
09-11 07:41 INFO     Training network 2
09-11 07:42 INFO     Epoch: 0 Loss: nan
09-11 07:42 INFO     Training network 3
09-11 07:43 INFO     Epoch: 0 Loss: nan
09-11 07:43 INFO     Training network 4
09-11 07:43 INFO     Epoch: 0 Loss: nan
09-11 07:43 INFO     global n_training: 781
09-11 07:43 INFO     global n_test: 313
09-11 07:43 INFO     >> Global Model Test accuracy: 0.100000
09-11 07:43 INFO     >> Global Model Test backdoor accuracy: 1.000000
09-11 07:43 INFO     in comm round:30
09-11 07:43 INFO     Training network 0
09-11 07:43 INFO     Epoch: 0 Loss: nan
09-11 07:43 INFO     Training network 1
09-11 07:44 INFO     Epoch: 0 Loss: nan
09-11 07:44 INFO     Training network 2
09-11 07:44 INFO     Epoch: 0 Loss: nan
09-11 07:44 INFO     Training network 3
09-11 07:45 INFO     Epoch: 0 Loss: nan
09-11 07:45 INFO     Training network 4
09-11 07:46 INFO     Epoch: 0 Loss: nan
09-11 07:46 INFO     global n_training: 781
09-11 07:46 INFO     global n_test: 313
09-11 07:46 INFO     >> Global Model Test accuracy: 0.100000
09-11 07:46 INFO     >> Global Model Test backdoor accuracy: 1.000000
09-11 07:46 INFO     in comm round:31
09-11 07:46 INFO     Training network 0
09-11 07:46 INFO     Epoch: 0 Loss: nan
09-11 07:46 INFO     Training network 1
09-11 07:46 INFO     Epoch: 0 Loss: nan
09-11 07:46 INFO     Training network 2
09-11 07:47 INFO     Epoch: 0 Loss: nan
09-11 07:47 INFO     Training network 3
09-11 07:47 INFO     Epoch: 0 Loss: nan
09-11 07:48 INFO     Training network 4
09-11 07:48 INFO     Epoch: 0 Loss: nan
09-11 07:48 INFO     global n_training: 781
09-11 07:48 INFO     global n_test: 313
09-11 07:48 INFO     >> Global Model Test accuracy: 0.100000
09-11 07:48 INFO     >> Global Model Test backdoor accuracy: 1.000000
09-11 07:48 INFO     in comm round:32
09-11 07:48 INFO     Training network 0
09-11 07:48 INFO     Epoch: 0 Loss: nan
09-11 07:48 INFO     Training network 1
09-11 07:49 INFO     Epoch: 0 Loss: nan
09-11 07:49 INFO     Training network 2
09-11 07:49 INFO     Epoch: 0 Loss: nan
09-11 07:49 INFO     Training network 3
09-11 07:50 INFO     Epoch: 0 Loss: nan
09-11 07:50 INFO     Training network 4
09-11 07:51 INFO     Epoch: 0 Loss: nan
09-11 07:51 INFO     global n_training: 781
09-11 07:51 INFO     global n_test: 313
09-11 07:51 INFO     >> Global Model Test accuracy: 0.100000
09-11 07:51 INFO     >> Global Model Test backdoor accuracy: 1.000000
09-11 07:51 INFO     in comm round:33
09-11 07:51 INFO     Training network 0
09-11 07:51 INFO     Epoch: 0 Loss: nan
09-11 07:51 INFO     Training network 1
09-11 07:51 INFO     Epoch: 0 Loss: nan
09-11 07:51 INFO     Training network 2
09-11 07:52 INFO     Epoch: 0 Loss: nan
09-11 07:52 INFO     Training network 3
09-11 07:52 INFO     Epoch: 0 Loss: nan
09-11 07:52 INFO     Training network 4
09-11 07:53 INFO     Epoch: 0 Loss: nan
09-11 07:53 INFO     global n_training: 781
09-11 07:53 INFO     global n_test: 313
09-11 07:53 INFO     >> Global Model Test accuracy: 0.100000
09-11 07:53 INFO     >> Global Model Test backdoor accuracy: 1.000000
09-11 07:53 INFO     in comm round:34
09-11 07:53 INFO     Training network 0
09-11 07:53 INFO     Epoch: 0 Loss: nan
09-11 07:53 INFO     Training network 1
09-11 07:54 INFO     Epoch: 0 Loss: nan
09-11 07:54 INFO     Training network 2
09-11 07:54 INFO     Epoch: 0 Loss: nan
09-11 07:54 INFO     Training network 3
09-11 07:55 INFO     Epoch: 0 Loss: nan
09-11 07:55 INFO     Training network 4
09-11 07:56 INFO     Epoch: 0 Loss: nan
09-11 07:56 INFO     global n_training: 781
09-11 07:56 INFO     global n_test: 313
09-11 07:56 INFO     >> Global Model Test accuracy: 0.100000
09-11 07:56 INFO     >> Global Model Test backdoor accuracy: 1.000000
09-11 07:56 INFO     in comm round:35
09-11 07:56 INFO     Training network 0
09-11 07:56 INFO     Epoch: 0 Loss: nan
09-11 07:56 INFO     Training network 1
09-11 07:56 INFO     Epoch: 0 Loss: nan
09-11 07:56 INFO     Training network 2
09-11 07:57 INFO     Epoch: 0 Loss: nan
09-11 07:57 INFO     Training network 3
09-11 07:57 INFO     Epoch: 0 Loss: nan
09-11 07:57 INFO     Training network 4
09-11 07:58 INFO     Epoch: 0 Loss: nan
09-11 07:58 INFO     global n_training: 781
09-11 07:58 INFO     global n_test: 313
09-11 07:58 INFO     >> Global Model Test accuracy: 0.100000
09-11 07:58 INFO     >> Global Model Test backdoor accuracy: 1.000000
09-11 07:58 INFO     in comm round:36
09-11 07:58 INFO     Training network 0
09-11 07:58 INFO     Epoch: 0 Loss: nan
09-11 07:58 INFO     Training network 1
09-11 07:59 INFO     Epoch: 0 Loss: nan
09-11 07:59 INFO     Training network 2
09-11 07:59 INFO     Epoch: 0 Loss: nan
09-11 07:59 INFO     Training network 3
09-11 08:00 INFO     Epoch: 0 Loss: nan
09-11 08:00 INFO     Training network 4
09-11 08:01 INFO     Epoch: 0 Loss: nan
09-11 08:01 INFO     global n_training: 781
09-11 08:01 INFO     global n_test: 313
09-11 08:01 INFO     >> Global Model Test accuracy: 0.100000
09-11 08:01 INFO     >> Global Model Test backdoor accuracy: 1.000000
09-11 08:01 INFO     in comm round:37
09-11 08:01 INFO     Training network 0
09-11 08:01 INFO     Epoch: 0 Loss: nan
09-11 08:01 INFO     Training network 1
09-11 08:01 INFO     Epoch: 0 Loss: nan
09-11 08:01 INFO     Training network 2
09-11 08:02 INFO     Epoch: 0 Loss: nan
09-11 08:02 INFO     Training network 3
09-11 08:02 INFO     Epoch: 0 Loss: nan
09-11 08:02 INFO     Training network 4
09-11 08:03 INFO     Epoch: 0 Loss: nan
09-11 08:03 INFO     global n_training: 781
09-11 08:03 INFO     global n_test: 313
09-11 08:03 INFO     >> Global Model Test accuracy: 0.100000
09-11 08:03 INFO     >> Global Model Test backdoor accuracy: 1.000000
09-11 08:03 INFO     in comm round:38
09-11 08:03 INFO     Training network 0
09-11 08:03 INFO     Epoch: 0 Loss: nan
09-11 08:03 INFO     Training network 1
09-11 08:04 INFO     Epoch: 0 Loss: nan
09-11 08:04 INFO     Training network 2
09-11 08:04 INFO     Epoch: 0 Loss: nan
09-11 08:04 INFO     Training network 3
09-11 08:05 INFO     Epoch: 0 Loss: nan
09-11 08:05 INFO     Training network 4
09-11 08:05 INFO     Epoch: 0 Loss: nan
09-11 08:05 INFO     global n_training: 781
09-11 08:05 INFO     global n_test: 313
09-11 08:06 INFO     >> Global Model Test accuracy: 0.100000
09-11 08:06 INFO     >> Global Model Test backdoor accuracy: 1.000000
09-11 08:06 INFO     in comm round:39
09-11 08:06 INFO     Training network 0
09-11 08:06 INFO     Epoch: 0 Loss: nan
09-11 08:06 INFO     Training network 1
09-11 08:06 INFO     Epoch: 0 Loss: nan
09-11 08:06 INFO     Training network 2
09-11 08:07 INFO     Epoch: 0 Loss: nan
09-11 08:07 INFO     Training network 3
09-11 08:07 INFO     Epoch: 0 Loss: nan
09-11 08:07 INFO     Training network 4
09-11 08:08 INFO     Epoch: 0 Loss: nan
09-11 08:08 INFO     global n_training: 781
09-11 08:08 INFO     global n_test: 313
09-11 08:08 INFO     >> Global Model Test accuracy: 0.100000
09-11 08:08 INFO     >> Global Model Test backdoor accuracy: 1.000000
09-11 08:08 INFO     in comm round:40
09-11 08:08 INFO     Training network 0
09-11 08:08 INFO     Epoch: 0 Loss: nan
09-11 08:08 INFO     Training network 1
09-11 08:09 INFO     Epoch: 0 Loss: nan
09-11 08:09 INFO     Training network 2
09-11 08:09 INFO     Epoch: 0 Loss: nan
09-11 08:09 INFO     Training network 3
09-11 08:10 INFO     Epoch: 0 Loss: nan
09-11 08:10 INFO     Training network 4
09-11 08:10 INFO     Epoch: 0 Loss: nan
09-11 08:10 INFO     global n_training: 781
09-11 08:10 INFO     global n_test: 313
09-11 08:11 INFO     >> Global Model Test accuracy: 0.100000
09-11 08:11 INFO     >> Global Model Test backdoor accuracy: 1.000000
09-11 08:11 INFO     in comm round:41
09-11 08:11 INFO     Training network 0
09-11 08:11 INFO     Epoch: 0 Loss: nan
09-11 08:11 INFO     Training network 1
09-11 08:11 INFO     Epoch: 0 Loss: nan
09-11 08:11 INFO     Training network 2
09-11 08:12 INFO     Epoch: 0 Loss: nan
09-11 08:12 INFO     Training network 3
09-11 08:12 INFO     Epoch: 0 Loss: nan
09-11 08:12 INFO     Training network 4
09-11 08:13 INFO     Epoch: 0 Loss: nan
09-11 08:13 INFO     global n_training: 781
09-11 08:13 INFO     global n_test: 313
09-11 08:13 INFO     >> Global Model Test accuracy: 0.100000
09-11 08:13 INFO     >> Global Model Test backdoor accuracy: 1.000000
09-11 08:13 INFO     in comm round:42
09-11 08:13 INFO     Training network 0
09-11 08:13 INFO     Epoch: 0 Loss: nan
09-11 08:13 INFO     Training network 1
09-11 08:14 INFO     Epoch: 0 Loss: nan
09-11 08:14 INFO     Training network 2
09-11 08:14 INFO     Epoch: 0 Loss: nan
09-11 08:14 INFO     Training network 3
09-11 08:15 INFO     Epoch: 0 Loss: nan
09-11 08:15 INFO     Training network 4
09-11 08:15 INFO     Epoch: 0 Loss: nan
09-11 08:15 INFO     global n_training: 781
09-11 08:15 INFO     global n_test: 313
09-11 08:16 INFO     >> Global Model Test accuracy: 0.100000
09-11 08:16 INFO     >> Global Model Test backdoor accuracy: 1.000000
09-11 08:16 INFO     in comm round:43
09-11 08:16 INFO     Training network 0
09-11 08:16 INFO     Epoch: 0 Loss: nan
09-11 08:16 INFO     Training network 1
09-11 08:16 INFO     Epoch: 0 Loss: nan
09-11 08:16 INFO     Training network 2
09-11 08:17 INFO     Epoch: 0 Loss: nan
09-11 08:17 INFO     Training network 3
09-11 08:17 INFO     Epoch: 0 Loss: nan
09-11 08:17 INFO     Training network 4
09-11 08:18 INFO     Epoch: 0 Loss: nan
09-11 08:18 INFO     global n_training: 781
09-11 08:18 INFO     global n_test: 313
09-11 08:18 INFO     >> Global Model Test accuracy: 0.100000
09-11 08:18 INFO     >> Global Model Test backdoor accuracy: 1.000000
09-11 08:18 INFO     in comm round:44
09-11 08:18 INFO     Training network 0
09-11 08:18 INFO     Epoch: 0 Loss: nan
09-11 08:18 INFO     Training network 1
09-11 08:19 INFO     Epoch: 0 Loss: nan
09-11 08:19 INFO     Training network 2
09-11 08:19 INFO     Epoch: 0 Loss: nan
09-11 08:19 INFO     Training network 3
09-11 08:20 INFO     Epoch: 0 Loss: nan
09-11 08:20 INFO     Training network 4
09-11 08:20 INFO     Epoch: 0 Loss: nan
09-11 08:20 INFO     global n_training: 781
09-11 08:20 INFO     global n_test: 313
09-11 08:21 INFO     >> Global Model Test accuracy: 0.100000
09-11 08:21 INFO     >> Global Model Test backdoor accuracy: 1.000000
09-11 08:21 INFO     in comm round:45
09-11 08:21 INFO     Training network 0
09-11 08:21 INFO     Epoch: 0 Loss: nan
09-11 08:21 INFO     Training network 1
09-11 08:21 INFO     Epoch: 0 Loss: nan
09-11 08:21 INFO     Training network 2
09-11 08:22 INFO     Epoch: 0 Loss: nan
09-11 08:22 INFO     Training network 3
09-11 08:22 INFO     Epoch: 0 Loss: nan
09-11 08:22 INFO     Training network 4
09-11 08:23 INFO     Epoch: 0 Loss: nan
09-11 08:23 INFO     global n_training: 781
09-11 08:23 INFO     global n_test: 313
09-11 08:23 INFO     >> Global Model Test accuracy: 0.100000
09-11 08:23 INFO     >> Global Model Test backdoor accuracy: 1.000000
09-11 08:23 INFO     in comm round:46
09-11 08:23 INFO     Training network 0
09-11 08:23 INFO     Epoch: 0 Loss: nan
09-11 08:23 INFO     Training network 1
09-11 08:24 INFO     Epoch: 0 Loss: nan
09-11 08:24 INFO     Training network 2
09-11 08:24 INFO     Epoch: 0 Loss: nan
09-11 08:24 INFO     Training network 3
09-11 08:25 INFO     Epoch: 0 Loss: nan
09-11 08:25 INFO     Training network 4
09-11 08:25 INFO     Epoch: 0 Loss: nan
09-11 08:25 INFO     global n_training: 781
09-11 08:25 INFO     global n_test: 313
09-11 08:26 INFO     >> Global Model Test accuracy: 0.100000
09-11 08:26 INFO     >> Global Model Test backdoor accuracy: 1.000000
09-11 08:26 INFO     in comm round:47
09-11 08:26 INFO     Training network 0
09-11 08:26 INFO     Epoch: 0 Loss: nan
09-11 08:26 INFO     Training network 1
09-11 08:26 INFO     Epoch: 0 Loss: nan
09-11 08:26 INFO     Training network 2
09-11 08:27 INFO     Epoch: 0 Loss: nan
09-11 08:27 INFO     Training network 3
09-11 08:27 INFO     Epoch: 0 Loss: nan
09-11 08:27 INFO     Training network 4
09-11 08:28 INFO     Epoch: 0 Loss: nan
09-11 08:28 INFO     global n_training: 781
09-11 08:28 INFO     global n_test: 313
09-11 08:28 INFO     >> Global Model Test accuracy: 0.100000
09-11 08:28 INFO     >> Global Model Test backdoor accuracy: 1.000000
09-11 08:28 INFO     in comm round:48
09-11 08:28 INFO     Training network 0
09-11 08:28 INFO     Epoch: 0 Loss: nan
09-11 08:28 INFO     Training network 1
09-11 08:29 INFO     Epoch: 0 Loss: nan
09-11 08:29 INFO     Training network 2
09-11 08:29 INFO     Epoch: 0 Loss: nan
09-11 08:29 INFO     Training network 3
09-11 08:30 INFO     Epoch: 0 Loss: nan
09-11 08:30 INFO     Training network 4
09-11 08:30 INFO     Epoch: 0 Loss: nan
09-11 08:30 INFO     global n_training: 781
09-11 08:30 INFO     global n_test: 313
09-11 08:31 INFO     >> Global Model Test accuracy: 0.100000
09-11 08:31 INFO     >> Global Model Test backdoor accuracy: 1.000000
09-11 08:31 INFO     in comm round:49
09-11 08:31 INFO     Training network 0
09-11 08:31 INFO     Epoch: 0 Loss: nan
09-11 08:31 INFO     Training network 1
09-11 08:31 INFO     Epoch: 0 Loss: nan
09-11 08:31 INFO     Training network 2
09-11 08:32 INFO     Epoch: 0 Loss: nan
09-11 08:32 INFO     Training network 3
09-11 08:32 INFO     Epoch: 0 Loss: nan
09-11 08:32 INFO     Training network 4
09-11 08:33 INFO     Epoch: 0 Loss: nan
09-11 08:33 INFO     global n_training: 781
09-11 08:33 INFO     global n_test: 313
09-11 08:33 INFO     >> Global Model Test accuracy: 0.100000
09-11 08:33 INFO     >> Global Model Test backdoor accuracy: 1.000000
09-11 08:33 INFO     in comm round:50
09-11 08:33 INFO     Training network 0
09-11 08:33 INFO     Epoch: 0 Loss: nan
09-11 08:33 INFO     Training network 1
09-11 08:34 INFO     Epoch: 0 Loss: nan
09-11 08:34 INFO     Training network 2
09-11 08:34 INFO     Epoch: 0 Loss: nan
09-11 08:34 INFO     Training network 3
09-11 08:35 INFO     Epoch: 0 Loss: nan
09-11 08:35 INFO     Training network 4
09-11 08:35 INFO     Epoch: 0 Loss: nan
09-11 08:35 INFO     global n_training: 781
09-11 08:35 INFO     global n_test: 313
09-11 08:36 INFO     >> Global Model Test accuracy: 0.100000
09-11 08:36 INFO     >> Global Model Test backdoor accuracy: 1.000000
09-11 08:36 INFO     in comm round:51
09-11 08:36 INFO     Training network 0
09-11 08:36 INFO     Epoch: 0 Loss: nan
09-11 08:36 INFO     Training network 1
09-11 08:36 INFO     Epoch: 0 Loss: nan
09-11 08:36 INFO     Training network 2
09-11 08:37 INFO     Epoch: 0 Loss: nan
09-11 08:37 INFO     Training network 3
09-11 08:37 INFO     Epoch: 0 Loss: nan
09-11 08:37 INFO     Training network 4
09-11 08:38 INFO     Epoch: 0 Loss: nan
09-11 08:38 INFO     global n_training: 781
09-11 08:38 INFO     global n_test: 313
09-11 08:38 INFO     >> Global Model Test accuracy: 0.100000
09-11 08:38 INFO     >> Global Model Test backdoor accuracy: 1.000000
09-11 08:38 INFO     in comm round:52
09-11 08:38 INFO     Training network 0
09-11 08:38 INFO     Epoch: 0 Loss: nan
09-11 08:38 INFO     Training network 1
09-11 08:39 INFO     Epoch: 0 Loss: nan
09-11 08:39 INFO     Training network 2
09-11 08:39 INFO     Epoch: 0 Loss: nan
09-11 08:39 INFO     Training network 3
09-11 08:40 INFO     Epoch: 0 Loss: nan
09-11 08:40 INFO     Training network 4
09-11 08:40 INFO     Epoch: 0 Loss: nan
09-11 08:40 INFO     global n_training: 781
09-11 08:40 INFO     global n_test: 313
09-11 08:41 INFO     >> Global Model Test accuracy: 0.100000
09-11 08:41 INFO     >> Global Model Test backdoor accuracy: 1.000000
09-11 08:41 INFO     in comm round:53
09-11 08:41 INFO     Training network 0
09-11 08:41 INFO     Epoch: 0 Loss: nan
09-11 08:41 INFO     Training network 1
09-11 08:41 INFO     Epoch: 0 Loss: nan
09-11 08:41 INFO     Training network 2
09-11 08:42 INFO     Epoch: 0 Loss: nan
09-11 08:42 INFO     Training network 3
09-11 08:42 INFO     Epoch: 0 Loss: nan
09-11 08:42 INFO     Training network 4
09-11 08:43 INFO     Epoch: 0 Loss: nan
09-11 08:43 INFO     global n_training: 781
09-11 08:43 INFO     global n_test: 313
09-11 08:43 INFO     >> Global Model Test accuracy: 0.100000
09-11 08:43 INFO     >> Global Model Test backdoor accuracy: 1.000000
09-11 08:43 INFO     in comm round:54
09-11 08:43 INFO     Training network 0
09-11 08:43 INFO     Epoch: 0 Loss: nan
09-11 08:43 INFO     Training network 1
09-11 08:44 INFO     Epoch: 0 Loss: nan
09-11 08:44 INFO     Training network 2
09-11 08:44 INFO     Epoch: 0 Loss: nan
09-11 08:44 INFO     Training network 3
09-11 08:45 INFO     Epoch: 0 Loss: nan
09-11 08:45 INFO     Training network 4
09-11 08:45 INFO     Epoch: 0 Loss: nan
09-11 08:45 INFO     global n_training: 781
09-11 08:45 INFO     global n_test: 313
09-11 08:46 INFO     >> Global Model Test accuracy: 0.100000
09-11 08:46 INFO     >> Global Model Test backdoor accuracy: 1.000000
09-11 08:46 INFO     in comm round:55
09-11 08:46 INFO     Training network 0
09-11 08:46 INFO     Epoch: 0 Loss: nan
09-11 08:46 INFO     Training network 1
09-11 08:46 INFO     Epoch: 0 Loss: nan
09-11 08:46 INFO     Training network 2
09-11 08:47 INFO     Epoch: 0 Loss: nan
09-11 08:47 INFO     Training network 3
09-11 08:47 INFO     Epoch: 0 Loss: nan
09-11 08:47 INFO     Training network 4
09-11 08:48 INFO     Epoch: 0 Loss: nan
09-11 08:48 INFO     global n_training: 781
09-11 08:48 INFO     global n_test: 313
09-11 08:48 INFO     >> Global Model Test accuracy: 0.100000
09-11 08:48 INFO     >> Global Model Test backdoor accuracy: 1.000000
09-11 08:48 INFO     in comm round:56
09-11 08:48 INFO     Training network 0
09-11 08:48 INFO     Epoch: 0 Loss: nan
09-11 08:48 INFO     Training network 1
09-11 08:49 INFO     Epoch: 0 Loss: nan
09-11 08:49 INFO     Training network 2
09-11 08:49 INFO     Epoch: 0 Loss: nan
09-11 08:49 INFO     Training network 3
09-11 08:50 INFO     Epoch: 0 Loss: nan
09-11 08:50 INFO     Training network 4
09-11 08:50 INFO     Epoch: 0 Loss: nan
09-11 08:50 INFO     global n_training: 781
09-11 08:50 INFO     global n_test: 313
09-11 08:51 INFO     >> Global Model Test accuracy: 0.100000
09-11 08:51 INFO     >> Global Model Test backdoor accuracy: 1.000000
09-11 08:51 INFO     in comm round:57
09-11 08:51 INFO     Training network 0
09-11 08:51 INFO     Epoch: 0 Loss: nan
09-11 08:51 INFO     Training network 1
09-11 08:51 INFO     Epoch: 0 Loss: nan
09-11 08:51 INFO     Training network 2
09-11 08:52 INFO     Epoch: 0 Loss: nan
09-11 08:52 INFO     Training network 3
09-11 08:52 INFO     Epoch: 0 Loss: nan
09-11 08:52 INFO     Training network 4
09-11 08:53 INFO     Epoch: 0 Loss: nan
09-11 08:53 INFO     global n_training: 781
09-11 08:53 INFO     global n_test: 313
09-11 08:53 INFO     >> Global Model Test accuracy: 0.100000
09-11 08:53 INFO     >> Global Model Test backdoor accuracy: 1.000000
09-11 08:53 INFO     in comm round:58
09-11 08:53 INFO     Training network 0
09-11 08:53 INFO     Epoch: 0 Loss: nan
09-11 08:53 INFO     Training network 1
09-11 08:54 INFO     Epoch: 0 Loss: nan
09-11 08:54 INFO     Training network 2
09-11 08:54 INFO     Epoch: 0 Loss: nan
09-11 08:54 INFO     Training network 3
09-11 08:55 INFO     Epoch: 0 Loss: nan
09-11 08:55 INFO     Training network 4
09-11 08:55 INFO     Epoch: 0 Loss: nan
09-11 08:55 INFO     global n_training: 781
09-11 08:55 INFO     global n_test: 313
09-11 08:56 INFO     >> Global Model Test accuracy: 0.100000
09-11 08:56 INFO     >> Global Model Test backdoor accuracy: 1.000000
09-11 08:56 INFO     in comm round:59
09-11 08:56 INFO     Training network 0
09-11 08:56 INFO     Epoch: 0 Loss: nan
09-11 08:56 INFO     Training network 1
09-11 08:56 INFO     Epoch: 0 Loss: nan
09-11 08:56 INFO     Training network 2
09-11 08:57 INFO     Epoch: 0 Loss: nan
09-11 08:57 INFO     Training network 3
09-11 08:57 INFO     Epoch: 0 Loss: nan
09-11 08:57 INFO     Training network 4
09-11 08:58 INFO     Epoch: 0 Loss: nan
09-11 08:58 INFO     global n_training: 781
09-11 08:58 INFO     global n_test: 313
09-11 08:58 INFO     >> Global Model Test accuracy: 0.100000
09-11 08:58 INFO     >> Global Model Test backdoor accuracy: 1.000000
09-11 08:58 INFO     in comm round:60
09-11 08:58 INFO     Training network 0
09-11 08:58 INFO     Epoch: 0 Loss: nan
09-11 08:58 INFO     Training network 1
09-11 08:59 INFO     Epoch: 0 Loss: nan
09-11 08:59 INFO     Training network 2
09-11 08:59 INFO     Epoch: 0 Loss: nan
09-11 08:59 INFO     Training network 3
09-11 09:00 INFO     Epoch: 0 Loss: nan
09-11 09:00 INFO     Training network 4
09-11 09:00 INFO     Epoch: 0 Loss: nan
09-11 09:00 INFO     global n_training: 781
09-11 09:00 INFO     global n_test: 313
09-11 09:01 INFO     >> Global Model Test accuracy: 0.100000
09-11 09:01 INFO     >> Global Model Test backdoor accuracy: 1.000000
09-11 09:01 INFO     in comm round:61
09-11 09:01 INFO     Training network 0
09-11 09:01 INFO     Epoch: 0 Loss: nan
09-11 09:01 INFO     Training network 1
09-11 09:01 INFO     Epoch: 0 Loss: nan
09-11 09:01 INFO     Training network 2
09-11 09:02 INFO     Epoch: 0 Loss: nan
09-11 09:02 INFO     Training network 3
09-11 09:02 INFO     Epoch: 0 Loss: nan
09-11 09:02 INFO     Training network 4
09-11 09:03 INFO     Epoch: 0 Loss: nan
09-11 09:03 INFO     global n_training: 781
09-11 09:03 INFO     global n_test: 313
09-11 09:03 INFO     >> Global Model Test accuracy: 0.100000
09-11 09:03 INFO     >> Global Model Test backdoor accuracy: 1.000000
09-11 09:03 INFO     in comm round:62
09-11 09:03 INFO     Training network 0
09-11 09:03 INFO     Epoch: 0 Loss: nan
09-11 09:03 INFO     Training network 1
09-11 09:04 INFO     Epoch: 0 Loss: nan
09-11 09:04 INFO     Training network 2
09-11 09:04 INFO     Epoch: 0 Loss: nan
09-11 09:04 INFO     Training network 3
09-11 09:05 INFO     Epoch: 0 Loss: nan
09-11 09:05 INFO     Training network 4
09-11 09:05 INFO     Epoch: 0 Loss: nan
09-11 09:05 INFO     global n_training: 781
09-11 09:05 INFO     global n_test: 313
09-11 09:05 INFO     >> Global Model Test accuracy: 0.100000
09-11 09:05 INFO     >> Global Model Test backdoor accuracy: 1.000000
09-11 09:05 INFO     in comm round:63
09-11 09:06 INFO     Training network 0
09-11 09:06 INFO     Epoch: 0 Loss: nan
09-11 09:06 INFO     Training network 1
09-11 09:06 INFO     Epoch: 0 Loss: nan
09-11 09:06 INFO     Training network 2
09-11 09:07 INFO     Epoch: 0 Loss: nan
09-11 09:07 INFO     Training network 3
09-11 09:07 INFO     Epoch: 0 Loss: nan
09-11 09:07 INFO     Training network 4
09-11 09:08 INFO     Epoch: 0 Loss: nan
09-11 09:08 INFO     global n_training: 781
09-11 09:08 INFO     global n_test: 313
09-11 09:08 INFO     >> Global Model Test accuracy: 0.100000
09-11 09:08 INFO     >> Global Model Test backdoor accuracy: 1.000000
09-11 09:08 INFO     in comm round:64
09-11 09:08 INFO     Training network 0
09-11 09:08 INFO     Epoch: 0 Loss: nan
09-11 09:08 INFO     Training network 1
09-11 09:09 INFO     Epoch: 0 Loss: nan
09-11 09:09 INFO     Training network 2
09-11 09:09 INFO     Epoch: 0 Loss: nan
09-11 09:09 INFO     Training network 3
09-11 09:10 INFO     Epoch: 0 Loss: nan
09-11 09:10 INFO     Training network 4
09-11 09:10 INFO     Epoch: 0 Loss: nan
09-11 09:10 INFO     global n_training: 781
09-11 09:10 INFO     global n_test: 313
09-11 09:10 INFO     >> Global Model Test accuracy: 0.100000
09-11 09:10 INFO     >> Global Model Test backdoor accuracy: 1.000000
09-11 09:10 INFO     in comm round:65
09-11 09:10 INFO     Training network 0
09-11 09:11 INFO     Epoch: 0 Loss: nan
09-11 09:11 INFO     Training network 1
09-11 09:11 INFO     Epoch: 0 Loss: nan
09-11 09:11 INFO     Training network 2
09-11 09:11 INFO     Epoch: 0 Loss: nan
09-11 09:12 INFO     Training network 3
09-11 09:12 INFO     Epoch: 0 Loss: nan
09-11 09:12 INFO     Training network 4
09-11 09:13 INFO     Epoch: 0 Loss: nan
09-11 09:13 INFO     global n_training: 781
09-11 09:13 INFO     global n_test: 313
09-11 09:13 INFO     >> Global Model Test accuracy: 0.100000
09-11 09:13 INFO     >> Global Model Test backdoor accuracy: 1.000000
09-11 09:13 INFO     in comm round:66
09-11 09:13 INFO     Training network 0
09-11 09:13 INFO     Epoch: 0 Loss: nan
09-11 09:13 INFO     Training network 1
09-11 09:14 INFO     Epoch: 0 Loss: nan
09-11 09:14 INFO     Training network 2
09-11 09:14 INFO     Epoch: 0 Loss: nan
09-11 09:14 INFO     Training network 3
09-11 09:15 INFO     Epoch: 0 Loss: nan
09-11 09:15 INFO     Training network 4
09-11 09:15 INFO     Epoch: 0 Loss: nan
09-11 09:15 INFO     global n_training: 781
09-11 09:15 INFO     global n_test: 313
09-11 09:15 INFO     >> Global Model Test accuracy: 0.100000
09-11 09:15 INFO     >> Global Model Test backdoor accuracy: 1.000000
09-11 09:15 INFO     in comm round:67
09-11 09:15 INFO     Training network 0
09-11 09:16 INFO     Epoch: 0 Loss: nan
09-11 09:16 INFO     Training network 1
09-11 09:16 INFO     Epoch: 0 Loss: nan
09-11 09:16 INFO     Training network 2
09-11 09:16 INFO     Epoch: 0 Loss: nan
09-11 09:16 INFO     Training network 3
09-11 09:17 INFO     Epoch: 0 Loss: nan
09-11 09:17 INFO     Training network 4
09-11 09:18 INFO     Epoch: 0 Loss: nan
09-11 09:18 INFO     global n_training: 781
09-11 09:18 INFO     global n_test: 313
09-11 09:18 INFO     >> Global Model Test accuracy: 0.100000
09-11 09:18 INFO     >> Global Model Test backdoor accuracy: 1.000000
09-11 09:18 INFO     in comm round:68
09-11 09:18 INFO     Training network 0
09-11 09:18 INFO     Epoch: 0 Loss: nan
09-11 09:18 INFO     Training network 1
09-11 09:18 INFO     Epoch: 0 Loss: nan
09-11 09:19 INFO     Training network 2
09-11 09:19 INFO     Epoch: 0 Loss: nan
09-11 09:19 INFO     Training network 3
09-11 09:20 INFO     Epoch: 0 Loss: nan
09-11 09:20 INFO     Training network 4
09-11 09:20 INFO     Epoch: 0 Loss: nan
09-11 09:20 INFO     global n_training: 781
09-11 09:20 INFO     global n_test: 313
09-11 09:20 INFO     >> Global Model Test accuracy: 0.100000
09-11 09:20 INFO     >> Global Model Test backdoor accuracy: 1.000000
09-11 09:20 INFO     in comm round:69
09-11 09:20 INFO     Training network 0
09-11 09:20 INFO     Epoch: 0 Loss: nan
09-11 09:21 INFO     Training network 1
09-11 09:21 INFO     Epoch: 0 Loss: nan
09-11 09:21 INFO     Training network 2
09-11 09:21 INFO     Epoch: 0 Loss: nan
09-11 09:21 INFO     Training network 3
09-11 09:22 INFO     Epoch: 0 Loss: nan
09-11 09:22 INFO     Training network 4
09-11 09:23 INFO     Epoch: 0 Loss: nan
09-11 09:23 INFO     global n_training: 781
09-11 09:23 INFO     global n_test: 313
09-11 09:23 INFO     >> Global Model Test accuracy: 0.100000
09-11 09:23 INFO     >> Global Model Test backdoor accuracy: 1.000000
09-11 09:23 INFO     in comm round:70
09-11 09:23 INFO     Training network 0
09-11 09:23 INFO     Epoch: 0 Loss: nan
09-11 09:23 INFO     Training network 1
09-11 09:23 INFO     Epoch: 0 Loss: nan
09-11 09:24 INFO     Training network 2
09-11 09:24 INFO     Epoch: 0 Loss: nan
09-11 09:24 INFO     Training network 3
09-11 09:25 INFO     Epoch: 0 Loss: nan
09-11 09:25 INFO     Training network 4
09-11 09:25 INFO     Epoch: 0 Loss: nan
09-11 09:25 INFO     global n_training: 781
09-11 09:25 INFO     global n_test: 313
09-11 09:25 INFO     >> Global Model Test accuracy: 0.100000
09-11 09:25 INFO     >> Global Model Test backdoor accuracy: 1.000000
09-11 09:25 INFO     in comm round:71
09-11 09:25 INFO     Training network 0
09-11 09:26 INFO     Epoch: 0 Loss: nan
09-11 09:26 INFO     Training network 1
09-11 09:26 INFO     Epoch: 0 Loss: nan
09-11 09:26 INFO     Training network 2
09-11 09:26 INFO     Epoch: 0 Loss: nan
09-11 09:27 INFO     Training network 3
09-11 09:27 INFO     Epoch: 0 Loss: nan
09-11 09:27 INFO     Training network 4
09-11 09:28 INFO     Epoch: 0 Loss: nan
09-11 09:28 INFO     global n_training: 781
09-11 09:28 INFO     global n_test: 313
09-11 09:28 INFO     >> Global Model Test accuracy: 0.100000
09-11 09:28 INFO     >> Global Model Test backdoor accuracy: 1.000000
09-11 09:28 INFO     in comm round:72
09-11 09:28 INFO     Training network 0
09-11 09:28 INFO     Epoch: 0 Loss: nan
09-11 09:28 INFO     Training network 1
09-11 09:29 INFO     Epoch: 0 Loss: nan
09-11 09:29 INFO     Training network 2
09-11 09:29 INFO     Epoch: 0 Loss: nan
09-11 09:29 INFO     Training network 3
09-11 09:30 INFO     Epoch: 0 Loss: nan
09-11 09:30 INFO     Training network 4
09-11 09:30 INFO     Epoch: 0 Loss: nan
09-11 09:30 INFO     global n_training: 781
09-11 09:30 INFO     global n_test: 313
09-11 09:30 INFO     >> Global Model Test accuracy: 0.100000
09-11 09:30 INFO     >> Global Model Test backdoor accuracy: 1.000000
09-11 09:30 INFO     in comm round:73
09-11 09:31 INFO     Training network 0
09-11 09:31 INFO     Epoch: 0 Loss: nan
09-11 09:31 INFO     Training network 1
09-11 09:31 INFO     Epoch: 0 Loss: nan
09-11 09:31 INFO     Training network 2
09-11 09:32 INFO     Epoch: 0 Loss: nan
09-11 09:32 INFO     Training network 3
09-11 09:32 INFO     Epoch: 0 Loss: nan
09-11 09:32 INFO     Training network 4
09-11 09:33 INFO     Epoch: 0 Loss: nan
09-11 09:33 INFO     global n_training: 781
09-11 09:33 INFO     global n_test: 313
09-11 09:33 INFO     >> Global Model Test accuracy: 0.100000
09-11 09:33 INFO     >> Global Model Test backdoor accuracy: 1.000000
09-11 09:33 INFO     in comm round:74
09-11 09:33 INFO     Training network 0
09-11 09:33 INFO     Epoch: 0 Loss: nan
09-11 09:33 INFO     Training network 1
09-11 09:34 INFO     Epoch: 0 Loss: nan
09-11 09:34 INFO     Training network 2
09-11 09:34 INFO     Epoch: 0 Loss: nan
09-11 09:34 INFO     Training network 3
09-11 09:35 INFO     Epoch: 0 Loss: nan
09-11 09:35 INFO     Training network 4
09-11 09:35 INFO     Epoch: 0 Loss: nan
09-11 09:35 INFO     global n_training: 781
09-11 09:35 INFO     global n_test: 313
09-11 09:36 INFO     >> Global Model Test accuracy: 0.100000
09-11 09:36 INFO     >> Global Model Test backdoor accuracy: 1.000000
09-11 09:36 INFO     in comm round:75
09-11 09:36 INFO     Training network 0
09-11 09:36 INFO     Epoch: 0 Loss: nan
09-11 09:36 INFO     Training network 1
09-11 09:36 INFO     Epoch: 0 Loss: nan
09-11 09:36 INFO     Training network 2
09-11 09:37 INFO     Epoch: 0 Loss: nan
09-11 09:37 INFO     Training network 3
09-11 09:37 INFO     Epoch: 0 Loss: nan
09-11 09:37 INFO     Training network 4
09-11 09:38 INFO     Epoch: 0 Loss: nan
09-11 09:38 INFO     global n_training: 781
09-11 09:38 INFO     global n_test: 313
09-11 09:38 INFO     >> Global Model Test accuracy: 0.100000
09-11 09:38 INFO     >> Global Model Test backdoor accuracy: 1.000000
09-11 09:38 INFO     in comm round:76
09-11 09:38 INFO     Training network 0
09-11 09:38 INFO     Epoch: 0 Loss: nan
09-11 09:38 INFO     Training network 1
09-11 09:39 INFO     Epoch: 0 Loss: nan
09-11 09:39 INFO     Training network 2
09-11 09:39 INFO     Epoch: 0 Loss: nan
09-11 09:39 INFO     Training network 3
09-11 09:40 INFO     Epoch: 0 Loss: nan
09-11 09:40 INFO     Training network 4
09-11 09:40 INFO     Epoch: 0 Loss: nan
09-11 09:40 INFO     global n_training: 781
09-11 09:40 INFO     global n_test: 313
09-11 09:41 INFO     >> Global Model Test accuracy: 0.100000
09-11 09:41 INFO     >> Global Model Test backdoor accuracy: 1.000000
09-11 09:41 INFO     in comm round:77
09-11 09:41 INFO     Training network 0
09-11 09:41 INFO     Epoch: 0 Loss: nan
09-11 09:41 INFO     Training network 1
09-11 09:41 INFO     Epoch: 0 Loss: nan
09-11 09:41 INFO     Training network 2
09-11 09:42 INFO     Epoch: 0 Loss: nan
09-11 09:42 INFO     Training network 3
09-11 09:42 INFO     Epoch: 0 Loss: nan
09-11 09:42 INFO     Training network 4
09-11 09:43 INFO     Epoch: 0 Loss: nan
09-11 09:43 INFO     global n_training: 781
09-11 09:43 INFO     global n_test: 313
09-11 09:43 INFO     >> Global Model Test accuracy: 0.100000
09-11 09:43 INFO     >> Global Model Test backdoor accuracy: 1.000000
09-11 09:43 INFO     in comm round:78
09-11 09:43 INFO     Training network 0
09-11 09:43 INFO     Epoch: 0 Loss: nan
09-11 09:43 INFO     Training network 1
09-11 09:44 INFO     Epoch: 0 Loss: nan
09-11 09:44 INFO     Training network 2
